2025-04-14 11:45:11,353  INFO  ARGS = {
  "notes": "模拟原文实验消融，确认是否加上了分类头之后的最终MSE会一致？",
  "data_path": "database/process_工商银行.csv",
  "output_dir": "out_put/multi",
  "ckpt_dir": "ckpt",
  "window_sizes": [
    5,
    10,
    15
  ],
  "N_pairs": 3,
  "generators": [
    "gru",
    "lstm",
    "transformer"
  ],
  "discriminators": null,
  "distill": true,
  "device": [
    0
  ],
  "num_epochs": 10000,
  "lr": 2e-05,
  "batch_size": 64,
  "train_split": 0.7,
  "random_seed": 3407,
  "mode": "train",
  "ckpt_path": "lastest"
}
2025-04-14 11:45:12,710  INFO  EPOCH 1 | G1: 0.06862973, G2: 0.12158458, G3: 0.01169072 Validation MSE: 
2025-04-14 11:45:13,969  INFO  EPOCH 2 | G1: 0.05101171, G2: 0.10843424, G3: 0.00362184 Validation MSE: 
2025-04-14 11:45:15,217  INFO  EPOCH 3 | G1: 0.03665794, G2: 0.09749185, G3: 0.00154824 Validation MSE: 
2025-04-14 11:45:16,441  INFO  EPOCH 4 | G1: 0.02552255, G2: 0.08727934, G3: 0.00142622 Validation MSE: 
2025-04-14 11:45:17,721  INFO  EPOCH 5 | G1: 0.01760794, G2: 0.07752317, G3: 0.00101624 Validation MSE: 
2025-04-14 11:45:18,927  INFO  EPOCH 6 | G1: 0.01265487, G2: 0.06780014, G3: 0.00100320 Validation MSE: 
2025-04-14 11:45:20,144  INFO  EPOCH 7 | G1: 0.01030928, G2: 0.05817913, G3: 0.00077149 Validation MSE: 
2025-04-14 11:45:21,371  INFO  EPOCH 8 | G1: 0.00954273, G2: 0.04888958, G3: 0.00076710 Validation MSE: 
2025-04-14 11:45:22,547  INFO  EPOCH 9 | G1: 0.00932754, G2: 0.03993907, G3: 0.00058988 Validation MSE: 
2025-04-14 11:45:23,794  INFO  EPOCH 10 | G1: 0.00911333, G2: 0.03199623, G3: 0.00044115 Validation MSE: 
2025-04-14 11:45:25,044  INFO  EPOCH 11 | G1: 0.00877107, G2: 0.02640671, G3: 0.00061379 Validation MSE: 
2025-04-14 11:45:26,161  INFO  EPOCH 12 | G1: 0.00827491, G2: 0.02396850, G3: 0.00047954 Validation MSE: 
2025-04-14 11:45:27,290  INFO  EPOCH 13 | G1: 0.00770612, G2: 0.02565520, G3: 0.00049136 Validation MSE: 
2025-04-14 11:45:28,520  INFO  EPOCH 14 | G1: 0.00718645, G2: 0.02923471, G3: 0.00061943 Validation MSE: 
2025-04-14 11:45:29,712  INFO  EPOCH 15 | G1: 0.00661699, G2: 0.03072609, G3: 0.00064532 Validation MSE: 
2025-04-14 11:45:30,918  INFO  EPOCH 16 | G1: 0.00612353, G2: 0.03163411, G3: 0.00030438 Validation MSE: 
2025-04-14 11:45:32,118  INFO  EPOCH 17 | G1: 0.00542681, G2: 0.03037188, G3: 0.00027590 Validation MSE: 
2025-04-14 11:45:33,344  INFO  EPOCH 18 | G1: 0.00478666, G2: 0.02887625, G3: 0.00032106 Validation MSE: 
2025-04-14 11:45:34,535  INFO  EPOCH 19 | G1: 0.00438351, G2: 0.02831921, G3: 0.00057364 Validation MSE: 
2025-04-14 11:45:35,751  INFO  EPOCH 20 | G1: 0.00392637, G2: 0.02719221, G3: 0.00032684 Validation MSE: 
2025-04-14 11:45:37,118  INFO  EPOCH 21 | G1: 0.00343328, G2: 0.02595579, G3: 0.00024821 Validation MSE: 
2025-04-14 11:45:38,350  INFO  EPOCH 22 | G1: 0.00309075, G2: 0.02238285, G3: 0.00064247 Validation MSE: 
2025-04-14 11:45:39,536  INFO  EPOCH 23 | G1: 0.00277973, G2: 0.02442606, G3: 0.00029889 Validation MSE: 
2025-04-14 11:45:40,721  INFO  EPOCH 24 | G1: 0.00243200, G2: 0.02348367, G3: 0.00042343 Validation MSE: 
2025-04-14 11:45:41,968  INFO  EPOCH 25 | G1: 0.00212890, G2: 0.02307621, G3: 0.00033269 Validation MSE: 
2025-04-14 11:45:43,129  INFO  EPOCH 26 | G1: 0.00187898, G2: 0.02243201, G3: 0.00033688 Validation MSE: 
2025-04-14 11:45:44,262  INFO  EPOCH 27 | G1: 0.00156645, G2: 0.02186994, G3: 0.00030006 Validation MSE: 
2025-04-14 11:45:45,364  INFO  EPOCH 28 | G1: 0.00140911, G2: 0.02177991, G3: 0.00041444 Validation MSE: 
2025-04-14 11:45:46,472  INFO  EPOCH 29 | G1: 0.00123867, G2: 0.02146743, G3: 0.00034897 Validation MSE: 
2025-04-14 11:45:47,569  INFO  EPOCH 30 | G1: 0.00105915, G2: 0.02062275, G3: 0.00038730 Validation MSE: 
2025-04-14 11:45:48,772  INFO  EPOCH 31 | G1: 0.00101576, G2: 0.02037371, G3: 0.00096507 Validation MSE: 
2025-04-14 11:45:49,836  INFO  EPOCH 32 | G1: 0.00085887, G2: 0.01829022, G3: 0.00040882 Validation MSE: 
2025-04-14 11:45:50,900  INFO  EPOCH 33 | G1: 0.00079253, G2: 0.02053103, G3: 0.00045897 Validation MSE: 
2025-04-14 11:45:51,957  INFO  EPOCH 34 | G1: 0.00073335, G2: 0.01898485, G3: 0.00086233 Validation MSE: 
2025-04-14 11:45:53,024  INFO  EPOCH 35 | G1: 0.00067573, G2: 0.01870269, G3: 0.00052140 Validation MSE: 
2025-04-14 11:45:54,096  INFO  EPOCH 36 | G1: 0.00057617, G2: 0.01811198, G3: 0.00095437 Validation MSE: 
2025-04-14 11:45:55,175  INFO  EPOCH 37 | G1: 0.00052406, G2: 0.01730759, G3: 0.00109604 Validation MSE: 
2025-04-14 11:45:56,278  INFO  EPOCH 38 | G1: 0.00061045, G2: 0.01689976, G3: 0.00210396 Validation MSE: 
2025-04-14 11:45:57,322  INFO  EPOCH 39 | G1: 0.00056684, G2: 0.01724736, G3: 0.00139374 Validation MSE: 
2025-04-14 11:45:58,370  INFO  EPOCH 40 | G1: 0.00056636, G2: 0.01559041, G3: 0.00171360 Validation MSE: 
2025-04-14 11:45:59,544  INFO  EPOCH 41 | G1: 0.00064705, G2: 0.01488540, G3: 0.00169656 Validation MSE: 
2025-04-14 11:46:00,708  INFO  EPOCH 42 | G1: 0.00081935, G2: 0.01361985, G3: 0.00169217 Validation MSE: 
2025-04-14 11:46:01,866  INFO  EPOCH 43 | G1: 0.00093563, G2: 0.01485856, G3: 0.00217183 Validation MSE: 
2025-04-14 11:46:03,016  INFO  EPOCH 44 | G1: 0.00103352, G2: 0.01299657, G3: 0.00251519 Validation MSE: 
2025-04-14 11:46:04,150  INFO  EPOCH 45 | G1: 0.00117935, G2: 0.01172390, G3: 0.00240910 Validation MSE: 
2025-04-14 11:46:05,278  INFO  EPOCH 46 | G1: 0.00141168, G2: 0.01148173, G3: 0.00304779 Validation MSE: 
2025-04-14 11:46:06,496  INFO  EPOCH 47 | G1: 0.00153268, G2: 0.01024881, G3: 0.00300356 Validation MSE: 
2025-04-14 11:46:07,655  INFO  EPOCH 48 | G1: 0.00168847, G2: 0.00989135, G3: 0.00286946 Validation MSE: 
2025-04-14 11:46:08,799  INFO  EPOCH 49 | G1: 0.00177660, G2: 0.00875419, G3: 0.00347730 Validation MSE: 
2025-04-14 11:46:09,920  INFO  EPOCH 50 | G1: 0.00186815, G2: 0.00763059, G3: 0.00317637 Validation MSE: 
2025-04-14 11:46:11,152  INFO  EPOCH 51 | G1: 0.00190896, G2: 0.00694175, G3: 0.00313815 Validation MSE: 
2025-04-14 11:46:12,315  INFO  EPOCH 52 | G1: 0.00189709, G2: 0.00651859, G3: 0.00280816 Validation MSE: 
2025-04-14 11:46:13,392  INFO  EPOCH 53 | G1: 0.00190195, G2: 0.00541588, G3: 0.00272712 Validation MSE: 
2025-04-14 11:46:14,483  INFO  EPOCH 54 | G1: 0.00180960, G2: 0.00498875, G3: 0.00269500 Validation MSE: 
2025-04-14 11:46:15,604  INFO  EPOCH 55 | G1: 0.00180875, G2: 0.00410921, G3: 0.00307935 Validation MSE: 
2025-04-14 11:46:16,698  INFO  EPOCH 56 | G1: 0.00180530, G2: 0.00376052, G3: 0.00299679 Validation MSE: 
2025-04-14 11:46:17,787  INFO  EPOCH 57 | G1: 0.00179818, G2: 0.00328371, G3: 0.00293275 Validation MSE: 
2025-04-14 11:46:18,830  INFO  EPOCH 58 | G1: 0.00179006, G2: 0.00289107, G3: 0.00288691 Validation MSE: 
2025-04-14 11:46:19,792  INFO  EPOCH 59 | G1: 0.00177212, G2: 0.00271595, G3: 0.00273087 Validation MSE: 
2025-04-14 11:46:20,716  INFO  EPOCH 60 | G1: 0.00175613, G2: 0.00250295, G3: 0.00267248 Validation MSE: 
2025-04-14 11:46:22,010  INFO  EPOCH 61 | G1: 0.00173516, G2: 0.00238071, G3: 0.00262428 Validation MSE: 
2025-04-14 11:46:23,138  INFO  EPOCH 62 | G1: 0.00171250, G2: 0.00232887, G3: 0.00267781 Validation MSE: 
2025-04-14 11:46:24,295  INFO  EPOCH 63 | G1: 0.00168392, G2: 0.00229902, G3: 0.00247161 Validation MSE: 
2025-04-14 11:46:25,400  INFO  EPOCH 64 | G1: 0.00165038, G2: 0.00226581, G3: 0.00238260 Validation MSE: 
2025-04-14 11:46:26,565  INFO  EPOCH 65 | G1: 0.00160949, G2: 0.00222337, G3: 0.00232026 Validation MSE: 
2025-04-14 11:46:27,706  INFO  EPOCH 66 | G1: 0.00157578, G2: 0.00241507, G3: 0.00227857 Validation MSE: 
2025-04-14 11:46:28,856  INFO  EPOCH 67 | G1: 0.00153679, G2: 0.00218412, G3: 0.00222808 Validation MSE: 
2025-04-14 11:46:29,999  INFO  EPOCH 68 | G1: 0.00149674, G2: 0.00216317, G3: 0.00216027 Validation MSE: 
2025-04-14 11:46:31,209  INFO  EPOCH 69 | G1: 0.00146098, G2: 0.00213303, G3: 0.00206211 Validation MSE: 
2025-04-14 11:46:32,345  INFO  EPOCH 70 | G1: 0.00142376, G2: 0.00210712, G3: 0.00196996 Validation MSE: 
2025-04-14 11:46:33,631  INFO  EPOCH 71 | G1: 0.00139243, G2: 0.00220310, G3: 0.00191342 Validation MSE: 
2025-04-14 11:46:34,761  INFO  EPOCH 72 | G1: 0.00138595, G2: 0.00328600, G3: 0.00184669 Validation MSE: 
2025-04-14 11:46:35,912  INFO  EPOCH 73 | G1: 0.00138050, G2: 0.00201783, G3: 0.00180665 Validation MSE: 
2025-04-14 11:46:37,068  INFO  EPOCH 74 | G1: 0.00137515, G2: 0.00193715, G3: 0.00178686 Validation MSE: 
2025-04-14 11:46:38,098  INFO  EPOCH 75 | G1: 0.00136970, G2: 0.00196400, G3: 0.00174886 Validation MSE: 
2025-04-14 11:46:39,255  INFO  EPOCH 76 | G1: 0.00136468, G2: 0.00188809, G3: 0.00172309 Validation MSE: 
2025-04-14 11:46:40,465  INFO  EPOCH 77 | G1: 0.00136054, G2: 0.00186288, G3: 0.00167840 Validation MSE: 
2025-04-14 11:46:41,629  INFO  EPOCH 78 | G1: 0.00135560, G2: 0.00178830, G3: 0.00165020 Validation MSE: 
2025-04-14 11:46:42,803  INFO  EPOCH 79 | G1: 0.00135115, G2: 0.00171400, G3: 0.00162380 Validation MSE: 
2025-04-14 11:46:43,977  INFO  EPOCH 80 | G1: 0.00134547, G2: 0.00168856, G3: 0.00160028 Validation MSE: 
2025-04-14 11:46:45,332  INFO  EPOCH 81 | G1: 0.00134082, G2: 0.00167318, G3: 0.00157276 Validation MSE: 
2025-04-14 11:46:46,505  INFO  EPOCH 82 | G1: 0.00133427, G2: 0.00230280, G3: 0.00153899 Validation MSE: 
2025-04-14 11:46:47,739  INFO  EPOCH 83 | G1: 0.00132964, G2: 0.00160265, G3: 0.00151066 Validation MSE: 
2025-04-14 11:46:48,950  INFO  EPOCH 84 | G1: 0.00132402, G2: 0.00149384, G3: 0.00149133 Validation MSE: 
2025-04-14 11:46:50,170  INFO  EPOCH 85 | G1: 0.00131785, G2: 0.00163133, G3: 0.00144867 Validation MSE: 
2025-04-14 11:46:51,383  INFO  EPOCH 86 | G1: 0.00131316, G2: 0.00144804, G3: 0.00140463 Validation MSE: 
2025-04-14 11:46:52,574  INFO  EPOCH 87 | G1: 0.00130792, G2: 0.00141589, G3: 0.00137573 Validation MSE: 
2025-04-14 11:46:53,750  INFO  EPOCH 88 | G1: 0.00130206, G2: 0.00140212, G3: 0.00135508 Validation MSE: 
2025-04-14 11:46:54,933  INFO  EPOCH 89 | G1: 0.00129947, G2: 0.00137818, G3: 0.00130547 Validation MSE: 
2025-04-14 11:46:56,141  INFO  EPOCH 90 | G1: 0.00129732, G2: 0.00141947, G3: 0.00124707 Validation MSE: 
2025-04-14 11:46:57,458  INFO  EPOCH 91 | G1: 0.00129418, G2: 0.00134574, G3: 0.00123642 Validation MSE: 
2025-04-14 11:46:58,622  INFO  EPOCH 92 | G1: 0.00128912, G2: 0.00225032, G3: 0.00116390 Validation MSE: 
2025-04-14 11:46:59,826  INFO  EPOCH 93 | G1: 0.00128653, G2: 0.00134301, G3: 0.00113413 Validation MSE: 
2025-04-14 11:47:00,858  INFO  EPOCH 94 | G1: 0.00128284, G2: 0.00138514, G3: 0.00108321 Validation MSE: 
2025-04-14 11:47:01,863  INFO  EPOCH 95 | G1: 0.00127951, G2: 0.00152639, G3: 0.00105656 Validation MSE: 
2025-04-14 11:47:02,998  INFO  EPOCH 96 | G1: 0.00127610, G2: 0.00135496, G3: 0.00102583 Validation MSE: 
2025-04-14 11:47:04,235  INFO  EPOCH 97 | G1: 0.00127281, G2: 0.00141907, G3: 0.00097106 Validation MSE: 
2025-04-14 11:47:05,471  INFO  EPOCH 98 | G1: 0.00126930, G2: 0.00139626, G3: 0.00092882 Validation MSE: 
2025-04-14 11:47:06,722  INFO  EPOCH 99 | G1: 0.00126563, G2: 0.00133807, G3: 0.00088816 Validation MSE: 
2025-04-14 11:47:07,932  INFO  EPOCH 100 | G1: 0.00126200, G2: 0.00144531, G3: 0.00084374 Validation MSE: 
2025-04-14 11:47:09,340  INFO  EPOCH 101 | G1: 0.00125838, G2: 0.00148082, G3: 0.00080917 Validation MSE: 
2025-04-14 11:47:10,558  INFO  EPOCH 102 | G1: 0.00125102, G2: 0.00241693, G3: 0.00077332 Validation MSE: 
2025-04-14 11:47:11,587  INFO  EPOCH 103 | G1: 0.00124689, G2: 0.00159225, G3: 0.00073590 Validation MSE: 
2025-04-14 11:47:12,693  INFO  EPOCH 104 | G1: 0.00124262, G2: 0.00172376, G3: 0.00070249 Validation MSE: 
2025-04-14 11:47:13,801  INFO  EPOCH 105 | G1: 0.00123829, G2: 0.00137887, G3: 0.00067602 Validation MSE: 
2025-04-14 11:47:14,846  INFO  EPOCH 106 | G1: 0.00123246, G2: 0.00135778, G3: 0.00064307 Validation MSE: 
2025-04-14 11:47:15,950  INFO  EPOCH 107 | G1: 0.00122696, G2: 0.00136309, G3: 0.00061212 Validation MSE: 
2025-04-14 11:47:17,140  INFO  EPOCH 108 | G1: 0.00122001, G2: 0.00150882, G3: 0.00058842 Validation MSE: 
2025-04-14 11:47:18,287  INFO  EPOCH 109 | G1: 0.00121583, G2: 0.00146290, G3: 0.00056423 Validation MSE: 
2025-04-14 11:47:19,679  INFO  EPOCH 110 | G1: 0.00121064, G2: 0.00144430, G3: 0.00054724 Validation MSE: 
2025-04-14 11:47:20,895  INFO  EPOCH 111 | G1: 0.00120619, G2: 0.00177363, G3: 0.00052636 Validation MSE: 
2025-04-14 11:47:21,997  INFO  EPOCH 112 | G1: 0.00119872, G2: 0.00164300, G3: 0.00053255 Validation MSE: 
2025-04-14 11:47:23,123  INFO  EPOCH 113 | G1: 0.00119511, G2: 0.00263792, G3: 0.00050680 Validation MSE: 
2025-04-14 11:47:24,283  INFO  EPOCH 114 | G1: 0.00118981, G2: 0.00137040, G3: 0.00048285 Validation MSE: 
2025-04-14 11:47:25,313  INFO  G1 best epoch: 37
2025-04-14 11:47:25,313  INFO  G2 best epoch: 99
2025-04-14 11:47:25,313  INFO  G3 best epoch: 21
