2025-04-14 12:43:57,522  INFO  ARGS = {
  "notes": "模拟原文实验消融，确认是否加上了分类头之后的最终MSE会一致？",
  "data_path": "database/process_工商银行.csv",
  "output_dir": "out_put/multi",
  "ckpt_dir": "ckpt",
  "window_sizes": [
    5,
    10,
    15
  ],
  "N_pairs": 3,
  "generators": [
    "gru",
    "lstm",
    "transformer"
  ],
  "discriminators": null,
  "distill": true,
  "device": [
    0
  ],
  "num_epochs": 10000,
  "lr": 2e-05,
  "batch_size": 64,
  "train_split": 0.7,
  "random_seed": 3407,
  "mode": "train",
  "ckpt_path": "lastest"
}
2025-04-14 12:43:59,038  INFO  EPOCH 1 | G1: 0.06862973, G2: 0.12158458, G3: 0.01169072 Validation MSE: 
2025-04-14 12:44:00,052  INFO  EPOCH 2 | G1: 0.05101171, G2: 0.10113057, G3: 0.00362184 Validation MSE: 
2025-04-14 12:44:00,988  INFO  EPOCH 3 | G1: 0.03665794, G2: 0.09201594, G3: 0.00154824 Validation MSE: 
2025-04-14 12:44:02,226  INFO  EPOCH 4 | G1: 0.02552255, G2: 0.08312060, G3: 0.00142622 Validation MSE: 
2025-04-14 12:44:03,533  INFO  EPOCH 5 | G1: 0.01760794, G2: 0.07430546, G3: 0.00101627 Validation MSE: 
2025-04-14 12:44:04,738  INFO  EPOCH 6 | G1: 0.01265487, G2: 0.06528824, G3: 0.00100304 Validation MSE: 
2025-04-14 12:44:05,759  INFO  EPOCH 7 | G1: 0.01030928, G2: 0.05621479, G3: 0.00077210 Validation MSE: 
2025-04-14 12:44:07,018  INFO  EPOCH 8 | G1: 0.00954273, G2: 0.04736561, G3: 0.00076746 Validation MSE: 
2025-04-14 12:44:08,323  INFO  EPOCH 9 | G1: 0.00932754, G2: 0.03881745, G3: 0.00058929 Validation MSE: 
2025-04-14 12:44:09,726  INFO  EPOCH 10 | G1: 0.00911336, G2: 0.03125978, G3: 0.00044159 Validation MSE: 
2025-04-14 12:44:11,283  INFO  EPOCH 11 | G1: 0.00876983, G2: 0.02604197, G3: 0.00061304 Validation MSE: 
2025-04-14 12:44:12,652  INFO  EPOCH 12 | G1: 0.00827024, G2: 0.02499783, G3: 0.00048439 Validation MSE: 
2025-04-14 12:44:13,581  INFO  EPOCH 13 | G1: 0.00769290, G2: 0.02760785, G3: 0.00048462 Validation MSE: 
2025-04-14 12:44:14,513  INFO  EPOCH 14 | G1: 0.00716499, G2: 0.02993803, G3: 0.00060493 Validation MSE: 
2025-04-14 12:44:15,393  INFO  EPOCH 15 | G1: 0.00659499, G2: 0.03039117, G3: 0.00063816 Validation MSE: 
2025-04-14 12:44:16,316  INFO  EPOCH 16 | G1: 0.00610417, G2: 0.03115113, G3: 0.00030274 Validation MSE: 
2025-04-14 12:44:17,292  INFO  EPOCH 17 | G1: 0.00541135, G2: 0.02998338, G3: 0.00027137 Validation MSE: 
2025-04-14 12:44:18,249  INFO  EPOCH 18 | G1: 0.00477382, G2: 0.02854013, G3: 0.00031815 Validation MSE: 
2025-04-14 12:44:19,147  INFO  EPOCH 19 | G1: 0.00437157, G2: 0.02801291, G3: 0.00056876 Validation MSE: 
2025-04-14 12:44:20,048  INFO  EPOCH 20 | G1: 0.00391562, G2: 0.02691155, G3: 0.00032714 Validation MSE: 
2025-04-14 12:44:21,092  INFO  EPOCH 21 | G1: 0.00342422, G2: 0.02569431, G3: 0.00024727 Validation MSE: 
2025-04-14 12:44:22,183  INFO  EPOCH 22 | G1: 0.00308400, G2: 0.02143217, G3: 0.00063313 Validation MSE: 
2025-04-14 12:44:23,100  INFO  EPOCH 23 | G1: 0.00277602, G2: 0.02386846, G3: 0.00029996 Validation MSE: 
2025-04-14 12:44:24,006  INFO  EPOCH 24 | G1: 0.00242787, G2: 0.02299516, G3: 0.00043745 Validation MSE: 
2025-04-14 12:44:24,925  INFO  EPOCH 25 | G1: 0.00212293, G2: 0.02253754, G3: 0.00033280 Validation MSE: 
2025-04-14 12:44:25,829  INFO  EPOCH 26 | G1: 0.00187355, G2: 0.02191241, G3: 0.00033390 Validation MSE: 
2025-04-14 12:44:26,810  INFO  EPOCH 27 | G1: 0.00156346, G2: 0.02136874, G3: 0.00030017 Validation MSE: 
2025-04-14 12:44:27,730  INFO  EPOCH 28 | G1: 0.00140517, G2: 0.02125078, G3: 0.00040839 Validation MSE: 
2025-04-14 12:44:28,637  INFO  EPOCH 29 | G1: 0.00123521, G2: 0.02094994, G3: 0.00034615 Validation MSE: 
2025-04-14 12:44:29,524  INFO  EPOCH 30 | G1: 0.00105763, G2: 0.02011739, G3: 0.00038019 Validation MSE: 
2025-04-14 12:44:30,572  INFO  EPOCH 31 | G1: 0.00101181, G2: 0.01985475, G3: 0.00096933 Validation MSE: 
2025-04-14 12:44:31,495  INFO  EPOCH 32 | G1: 0.00084674, G2: 0.01814788, G3: 0.00040481 Validation MSE: 
2025-04-14 12:44:32,423  INFO  EPOCH 33 | G1: 0.00076520, G2: 0.01913743, G3: 0.00043646 Validation MSE: 
2025-04-14 12:44:33,353  INFO  EPOCH 34 | G1: 0.00071549, G2: 0.01781507, G3: 0.00081353 Validation MSE: 
2025-04-14 12:44:34,278  INFO  EPOCH 35 | G1: 0.00066529, G2: 0.01764806, G3: 0.00049346 Validation MSE: 
2025-04-14 12:44:35,202  INFO  EPOCH 36 | G1: 0.00056843, G2: 0.01699001, G3: 0.00090114 Validation MSE: 
2025-04-14 12:44:36,144  INFO  EPOCH 37 | G1: 0.00052243, G2: 0.01621115, G3: 0.00106070 Validation MSE: 
2025-04-14 12:44:37,146  INFO  EPOCH 38 | G1: 0.00059323, G2: 0.01585305, G3: 0.00203705 Validation MSE: 
2025-04-14 12:44:38,124  INFO  EPOCH 39 | G1: 0.00055182, G2: 0.01606278, G3: 0.00131295 Validation MSE: 
2025-04-14 12:44:39,238  INFO  EPOCH 40 | G1: 0.00055594, G2: 0.01446946, G3: 0.00161609 Validation MSE: 
2025-04-14 12:44:40,423  INFO  EPOCH 41 | G1: 0.00062680, G2: 0.01383235, G3: 0.00160240 Validation MSE: 
2025-04-14 12:44:41,356  INFO  EPOCH 42 | G1: 0.00074446, G2: 0.01242257, G3: 0.00161674 Validation MSE: 
2025-04-14 12:44:42,363  INFO  EPOCH 43 | G1: 0.00087767, G2: 0.01254308, G3: 0.00213332 Validation MSE: 
2025-04-14 12:44:43,343  INFO  EPOCH 44 | G1: 0.00100373, G2: 0.01157441, G3: 0.00236131 Validation MSE: 
2025-04-14 12:44:44,337  INFO  EPOCH 45 | G1: 0.00114940, G2: 0.01047634, G3: 0.00227791 Validation MSE: 
2025-04-14 12:44:45,328  INFO  EPOCH 46 | G1: 0.00136797, G2: 0.01017379, G3: 0.00290685 Validation MSE: 
2025-04-14 12:44:46,304  INFO  EPOCH 47 | G1: 0.00146578, G2: 0.00907428, G3: 0.00277901 Validation MSE: 
2025-04-14 12:44:47,285  INFO  EPOCH 48 | G1: 0.00159677, G2: 0.00873549, G3: 0.00266276 Validation MSE: 
2025-04-14 12:44:48,285  INFO  EPOCH 49 | G1: 0.00165311, G2: 0.00773117, G3: 0.00318223 Validation MSE: 
2025-04-14 12:44:49,313  INFO  EPOCH 50 | G1: 0.00172761, G2: 0.00675897, G3: 0.00288093 Validation MSE: 
2025-04-14 12:44:50,437  INFO  EPOCH 51 | G1: 0.00175848, G2: 0.00614059, G3: 0.00283143 Validation MSE: 
2025-04-14 12:44:51,633  INFO  EPOCH 52 | G1: 0.00174554, G2: 0.00498303, G3: 0.00269966 Validation MSE: 
2025-04-14 12:44:52,624  INFO  EPOCH 53 | G1: 0.00176937, G2: 0.00442960, G3: 0.00247474 Validation MSE: 
2025-04-14 12:44:53,644  INFO  EPOCH 54 | G1: 0.00166849, G2: 0.00403518, G3: 0.00238365 Validation MSE: 
2025-04-14 12:44:54,646  INFO  EPOCH 55 | G1: 0.00166527, G2: 0.00350118, G3: 0.00263916 Validation MSE: 
2025-04-14 12:44:55,690  INFO  EPOCH 56 | G1: 0.00165740, G2: 0.00324430, G3: 0.00256554 Validation MSE: 
2025-04-14 12:44:56,735  INFO  EPOCH 57 | G1: 0.00164651, G2: 0.00295414, G3: 0.00249124 Validation MSE: 
2025-04-14 12:44:57,745  INFO  EPOCH 58 | G1: 0.00163553, G2: 0.00268270, G3: 0.00244485 Validation MSE: 
2025-04-14 12:44:58,784  INFO  EPOCH 59 | G1: 0.00161636, G2: 0.00258002, G3: 0.00230934 Validation MSE: 
2025-04-14 12:44:59,850  INFO  EPOCH 60 | G1: 0.00159938, G2: 0.00241708, G3: 0.00226196 Validation MSE: 
2025-04-14 12:45:00,939  INFO  EPOCH 61 | G1: 0.00157986, G2: 0.00231282, G3: 0.00222824 Validation MSE: 
2025-04-14 12:45:02,027  INFO  EPOCH 62 | G1: 0.00156137, G2: 0.00225495, G3: 0.00216027 Validation MSE: 
2025-04-14 12:45:03,060  INFO  EPOCH 63 | G1: 0.00153487, G2: 0.00234386, G3: 0.00211231 Validation MSE: 
2025-04-14 12:45:04,018  INFO  EPOCH 64 | G1: 0.00150341, G2: 0.00219992, G3: 0.00214635 Validation MSE: 
2025-04-14 12:45:05,040  INFO  EPOCH 65 | G1: 0.00146548, G2: 0.00219100, G3: 0.00211556 Validation MSE: 
2025-04-14 12:45:06,102  INFO  EPOCH 66 | G1: 0.00143214, G2: 0.00222635, G3: 0.00202381 Validation MSE: 
2025-04-14 12:45:07,344  INFO  EPOCH 67 | G1: 0.00140408, G2: 0.00212472, G3: 0.00196881 Validation MSE: 
2025-04-14 12:45:08,626  INFO  EPOCH 68 | G1: 0.00137233, G2: 0.00210216, G3: 0.00191869 Validation MSE: 
2025-04-14 12:45:09,894  INFO  EPOCH 69 | G1: 0.00134389, G2: 0.00208921, G3: 0.00187528 Validation MSE: 
2025-04-14 12:45:10,968  INFO  EPOCH 70 | G1: 0.00130803, G2: 0.00206337, G3: 0.00174885 Validation MSE: 
2025-04-14 12:45:12,117  INFO  EPOCH 71 | G1: 0.00127484, G2: 0.00202985, G3: 0.00170537 Validation MSE: 
2025-04-14 12:45:13,199  INFO  EPOCH 72 | G1: 0.00127179, G2: 0.00212755, G3: 0.00165326 Validation MSE: 
2025-04-14 12:45:14,875  INFO  EPOCH 73 | G1: 0.00126909, G2: 0.00196833, G3: 0.00163614 Validation MSE: 
2025-04-14 12:45:15,984  INFO  EPOCH 74 | G1: 0.00126672, G2: 0.00192658, G3: 0.00162686 Validation MSE: 
2025-04-14 12:45:17,086  INFO  EPOCH 75 | G1: 0.00126322, G2: 0.00196194, G3: 0.00160844 Validation MSE: 
2025-04-14 12:45:18,279  INFO  EPOCH 76 | G1: 0.00125982, G2: 0.00190255, G3: 0.00158923 Validation MSE: 
2025-04-14 12:45:19,327  INFO  EPOCH 77 | G1: 0.00125594, G2: 0.00185320, G3: 0.00154867 Validation MSE: 
2025-04-14 12:45:20,431  INFO  EPOCH 78 | G1: 0.00125242, G2: 0.00184081, G3: 0.00153623 Validation MSE: 
2025-04-14 12:45:21,520  INFO  EPOCH 79 | G1: 0.00124842, G2: 0.00185777, G3: 0.00150358 Validation MSE: 
2025-04-14 12:45:22,529  INFO  EPOCH 80 | G1: 0.00124553, G2: 0.00177070, G3: 0.00147090 Validation MSE: 
2025-04-14 12:45:23,665  INFO  EPOCH 81 | G1: 0.00124142, G2: 0.00178302, G3: 0.00143392 Validation MSE: 
2025-04-14 12:45:24,631  INFO  EPOCH 82 | G1: 0.00123562, G2: 0.00190075, G3: 0.00140068 Validation MSE: 
2025-04-14 12:45:25,651  INFO  EPOCH 83 | G1: 0.00123174, G2: 0.00167604, G3: 0.00140092 Validation MSE: 
2025-04-14 12:45:26,634  INFO  EPOCH 84 | G1: 0.00122742, G2: 0.00164717, G3: 0.00136428 Validation MSE: 
2025-04-14 12:45:27,584  INFO  EPOCH 85 | G1: 0.00122327, G2: 0.00165691, G3: 0.00133339 Validation MSE: 
2025-04-14 12:45:28,554  INFO  EPOCH 86 | G1: 0.00121735, G2: 0.00170914, G3: 0.00130118 Validation MSE: 
2025-04-14 12:45:29,501  INFO  EPOCH 87 | G1: 0.00121226, G2: 0.00156451, G3: 0.00128767 Validation MSE: 
2025-04-14 12:45:30,463  INFO  EPOCH 88 | G1: 0.00120642, G2: 0.00148618, G3: 0.00127047 Validation MSE: 
2025-04-14 12:45:31,404  INFO  EPOCH 89 | G1: 0.00120377, G2: 0.00144204, G3: 0.00124404 Validation MSE: 
2025-04-14 12:45:32,417  INFO  EPOCH 90 | G1: 0.00120103, G2: 0.00139708, G3: 0.00118336 Validation MSE: 
2025-04-14 12:45:33,523  INFO  EPOCH 91 | G1: 0.00119827, G2: 0.00137641, G3: 0.00112801 Validation MSE: 
2025-04-14 12:45:34,579  INFO  EPOCH 92 | G1: 0.00119430, G2: 0.00132406, G3: 0.00108197 Validation MSE: 
2025-04-14 12:45:35,649  INFO  EPOCH 93 | G1: 0.00119168, G2: 0.00147983, G3: 0.00105652 Validation MSE: 
2025-04-14 12:45:36,685  INFO  EPOCH 94 | G1: 0.00118943, G2: 0.00128666, G3: 0.00106032 Validation MSE: 
2025-04-14 12:45:37,686  INFO  EPOCH 95 | G1: 0.00118627, G2: 0.00132403, G3: 0.00100801 Validation MSE: 
2025-04-14 12:45:38,668  INFO  EPOCH 96 | G1: 0.00118265, G2: 0.00136313, G3: 0.00096364 Validation MSE: 
2025-04-14 12:45:39,683  INFO  EPOCH 97 | G1: 0.00117885, G2: 0.00130757, G3: 0.00092881 Validation MSE: 
2025-04-14 12:45:40,646  INFO  EPOCH 98 | G1: 0.00117531, G2: 0.00128111, G3: 0.00088966 Validation MSE: 
2025-04-14 12:45:41,618  INFO  EPOCH 99 | G1: 0.00117231, G2: 0.00129832, G3: 0.00085411 Validation MSE: 
2025-04-14 12:45:42,733  INFO  EPOCH 100 | G1: 0.00116906, G2: 0.00147227, G3: 0.00083051 Validation MSE: 
2025-04-14 12:45:44,266  INFO  EPOCH 101 | G1: 0.00116564, G2: 0.00135834, G3: 0.00080594 Validation MSE: 
2025-04-14 12:45:45,655  INFO  EPOCH 102 | G1: 0.00116040, G2: 0.00125670, G3: 0.00075912 Validation MSE: 
2025-04-14 12:45:47,019  INFO  EPOCH 103 | G1: 0.00115613, G2: 0.00156389, G3: 0.00073028 Validation MSE: 
2025-04-14 12:45:48,347  INFO  EPOCH 104 | G1: 0.00115096, G2: 0.00166451, G3: 0.00069506 Validation MSE: 
2025-04-14 12:45:49,687  INFO  EPOCH 105 | G1: 0.00114577, G2: 0.00148950, G3: 0.00066767 Validation MSE: 
2025-04-14 12:45:51,013  INFO  EPOCH 106 | G1: 0.00114162, G2: 0.00143804, G3: 0.00063554 Validation MSE: 
2025-04-14 12:45:52,361  INFO  EPOCH 107 | G1: 0.00113722, G2: 0.00134356, G3: 0.00062357 Validation MSE: 
2025-04-14 12:45:53,732  INFO  EPOCH 108 | G1: 0.00113286, G2: 0.00136559, G3: 0.00059936 Validation MSE: 
2025-04-14 12:45:55,110  INFO  EPOCH 109 | G1: 0.00112764, G2: 0.00152982, G3: 0.00057389 Validation MSE: 
2025-04-14 12:45:56,425  INFO  EPOCH 110 | G1: 0.00112160, G2: 0.00149076, G3: 0.00055781 Validation MSE: 
2025-04-14 12:45:57,991  INFO  EPOCH 111 | G1: 0.00111650, G2: 0.00133701, G3: 0.00054169 Validation MSE: 
2025-04-14 12:45:59,398  INFO  EPOCH 112 | G1: 0.00111118, G2: 0.00129714, G3: 0.00053128 Validation MSE: 
2025-04-14 12:46:00,749  INFO  EPOCH 113 | G1: 0.00110616, G2: 0.00234073, G3: 0.00052034 Validation MSE: 
2025-04-14 12:46:02,162  INFO  EPOCH 114 | G1: 0.00110214, G2: 0.00158568, G3: 0.00050075 Validation MSE: 
2025-04-14 12:46:03,675  INFO  EPOCH 115 | G1: 0.00109751, G2: 0.00134007, G3: 0.00048421 Validation MSE: 
2025-04-14 12:46:05,137  INFO  EPOCH 116 | G1: 0.00109313, G2: 0.00144024, G3: 0.00047031 Validation MSE: 
2025-04-14 12:46:06,515  INFO  EPOCH 117 | G1: 0.00108760, G2: 0.00133665, G3: 0.00046978 Validation MSE: 
2025-04-14 12:46:07,562  INFO  G1 best epoch: 37
2025-04-14 12:46:07,562  INFO  G2 best epoch: 102
2025-04-14 12:46:07,562  INFO  G3 best epoch: 21
