2025-04-14 17:52:19,603  INFO  ARGS = {
  "notes": "实现了判断也在GAN中，试试看",
  "data_path": "database/process_工商银行.csv",
  "output_dir": "out_put/multi",
  "ckpt_dir": "ckpt",
  "feature_columns": [
    2,
    3,
    4,
    5,
    6,
    7,
    8,
    9,
    10,
    11,
    12,
    13,
    14,
    15,
    16,
    17,
    18,
    19,
    20,
    21,
    22,
    23,
    1
  ],
  "target_columns": [
    [
      1
    ]
  ],
  "start_timestamp": 1,
  "end_timestamp": 2400,
  "window_sizes": [
    5,
    10,
    15
  ],
  "N_pairs": 3,
  "generators": [
    "gru",
    "lstm",
    "transformer"
  ],
  "discriminators": null,
  "distill": true,
  "cross_finetune": true,
  "device": [
    0
  ],
  "num_epochs": 10000,
  "lr": 2e-05,
  "batch_size": 64,
  "train_split": 0.7,
  "random_seed": 3407,
  "mode": "train",
  "ckpt_path": "lastest"
}
2025-04-14 17:52:21,509  INFO  EPOCH 1 | Validation MSE: G1: 0.06877616, G2: 0.07619689, G3: 0.03151559 
2025-04-14 17:52:22,868  INFO  EPOCH 2 | Validation MSE: G1: 0.05118873, G2: 0.06795040, G3: 0.01576065 
2025-04-14 17:52:24,133  INFO  EPOCH 3 | Validation MSE: G1: 0.03703139, G2: 0.06067539, G3: 0.00814083 
2025-04-14 17:52:25,508  INFO  EPOCH 4 | Validation MSE: G1: 0.02574508, G2: 0.05392889, G3: 0.00438323 
2025-04-14 17:52:26,838  INFO  EPOCH 5 | Validation MSE: G1: 0.01780800, G2: 0.04782877, G3: 0.00235874 
2025-04-14 17:52:28,190  INFO  EPOCH 6 | Validation MSE: G1: 0.01287144, G2: 0.04216265, G3: 0.00149652 
2025-04-14 17:52:29,526  INFO  EPOCH 7 | Validation MSE: G1: 0.01043327, G2: 0.03704458, G3: 0.00156562 
2025-04-14 17:52:30,765  INFO  EPOCH 8 | Validation MSE: G1: 0.00951935, G2: 0.03245727, G3: 0.00208458 
2025-04-14 17:52:32,041  INFO  EPOCH 9 | Validation MSE: G1: 0.00916860, G2: 0.02882744, G3: 0.00124377 
2025-04-14 17:52:33,341  INFO  EPOCH 10 | Validation MSE: G1: 0.00884072, G2: 0.02613460, G3: 0.00131035 
2025-04-14 17:52:34,712  INFO  EPOCH 11 | Validation MSE: G1: 0.00851736, G2: 0.02460498, G3: 0.00157476 
2025-04-14 17:52:36,167  INFO  EPOCH 12 | Validation MSE: G1: 0.00794302, G2: 0.02442743, G3: 0.00094621 
2025-04-14 17:52:37,559  INFO  EPOCH 13 | Validation MSE: G1: 0.00737013, G2: 0.02535561, G3: 0.00080014 
2025-04-14 17:52:38,867  INFO  EPOCH 14 | Validation MSE: G1: 0.00681534, G2: 0.02696578, G3: 0.00091777 
2025-04-14 17:52:40,347  INFO  EPOCH 15 | Validation MSE: G1: 0.00623755, G2: 0.02849263, G3: 0.00070102 
2025-04-14 17:52:41,809  INFO  EPOCH 16 | Validation MSE: G1: 0.00555059, G2: 0.02906109, G3: 0.00064848 
2025-04-14 17:52:43,048  INFO  EPOCH 17 | Validation MSE: G1: 0.00499688, G2: 0.02926343, G3: 0.00080423 
2025-04-14 17:52:44,372  INFO  EPOCH 18 | Validation MSE: G1: 0.00447388, G2: 0.02866936, G3: 0.00087161 
2025-04-14 17:52:45,658  INFO  EPOCH 19 | Validation MSE: G1: 0.00404364, G2: 0.02798366, G3: 0.00068160 
2025-04-14 17:52:46,910  INFO  EPOCH 20 | Validation MSE: G1: 0.00359484, G2: 0.02686908, G3: 0.00065665 
2025-04-14 17:52:48,226  INFO  EPOCH 21 | Validation MSE: G1: 0.00319866, G2: 0.02579989, G3: 0.00128236 
2025-04-14 17:52:49,493  INFO  EPOCH 22 | Validation MSE: G1: 0.00280357, G2: 0.02409431, G3: 0.00075689 
2025-04-14 17:52:50,762  INFO  EPOCH 23 | Validation MSE: G1: 0.00251976, G2: 0.02265717, G3: 0.00067784 
2025-04-14 17:52:52,051  INFO  EPOCH 24 | Validation MSE: G1: 0.00217053, G2: 0.02128290, G3: 0.00063205 
