2025-04-17 13:57:05,670  INFO  ARGS = {
  "notes": "设置从cross 5--1，设置更小的软目标权重，设置了更大的mse lambda，取消了首轮的cross",
  "data_path": "database/processed_黄金_day.csv",
  "output_dir": "out_put/multi",
  "ckpt_dir": "ckpt",
  "feature_columns": [
    2,
    3,
    4,
    5,
    6,
    7,
    8,
    9,
    10,
    11,
    12,
    13,
    14,
    15,
    16,
    17,
    18,
    19,
    1
  ],
  "target_columns": [
    [
      1
    ]
  ],
  "start_timestamp": 31,
  "end_timestamp": -1,
  "window_sizes": [
    5,
    10,
    15
  ],
  "N_pairs": 3,
  "num_classes": 3,
  "generators": [
    "gru",
    "lstm",
    "transformer"
  ],
  "discriminators": null,
  "distill_epochs": 1,
  "cross_finetune_epochs": 1,
  "device": [
    0
  ],
  "num_epochs": 10000,
  "lr": 2e-05,
  "batch_size": 64,
  "train_split": 0.7,
  "random_seed": 3407,
  "amp_dtype": "none",
  "mode": "train",
  "ckpt_path": "lastest"
}
2025-04-17 13:57:08,250  INFO  EPOCH 1 | Validation MSE: G1: 0.87745953, G2: 1.10062551, G3: 0.42906526 
2025-04-17 13:57:10,509  INFO  EPOCH 2 | Validation MSE: G1: 0.76422060, G2: 1.05939198, G3: 0.06326332 
2025-04-17 13:57:12,263  INFO  EPOCH 3 | Validation MSE: G1: 0.65632164, G2: 1.01852226, G3: 0.04149954 
2025-04-17 13:57:14,669  INFO  EPOCH 4 | Validation MSE: G1: 0.55016601, G2: 0.97651052, G3: 0.04407033 
2025-04-17 13:57:17,046  INFO  EPOCH 5 | Validation MSE: G1: 0.44768068, G2: 0.93206221, G3: 0.03806155 
2025-04-17 13:57:19,324  INFO  EPOCH 6 | Validation MSE: G1: 0.35482553, G2: 0.88421786, G3: 0.04021390 
2025-04-17 13:57:21,536  INFO  EPOCH 7 | Validation MSE: G1: 0.27659619, G2: 0.83096939, G3: 0.03636986 
2025-04-17 13:57:23,859  INFO  EPOCH 8 | Validation MSE: G1: 0.22087450, G2: 0.77203995, G3: 0.03833903 
2025-04-17 13:57:26,157  INFO  EPOCH 9 | Validation MSE: G1: 0.18097873, G2: 0.70316190, G3: 0.03790854 
2025-04-17 13:57:28,405  INFO  EPOCH 10 | Validation MSE: G1: 0.15172805, G2: 0.62374330, G3: 0.03208811 
2025-04-17 13:57:30,626  INFO  EPOCH 11 | Validation MSE: G1: 0.13164704, G2: 0.53788924, G3: 0.02963696 
2025-04-17 13:57:32,925  INFO  EPOCH 12 | Validation MSE: G1: 0.11674938, G2: 0.45636836, G3: 0.03289072 
2025-04-17 13:57:35,143  INFO  EPOCH 13 | Validation MSE: G1: 0.10997899, G2: 0.40645540, G3: 0.03040451 
2025-04-17 13:57:37,436  INFO  EPOCH 14 | Validation MSE: G1: 0.10129727, G2: 0.37899211, G3: 0.03024706 
2025-04-17 13:57:39,510  INFO  EPOCH 15 | Validation MSE: G1: 0.09859453, G2: 0.37087402, G3: 0.03046979 
2025-04-17 13:57:41,772  INFO  EPOCH 16 | Validation MSE: G1: 0.09731526, G2: 0.37099051, G3: 0.02844813 
2025-04-17 13:57:43,741  INFO  EPOCH 17 | Validation MSE: G1: 0.10157494, G2: 0.37864456, G3: 0.02666287 
2025-04-17 13:57:46,076  INFO  EPOCH 18 | Validation MSE: G1: 0.10480404, G2: 0.38943723, G3: 0.02665079 
2025-04-17 13:57:48,502  INFO  EPOCH 19 | Validation MSE: G1: 0.10033467, G2: 0.39123210, G3: 0.02356069 
2025-04-17 13:57:50,984  INFO  EPOCH 20 | Validation MSE: G1: 0.10449512, G2: 0.38893864, G3: 0.02867582 
2025-04-17 13:57:53,327  INFO  EPOCH 21 | Validation MSE: G1: 0.09913350, G2: 0.37558395, G3: 0.02551478 
2025-04-17 13:57:55,798  INFO  EPOCH 22 | Validation MSE: G1: 0.09593381, G2: 0.35607830, G3: 0.02894168 
2025-04-17 13:57:58,177  INFO  EPOCH 23 | Validation MSE: G1: 0.09499995, G2: 0.35093066, G3: 0.02691679 
2025-04-17 13:58:00,266  INFO  EPOCH 24 | Validation MSE: G1: 0.09000745, G2: 0.32081652, G3: 0.02408833 
2025-04-17 13:58:02,559  INFO  EPOCH 25 | Validation MSE: G1: 0.08081525, G2: 0.29818645, G3: 0.02600132 
2025-04-17 13:58:04,937  INFO  EPOCH 26 | Validation MSE: G1: 0.08025865, G2: 0.27418783, G3: 0.02495176 
2025-04-17 13:58:07,252  INFO  EPOCH 27 | Validation MSE: G1: 0.07210831, G2: 0.24239407, G3: 0.02882108 
2025-04-17 13:58:09,362  INFO  EPOCH 28 | Validation MSE: G1: 0.07350972, G2: 0.22090015, G3: 0.02665203 
2025-04-17 13:58:11,506  INFO  EPOCH 29 | Validation MSE: G1: 0.06864565, G2: 0.19845209, G3: 0.03073307 
2025-04-17 13:58:13,898  INFO  EPOCH 30 | Validation MSE: G1: 0.06723588, G2: 0.16334122, G3: 0.02783128 
2025-04-17 13:58:15,548  INFO  EPOCH 31 | Validation MSE: G1: 0.06298871, G2: 0.13392299, G3: 0.02642052 
2025-04-17 13:58:17,238  INFO  EPOCH 32 | Validation MSE: G1: 0.06323013, G2: 0.12632002, G3: 0.02672162 
2025-04-17 13:58:19,127  INFO  EPOCH 33 | Validation MSE: G1: 0.06075874, G2: 0.09608009, G3: 0.02469228 
2025-04-17 13:58:21,002  INFO  EPOCH 34 | Validation MSE: G1: 0.05774852, G2: 0.07542329, G3: 0.02443677 
2025-04-17 13:58:22,838  INFO  EPOCH 35 | Validation MSE: G1: 0.05469430, G2: 0.06062067, G3: 0.02819908 
2025-04-17 13:58:24,810  INFO  EPOCH 36 | Validation MSE: G1: 0.05045704, G2: 0.04172079, G3: 0.02848685 
2025-04-17 13:58:26,773  INFO  EPOCH 37 | Validation MSE: G1: 0.05341335, G2: 0.04024106, G3: 0.02667047 
2025-04-17 13:58:28,759  INFO  EPOCH 38 | Validation MSE: G1: 0.05299376, G2: 0.03044995, G3: 0.02648984 
2025-04-17 13:58:30,728  INFO  EPOCH 39 | Validation MSE: G1: 0.04834694, G2: 0.02664961, G3: 0.02686433 
2025-04-17 13:58:32,668  INFO  EPOCH 40 | Validation MSE: G1: 0.04628434, G2: 0.02352142, G3: 0.02587440 
2025-04-17 13:58:34,678  INFO  EPOCH 41 | Validation MSE: G1: 0.05001576, G2: 0.02051338, G3: 0.02610493 
2025-04-17 13:58:36,612  INFO  EPOCH 42 | Validation MSE: G1: 0.04581415, G2: 0.01960674, G3: 0.02698200 
2025-04-17 13:58:38,457  INFO  EPOCH 43 | Validation MSE: G1: 0.04267346, G2: 0.01897004, G3: 0.02517407 
2025-04-17 13:58:40,309  INFO  EPOCH 44 | Validation MSE: G1: 0.04324558, G2: 0.01756847, G3: 0.02619154 
2025-04-17 13:58:42,196  INFO  EPOCH 45 | Validation MSE: G1: 0.04066672, G2: 0.01662160, G3: 0.02564668 
2025-04-17 13:58:44,102  INFO  EPOCH 46 | Validation MSE: G1: 0.03991275, G2: 0.01608791, G3: 0.02550589 
2025-04-17 13:58:46,012  INFO  EPOCH 47 | Validation MSE: G1: 0.03808992, G2: 0.01671065, G3: 0.02500460 
2025-04-17 13:58:48,043  INFO  EPOCH 48 | Validation MSE: G1: 0.03926831, G2: 0.01654231, G3: 0.02617803 
2025-04-17 13:58:50,017  INFO  EPOCH 49 | Validation MSE: G1: 0.03832081, G2: 0.01580923, G3: 0.02543322 
2025-04-17 13:58:52,014  INFO  EPOCH 50 | Validation MSE: G1: 0.03814117, G2: 0.01653548, G3: 0.02519153 
2025-04-17 13:58:54,139  INFO  EPOCH 51 | Validation MSE: G1: 0.03861238, G2: 0.01655751, G3: 0.02671055 
2025-04-17 13:58:56,249  INFO  EPOCH 52 | Validation MSE: G1: 0.03617650, G2: 0.01588171, G3: 0.02595038 
2025-04-17 13:58:58,691  INFO  EPOCH 53 | Validation MSE: G1: 0.03532403, G2: 0.01583647, G3: 0.02583766 
2025-04-17 13:59:00,804  INFO  EPOCH 54 | Validation MSE: G1: 0.03594912, G2: 0.01660614, G3: 0.02607474 
2025-04-17 13:59:03,173  INFO  EPOCH 55 | Validation MSE: G1: 0.03355393, G2: 0.01618546, G3: 0.02612680 
2025-04-17 13:59:05,450  INFO  EPOCH 56 | Validation MSE: G1: 0.03303731, G2: 0.01682123, G3: 0.02606606 
2025-04-17 13:59:07,863  INFO  EPOCH 57 | Validation MSE: G1: 0.03330884, G2: 0.01688616, G3: 0.02603214 
2025-04-17 13:59:09,976  INFO  EPOCH 58 | Validation MSE: G1: 0.03365666, G2: 0.01727696, G3: 0.02598802 
2025-04-17 13:59:11,772  INFO  EPOCH 59 | Validation MSE: G1: 0.03057512, G2: 0.01691992, G3: 0.02601132 
2025-04-17 13:59:13,941  INFO  EPOCH 60 | Validation MSE: G1: 0.03186715, G2: 0.01726261, G3: 0.02601887 
2025-04-17 13:59:16,180  INFO  EPOCH 61 | Validation MSE: G1: 0.03300134, G2: 0.01603695, G3: 0.02593896 
2025-04-17 13:59:17,855  INFO  EPOCH 62 | Validation MSE: G1: 0.03067870, G2: 0.01631816, G3: 0.02613414 
2025-04-17 13:59:19,480  INFO  EPOCH 63 | Validation MSE: G1: 0.02979008, G2: 0.01576065, G3: 0.02626917 
2025-04-17 13:59:21,179  INFO  EPOCH 64 | Validation MSE: G1: 0.03012211, G2: 0.01600840, G3: 0.02633873 
2025-04-17 13:59:22,875  INFO  EPOCH 65 | Validation MSE: G1: 0.03035982, G2: 0.01690313, G3: 0.02619835 
2025-04-17 13:59:24,531  INFO  EPOCH 66 | Validation MSE: G1: 0.03002021, G2: 0.01668942, G3: 0.02613241 
2025-04-17 13:59:26,470  INFO  EPOCH 67 | Validation MSE: G1: 0.02880351, G2: 0.01807961, G3: 0.02622326 
2025-04-17 13:59:28,397  INFO  EPOCH 68 | Validation MSE: G1: 0.02735949, G2: 0.01561852, G3: 0.02616699 
2025-04-17 13:59:30,122  INFO  EPOCH 69 | Validation MSE: G1: 0.02795644, G2: 0.01813298, G3: 0.02617728 
2025-04-17 13:59:31,964  INFO  EPOCH 70 | Validation MSE: G1: 0.02597055, G2: 0.01566571, G3: 0.02636741 
2025-04-17 13:59:33,713  INFO  EPOCH 71 | Validation MSE: G1: 0.02582705, G2: 0.01540538, G3: 0.02632652 
2025-04-17 13:59:35,416  INFO  EPOCH 72 | Validation MSE: G1: 0.02636408, G2: 0.01600038, G3: 0.02627320 
2025-04-17 13:59:37,089  INFO  EPOCH 73 | Validation MSE: G1: 0.02573063, G2: 0.01559212, G3: 0.02617771 
2025-04-17 13:59:38,748  INFO  EPOCH 74 | Validation MSE: G1: 0.02568955, G2: 0.01634855, G3: 0.02601837 
2025-04-17 13:59:40,447  INFO  EPOCH 75 | Validation MSE: G1: 0.02604439, G2: 0.01575358, G3: 0.02609684 
2025-04-17 13:59:42,159  INFO  EPOCH 76 | Validation MSE: G1: 0.02499611, G2: 0.01635531, G3: 0.02626245 
2025-04-17 13:59:43,807  INFO  EPOCH 77 | Validation MSE: G1: 0.02535463, G2: 0.01723826, G3: 0.02630239 
2025-04-17 13:59:45,565  INFO  EPOCH 78 | Validation MSE: G1: 0.02346617, G2: 0.01618862, G3: 0.02628620 
2025-04-17 13:59:47,822  INFO  EPOCH 79 | Validation MSE: G1: 0.02311584, G2: 0.01620116, G3: 0.02628987 
2025-04-17 13:59:49,877  INFO  EPOCH 80 | Validation MSE: G1: 0.02321552, G2: 0.01545801, G3: 0.02637144 
2025-04-17 13:59:51,864  INFO  EPOCH 81 | Validation MSE: G1: 0.02286511, G2: 0.01610483, G3: 0.02635461 
2025-04-17 13:59:53,628  INFO  EPOCH 82 | Validation MSE: G1: 0.02296673, G2: 0.01724453, G3: 0.02634198 
2025-04-17 13:59:56,008  INFO  EPOCH 83 | Validation MSE: G1: 0.02443494, G2: 0.01701831, G3: 0.02635392 
2025-04-17 13:59:58,043  INFO  EPOCH 84 | Validation MSE: G1: 0.02363400, G2: 0.01571320, G3: 0.02637963 
2025-04-17 13:59:59,940  INFO  EPOCH 85 | Validation MSE: G1: 0.02372175, G2: 0.01583238, G3: 0.02643619 
2025-04-17 14:00:01,839  INFO  EPOCH 86 | Validation MSE: G1: 0.02273502, G2: 0.01569205, G3: 0.02636963 
2025-04-17 14:00:03,703  INFO  EPOCH 87 | Validation MSE: G1: 0.02100192, G2: 0.01610728, G3: 0.02634451 
2025-04-17 14:00:05,629  INFO  EPOCH 88 | Validation MSE: G1: 0.02060238, G2: 0.01555871, G3: 0.02629764 
2025-04-17 14:00:08,065  INFO  EPOCH 89 | Validation MSE: G1: 0.02108869, G2: 0.01577340, G3: 0.02628374 
2025-04-17 14:00:10,282  INFO  EPOCH 90 | Validation MSE: G1: 0.02144435, G2: 0.01591991, G3: 0.02638906 
2025-04-17 14:00:12,110  INFO  EPOCH 91 | Validation MSE: G1: 0.02189575, G2: 0.01585266, G3: 0.02642004 
2025-04-17 14:00:13,862  INFO  EPOCH 92 | Validation MSE: G1: 0.02030285, G2: 0.01586477, G3: 0.02640961 
2025-04-17 14:00:15,536  INFO  EPOCH 93 | Validation MSE: G1: 0.02024043, G2: 0.01581357, G3: 0.02649302 
2025-04-17 14:00:17,205  INFO  EPOCH 94 | Validation MSE: G1: 0.02023434, G2: 0.01593381, G3: 0.02655717 
2025-04-17 14:00:18,763  INFO  EPOCH 95 | Validation MSE: G1: 0.01970581, G2: 0.01593029, G3: 0.02660696 
2025-04-17 14:00:20,616  INFO  EPOCH 96 | Validation MSE: G1: 0.01869757, G2: 0.01588131, G3: 0.02659217 
2025-04-17 14:00:22,518  INFO  EPOCH 97 | Validation MSE: G1: 0.02049927, G2: 0.01589127, G3: 0.02647087 
2025-04-17 14:00:24,294  INFO  EPOCH 98 | Validation MSE: G1: 0.01933685, G2: 0.01576490, G3: 0.02650397 
2025-04-17 14:00:26,110  INFO  EPOCH 99 | Validation MSE: G1: 0.01998303, G2: 0.01582341, G3: 0.02650002 
2025-04-17 14:00:27,793  INFO  EPOCH 100 | Validation MSE: G1: 0.02060180, G2: 0.01602305, G3: 0.02652579 
2025-04-17 14:00:29,445  INFO  EPOCH 101 | Validation MSE: G1: 0.02002306, G2: 0.01596838, G3: 0.02643428 
2025-04-17 14:00:31,089  INFO  EPOCH 102 | Validation MSE: G1: 0.01889609, G2: 0.01589791, G3: 0.02629965 
2025-04-17 14:00:32,815  INFO  EPOCH 103 | Validation MSE: G1: 0.01878835, G2: 0.01581354, G3: 0.02627867 
2025-04-17 14:00:34,432  INFO  EPOCH 104 | Validation MSE: G1: 0.01839084, G2: 0.01593111, G3: 0.02638306 
2025-04-17 14:00:36,170  INFO  EPOCH 105 | Validation MSE: G1: 0.01821967, G2: 0.01588790, G3: 0.02654111 
2025-04-17 14:00:37,797  INFO  EPOCH 106 | Validation MSE: G1: 0.01733227, G2: 0.01588824, G3: 0.02655758 
2025-04-17 14:00:39,763  INFO  EPOCH 107 | Validation MSE: G1: 0.01897843, G2: 0.01588921, G3: 0.02647564 
2025-04-17 14:00:41,487  INFO  EPOCH 108 | Validation MSE: G1: 0.01929735, G2: 0.01589314, G3: 0.02654041 
2025-04-17 14:00:43,511  INFO  EPOCH 109 | Validation MSE: G1: 0.01810568, G2: 0.01589881, G3: 0.02656488 
2025-04-17 14:00:45,664  INFO  EPOCH 110 | Validation MSE: G1: 0.01964954, G2: 0.01589485, G3: 0.02658007 
2025-04-17 14:00:48,125  INFO  EPOCH 111 | Validation MSE: G1: 0.01861884, G2: 0.01589281, G3: 0.02649749 
2025-04-17 14:00:50,390  INFO  EPOCH 112 | Validation MSE: G1: 0.01903448, G2: 0.01589411, G3: 0.02646255 
2025-04-17 14:00:52,250  INFO  EPOCH 113 | Validation MSE: G1: 0.01875256, G2: 0.01590286, G3: 0.02655954 
2025-04-17 14:00:54,042  INFO  EPOCH 114 | Validation MSE: G1: 0.01852003, G2: 0.01589590, G3: 0.02658152 
2025-04-17 14:00:55,952  INFO  EPOCH 115 | Validation MSE: G1: 0.01834968, G2: 0.01590494, G3: 0.02659215 
2025-04-17 14:00:57,798  INFO  EPOCH 116 | Validation MSE: G1: 0.01847109, G2: 0.01590182, G3: 0.02659047 
2025-04-17 14:00:59,563  INFO  EPOCH 117 | Validation MSE: G1: 0.01839955, G2: 0.01589546, G3: 0.02678225 
2025-04-17 14:01:01,312  INFO  EPOCH 118 | Validation MSE: G1: 0.01801615, G2: 0.01590380, G3: 0.02668536 
2025-04-17 14:01:03,176  INFO  EPOCH 119 | Validation MSE: G1: 0.01772031, G2: 0.01589995, G3: 0.02668329 
2025-04-17 14:01:04,972  INFO  EPOCH 120 | Validation MSE: G1: 0.01763834, G2: 0.01590237, G3: 0.02668079 
2025-04-17 14:01:06,804  INFO  EPOCH 121 | Validation MSE: G1: 0.01749394, G2: 0.01590375, G3: 0.02671622 
2025-04-17 14:01:10,088  INFO  G1 best epoch: 106
2025-04-17 14:01:10,088  INFO  G2 best epoch: 71
2025-04-17 14:01:10,088  INFO  G3 best epoch: 19
2025-04-17 14:01:10,710  INFO  Train Metrics for G1: MSE=17.0487, MAE=2.8430, RMSE=4.1290, MAPE=0.9758
2025-04-17 14:01:11,328  INFO  Train Metrics for G2: MSE=39.5550, MAE=4.3884, RMSE=6.2893, MAPE=1.5418
2025-04-17 14:01:12,178  INFO  Train Metrics for G3: MSE=38.6864, MAE=5.1474, RMSE=6.2198, MAPE=1.7301
2025-04-17 14:01:12,777  INFO  Test Metrics for G1: MSE=939.4980, MAE=18.4304, RMSE=30.6512, MAPE=3.4449
2025-04-17 14:01:13,411  INFO  Test Metrics for G2: MSE=835.0506, MAE=16.8659, RMSE=28.8972, MAPE=3.1741
2025-04-17 14:01:13,988  INFO  Test Metrics for G3: MSE=1277.1105, MAE=21.6157, RMSE=35.7367, MAPE=4.1181
