2025-04-17 14:16:44,938  INFO  ARGS = {
  "notes": "单个GAN的Transformer试试看",
  "data_path": "database/processed_黄金_day.csv",
  "output_dir": "out_put/multi",
  "ckpt_dir": "ckpt",
  "feature_columns": [
    2,
    3,
    4,
    5,
    6,
    7,
    8,
    9,
    10,
    11,
    12,
    13,
    14,
    15,
    16,
    17,
    18,
    19,
    1
  ],
  "target_columns": [
    [
      1
    ]
  ],
  "start_timestamp": 31,
  "end_timestamp": -1,
  "window_sizes": [
    5
  ],
  "N_pairs": 1,
  "num_classes": 3,
  "generators": [
    "gru"
  ],
  "discriminators": null,
  "distill_epochs": 1,
  "cross_finetune_epochs": 5,
  "device": [
    0
  ],
  "num_epochs": 10000,
  "lr": 2e-05,
  "batch_size": 64,
  "train_split": 0.7,
  "random_seed": 3407,
  "amp_dtype": "none",
  "mode": "train",
  "ckpt_path": "lastest"
}
2025-04-17 14:16:45,518  INFO  EPOCH 1 | Validation MSE: G1: 0.90737748 
2025-04-17 14:16:45,892  INFO  EPOCH 2 | Validation MSE: G1: 0.82196230 
2025-04-17 14:16:46,243  INFO  EPOCH 3 | Validation MSE: G1: 0.74332124 
2025-04-17 14:16:46,600  INFO  EPOCH 4 | Validation MSE: G1: 0.66774780 
2025-04-17 14:16:46,947  INFO  EPOCH 5 | Validation MSE: G1: 0.59484768 
2025-04-17 14:16:47,339  INFO  EPOCH 6 | Validation MSE: G1: 0.52481270 
2025-04-17 14:16:47,676  INFO  EPOCH 7 | Validation MSE: G1: 0.45939147 
2025-04-17 14:16:48,013  INFO  EPOCH 8 | Validation MSE: G1: 0.39952320 
2025-04-17 14:16:48,348  INFO  EPOCH 9 | Validation MSE: G1: 0.34657335 
2025-04-17 14:16:48,678  INFO  EPOCH 10 | Validation MSE: G1: 0.30119085 
2025-04-17 14:16:49,020  INFO  EPOCH 11 | Validation MSE: G1: 0.26330936 
2025-04-17 14:16:49,372  INFO  EPOCH 12 | Validation MSE: G1: 0.23309244 
2025-04-17 14:16:49,707  INFO  EPOCH 13 | Validation MSE: G1: 0.20944966 
2025-04-17 14:16:50,041  INFO  EPOCH 14 | Validation MSE: G1: 0.19093421 
2025-04-17 14:16:50,383  INFO  EPOCH 15 | Validation MSE: G1: 0.17696737 
2025-04-17 14:16:50,720  INFO  EPOCH 16 | Validation MSE: G1: 0.16690540 
2025-04-17 14:16:51,056  INFO  EPOCH 17 | Validation MSE: G1: 0.15986632 
2025-04-17 14:16:51,393  INFO  EPOCH 18 | Validation MSE: G1: 0.15627743 
2025-04-17 14:16:51,730  INFO  EPOCH 19 | Validation MSE: G1: 0.15391174 
2025-04-17 14:16:52,101  INFO  EPOCH 20 | Validation MSE: G1: 0.15242292 
2025-04-17 14:16:52,480  INFO  EPOCH 21 | Validation MSE: G1: 0.15027370 
2025-04-17 14:16:52,906  INFO  EPOCH 22 | Validation MSE: G1: 0.14885361 
2025-04-17 14:16:53,280  INFO  EPOCH 23 | Validation MSE: G1: 0.14659908 
2025-04-17 14:16:53,636  INFO  EPOCH 24 | Validation MSE: G1: 0.14452304 
2025-04-17 14:16:53,996  INFO  EPOCH 25 | Validation MSE: G1: 0.14064299 
2025-04-17 14:16:54,330  INFO  EPOCH 26 | Validation MSE: G1: 0.13446698 
2025-04-17 14:16:54,667  INFO  EPOCH 27 | Validation MSE: G1: 0.13034275 
2025-04-17 14:16:55,000  INFO  EPOCH 28 | Validation MSE: G1: 0.12727103 
2025-04-17 14:16:55,369  INFO  EPOCH 29 | Validation MSE: G1: 0.12216893 
2025-04-17 14:16:55,713  INFO  EPOCH 30 | Validation MSE: G1: 0.11726551 
2025-04-17 14:16:56,053  INFO  EPOCH 31 | Validation MSE: G1: 0.11004365 
2025-04-17 14:16:56,410  INFO  EPOCH 32 | Validation MSE: G1: 0.10575181 
2025-04-17 14:16:56,743  INFO  EPOCH 33 | Validation MSE: G1: 0.09955409 
2025-04-17 14:16:57,084  INFO  EPOCH 34 | Validation MSE: G1: 0.09572879 
2025-04-17 14:16:57,435  INFO  EPOCH 35 | Validation MSE: G1: 0.08893575 
2025-04-17 14:16:57,771  INFO  EPOCH 36 | Validation MSE: G1: 0.08207231 
2025-04-17 14:16:58,125  INFO  EPOCH 37 | Validation MSE: G1: 0.07797565 
2025-04-17 14:16:58,468  INFO  EPOCH 38 | Validation MSE: G1: 0.07341020 
2025-04-17 14:16:58,830  INFO  EPOCH 39 | Validation MSE: G1: 0.06802091 
2025-04-17 14:16:59,247  INFO  EPOCH 40 | Validation MSE: G1: 0.06292806 
2025-04-17 14:16:59,669  INFO  EPOCH 41 | Validation MSE: G1: 0.05857841 
2025-04-17 14:17:00,005  INFO  EPOCH 42 | Validation MSE: G1: 0.05547168 
2025-04-17 14:17:00,371  INFO  EPOCH 43 | Validation MSE: G1: 0.05195865 
2025-04-17 14:17:00,770  INFO  EPOCH 44 | Validation MSE: G1: 0.04878907 
2025-04-17 14:17:01,127  INFO  EPOCH 45 | Validation MSE: G1: 0.04545594 
2025-04-17 14:17:01,480  INFO  EPOCH 46 | Validation MSE: G1: 0.04156871 
2025-04-17 14:17:01,840  INFO  EPOCH 47 | Validation MSE: G1: 0.03844289 
2025-04-17 14:17:02,194  INFO  EPOCH 48 | Validation MSE: G1: 0.03755960 
2025-04-17 14:17:02,551  INFO  EPOCH 49 | Validation MSE: G1: 0.03459429 
2025-04-17 14:17:02,904  INFO  EPOCH 50 | Validation MSE: G1: 0.03289822 
2025-04-17 14:17:03,270  INFO  EPOCH 51 | Validation MSE: G1: 0.03188681 
2025-04-17 14:17:03,633  INFO  EPOCH 52 | Validation MSE: G1: 0.02975104 
2025-04-17 14:17:04,035  INFO  EPOCH 53 | Validation MSE: G1: 0.02771294 
2025-04-17 14:17:04,399  INFO  EPOCH 54 | Validation MSE: G1: 0.02722717 
2025-04-17 14:17:04,766  INFO  EPOCH 55 | Validation MSE: G1: 0.02615685 
2025-04-17 14:17:05,103  INFO  EPOCH 56 | Validation MSE: G1: 0.02549229 
2025-04-17 14:17:05,439  INFO  EPOCH 57 | Validation MSE: G1: 0.02502775 
2025-04-17 14:17:05,786  INFO  EPOCH 58 | Validation MSE: G1: 0.02436276 
2025-04-17 14:17:06,136  INFO  EPOCH 59 | Validation MSE: G1: 0.02399913 
2025-04-17 14:17:06,508  INFO  EPOCH 60 | Validation MSE: G1: 0.02310570 
2025-04-17 14:17:06,839  INFO  EPOCH 61 | Validation MSE: G1: 0.02260223 
2025-04-17 14:17:07,199  INFO  EPOCH 62 | Validation MSE: G1: 0.02196405 
2025-04-17 14:17:07,766  INFO  EPOCH 63 | Validation MSE: G1: 0.02241671 
2025-04-17 14:17:08,117  INFO  EPOCH 64 | Validation MSE: G1: 0.02161314 
2025-04-17 14:17:08,491  INFO  EPOCH 65 | Validation MSE: G1: 0.02093582 
2025-04-17 14:17:08,843  INFO  EPOCH 66 | Validation MSE: G1: 0.02039818 
2025-04-17 14:17:09,177  INFO  EPOCH 67 | Validation MSE: G1: 0.02037653 
2025-04-17 14:17:09,512  INFO  EPOCH 68 | Validation MSE: G1: 0.01936898 
2025-04-17 14:17:09,858  INFO  EPOCH 69 | Validation MSE: G1: 0.01935548 
2025-04-17 14:17:10,240  INFO  EPOCH 70 | Validation MSE: G1: 0.01918346 
2025-04-17 14:17:10,624  INFO  EPOCH 71 | Validation MSE: G1: 0.01885871 
2025-04-17 14:17:10,987  INFO  EPOCH 72 | Validation MSE: G1: 0.01880190 
2025-04-17 14:17:11,336  INFO  EPOCH 73 | Validation MSE: G1: 0.01859545 
2025-04-17 14:17:11,669  INFO  EPOCH 74 | Validation MSE: G1: 0.01837558 
2025-04-17 14:17:12,013  INFO  EPOCH 75 | Validation MSE: G1: 0.01831113 
2025-04-17 14:17:12,361  INFO  EPOCH 76 | Validation MSE: G1: 0.01770412 
2025-04-17 14:17:12,712  INFO  EPOCH 77 | Validation MSE: G1: 0.01763108 
2025-04-17 14:17:13,099  INFO  EPOCH 78 | Validation MSE: G1: 0.01701370 
2025-04-17 14:17:13,460  INFO  EPOCH 79 | Validation MSE: G1: 0.01698802 
2025-04-17 14:17:13,799  INFO  EPOCH 80 | Validation MSE: G1: 0.01763687 
2025-04-17 14:17:14,171  INFO  EPOCH 81 | Validation MSE: G1: 0.01709329 
2025-04-17 14:17:14,525  INFO  EPOCH 82 | Validation MSE: G1: 0.01660500 
2025-04-17 14:17:14,886  INFO  EPOCH 83 | Validation MSE: G1: 0.01617829 
2025-04-17 14:17:15,237  INFO  EPOCH 84 | Validation MSE: G1: 0.01587161 
2025-04-17 14:17:15,600  INFO  EPOCH 85 | Validation MSE: G1: 0.01619392 
2025-04-17 14:17:15,936  INFO  EPOCH 86 | Validation MSE: G1: 0.01568508 
2025-04-17 14:17:16,317  INFO  EPOCH 87 | Validation MSE: G1: 0.01658507 
2025-04-17 14:17:16,673  INFO  EPOCH 88 | Validation MSE: G1: 0.01651778 
2025-04-17 14:17:17,022  INFO  EPOCH 89 | Validation MSE: G1: 0.01640745 
2025-04-17 14:17:17,383  INFO  EPOCH 90 | Validation MSE: G1: 0.01646356 
2025-04-17 14:17:17,827  INFO  EPOCH 91 | Validation MSE: G1: 0.01629296 
2025-04-17 14:17:18,195  INFO  EPOCH 92 | Validation MSE: G1: 0.01595419 
2025-04-17 14:17:18,557  INFO  EPOCH 93 | Validation MSE: G1: 0.01565959 
2025-04-17 14:17:18,907  INFO  EPOCH 94 | Validation MSE: G1: 0.01498711 
2025-04-17 14:17:19,261  INFO  EPOCH 95 | Validation MSE: G1: 0.01480589 
2025-04-17 14:17:19,596  INFO  EPOCH 96 | Validation MSE: G1: 0.01453764 
2025-04-17 14:17:19,963  INFO  EPOCH 97 | Validation MSE: G1: 0.01519539 
2025-04-17 14:17:20,329  INFO  EPOCH 98 | Validation MSE: G1: 0.01468569 
2025-04-17 14:17:20,674  INFO  EPOCH 99 | Validation MSE: G1: 0.01504045 
2025-04-17 14:17:21,015  INFO  EPOCH 100 | Validation MSE: G1: 0.01543984 
2025-04-17 14:17:21,364  INFO  EPOCH 101 | Validation MSE: G1: 0.01469973 
2025-04-17 14:17:21,702  INFO  EPOCH 102 | Validation MSE: G1: 0.01467814 
2025-04-17 14:17:22,045  INFO  EPOCH 103 | Validation MSE: G1: 0.01402102 
2025-04-17 14:17:22,417  INFO  EPOCH 104 | Validation MSE: G1: 0.01411038 
2025-04-17 14:17:22,764  INFO  EPOCH 105 | Validation MSE: G1: 0.01419758 
2025-04-17 14:17:23,108  INFO  EPOCH 106 | Validation MSE: G1: 0.01471340 
2025-04-17 14:17:23,455  INFO  EPOCH 107 | Validation MSE: G1: 0.01423757 
2025-04-17 14:17:23,794  INFO  EPOCH 108 | Validation MSE: G1: 0.01414724 
2025-04-17 14:17:24,140  INFO  EPOCH 109 | Validation MSE: G1: 0.01395609 
2025-04-17 14:17:24,484  INFO  EPOCH 110 | Validation MSE: G1: 0.01425903 
2025-04-17 14:17:24,817  INFO  EPOCH 111 | Validation MSE: G1: 0.01406679 
2025-04-17 14:17:25,157  INFO  EPOCH 112 | Validation MSE: G1: 0.01429258 
2025-04-17 14:17:25,500  INFO  EPOCH 113 | Validation MSE: G1: 0.01414879 
2025-04-17 14:17:25,840  INFO  EPOCH 114 | Validation MSE: G1: 0.01437899 
2025-04-17 14:17:26,188  INFO  EPOCH 115 | Validation MSE: G1: 0.01494480 
2025-04-17 14:17:26,534  INFO  EPOCH 116 | Validation MSE: G1: 0.01440836 
2025-04-17 14:17:26,872  INFO  EPOCH 117 | Validation MSE: G1: 0.01446042 
2025-04-17 14:17:27,210  INFO  EPOCH 118 | Validation MSE: G1: 0.01401599 
2025-04-17 14:17:27,556  INFO  EPOCH 119 | Validation MSE: G1: 0.01343966 
2025-04-17 14:17:27,918  INFO  EPOCH 120 | Validation MSE: G1: 0.01374927 
2025-04-17 14:17:28,263  INFO  EPOCH 121 | Validation MSE: G1: 0.01429403 
2025-04-17 14:17:28,618  INFO  EPOCH 122 | Validation MSE: G1: 0.01439758 
2025-04-17 14:17:28,954  INFO  EPOCH 123 | Validation MSE: G1: 0.01501610 
2025-04-17 14:17:29,309  INFO  EPOCH 124 | Validation MSE: G1: 0.01501523 
2025-04-17 14:17:29,668  INFO  EPOCH 125 | Validation MSE: G1: 0.01475538 
2025-04-17 14:17:30,015  INFO  EPOCH 126 | Validation MSE: G1: 0.01465310 
2025-04-17 14:17:30,363  INFO  EPOCH 127 | Validation MSE: G1: 0.01419110 
2025-04-17 14:17:30,706  INFO  EPOCH 128 | Validation MSE: G1: 0.01356796 
2025-04-17 14:17:31,054  INFO  EPOCH 129 | Validation MSE: G1: 0.01382916 
2025-04-17 14:17:31,402  INFO  EPOCH 130 | Validation MSE: G1: 0.01423738 
2025-04-17 14:17:31,796  INFO  EPOCH 131 | Validation MSE: G1: 0.01437317 
2025-04-17 14:17:32,162  INFO  EPOCH 132 | Validation MSE: G1: 0.01460786 
2025-04-17 14:17:32,540  INFO  EPOCH 133 | Validation MSE: G1: 0.01465192 
2025-04-17 14:17:32,926  INFO  EPOCH 134 | Validation MSE: G1: 0.01441984 
2025-04-17 14:17:34,013  INFO  G1 best epoch: 119
2025-04-17 14:17:34,547  INFO  Train Metrics for G1: MSE=19.9795, MAE=3.1411, RMSE=4.4698, MAPE=1.0818
2025-04-17 14:17:35,070  INFO  Test Metrics for G1: MSE=728.4986, MAE=16.9072, RMSE=26.9907, MAPE=3.2075
