2025-04-14 12:40:59,076  INFO  ARGS = {
  "notes": "模拟原文实验消融，确认是否加上了分类头之后的最终MSE会一致？",
  "data_path": "database/process_工商银行.csv",
  "output_dir": "out_put/multi",
  "ckpt_dir": "ckpt",
  "window_sizes": [
    5,
    10,
    15
  ],
  "N_pairs": 3,
  "generators": [
    "gru",
    "lstm",
    "transformer"
  ],
  "discriminators": null,
  "distill": true,
  "device": [
    0
  ],
  "num_epochs": 10000,
  "lr": 2e-05,
  "batch_size": 64,
  "train_split": 0.7,
  "random_seed": 3407,
  "mode": "train",
  "ckpt_path": "lastest"
}
2025-04-14 12:41:00,666  INFO  EPOCH 1 | G1: 0.06862973, G2: 0.12158458, G3: 0.01169072 Validation MSE: 
2025-04-14 12:41:01,576  INFO  EPOCH 2 | G1: 0.05101171, G2: 0.10113057, G3: 0.00362184 Validation MSE: 
2025-04-14 12:41:02,482  INFO  EPOCH 3 | G1: 0.03665794, G2: 0.09201594, G3: 0.00154824 Validation MSE: 
2025-04-14 12:41:03,413  INFO  EPOCH 4 | G1: 0.02552255, G2: 0.08312060, G3: 0.00142622 Validation MSE: 
2025-04-14 12:41:04,362  INFO  EPOCH 5 | G1: 0.01760794, G2: 0.07430546, G3: 0.00101624 Validation MSE: 
2025-04-14 12:41:05,357  INFO  EPOCH 6 | G1: 0.01265487, G2: 0.06528824, G3: 0.00100320 Validation MSE: 
2025-04-14 12:41:06,335  INFO  EPOCH 7 | G1: 0.01030928, G2: 0.05621479, G3: 0.00077149 Validation MSE: 
2025-04-14 12:41:07,382  INFO  EPOCH 8 | G1: 0.00954273, G2: 0.04736561, G3: 0.00076710 Validation MSE: 
2025-04-14 12:41:08,339  INFO  EPOCH 9 | G1: 0.00932754, G2: 0.03881745, G3: 0.00058988 Validation MSE: 
2025-04-14 12:41:09,279  INFO  EPOCH 10 | G1: 0.00911335, G2: 0.03125978, G3: 0.00044116 Validation MSE: 
2025-04-14 12:41:10,342  INFO  EPOCH 11 | G1: 0.00876971, G2: 0.02604201, G3: 0.00061299 Validation MSE: 
2025-04-14 12:41:11,400  INFO  EPOCH 12 | G1: 0.00827045, G2: 0.02499812, G3: 0.00048350 Validation MSE: 
2025-04-14 12:41:12,404  INFO  EPOCH 13 | G1: 0.00769337, G2: 0.02760857, G3: 0.00048551 Validation MSE: 
2025-04-14 12:41:13,341  INFO  EPOCH 14 | G1: 0.00716585, G2: 0.02993975, G3: 0.00060667 Validation MSE: 
2025-04-14 12:41:14,243  INFO  EPOCH 15 | G1: 0.00659576, G2: 0.03039309, G3: 0.00063369 Validation MSE: 
2025-04-14 12:41:15,177  INFO  EPOCH 16 | G1: 0.00610442, G2: 0.03115175, G3: 0.00030468 Validation MSE: 
2025-04-14 12:41:16,142  INFO  EPOCH 17 | G1: 0.00541112, G2: 0.02998307, G3: 0.00027242 Validation MSE: 
2025-04-14 12:41:17,096  INFO  EPOCH 18 | G1: 0.00477311, G2: 0.02853887, G3: 0.00031555 Validation MSE: 
2025-04-14 12:41:17,998  INFO  EPOCH 19 | G1: 0.00437029, G2: 0.02800966, G3: 0.00057644 Validation MSE: 
2025-04-14 12:41:18,923  INFO  EPOCH 20 | G1: 0.00391410, G2: 0.02690778, G3: 0.00032310 Validation MSE: 
2025-04-14 12:41:20,003  INFO  EPOCH 21 | G1: 0.00342280, G2: 0.02569086, G3: 0.00024736 Validation MSE: 
2025-04-14 12:41:20,933  INFO  EPOCH 22 | G1: 0.00308220, G2: 0.02143446, G3: 0.00063050 Validation MSE: 
2025-04-14 12:41:21,877  INFO  EPOCH 23 | G1: 0.00277427, G2: 0.02386316, G3: 0.00030010 Validation MSE: 
2025-04-14 12:41:22,795  INFO  EPOCH 24 | G1: 0.00242630, G2: 0.02298975, G3: 0.00042601 Validation MSE: 
2025-04-14 12:41:23,733  INFO  EPOCH 25 | G1: 0.00212169, G2: 0.02253331, G3: 0.00033335 Validation MSE: 
2025-04-14 12:41:24,652  INFO  EPOCH 26 | G1: 0.00187170, G2: 0.02190671, G3: 0.00033363 Validation MSE: 
2025-04-14 12:41:25,561  INFO  EPOCH 27 | G1: 0.00156206, G2: 0.02136266, G3: 0.00029963 Validation MSE: 
2025-04-14 12:41:26,466  INFO  EPOCH 28 | G1: 0.00140289, G2: 0.02124343, G3: 0.00040653 Validation MSE: 
2025-04-14 12:41:27,402  INFO  EPOCH 29 | G1: 0.00123393, G2: 0.02094450, G3: 0.00034429 Validation MSE: 
2025-04-14 12:41:28,327  INFO  EPOCH 30 | G1: 0.00105598, G2: 0.02011233, G3: 0.00037954 Validation MSE: 
2025-04-14 12:41:29,449  INFO  EPOCH 31 | G1: 0.00101116, G2: 0.01985064, G3: 0.00096785 Validation MSE: 
2025-04-14 12:41:30,384  INFO  EPOCH 32 | G1: 0.00084601, G2: 0.01815000, G3: 0.00040521 Validation MSE: 
2025-04-14 12:41:31,353  INFO  EPOCH 33 | G1: 0.00076454, G2: 0.01914449, G3: 0.00044160 Validation MSE: 
2025-04-14 12:41:32,289  INFO  EPOCH 34 | G1: 0.00071332, G2: 0.01781867, G3: 0.00081552 Validation MSE: 
2025-04-14 12:41:33,233  INFO  EPOCH 35 | G1: 0.00066449, G2: 0.01765579, G3: 0.00050845 Validation MSE: 
2025-04-14 12:41:34,165  INFO  EPOCH 36 | G1: 0.00056597, G2: 0.01699716, G3: 0.00091771 Validation MSE: 
2025-04-14 12:41:35,082  INFO  EPOCH 37 | G1: 0.00052055, G2: 0.01619941, G3: 0.00109860 Validation MSE: 
2025-04-14 12:41:36,005  INFO  EPOCH 38 | G1: 0.00059158, G2: 0.01582434, G3: 0.00213950 Validation MSE: 
2025-04-14 12:41:36,936  INFO  EPOCH 39 | G1: 0.00055526, G2: 0.01604215, G3: 0.00136315 Validation MSE: 
2025-04-14 12:41:37,937  INFO  EPOCH 40 | G1: 0.00056446, G2: 0.01441307, G3: 0.00171135 Validation MSE: 
