2025-04-14 17:56:04,229  INFO  ARGS = {
  "notes": "实现了判断也在GAN中，试试看",
  "data_path": "database/process_工商银行.csv",
  "output_dir": "out_put/multi",
  "ckpt_dir": "ckpt",
  "feature_columns": [
    2,
    3,
    4,
    5,
    6,
    7,
    8,
    9,
    10,
    11,
    12,
    13,
    14,
    15,
    16,
    17,
    18,
    19,
    20,
    21,
    22,
    23,
    1
  ],
  "target_columns": [
    [
      1
    ]
  ],
  "start_timestamp": 1,
  "end_timestamp": 2400,
  "window_sizes": [
    5,
    10,
    15
  ],
  "N_pairs": 3,
  "generators": [
    "gru",
    "lstm",
    "transformer"
  ],
  "discriminators": null,
  "distill": true,
  "cross_finetune": true,
  "device": [
    0
  ],
  "num_epochs": 10000,
  "lr": 2e-05,
  "batch_size": 64,
  "train_split": 0.7,
  "random_seed": 3407,
  "mode": "train",
  "ckpt_path": "lastest"
}
2025-04-14 17:56:06,231  INFO  EPOCH 1 | Validation MSE: G1: 0.06875411, G2: 0.07619691, G3: 0.03256612 
2025-04-14 17:56:07,738  INFO  EPOCH 2 | Validation MSE: G1: 0.05118112, G2: 0.06795008, G3: 0.01541145 
2025-04-14 17:56:09,094  INFO  EPOCH 3 | Validation MSE: G1: 0.03703941, G2: 0.06067410, G3: 0.00795712 
2025-04-14 17:56:10,398  INFO  EPOCH 4 | Validation MSE: G1: 0.02574115, G2: 0.05392538, G3: 0.00425835 
2025-04-14 17:56:11,777  INFO  EPOCH 5 | Validation MSE: G1: 0.01777029, G2: 0.04782089, G3: 0.00229550 
2025-04-14 17:56:13,824  INFO  EPOCH 6 | Validation MSE: G1: 0.01281905, G2: 0.04214657, G3: 0.00149005 
2025-04-14 17:56:15,156  INFO  EPOCH 7 | Validation MSE: G1: 0.01042171, G2: 0.03701458, G3: 0.00160814 
2025-04-14 17:56:16,387  INFO  EPOCH 8 | Validation MSE: G1: 0.00960472, G2: 0.03240620, G3: 0.00208939 
2025-04-14 17:56:17,598  INFO  EPOCH 9 | Validation MSE: G1: 0.00933755, G2: 0.02875149, G3: 0.00124267 
2025-04-14 17:56:18,969  INFO  EPOCH 10 | Validation MSE: G1: 0.00905929, G2: 0.02604517, G3: 0.00128214 
2025-04-14 17:56:20,289  INFO  EPOCH 11 | Validation MSE: G1: 0.00874404, G2: 0.02456792, G3: 0.00171505 
2025-04-14 17:56:21,638  INFO  EPOCH 12 | Validation MSE: G1: 0.00815908, G2: 0.02448688, G3: 0.00099605 
2025-04-14 17:56:22,960  INFO  EPOCH 13 | Validation MSE: G1: 0.00758307, G2: 0.02552746, G3: 0.00086682 
2025-04-14 17:56:24,223  INFO  EPOCH 14 | Validation MSE: G1: 0.00702944, G2: 0.02723981, G3: 0.00102713 
2025-04-14 17:56:25,565  INFO  EPOCH 15 | Validation MSE: G1: 0.00642860, G2: 0.02880332, G3: 0.00077003 
2025-04-14 17:56:26,991  INFO  EPOCH 16 | Validation MSE: G1: 0.00568973, G2: 0.02927127, G3: 0.00071421 
2025-04-14 17:56:28,418  INFO  EPOCH 17 | Validation MSE: G1: 0.00506825, G2: 0.02925585, G3: 0.00082415 
2025-04-14 17:56:29,819  INFO  EPOCH 18 | Validation MSE: G1: 0.00446530, G2: 0.02837110, G3: 0.00089815 
2025-04-14 17:56:31,357  INFO  EPOCH 19 | Validation MSE: G1: 0.00396074, G2: 0.02738005, G3: 0.00068263 
2025-04-14 17:56:32,673  INFO  EPOCH 20 | Validation MSE: G1: 0.00346446, G2: 0.02600639, G3: 0.00071626 
2025-04-14 17:56:33,995  INFO  EPOCH 21 | Validation MSE: G1: 0.00305179, G2: 0.02477271, G3: 0.00115234 
2025-04-14 17:56:35,286  INFO  EPOCH 22 | Validation MSE: G1: 0.00265626, G2: 0.02303104, G3: 0.00078506 
2025-04-14 17:56:36,522  INFO  EPOCH 23 | Validation MSE: G1: 0.00235622, G2: 0.02155744, G3: 0.00064344 
2025-04-14 17:56:37,827  INFO  EPOCH 24 | Validation MSE: G1: 0.00203508, G2: 0.02014276, G3: 0.00073933 
2025-04-14 17:56:39,076  INFO  EPOCH 25 | Validation MSE: G1: 0.00179557, G2: 0.01901040, G3: 0.00063445 
2025-04-14 17:56:40,366  INFO  EPOCH 26 | Validation MSE: G1: 0.00155110, G2: 0.01799806, G3: 0.00074939 
2025-04-14 17:56:41,653  INFO  EPOCH 27 | Validation MSE: G1: 0.00136592, G2: 0.01716145, G3: 0.00054392 
2025-04-14 17:56:42,916  INFO  EPOCH 28 | Validation MSE: G1: 0.00120856, G2: 0.01638071, G3: 0.00066858 
2025-04-14 17:56:44,176  INFO  EPOCH 29 | Validation MSE: G1: 0.00108333, G2: 0.01529487, G3: 0.00068596 
2025-04-14 17:56:45,463  INFO  EPOCH 30 | Validation MSE: G1: 0.00099915, G2: 0.01446107, G3: 0.00097874 
2025-04-14 17:56:46,676  INFO  EPOCH 31 | Validation MSE: G1: 0.00085668, G2: 0.01358670, G3: 0.00079200 
2025-04-14 17:56:48,130  INFO  EPOCH 32 | Validation MSE: G1: 0.00079489, G2: 0.01315314, G3: 0.00062093 
2025-04-14 17:56:49,542  INFO  EPOCH 33 | Validation MSE: G1: 0.00077999, G2: 0.01227088, G3: 0.00065422 
2025-04-14 17:56:50,954  INFO  EPOCH 34 | Validation MSE: G1: 0.00071744, G2: 0.01141395, G3: 0.00070479 
2025-04-14 17:56:52,376  INFO  EPOCH 35 | Validation MSE: G1: 0.00063428, G2: 0.01069643, G3: 0.00070693 
2025-04-14 17:56:53,800  INFO  EPOCH 36 | Validation MSE: G1: 0.00064954, G2: 0.01008939, G3: 0.00094815 
2025-04-14 17:56:55,233  INFO  EPOCH 37 | Validation MSE: G1: 0.00062320, G2: 0.00939877, G3: 0.00075436 
2025-04-14 17:56:57,092  INFO  EPOCH 38 | Validation MSE: G1: 0.00058664, G2: 0.00885909, G3: 0.00091101 
2025-04-14 17:56:58,527  INFO  EPOCH 39 | Validation MSE: G1: 0.00053802, G2: 0.00820463, G3: 0.00085112 
2025-04-14 17:56:59,924  INFO  EPOCH 40 | Validation MSE: G1: 0.00061051, G2: 0.00749689, G3: 0.00080316 
2025-04-14 17:57:01,305  INFO  EPOCH 41 | Validation MSE: G1: 0.00053170, G2: 0.00696958, G3: 0.00088165 
2025-04-14 17:57:02,714  INFO  EPOCH 42 | Validation MSE: G1: 0.00056318, G2: 0.00639497, G3: 0.00074234 
2025-04-14 17:57:04,244  INFO  EPOCH 43 | Validation MSE: G1: 0.00058261, G2: 0.00592802, G3: 0.00123377 
2025-04-14 17:57:05,714  INFO  EPOCH 44 | Validation MSE: G1: 0.00059504, G2: 0.00551005, G3: 0.00077574 
2025-04-14 17:57:07,182  INFO  EPOCH 45 | Validation MSE: G1: 0.00059000, G2: 0.00513566, G3: 0.00076477 
2025-04-14 17:57:08,598  INFO  EPOCH 46 | Validation MSE: G1: 0.00063363, G2: 0.00476370, G3: 0.00074640 
2025-04-14 17:57:10,070  INFO  EPOCH 47 | Validation MSE: G1: 0.00057162, G2: 0.00449842, G3: 0.00072098 
2025-04-14 17:57:11,642  INFO  EPOCH 48 | Validation MSE: G1: 0.00061116, G2: 0.00426362, G3: 0.00070157 
2025-04-14 17:57:13,079  INFO  EPOCH 49 | Validation MSE: G1: 0.00053380, G2: 0.00394097, G3: 0.00076862 
2025-04-14 17:57:14,556  INFO  EPOCH 50 | Validation MSE: G1: 0.00055427, G2: 0.00374686, G3: 0.00074413 
2025-04-14 17:57:16,037  INFO  EPOCH 51 | Validation MSE: G1: 0.00057051, G2: 0.00348287, G3: 0.00077217 
2025-04-14 17:57:17,752  INFO  EPOCH 52 | Validation MSE: G1: 0.00058116, G2: 0.00342955, G3: 0.00081048 
2025-04-14 17:57:19,335  INFO  EPOCH 53 | Validation MSE: G1: 0.00056771, G2: 0.00320673, G3: 0.00078854 
2025-04-14 17:57:20,703  INFO  EPOCH 54 | Validation MSE: G1: 0.00061673, G2: 0.00319577, G3: 0.00075983 
2025-04-14 17:57:22,175  INFO  EPOCH 55 | Validation MSE: G1: 0.00058854, G2: 0.00302651, G3: 0.00075839 
2025-04-14 17:57:23,579  INFO  EPOCH 56 | Validation MSE: G1: 0.00068201, G2: 0.00295101, G3: 0.00077376 
2025-04-14 17:57:25,051  INFO  EPOCH 57 | Validation MSE: G1: 0.00059435, G2: 0.00284335, G3: 0.00079877 
2025-04-14 17:57:26,572  INFO  EPOCH 58 | Validation MSE: G1: 0.00054331, G2: 0.00277236, G3: 0.00079291 
2025-04-14 17:57:28,089  INFO  EPOCH 59 | Validation MSE: G1: 0.00054787, G2: 0.00268440, G3: 0.00082694 
2025-04-14 17:57:29,544  INFO  EPOCH 60 | Validation MSE: G1: 0.00057006, G2: 0.00265232, G3: 0.00092294 
2025-04-14 17:57:30,991  INFO  EPOCH 61 | Validation MSE: G1: 0.00058534, G2: 0.00256266, G3: 0.00080663 
2025-04-14 17:57:32,486  INFO  EPOCH 62 | Validation MSE: G1: 0.00059671, G2: 0.00259111, G3: 0.00080944 
2025-04-14 17:57:34,020  INFO  EPOCH 63 | Validation MSE: G1: 0.00060182, G2: 0.00245330, G3: 0.00081118 
2025-04-14 17:57:35,552  INFO  EPOCH 64 | Validation MSE: G1: 0.00060031, G2: 0.00244795, G3: 0.00081016 
2025-04-14 17:57:37,048  INFO  EPOCH 65 | Validation MSE: G1: 0.00060325, G2: 0.00235663, G3: 0.00081341 
2025-04-14 17:57:38,576  INFO  EPOCH 66 | Validation MSE: G1: 0.00061311, G2: 0.00242084, G3: 0.00081395 
2025-04-14 17:57:40,119  INFO  EPOCH 67 | Validation MSE: G1: 0.00061341, G2: 0.00246814, G3: 0.00081355 
2025-04-14 17:57:41,676  INFO  EPOCH 68 | Validation MSE: G1: 0.00062182, G2: 0.00229038, G3: 0.00081211 
2025-04-14 17:57:43,254  INFO  EPOCH 69 | Validation MSE: G1: 0.00063318, G2: 0.00241770, G3: 0.00081221 
2025-04-14 17:57:44,746  INFO  EPOCH 70 | Validation MSE: G1: 0.00063348, G2: 0.00221848, G3: 0.00081182 
2025-04-14 17:57:46,132  INFO  EPOCH 71 | Validation MSE: G1: 0.00062603, G2: 0.00258496, G3: 0.00081170 
2025-04-14 17:57:47,424  INFO  EPOCH 72 | Validation MSE: G1: 0.00062918, G2: 0.00219872, G3: 0.00081414 
2025-04-14 17:57:48,730  INFO  EPOCH 73 | Validation MSE: G1: 0.00062867, G2: 0.00225810, G3: 0.00081816 
2025-04-14 17:57:50,079  INFO  EPOCH 74 | Validation MSE: G1: 0.00062642, G2: 0.00221977, G3: 0.00081662 
2025-04-14 17:57:51,564  INFO  EPOCH 75 | Validation MSE: G1: 0.00060630, G2: 0.00215545, G3: 0.00081949 
2025-04-14 17:57:53,100  INFO  EPOCH 76 | Validation MSE: G1: 0.00060818, G2: 0.00217709, G3: 0.00081812 
2025-04-14 17:57:54,658  INFO  EPOCH 77 | Validation MSE: G1: 0.00060965, G2: 0.00216744, G3: 0.00082076 
2025-04-14 17:57:56,108  INFO  EPOCH 78 | Validation MSE: G1: 0.00061124, G2: 0.00216335, G3: 0.00081844 
2025-04-14 17:57:57,619  INFO  EPOCH 79 | Validation MSE: G1: 0.00061303, G2: 0.00201505, G3: 0.00081807 
2025-04-14 17:57:59,112  INFO  EPOCH 80 | Validation MSE: G1: 0.00061417, G2: 0.00210143, G3: 0.00081800 
2025-04-14 17:58:00,611  INFO  EPOCH 81 | Validation MSE: G1: 0.00061501, G2: 0.00215603, G3: 0.00081698 
2025-04-14 17:58:02,089  INFO  EPOCH 82 | Validation MSE: G1: 0.00061299, G2: 0.00206112, G3: 0.00081703 
2025-04-14 17:58:03,802  INFO  EPOCH 83 | Validation MSE: G1: 0.00061348, G2: 0.00205570, G3: 0.00081854 
2025-04-14 17:58:05,325  INFO  EPOCH 84 | Validation MSE: G1: 0.00061392, G2: 0.00198390, G3: 0.00082131 
2025-04-14 17:58:06,772  INFO  EPOCH 85 | Validation MSE: G1: 0.00061136, G2: 0.00217369, G3: 0.00082510 
2025-04-14 17:58:08,191  INFO  EPOCH 86 | Validation MSE: G1: 0.00061033, G2: 0.00197630, G3: 0.00083159 
2025-04-14 17:58:09,874  INFO  EPOCH 87 | Validation MSE: G1: 0.00060866, G2: 0.00215260, G3: 0.00082599 
2025-04-14 17:58:11,575  INFO  EPOCH 88 | Validation MSE: G1: 0.00060722, G2: 0.00191418, G3: 0.00082275 
2025-04-14 17:58:13,084  INFO  EPOCH 89 | Validation MSE: G1: 0.00060591, G2: 0.00194137, G3: 0.00082152 
2025-04-14 17:58:14,620  INFO  EPOCH 90 | Validation MSE: G1: 0.00060560, G2: 0.00180355, G3: 0.00082119 
2025-04-14 17:58:16,055  INFO  EPOCH 91 | Validation MSE: G1: 0.00060513, G2: 0.00206351, G3: 0.00082147 
2025-04-14 17:58:17,637  INFO  EPOCH 92 | Validation MSE: G1: 0.00060438, G2: 0.00173850, G3: 0.00082133 
2025-04-14 17:58:19,272  INFO  EPOCH 93 | Validation MSE: G1: 0.00060499, G2: 0.00208523, G3: 0.00082208 
2025-04-14 17:58:21,488  INFO  EPOCH 94 | Validation MSE: G1: 0.00060489, G2: 0.00183232, G3: 0.00082211 
2025-04-14 17:58:23,292  INFO  EPOCH 95 | Validation MSE: G1: 0.00060459, G2: 0.00191154, G3: 0.00082264 
2025-04-14 17:58:24,665  INFO  EPOCH 96 | Validation MSE: G1: 0.00060441, G2: 0.00191818, G3: 0.00082254 
2025-04-14 17:58:26,229  INFO  EPOCH 97 | Validation MSE: G1: 0.00060392, G2: 0.00171772, G3: 0.00082192 
2025-04-14 17:58:27,753  INFO  EPOCH 98 | Validation MSE: G1: 0.00060304, G2: 0.00176930, G3: 0.00082315 
2025-04-14 17:58:29,151  INFO  EPOCH 99 | Validation MSE: G1: 0.00060333, G2: 0.00176060, G3: 0.00082392 
2025-04-14 17:58:30,491  INFO  EPOCH 100 | Validation MSE: G1: 0.00060307, G2: 0.00167971, G3: 0.00082371 
2025-04-14 17:58:31,810  INFO  EPOCH 101 | Validation MSE: G1: 0.00060262, G2: 0.00192934, G3: 0.00082513 
2025-04-14 17:58:33,228  INFO  EPOCH 102 | Validation MSE: G1: 0.00060310, G2: 0.00167616, G3: 0.00082547 
2025-04-14 17:58:34,609  INFO  EPOCH 103 | Validation MSE: G1: 0.00060284, G2: 0.00164203, G3: 0.00082556 
2025-04-14 17:58:35,918  INFO  EPOCH 104 | Validation MSE: G1: 0.00060199, G2: 0.00161444, G3: 0.00082608 
2025-04-14 17:58:37,345  INFO  EPOCH 105 | Validation MSE: G1: 0.00060023, G2: 0.00168923, G3: 0.00082318 
2025-04-14 17:58:38,813  INFO  EPOCH 106 | Validation MSE: G1: 0.00059846, G2: 0.00174204, G3: 0.00082364 
2025-04-14 17:58:40,371  INFO  EPOCH 107 | Validation MSE: G1: 0.00059659, G2: 0.00160728, G3: 0.00082310 
2025-04-14 17:58:41,714  INFO  EPOCH 108 | Validation MSE: G1: 0.00059555, G2: 0.00161615, G3: 0.00082255 
2025-04-14 17:58:43,222  INFO  EPOCH 109 | Validation MSE: G1: 0.00059404, G2: 0.00161679, G3: 0.00082070 
2025-04-14 17:58:44,848  INFO  EPOCH 110 | Validation MSE: G1: 0.00059243, G2: 0.00162874, G3: 0.00082077 
2025-04-14 17:58:46,440  INFO  EPOCH 111 | Validation MSE: G1: 0.00059116, G2: 0.00162026, G3: 0.00082137 
2025-04-14 17:58:47,761  INFO  EPOCH 112 | Validation MSE: G1: 0.00059003, G2: 0.00153426, G3: 0.00081857 
2025-04-14 17:58:49,156  INFO  EPOCH 113 | Validation MSE: G1: 0.00058873, G2: 0.00155944, G3: 0.00081992 
2025-04-14 17:58:50,498  INFO  EPOCH 114 | Validation MSE: G1: 0.00058654, G2: 0.00164129, G3: 0.00083449 
2025-04-14 17:58:51,810  INFO  EPOCH 115 | Validation MSE: G1: 0.00058538, G2: 0.00149474, G3: 0.00083468 
2025-04-14 17:58:53,146  INFO  EPOCH 116 | Validation MSE: G1: 0.00058396, G2: 0.00159405, G3: 0.00083151 
2025-04-14 17:58:54,723  INFO  EPOCH 117 | Validation MSE: G1: 0.00058205, G2: 0.00147215, G3: 0.00084702 
2025-04-14 17:58:56,051  INFO  EPOCH 118 | Validation MSE: G1: 0.00057956, G2: 0.00159244, G3: 0.00083509 
2025-04-14 17:58:57,348  INFO  EPOCH 119 | Validation MSE: G1: 0.00057759, G2: 0.00155851, G3: 0.00083815 
2025-04-14 17:58:58,788  INFO  EPOCH 120 | Validation MSE: G1: 0.00057477, G2: 0.00155116, G3: 0.00084244 
2025-04-14 17:59:00,252  INFO  EPOCH 121 | Validation MSE: G1: 0.00057234, G2: 0.00143947, G3: 0.00084852 
2025-04-14 17:59:01,767  INFO  EPOCH 122 | Validation MSE: G1: 0.00057116, G2: 0.00151962, G3: 0.00084318 
2025-04-14 17:59:03,413  INFO  EPOCH 123 | Validation MSE: G1: 0.00057080, G2: 0.00138340, G3: 0.00083856 
2025-04-14 17:59:04,916  INFO  EPOCH 124 | Validation MSE: G1: 0.00056948, G2: 0.00137896, G3: 0.00083601 
2025-04-14 17:59:06,415  INFO  EPOCH 125 | Validation MSE: G1: 0.00056811, G2: 0.00147736, G3: 0.00083464 
2025-04-14 17:59:07,875  INFO  EPOCH 126 | Validation MSE: G1: 0.00056705, G2: 0.00144207, G3: 0.00082738 
2025-04-14 17:59:09,398  INFO  EPOCH 127 | Validation MSE: G1: 0.00056576, G2: 0.00132788, G3: 0.00083127 
2025-04-14 17:59:10,986  INFO  EPOCH 128 | Validation MSE: G1: 0.00056489, G2: 0.00141414, G3: 0.00082530 
2025-04-14 17:59:12,460  INFO  EPOCH 129 | Validation MSE: G1: 0.00056416, G2: 0.00141337, G3: 0.00082725 
2025-04-14 17:59:13,899  INFO  EPOCH 130 | Validation MSE: G1: 0.00056276, G2: 0.00151078, G3: 0.00083053 
2025-04-14 17:59:15,240  INFO  EPOCH 131 | Validation MSE: G1: 0.00056149, G2: 0.00139716, G3: 0.00083410 
2025-04-14 17:59:16,627  INFO  EPOCH 132 | Validation MSE: G1: 0.00055998, G2: 0.00131654, G3: 0.00083486 
2025-04-14 17:59:17,976  INFO  EPOCH 133 | Validation MSE: G1: 0.00055854, G2: 0.00134649, G3: 0.00083834 
2025-04-14 17:59:19,201  INFO  EPOCH 134 | Validation MSE: G1: 0.00055725, G2: 0.00129681, G3: 0.00083356 
2025-04-14 17:59:20,452  INFO  EPOCH 135 | Validation MSE: G1: 0.00055579, G2: 0.00151062, G3: 0.00082233 
2025-04-14 17:59:21,789  INFO  EPOCH 136 | Validation MSE: G1: 0.00055508, G2: 0.00125926, G3: 0.00082285 
2025-04-14 17:59:23,073  INFO  EPOCH 137 | Validation MSE: G1: 0.00055442, G2: 0.00131817, G3: 0.00083176 
2025-04-14 17:59:24,311  INFO  EPOCH 138 | Validation MSE: G1: 0.00055347, G2: 0.00136127, G3: 0.00083245 
2025-04-14 17:59:25,562  INFO  EPOCH 139 | Validation MSE: G1: 0.00055301, G2: 0.00126860, G3: 0.00082497 
2025-04-14 17:59:26,767  INFO  EPOCH 140 | Validation MSE: G1: 0.00055293, G2: 0.00143550, G3: 0.00082399 
2025-04-14 17:59:28,051  INFO  EPOCH 141 | Validation MSE: G1: 0.00055253, G2: 0.00122974, G3: 0.00082377 
2025-04-14 17:59:29,456  INFO  EPOCH 142 | Validation MSE: G1: 0.00055217, G2: 0.00117602, G3: 0.00082958 
2025-04-14 17:59:31,517  INFO  EPOCH 143 | Validation MSE: G1: 0.00055140, G2: 0.00148061, G3: 0.00082978 
2025-04-14 17:59:32,941  INFO  EPOCH 144 | Validation MSE: G1: 0.00055125, G2: 0.00119292, G3: 0.00082923 
2025-04-14 17:59:34,343  INFO  EPOCH 145 | Validation MSE: G1: 0.00055039, G2: 0.00144329, G3: 0.00082507 
2025-04-14 17:59:35,713  INFO  EPOCH 146 | Validation MSE: G1: 0.00055047, G2: 0.00128705, G3: 0.00082047 
2025-04-14 17:59:37,111  INFO  EPOCH 147 | Validation MSE: G1: 0.00054993, G2: 0.00125208, G3: 0.00082138 
2025-04-14 17:59:38,468  INFO  EPOCH 148 | Validation MSE: G1: 0.00054966, G2: 0.00123578, G3: 0.00082028 
2025-04-14 17:59:39,832  INFO  EPOCH 149 | Validation MSE: G1: 0.00054831, G2: 0.00153484, G3: 0.00082418 
2025-04-14 17:59:41,187  INFO  EPOCH 150 | Validation MSE: G1: 0.00054861, G2: 0.00116461, G3: 0.00081128 
2025-04-14 17:59:42,476  INFO  EPOCH 151 | Validation MSE: G1: 0.00054907, G2: 0.00120925, G3: 0.00081425 
2025-04-14 17:59:43,718  INFO  EPOCH 152 | Validation MSE: G1: 0.00054964, G2: 0.00118166, G3: 0.00081052 
2025-04-14 17:59:45,057  INFO  EPOCH 153 | Validation MSE: G1: 0.00054918, G2: 0.00125414, G3: 0.00081890 
2025-04-14 17:59:46,390  INFO  EPOCH 154 | Validation MSE: G1: 0.00054876, G2: 0.00113447, G3: 0.00083058 
2025-04-14 17:59:47,666  INFO  EPOCH 155 | Validation MSE: G1: 0.00054904, G2: 0.00116771, G3: 0.00081996 
2025-04-14 17:59:48,944  INFO  EPOCH 156 | Validation MSE: G1: 0.00054815, G2: 0.00117495, G3: 0.00081268 
2025-04-14 17:59:50,192  INFO  EPOCH 157 | Validation MSE: G1: 0.00054727, G2: 0.00152904, G3: 0.00080763 
2025-04-14 17:59:51,493  INFO  EPOCH 158 | Validation MSE: G1: 0.00054740, G2: 0.00107725, G3: 0.00081193 
2025-04-14 17:59:52,939  INFO  EPOCH 159 | Validation MSE: G1: 0.00054662, G2: 0.00131270, G3: 0.00080938 
2025-04-14 17:59:54,406  INFO  EPOCH 160 | Validation MSE: G1: 0.00054671, G2: 0.00113620, G3: 0.00080902 
2025-04-14 17:59:55,914  INFO  EPOCH 161 | Validation MSE: G1: 0.00054609, G2: 0.00134227, G3: 0.00080840 
2025-04-14 17:59:57,364  INFO  EPOCH 162 | Validation MSE: G1: 0.00054636, G2: 0.00117803, G3: 0.00080338 
2025-04-14 17:59:58,778  INFO  EPOCH 163 | Validation MSE: G1: 0.00054820, G2: 0.00110208, G3: 0.00080315 
2025-04-14 18:00:00,236  INFO  EPOCH 164 | Validation MSE: G1: 0.00054785, G2: 0.00125881, G3: 0.00080328 
2025-04-14 18:00:01,754  INFO  EPOCH 165 | Validation MSE: G1: 0.00054894, G2: 0.00112641, G3: 0.00080573 
2025-04-14 18:00:03,236  INFO  EPOCH 166 | Validation MSE: G1: 0.00054965, G2: 0.00112305, G3: 0.00080817 
2025-04-14 18:00:04,710  INFO  EPOCH 167 | Validation MSE: G1: 0.00054950, G2: 0.00121476, G3: 0.00080823 
2025-04-14 18:00:06,179  INFO  EPOCH 168 | Validation MSE: G1: 0.00054953, G2: 0.00109284, G3: 0.00080808 
2025-04-14 18:00:07,670  INFO  EPOCH 169 | Validation MSE: G1: 0.00055013, G2: 0.00109351, G3: 0.00080996 
2025-04-14 18:00:09,124  INFO  EPOCH 170 | Validation MSE: G1: 0.00055037, G2: 0.00128515, G3: 0.00081140 
2025-04-14 18:00:10,609  INFO  EPOCH 171 | Validation MSE: G1: 0.00055134, G2: 0.00109342, G3: 0.00081196 
2025-04-14 18:00:12,033  INFO  EPOCH 172 | Validation MSE: G1: 0.00055201, G2: 0.00121950, G3: 0.00081434 
2025-04-14 18:00:13,462  INFO  EPOCH 173 | Validation MSE: G1: 0.00055351, G2: 0.00106785, G3: 0.00081593 
2025-04-14 18:00:14,756  INFO  EPOCH 174 | Validation MSE: G1: 0.00055318, G2: 0.00127894, G3: 0.00082316 
2025-04-14 18:00:16,015  INFO  EPOCH 175 | Validation MSE: G1: 0.00055349, G2: 0.00101237, G3: 0.00081873 
2025-04-14 18:00:17,236  INFO  EPOCH 176 | Validation MSE: G1: 0.00055499, G2: 0.00109754, G3: 0.00081684 
2025-04-14 18:00:18,453  INFO  EPOCH 177 | Validation MSE: G1: 0.00055485, G2: 0.00121138, G3: 0.00081764 
2025-04-14 18:00:19,711  INFO  EPOCH 178 | Validation MSE: G1: 0.00055564, G2: 0.00113802, G3: 0.00081590 
2025-04-14 18:00:21,060  INFO  EPOCH 179 | Validation MSE: G1: 0.00055609, G2: 0.00127100, G3: 0.00081525 
2025-04-14 18:00:22,397  INFO  EPOCH 180 | Validation MSE: G1: 0.00055722, G2: 0.00104715, G3: 0.00081813 
2025-04-14 18:00:23,655  INFO  EPOCH 181 | Validation MSE: G1: 0.00055907, G2: 0.00118116, G3: 0.00081949 
2025-04-14 18:00:24,875  INFO  EPOCH 182 | Validation MSE: G1: 0.00055948, G2: 0.00112808, G3: 0.00082204 
2025-04-14 18:00:26,117  INFO  EPOCH 183 | Validation MSE: G1: 0.00055995, G2: 0.00119405, G3: 0.00082637 
2025-04-14 18:00:27,426  INFO  EPOCH 184 | Validation MSE: G1: 0.00056050, G2: 0.00128490, G3: 0.00082808 
2025-04-14 18:00:28,835  INFO  EPOCH 185 | Validation MSE: G1: 0.00056081, G2: 0.00109031, G3: 0.00083345 
2025-04-14 18:00:30,123  INFO  EPOCH 186 | Validation MSE: G1: 0.00056151, G2: 0.00104014, G3: 0.00083049 
2025-04-14 18:00:31,418  INFO  EPOCH 187 | Validation MSE: G1: 0.00056253, G2: 0.00114846, G3: 0.00082953 
2025-04-14 18:00:32,721  INFO  EPOCH 188 | Validation MSE: G1: 0.00056175, G2: 0.00113926, G3: 0.00082752 
2025-04-14 18:00:34,042  INFO  EPOCH 189 | Validation MSE: G1: 0.00056035, G2: 0.00110765, G3: 0.00082617 
2025-04-14 18:00:35,308  INFO  EPOCH 190 | Validation MSE: G1: 0.00056048, G2: 0.00098216, G3: 0.00083017 
2025-04-14 18:00:36,571  INFO  EPOCH 191 | Validation MSE: G1: 0.00056072, G2: 0.00115911, G3: 0.00082928 
2025-04-14 18:00:37,825  INFO  EPOCH 192 | Validation MSE: G1: 0.00056101, G2: 0.00109650, G3: 0.00083041 
2025-04-14 18:00:39,078  INFO  EPOCH 193 | Validation MSE: G1: 0.00056079, G2: 0.00109556, G3: 0.00083176 
2025-04-14 18:00:40,390  INFO  EPOCH 194 | Validation MSE: G1: 0.00056237, G2: 0.00107391, G3: 0.00083400 
2025-04-14 18:00:41,633  INFO  EPOCH 195 | Validation MSE: G1: 0.00056335, G2: 0.00098843, G3: 0.00083486 
2025-04-14 18:00:42,899  INFO  EPOCH 196 | Validation MSE: G1: 0.00056347, G2: 0.00130521, G3: 0.00083656 
2025-04-14 18:00:44,182  INFO  EPOCH 197 | Validation MSE: G1: 0.00056422, G2: 0.00099805, G3: 0.00083994 
2025-04-14 18:00:45,472  INFO  EPOCH 198 | Validation MSE: G1: 0.00056460, G2: 0.00100010, G3: 0.00084175 
2025-04-14 18:00:46,811  INFO  EPOCH 199 | Validation MSE: G1: 0.00056412, G2: 0.00107287, G3: 0.00084214 
2025-04-14 18:00:48,086  INFO  EPOCH 200 | Validation MSE: G1: 0.00056493, G2: 0.00111544, G3: 0.00084261 
2025-04-14 18:00:49,420  INFO  EPOCH 201 | Validation MSE: G1: 0.00056636, G2: 0.00102329, G3: 0.00084602 
2025-04-14 18:00:50,732  INFO  EPOCH 202 | Validation MSE: G1: 0.00056736, G2: 0.00105152, G3: 0.00084891 
2025-04-14 18:00:52,019  INFO  EPOCH 203 | Validation MSE: G1: 0.00056716, G2: 0.00100024, G3: 0.00084892 
2025-04-14 18:00:53,319  INFO  EPOCH 204 | Validation MSE: G1: 0.00056698, G2: 0.00102992, G3: 0.00085150 
2025-04-14 18:00:54,569  INFO  EPOCH 205 | Validation MSE: G1: 0.00056739, G2: 0.00099517, G3: 0.00084981 
2025-04-14 18:00:55,650  INFO  G1 best epoch: 41
2025-04-14 18:00:55,650  INFO  G2 best epoch: 190
2025-04-14 18:00:55,651  INFO  G3 best epoch: 27
2025-04-14 18:00:55,805  INFO  Train Metrics for G1: MSE=0.0118, MAE=0.0794, RMSE=0.1088, MAPE=1.5101
2025-04-14 18:00:55,984  INFO  Train Metrics for G2: MSE=0.0162, MAE=0.0923, RMSE=0.1271, MAPE=1.7528
2025-04-14 18:00:56,175  INFO  Train Metrics for G3: MSE=0.0105, MAE=0.0789, RMSE=0.1025, MAPE=1.5336
2025-04-14 18:00:56,315  INFO  Test Metrics for G1: MSE=0.0071, MAE=0.0648, RMSE=0.0844, MAPE=1.2895
2025-04-14 18:00:56,462  INFO  Test Metrics for G2: MSE=0.0132, MAE=0.0774, RMSE=0.1147, MAPE=1.5248
2025-04-14 18:00:56,617  INFO  Test Metrics for G3: MSE=0.0073, MAE=0.0654, RMSE=0.0854, MAPE=1.3220
