2025-04-14 16:24:26,964  INFO  ARGS = {
  "notes": "模拟原文实验消融，确认是否加上了分类头之后的最终MSE会一致？",
  "data_path": "database/process_工商银行.csv",
  "output_dir": "out_put/multi",
  "ckpt_dir": "ckpt",
  "feature_columns": [
    2,
    3,
    4,
    5,
    6,
    7,
    8,
    9,
    10,
    11,
    12,
    13,
    14,
    15,
    16,
    17,
    18,
    19,
    20,
    21,
    22,
    23,
    1
  ],
  "target_columns": [
    [
      1
    ]
  ],
  "start_timestamp": 1,
  "end_timestamp": 2400,
  "window_sizes": [
    5,
    10,
    15
  ],
  "N_pairs": 3,
  "generators": [
    "gru",
    "lstm",
    "transformer"
  ],
  "discriminators": null,
  "distill": true,
  "cross_finetune": true,
  "device": [
    0
  ],
  "num_epochs": 10000,
  "lr": 2e-05,
  "batch_size": 64,
  "train_split": 0.7,
  "random_seed": 3407,
  "mode": "train",
  "ckpt_path": "lastest"
}
2025-04-14 16:24:28,893  INFO  == Cross finetune Epoch [1/10000]: G3: Validation MSE 0.01107053
2025-04-14 16:24:28,933  INFO  == Cross finetune Epoch [2/10000]: G3: Validation MSE 0.01048085
2025-04-14 16:24:28,960  INFO  == Cross finetune Epoch [3/10000]: G3: Validation MSE 0.00969558
2025-04-14 16:24:28,984  INFO  == Cross finetune Epoch [4/10000]: G3: Validation MSE 0.00893727
2025-04-14 16:24:29,008  INFO  == Cross finetune Epoch [5/10000]: G3: Validation MSE 0.00854045
2025-04-14 16:24:29,008  INFO  EPOCH 1 | Validation MSE: G1: 0.06864696, G2: 0.12163097, G3: 0.01151455 
2025-04-14 16:24:30,284  INFO  EPOCH 2 | Validation MSE: G1: 0.05103412, G2: 0.10715184, G3: 0.00461797 
2025-04-14 16:24:31,364  INFO  EPOCH 3 | Validation MSE: G1: 0.03669256, G2: 0.09631915, G3: 0.00131562 
2025-04-14 16:24:32,421  INFO  EPOCH 4 | Validation MSE: G1: 0.02556713, G2: 0.08616734, G3: 0.00183646 
2025-04-14 16:24:33,665  INFO  EPOCH 5 | Validation MSE: G1: 0.01767348, G2: 0.07641602, G3: 0.00162437 
2025-04-14 16:24:34,778  INFO  EPOCH 6 | Validation MSE: G1: 0.01273283, G2: 0.06671874, G3: 0.00097274 
2025-04-14 16:24:36,318  INFO  EPOCH 7 | Validation MSE: G1: 0.01037040, G2: 0.05712387, G3: 0.00096190 
2025-04-14 16:24:37,514  INFO  EPOCH 8 | Validation MSE: G1: 0.00956191, G2: 0.04792543, G3: 0.00109026 
2025-04-14 16:24:38,631  INFO  EPOCH 9 | Validation MSE: G1: 0.00929853, G2: 0.03904444, G3: 0.00071228 
2025-04-14 16:24:39,823  INFO  EPOCH 10 | Validation MSE: G1: 0.00912776, G2: 0.03128020, G3: 0.00089403 
2025-04-14 16:24:41,290  INFO  == Cross finetune Epoch [1/10000]: G3: Validation MSE 0.00095491
2025-04-14 16:24:41,310  INFO  == Cross finetune Epoch [2/10000]: G3: Validation MSE 0.00068229
2025-04-14 16:24:41,331  INFO  == Cross finetune Epoch [3/10000]: G3: Validation MSE 0.00052938
2025-04-14 16:24:41,357  INFO  == Cross finetune Epoch [4/10000]: G3: Validation MSE 0.00050861
2025-04-14 16:24:41,379  INFO  == Cross finetune Epoch [5/10000]: G3: Validation MSE 0.00091377
2025-04-14 16:24:41,379  INFO  EPOCH 11 | Validation MSE: G1: 0.00881254, G2: 0.02602949, G3: 0.00111435 
2025-04-14 16:24:42,578  INFO  EPOCH 12 | Validation MSE: G1: 0.00843184, G2: 0.02399553, G3: 0.00054283 
2025-04-14 16:24:43,685  INFO  EPOCH 13 | Validation MSE: G1: 0.00780849, G2: 0.02549029, G3: 0.00053163 
2025-04-14 16:24:44,815  INFO  EPOCH 14 | Validation MSE: G1: 0.00717523, G2: 0.02885281, G3: 0.00037470 
2025-04-14 16:24:45,946  INFO  EPOCH 15 | Validation MSE: G1: 0.00655948, G2: 0.03068637, G3: 0.00035922 
2025-04-14 16:24:47,017  INFO  EPOCH 16 | Validation MSE: G1: 0.00606247, G2: 0.03174031, G3: 0.00091384 
2025-04-14 16:24:48,109  INFO  EPOCH 17 | Validation MSE: G1: 0.00544368, G2: 0.03033399, G3: 0.00047853 
2025-04-14 16:24:49,252  INFO  EPOCH 18 | Validation MSE: G1: 0.00486734, G2: 0.02919976, G3: 0.00036282 
2025-04-14 16:24:50,372  INFO  EPOCH 19 | Validation MSE: G1: 0.00442062, G2: 0.02834258, G3: 0.00033007 
2025-04-14 16:24:51,686  INFO  EPOCH 20 | Validation MSE: G1: 0.00388752, G2: 0.02692950, G3: 0.00051175 
2025-04-14 16:24:53,084  INFO  == Cross finetune Epoch [1/10000]: G3: Validation MSE 0.00043032
2025-04-14 16:24:53,104  INFO  == Cross finetune Epoch [2/10000]: G3: Validation MSE 0.00045825
2025-04-14 16:24:53,125  INFO  == Cross finetune Epoch [3/10000]: G3: Validation MSE 0.00041259
2025-04-14 16:24:53,145  INFO  == Cross finetune Epoch [4/10000]: G3: Validation MSE 0.00030707
2025-04-14 16:24:53,172  INFO  == Cross finetune Epoch [5/10000]: G3: Validation MSE 0.00033400
2025-04-14 16:24:53,172  INFO  EPOCH 21 | Validation MSE: G1: 0.00333809, G2: 0.02561172, G3: 0.00052473 
2025-04-14 16:24:54,413  INFO  EPOCH 22 | Validation MSE: G1: 0.00302849, G2: 0.02156815, G3: 0.00032296 
2025-04-14 16:24:56,086  INFO  EPOCH 23 | Validation MSE: G1: 0.00276422, G2: 0.02398031, G3: 0.00049500 
2025-04-14 16:24:57,414  INFO  EPOCH 24 | Validation MSE: G1: 0.00238508, G2: 0.02319222, G3: 0.00057378 
2025-04-14 16:24:58,684  INFO  EPOCH 25 | Validation MSE: G1: 0.00203492, G2: 0.02303010, G3: 0.00047831 
2025-04-14 16:24:59,820  INFO  EPOCH 26 | Validation MSE: G1: 0.00186351, G2: 0.02214161, G3: 0.00030539 
2025-04-14 16:25:00,939  INFO  EPOCH 27 | Validation MSE: G1: 0.00163010, G2: 0.02195643, G3: 0.00049560 
2025-04-14 16:25:02,097  INFO  EPOCH 28 | Validation MSE: G1: 0.00141383, G2: 0.02182004, G3: 0.00076732 
2025-04-14 16:25:03,264  INFO  EPOCH 29 | Validation MSE: G1: 0.00127510, G2: 0.02113076, G3: 0.00033165 
2025-04-14 16:25:04,483  INFO  EPOCH 30 | Validation MSE: G1: 0.00105940, G2: 0.02070425, G3: 0.00048914 
2025-04-14 16:25:05,811  INFO  == Cross finetune Epoch [1/10000]: G3: Validation MSE 0.00044345
2025-04-14 16:25:05,833  INFO  == Cross finetune Epoch [2/10000]: G3: Validation MSE 0.00043605
2025-04-14 16:25:05,854  INFO  == Cross finetune Epoch [3/10000]: G3: Validation MSE 0.00037373
2025-04-14 16:25:05,874  INFO  == Cross finetune Epoch [4/10000]: G3: Validation MSE 0.00034882
2025-04-14 16:25:05,898  INFO  == Cross finetune Epoch [5/10000]: G3: Validation MSE 0.00035777
2025-04-14 16:25:05,898  INFO  EPOCH 31 | Validation MSE: G1: 0.00094399, G2: 0.02024340, G3: 0.00038311 
2025-04-14 16:25:07,115  INFO  EPOCH 32 | Validation MSE: G1: 0.00098990, G2: 0.01789933, G3: 0.00053267 
2025-04-14 16:25:08,329  INFO  EPOCH 33 | Validation MSE: G1: 0.00075094, G2: 0.02044524, G3: 0.00056062 
2025-04-14 16:25:09,704  INFO  EPOCH 34 | Validation MSE: G1: 0.00070831, G2: 0.01866609, G3: 0.00087383 
2025-04-14 16:25:10,891  INFO  EPOCH 35 | Validation MSE: G1: 0.00059825, G2: 0.01863488, G3: 0.00077584 
2025-04-14 16:25:12,096  INFO  EPOCH 36 | Validation MSE: G1: 0.00053311, G2: 0.01833872, G3: 0.00098023 
2025-04-14 16:25:13,340  INFO  EPOCH 37 | Validation MSE: G1: 0.00053718, G2: 0.01717807, G3: 0.00108227 
2025-04-14 16:25:14,504  INFO  EPOCH 38 | Validation MSE: G1: 0.00054701, G2: 0.01718856, G3: 0.00130575 
2025-04-14 16:25:15,717  INFO  EPOCH 39 | Validation MSE: G1: 0.00057015, G2: 0.01695999, G3: 0.00131708 
2025-04-14 16:25:16,914  INFO  EPOCH 40 | Validation MSE: G1: 0.00057241, G2: 0.01577241, G3: 0.00121600 
2025-04-14 16:25:18,157  INFO  == Cross finetune Epoch [1/10000]: G1: Validation MSE 0.00067322
2025-04-14 16:25:18,164  INFO  == Cross finetune Epoch [2/10000]: G1: Validation MSE 0.00067405
2025-04-14 16:25:18,172  INFO  == Cross finetune Epoch [3/10000]: G1: Validation MSE 0.00067426
2025-04-14 16:25:18,181  INFO  == Cross finetune Epoch [4/10000]: G1: Validation MSE 0.00067891
2025-04-14 16:25:18,191  INFO  == Cross finetune Epoch [5/10000]: G1: Validation MSE 0.00068812
2025-04-14 16:25:18,191  INFO  EPOCH 41 | Validation MSE: G1: 0.00066965, G2: 0.01500407, G3: 0.00232742 
2025-04-14 16:25:19,366  INFO  EPOCH 42 | Validation MSE: G1: 0.00079408, G2: 0.01336686, G3: 0.00244597 
2025-04-14 16:25:20,552  INFO  EPOCH 43 | Validation MSE: G1: 0.00094663, G2: 0.01595942, G3: 0.00389989 
2025-04-14 16:25:21,649  INFO  EPOCH 44 | Validation MSE: G1: 0.00101427, G2: 0.01361391, G3: 0.00239352 
2025-04-14 16:25:22,730  INFO  EPOCH 45 | Validation MSE: G1: 0.00117444, G2: 0.01268036, G3: 0.00237762 
2025-04-14 16:25:23,839  INFO  EPOCH 46 | Validation MSE: G1: 0.00127440, G2: 0.01184728, G3: 0.00264206 
2025-04-14 16:25:24,959  INFO  EPOCH 47 | Validation MSE: G1: 0.00136581, G2: 0.01079028, G3: 0.00246366 
2025-04-14 16:25:26,146  INFO  EPOCH 48 | Validation MSE: G1: 0.00149957, G2: 0.01039003, G3: 0.00242334 
2025-04-14 16:25:27,265  INFO  EPOCH 49 | Validation MSE: G1: 0.00159796, G2: 0.00921848, G3: 0.00265832 
2025-04-14 16:25:28,406  INFO  EPOCH 50 | Validation MSE: G1: 0.00170842, G2: 0.00812596, G3: 0.00307400 
2025-04-14 16:25:29,642  INFO  == Cross finetune Epoch [1/10000]: G1: Validation MSE 0.00178270
2025-04-14 16:25:29,650  INFO  == Cross finetune Epoch [2/10000]: G1: Validation MSE 0.00178301
2025-04-14 16:25:29,660  INFO  == Cross finetune Epoch [3/10000]: G1: Validation MSE 0.00178002
2025-04-14 16:25:29,669  INFO  == Cross finetune Epoch [4/10000]: G1: Validation MSE 0.00177873
2025-04-14 16:25:29,678  INFO  == Cross finetune Epoch [5/10000]: G1: Validation MSE 0.00178216
2025-04-14 16:25:29,678  INFO  EPOCH 51 | Validation MSE: G1: 0.00178283, G2: 0.00765988, G3: 0.00288334 
2025-04-14 16:25:30,797  INFO  EPOCH 52 | Validation MSE: G1: 0.00179080, G2: 0.00693492, G3: 0.00296539 
2025-04-14 16:25:31,895  INFO  EPOCH 53 | Validation MSE: G1: 0.00182344, G2: 0.00626905, G3: 0.00308136 
2025-04-14 16:25:32,955  INFO  EPOCH 54 | Validation MSE: G1: 0.00182426, G2: 0.00533227, G3: 0.00296691 
2025-04-14 16:25:34,092  INFO  EPOCH 55 | Validation MSE: G1: 0.00181260, G2: 0.00482142, G3: 0.00313270 
2025-04-14 16:25:35,236  INFO  EPOCH 56 | Validation MSE: G1: 0.00181175, G2: 0.00420431, G3: 0.00325483 
2025-04-14 16:25:36,439  INFO  EPOCH 57 | Validation MSE: G1: 0.00180510, G2: 0.00382747, G3: 0.00269902 
2025-04-14 16:25:37,685  INFO  EPOCH 58 | Validation MSE: G1: 0.00180958, G2: 0.00316212, G3: 0.00231294 
2025-04-14 16:25:39,095  INFO  EPOCH 59 | Validation MSE: G1: 0.00179314, G2: 0.00289832, G3: 0.00247312 
2025-04-14 16:25:40,421  INFO  EPOCH 60 | Validation MSE: G1: 0.00176877, G2: 0.00261574, G3: 0.00260586 
2025-04-14 16:25:41,828  INFO  == Cross finetune Epoch [1/10000]: G1: Validation MSE 0.00174089
2025-04-14 16:25:41,838  INFO  == Cross finetune Epoch [2/10000]: G1: Validation MSE 0.00173946
2025-04-14 16:25:41,850  INFO  == Cross finetune Epoch [3/10000]: G1: Validation MSE 0.00173790
2025-04-14 16:25:41,860  INFO  == Cross finetune Epoch [4/10000]: G1: Validation MSE 0.00173635
2025-04-14 16:25:41,870  INFO  == Cross finetune Epoch [5/10000]: G1: Validation MSE 0.00173502
2025-04-14 16:25:41,870  INFO  EPOCH 61 | Validation MSE: G1: 0.00174238, G2: 0.00261881, G3: 0.00241572 
2025-04-14 16:25:43,151  INFO  EPOCH 62 | Validation MSE: G1: 0.00170275, G2: 0.00454622, G3: 0.00209173 
2025-04-14 16:25:44,573  INFO  EPOCH 63 | Validation MSE: G1: 0.00167989, G2: 0.00234439, G3: 0.00203234 
2025-04-14 16:25:45,949  INFO  EPOCH 64 | Validation MSE: G1: 0.00165368, G2: 0.00232015, G3: 0.00202122 
2025-04-14 16:25:47,337  INFO  EPOCH 65 | Validation MSE: G1: 0.00162996, G2: 0.00227796, G3: 0.00200021 
2025-04-14 16:25:48,719  INFO  EPOCH 66 | Validation MSE: G1: 0.00161147, G2: 0.00244268, G3: 0.00199596 
2025-04-14 16:25:50,098  INFO  EPOCH 67 | Validation MSE: G1: 0.00157418, G2: 0.00221798, G3: 0.00198496 
2025-04-14 16:25:51,479  INFO  EPOCH 68 | Validation MSE: G1: 0.00153158, G2: 0.00227158, G3: 0.00198418 
2025-04-14 16:25:52,794  INFO  EPOCH 69 | Validation MSE: G1: 0.00149570, G2: 0.00220026, G3: 0.00197804 
2025-04-14 16:25:54,104  INFO  EPOCH 70 | Validation MSE: G1: 0.00146150, G2: 0.00248064, G3: 0.00191721 
2025-04-14 16:25:55,639  INFO  == Cross finetune Epoch [1/10000]: G1: Validation MSE 0.00145786
2025-04-14 16:25:55,653  INFO  == Cross finetune Epoch [2/10000]: G1: Validation MSE 0.00145777
2025-04-14 16:25:55,665  INFO  == Cross finetune Epoch [3/10000]: G1: Validation MSE 0.00145771
2025-04-14 16:25:55,674  INFO  == Cross finetune Epoch [4/10000]: G1: Validation MSE 0.00145765
2025-04-14 16:25:55,689  INFO  == Cross finetune Epoch [5/10000]: G1: Validation MSE 0.00145760
2025-04-14 16:25:55,689  INFO  EPOCH 71 | Validation MSE: G1: 0.00145794, G2: 0.00218379, G3: 0.00188245 
2025-04-14 16:25:57,088  INFO  EPOCH 72 | Validation MSE: G1: 0.00145376, G2: 0.00373934, G3: 0.00177976 
2025-04-14 16:25:58,485  INFO  EPOCH 73 | Validation MSE: G1: 0.00144990, G2: 0.00211211, G3: 0.00175107 
2025-04-14 16:25:59,904  INFO  EPOCH 74 | Validation MSE: G1: 0.00144602, G2: 0.00206513, G3: 0.00172354 
2025-04-14 16:26:01,367  INFO  EPOCH 75 | Validation MSE: G1: 0.00144136, G2: 0.00202680, G3: 0.00168929 
2025-04-14 16:26:02,801  INFO  EPOCH 76 | Validation MSE: G1: 0.00143778, G2: 0.00211559, G3: 0.00165619 
2025-04-14 16:26:04,282  INFO  EPOCH 77 | Validation MSE: G1: 0.00143340, G2: 0.00199407, G3: 0.00160280 
2025-04-14 16:26:05,722  INFO  EPOCH 78 | Validation MSE: G1: 0.00143004, G2: 0.00197109, G3: 0.00159865 
2025-04-14 16:26:07,177  INFO  EPOCH 79 | Validation MSE: G1: 0.00142527, G2: 0.00194369, G3: 0.00158774 
2025-04-14 16:26:08,613  INFO  EPOCH 80 | Validation MSE: G1: 0.00142048, G2: 0.00190347, G3: 0.00157219 
2025-04-14 16:26:10,172  INFO  == Cross finetune Epoch [1/10000]: G1: Validation MSE 0.00141562
2025-04-14 16:26:10,186  INFO  == Cross finetune Epoch [2/10000]: G1: Validation MSE 0.00141549
2025-04-14 16:26:10,196  INFO  == Cross finetune Epoch [3/10000]: G1: Validation MSE 0.00141538
2025-04-14 16:26:10,210  INFO  == Cross finetune Epoch [4/10000]: G1: Validation MSE 0.00141527
2025-04-14 16:26:10,225  INFO  == Cross finetune Epoch [5/10000]: G1: Validation MSE 0.00141518
2025-04-14 16:26:10,225  INFO  EPOCH 81 | Validation MSE: G1: 0.00141575, G2: 0.00190566, G3: 0.00153553 
2025-04-14 16:26:11,610  INFO  EPOCH 82 | Validation MSE: G1: 0.00140949, G2: 0.00368203, G3: 0.00150048 
2025-04-14 16:26:13,010  INFO  EPOCH 83 | Validation MSE: G1: 0.00140408, G2: 0.00181845, G3: 0.00145093 
2025-04-14 16:26:14,282  INFO  EPOCH 84 | Validation MSE: G1: 0.00139891, G2: 0.00177838, G3: 0.00142300 
2025-04-14 16:26:15,566  INFO  EPOCH 85 | Validation MSE: G1: 0.00139413, G2: 0.00172381, G3: 0.00140151 
2025-04-14 16:26:16,852  INFO  EPOCH 86 | Validation MSE: G1: 0.00138902, G2: 0.00168146, G3: 0.00137611 
2025-04-14 16:26:18,124  INFO  EPOCH 87 | Validation MSE: G1: 0.00138443, G2: 0.00164062, G3: 0.00134991 
2025-04-14 16:26:19,448  INFO  EPOCH 88 | Validation MSE: G1: 0.00138184, G2: 0.00163913, G3: 0.00132559 
2025-04-14 16:26:20,787  INFO  EPOCH 89 | Validation MSE: G1: 0.00137941, G2: 0.00153579, G3: 0.00128588 
2025-04-14 16:26:22,092  INFO  EPOCH 90 | Validation MSE: G1: 0.00137737, G2: 0.00152210, G3: 0.00125798 
2025-04-14 16:26:23,540  INFO  == Cross finetune Epoch [1/10000]: G3: Validation MSE 0.00122302
2025-04-14 16:26:23,592  INFO  == Cross finetune Epoch [2/10000]: G3: Validation MSE 0.00122268
2025-04-14 16:26:23,618  INFO  == Cross finetune Epoch [3/10000]: G3: Validation MSE 0.00122198
2025-04-14 16:26:23,644  INFO  == Cross finetune Epoch [4/10000]: G3: Validation MSE 0.00122132
2025-04-14 16:26:23,675  INFO  == Cross finetune Epoch [5/10000]: G3: Validation MSE 0.00122046
2025-04-14 16:26:23,675  INFO  EPOCH 91 | Validation MSE: G1: 0.00137503, G2: 0.00154519, G3: 0.00122438 
2025-04-14 16:26:25,158  INFO  EPOCH 92 | Validation MSE: G1: 0.00136987, G2: 0.00360717, G3: 0.00117315 
2025-04-14 16:26:26,366  INFO  EPOCH 93 | Validation MSE: G1: 0.00136692, G2: 0.00144274, G3: 0.00113068 
2025-04-14 16:26:27,627  INFO  EPOCH 94 | Validation MSE: G1: 0.00136369, G2: 0.00146569, G3: 0.00108615 
2025-04-14 16:26:29,056  INFO  EPOCH 95 | Validation MSE: G1: 0.00136038, G2: 0.00138950, G3: 0.00104470 
2025-04-14 16:26:30,284  INFO  EPOCH 96 | Validation MSE: G1: 0.00135713, G2: 0.00148952, G3: 0.00100636 
2025-04-14 16:26:31,478  INFO  EPOCH 97 | Validation MSE: G1: 0.00135351, G2: 0.00146601, G3: 0.00098177 
2025-04-14 16:26:32,676  INFO  EPOCH 98 | Validation MSE: G1: 0.00135011, G2: 0.00143250, G3: 0.00093561 
2025-04-14 16:26:33,875  INFO  EPOCH 99 | Validation MSE: G1: 0.00134606, G2: 0.00152909, G3: 0.00089122 
2025-04-14 16:26:35,124  INFO  EPOCH 100 | Validation MSE: G1: 0.00134154, G2: 0.00146265, G3: 0.00085583 
2025-04-14 16:26:36,524  INFO  == Cross finetune Epoch [1/10000]: G3: Validation MSE 0.00082889
2025-04-14 16:26:36,547  INFO  == Cross finetune Epoch [2/10000]: G3: Validation MSE 0.00082945
2025-04-14 16:26:36,571  INFO  == Cross finetune Epoch [3/10000]: G3: Validation MSE 0.00082961
2025-04-14 16:26:36,604  INFO  == Cross finetune Epoch [4/10000]: G3: Validation MSE 0.00082956
2025-04-14 16:26:36,633  INFO  == Cross finetune Epoch [5/10000]: G3: Validation MSE 0.00082953
2025-04-14 16:26:36,633  INFO  EPOCH 101 | Validation MSE: G1: 0.00133694, G2: 0.00143674, G3: 0.00082840 
2025-04-14 16:26:38,052  INFO  EPOCH 102 | Validation MSE: G1: 0.00132859, G2: 0.00336796, G3: 0.00078445 
2025-04-14 16:26:39,343  INFO  EPOCH 103 | Validation MSE: G1: 0.00132422, G2: 0.00172162, G3: 0.00075289 
2025-04-14 16:26:40,884  INFO  EPOCH 104 | Validation MSE: G1: 0.00131911, G2: 0.00139791, G3: 0.00073165 
2025-04-14 16:26:42,239  INFO  EPOCH 105 | Validation MSE: G1: 0.00131393, G2: 0.00141310, G3: 0.00070110 
2025-04-14 16:26:43,708  INFO  EPOCH 106 | Validation MSE: G1: 0.00131011, G2: 0.00143374, G3: 0.00067287 
2025-04-14 16:26:44,996  INFO  EPOCH 107 | Validation MSE: G1: 0.00130593, G2: 0.00144048, G3: 0.00065725 
2025-04-14 16:26:46,275  INFO  EPOCH 108 | Validation MSE: G1: 0.00130192, G2: 0.00138242, G3: 0.00064101 
2025-04-14 16:26:47,522  INFO  EPOCH 109 | Validation MSE: G1: 0.00129759, G2: 0.00139991, G3: 0.00061473 
2025-04-14 16:26:48,747  INFO  EPOCH 110 | Validation MSE: G1: 0.00129289, G2: 0.00141730, G3: 0.00057996 
2025-04-14 16:26:50,141  INFO  == Cross finetune Epoch [1/10000]: G3: Validation MSE 0.00057881
2025-04-14 16:26:50,164  INFO  == Cross finetune Epoch [2/10000]: G3: Validation MSE 0.00057831
2025-04-14 16:26:50,185  INFO  == Cross finetune Epoch [3/10000]: G3: Validation MSE 0.00057801
2025-04-14 16:26:50,212  INFO  == Cross finetune Epoch [4/10000]: G3: Validation MSE 0.00057727
2025-04-14 16:26:50,252  INFO  == Cross finetune Epoch [5/10000]: G3: Validation MSE 0.00057688
2025-04-14 16:26:50,252  INFO  EPOCH 111 | Validation MSE: G1: 0.00128735, G2: 0.00143425, G3: 0.00057961 
2025-04-14 16:26:51,511  INFO  EPOCH 112 | Validation MSE: G1: 0.00127859, G2: 0.00274394, G3: 0.00060748 
2025-04-14 16:26:52,729  INFO  EPOCH 113 | Validation MSE: G1: 0.00127136, G2: 0.00219264, G3: 0.00058063 
2025-04-14 16:26:53,874  INFO  EPOCH 114 | Validation MSE: G1: 0.00126562, G2: 0.00140113, G3: 0.00053042 
2025-04-14 16:26:55,053  INFO  EPOCH 115 | Validation MSE: G1: 0.00125943, G2: 0.00184850, G3: 0.00050230 
2025-04-14 16:26:56,226  INFO  EPOCH 116 | Validation MSE: G1: 0.00125430, G2: 0.00139910, G3: 0.00049540 
2025-04-14 16:26:57,496  INFO  EPOCH 117 | Validation MSE: G1: 0.00124865, G2: 0.00141981, G3: 0.00049190 
2025-04-14 16:26:58,837  INFO  EPOCH 118 | Validation MSE: G1: 0.00124300, G2: 0.00196962, G3: 0.00048888 
2025-04-14 16:27:00,142  INFO  EPOCH 119 | Validation MSE: G1: 0.00123743, G2: 0.00167272, G3: 0.00046676 
2025-04-14 16:27:01,505  INFO  EPOCH 120 | Validation MSE: G1: 0.00123227, G2: 0.00148042, G3: 0.00048457 
2025-04-14 16:27:03,028  INFO  == Cross finetune Epoch [1/10000]: G3: Validation MSE 0.00048500
2025-04-14 16:27:03,053  INFO  == Cross finetune Epoch [2/10000]: G3: Validation MSE 0.00048546
2025-04-14 16:27:03,088  INFO  == Cross finetune Epoch [3/10000]: G3: Validation MSE 0.00048656
2025-04-14 16:27:03,116  INFO  == Cross finetune Epoch [4/10000]: G3: Validation MSE 0.00048613
2025-04-14 16:27:03,142  INFO  == Cross finetune Epoch [5/10000]: G3: Validation MSE 0.00048467
2025-04-14 16:27:03,142  INFO  EPOCH 121 | Validation MSE: G1: 0.00122644, G2: 0.00133300, G3: 0.00048339 
2025-04-14 16:27:04,326  INFO  EPOCH 122 | Validation MSE: G1: 0.00121720, G2: 0.00174876, G3: 0.00052396 
2025-04-14 16:27:05,489  INFO  EPOCH 123 | Validation MSE: G1: 0.00121249, G2: 0.00184132, G3: 0.00050389 
2025-04-14 16:27:06,576  INFO  EPOCH 124 | Validation MSE: G1: 0.00120671, G2: 0.00141055, G3: 0.00047095 
2025-04-14 16:27:07,830  INFO  EPOCH 125 | Validation MSE: G1: 0.00120046, G2: 0.00124832, G3: 0.00047785 
2025-04-14 16:27:09,197  INFO  EPOCH 126 | Validation MSE: G1: 0.00119499, G2: 0.00140986, G3: 0.00045337 
2025-04-14 16:27:10,603  INFO  EPOCH 127 | Validation MSE: G1: 0.00118941, G2: 0.00131762, G3: 0.00047459 
2025-04-14 16:27:11,887  INFO  EPOCH 128 | Validation MSE: G1: 0.00118457, G2: 0.00124304, G3: 0.00045723 
2025-04-14 16:27:13,238  INFO  EPOCH 129 | Validation MSE: G1: 0.00117962, G2: 0.00118446, G3: 0.00045995 
2025-04-14 16:27:14,564  INFO  EPOCH 130 | Validation MSE: G1: 0.00117476, G2: 0.00129652, G3: 0.00045640 
2025-04-14 16:27:16,073  INFO  == Cross finetune Epoch [1/10000]: G3: Validation MSE 0.00045072
2025-04-14 16:27:16,097  INFO  == Cross finetune Epoch [2/10000]: G3: Validation MSE 0.00044983
2025-04-14 16:27:16,125  INFO  == Cross finetune Epoch [3/10000]: G3: Validation MSE 0.00044835
2025-04-14 16:27:16,158  INFO  == Cross finetune Epoch [4/10000]: G3: Validation MSE 0.00044719
2025-04-14 16:27:16,182  INFO  == Cross finetune Epoch [5/10000]: G3: Validation MSE 0.00044725
2025-04-14 16:27:16,182  INFO  EPOCH 131 | Validation MSE: G1: 0.00116952, G2: 0.00131179, G3: 0.00045124 
2025-04-14 16:27:17,448  INFO  EPOCH 132 | Validation MSE: G1: 0.00116180, G2: 0.00149532, G3: 0.00055149 
2025-04-14 16:27:18,682  INFO  EPOCH 133 | Validation MSE: G1: 0.00115800, G2: 0.00217925, G3: 0.00052022 
2025-04-14 16:27:19,881  INFO  EPOCH 134 | Validation MSE: G1: 0.00115267, G2: 0.00119161, G3: 0.00047093 
2025-04-14 16:27:21,264  INFO  EPOCH 135 | Validation MSE: G1: 0.00114773, G2: 0.00166922, G3: 0.00050786 
2025-04-14 16:27:22,475  INFO  EPOCH 136 | Validation MSE: G1: 0.00114216, G2: 0.00125172, G3: 0.00050336 
2025-04-14 16:27:23,589  INFO  EPOCH 137 | Validation MSE: G1: 0.00113746, G2: 0.00133625, G3: 0.00052825 
2025-04-14 16:27:24,723  INFO  EPOCH 138 | Validation MSE: G1: 0.00113243, G2: 0.00139462, G3: 0.00046622 
2025-04-14 16:27:25,848  INFO  EPOCH 139 | Validation MSE: G1: 0.00112723, G2: 0.00117522, G3: 0.00047936 
2025-04-14 16:27:27,121  INFO  EPOCH 140 | Validation MSE: G1: 0.00112208, G2: 0.00152486, G3: 0.00055407 
2025-04-14 16:27:28,647  INFO  == Cross finetune Epoch [1/10000]: G3: Validation MSE 0.00055205
2025-04-14 16:27:28,672  INFO  == Cross finetune Epoch [2/10000]: G3: Validation MSE 0.00055198
2025-04-14 16:27:28,695  INFO  == Cross finetune Epoch [3/10000]: G3: Validation MSE 0.00055150
2025-04-14 16:27:28,728  INFO  == Cross finetune Epoch [4/10000]: G3: Validation MSE 0.00054860
2025-04-14 16:27:28,754  INFO  == Cross finetune Epoch [5/10000]: G3: Validation MSE 0.00054540
2025-04-14 16:27:28,754  INFO  EPOCH 141 | Validation MSE: G1: 0.00111689, G2: 0.00133178, G3: 0.00055396 
2025-04-14 16:27:30,146  INFO  EPOCH 142 | Validation MSE: G1: 0.00111078, G2: 0.00203631, G3: 0.00063770 
2025-04-14 16:27:31,529  INFO  EPOCH 143 | Validation MSE: G1: 0.00110699, G2: 0.00145456, G3: 0.00057865 
2025-04-14 16:27:32,855  INFO  EPOCH 144 | Validation MSE: G1: 0.00110299, G2: 0.00121982, G3: 0.00046906 
2025-04-14 16:27:34,172  INFO  EPOCH 145 | Validation MSE: G1: 0.00109919, G2: 0.00172909, G3: 0.00048902 
2025-04-14 16:27:35,469  INFO  EPOCH 146 | Validation MSE: G1: 0.00109393, G2: 0.00105433, G3: 0.00053907 
2025-04-14 16:27:36,787  INFO  EPOCH 147 | Validation MSE: G1: 0.00108903, G2: 0.00131895, G3: 0.00048007 
2025-04-14 16:27:38,147  INFO  EPOCH 148 | Validation MSE: G1: 0.00108474, G2: 0.00110921, G3: 0.00048401 
2025-04-14 16:27:39,430  INFO  EPOCH 149 | Validation MSE: G1: 0.00107958, G2: 0.00104759, G3: 0.00053253 
2025-04-14 16:27:40,722  INFO  EPOCH 150 | Validation MSE: G1: 0.00107523, G2: 0.00107938, G3: 0.00048189 
2025-04-14 16:27:42,189  INFO  == Cross finetune Epoch [1/10000]: G3: Validation MSE 0.00057155
2025-04-14 16:27:42,217  INFO  == Cross finetune Epoch [2/10000]: G3: Validation MSE 0.00057599
2025-04-14 16:27:42,264  INFO  == Cross finetune Epoch [3/10000]: G3: Validation MSE 0.00057991
2025-04-14 16:27:42,291  INFO  == Cross finetune Epoch [4/10000]: G3: Validation MSE 0.00057926
2025-04-14 16:27:42,319  INFO  == Cross finetune Epoch [5/10000]: G3: Validation MSE 0.00057768
2025-04-14 16:27:42,319  INFO  EPOCH 151 | Validation MSE: G1: 0.00106988, G2: 0.00102431, G3: 0.00056759 
2025-04-14 16:27:43,707  INFO  EPOCH 152 | Validation MSE: G1: 0.00107184, G2: 0.00098106, G3: 0.00054721 
2025-04-14 16:27:45,066  INFO  EPOCH 153 | Validation MSE: G1: 0.00106726, G2: 0.00098748, G3: 0.00052883 
2025-04-14 16:27:46,514  INFO  EPOCH 154 | Validation MSE: G1: 0.00106283, G2: 0.00100776, G3: 0.00057226 
2025-04-14 16:27:47,938  INFO  EPOCH 155 | Validation MSE: G1: 0.00105743, G2: 0.00098013, G3: 0.00059823 
2025-04-14 16:27:49,418  INFO  EPOCH 156 | Validation MSE: G1: 0.00105319, G2: 0.00094812, G3: 0.00059355 
2025-04-14 16:27:50,901  INFO  EPOCH 157 | Validation MSE: G1: 0.00104900, G2: 0.00096801, G3: 0.00058978 
2025-04-14 16:27:52,292  INFO  EPOCH 158 | Validation MSE: G1: 0.00104439, G2: 0.00098445, G3: 0.00060039 
2025-04-14 16:27:53,617  INFO  EPOCH 159 | Validation MSE: G1: 0.00103952, G2: 0.00098289, G3: 0.00057337 
2025-04-14 16:27:54,873  INFO  EPOCH 160 | Validation MSE: G1: 0.00103487, G2: 0.00095432, G3: 0.00055015 
2025-04-14 16:27:56,402  INFO  == Cross finetune Epoch [1/10000]: G3: Validation MSE 0.00051048
2025-04-14 16:27:56,427  INFO  == Cross finetune Epoch [2/10000]: G3: Validation MSE 0.00051235
2025-04-14 16:27:56,457  INFO  == Cross finetune Epoch [3/10000]: G3: Validation MSE 0.00051491
2025-04-14 16:27:56,492  INFO  == Cross finetune Epoch [4/10000]: G3: Validation MSE 0.00051825
2025-04-14 16:27:56,516  INFO  == Cross finetune Epoch [5/10000]: G3: Validation MSE 0.00052378
2025-04-14 16:27:56,516  INFO  EPOCH 161 | Validation MSE: G1: 0.00103061, G2: 0.00099645, G3: 0.00050763 
2025-04-14 16:27:57,701  INFO  EPOCH 162 | Validation MSE: G1: 0.00103193, G2: 0.00095657, G3: 0.00056503 
2025-04-14 16:27:58,841  INFO  EPOCH 163 | Validation MSE: G1: 0.00102827, G2: 0.00092219, G3: 0.00058584 
2025-04-14 16:27:59,965  INFO  EPOCH 164 | Validation MSE: G1: 0.00102303, G2: 0.00092791, G3: 0.00056838 
2025-04-14 16:28:01,294  INFO  EPOCH 165 | Validation MSE: G1: 0.00101767, G2: 0.00089635, G3: 0.00061551 
2025-04-14 16:28:02,671  INFO  EPOCH 166 | Validation MSE: G1: 0.00101188, G2: 0.00090100, G3: 0.00058364 
2025-04-14 16:28:03,840  INFO  EPOCH 167 | Validation MSE: G1: 0.00100659, G2: 0.00089479, G3: 0.00059621 
2025-04-14 16:28:05,024  INFO  EPOCH 168 | Validation MSE: G1: 0.00100253, G2: 0.00092146, G3: 0.00055457 
2025-04-14 16:28:06,161  INFO  EPOCH 169 | Validation MSE: G1: 0.00099718, G2: 0.00097391, G3: 0.00059967 
2025-04-14 16:28:07,347  INFO  EPOCH 170 | Validation MSE: G1: 0.00099337, G2: 0.00093638, G3: 0.00062423 
2025-04-14 16:28:08,592  INFO  == Cross finetune Epoch [1/10000]: G3: Validation MSE 0.00060495
2025-04-14 16:28:08,616  INFO  == Cross finetune Epoch [2/10000]: G3: Validation MSE 0.00060017
2025-04-14 16:28:08,638  INFO  == Cross finetune Epoch [3/10000]: G3: Validation MSE 0.00059678
2025-04-14 16:28:08,657  INFO  == Cross finetune Epoch [4/10000]: G3: Validation MSE 0.00059290
2025-04-14 16:28:08,679  INFO  == Cross finetune Epoch [5/10000]: G3: Validation MSE 0.00058828
2025-04-14 16:28:08,679  INFO  EPOCH 171 | Validation MSE: G1: 0.00098837, G2: 0.00116306, G3: 0.00060817 
2025-04-14 16:28:09,856  INFO  EPOCH 172 | Validation MSE: G1: 0.00098257, G2: 0.00112393, G3: 0.00064115 
2025-04-14 16:28:10,965  INFO  EPOCH 173 | Validation MSE: G1: 0.00097719, G2: 0.00101069, G3: 0.00063560 
2025-04-14 16:28:12,092  INFO  EPOCH 174 | Validation MSE: G1: 0.00097252, G2: 0.00093173, G3: 0.00062505 
2025-04-14 16:28:13,205  INFO  EPOCH 175 | Validation MSE: G1: 0.00096903, G2: 0.00089390, G3: 0.00061089 
2025-04-14 16:28:14,302  INFO  EPOCH 176 | Validation MSE: G1: 0.00096503, G2: 0.00092428, G3: 0.00059214 
2025-04-14 16:28:15,397  INFO  EPOCH 177 | Validation MSE: G1: 0.00096055, G2: 0.00098685, G3: 0.00063017 
2025-04-14 16:28:16,547  INFO  EPOCH 178 | Validation MSE: G1: 0.00095595, G2: 0.00098326, G3: 0.00070181 
2025-04-14 16:28:17,645  INFO  EPOCH 179 | Validation MSE: G1: 0.00095200, G2: 0.00098179, G3: 0.00065003 
2025-04-14 16:28:18,819  INFO  EPOCH 180 | Validation MSE: G1: 0.00094754, G2: 0.00098660, G3: 0.00057764 
2025-04-14 16:28:20,141  INFO  == Cross finetune Epoch [1/10000]: G3: Validation MSE 0.00052686
2025-04-14 16:28:20,160  INFO  == Cross finetune Epoch [2/10000]: G3: Validation MSE 0.00052586
2025-04-14 16:28:20,181  INFO  == Cross finetune Epoch [3/10000]: G3: Validation MSE 0.00052679
2025-04-14 16:28:20,207  INFO  == Cross finetune Epoch [4/10000]: G3: Validation MSE 0.00052624
2025-04-14 16:28:20,243  INFO  == Cross finetune Epoch [5/10000]: G3: Validation MSE 0.00052922
2025-04-14 16:28:20,244  INFO  EPOCH 181 | Validation MSE: G1: 0.00094387, G2: 0.00091327, G3: 0.00053036 
2025-04-14 16:28:21,479  INFO  EPOCH 182 | Validation MSE: G1: 0.00094333, G2: 0.00088168, G3: 0.00058402 
2025-04-14 16:28:22,609  INFO  EPOCH 183 | Validation MSE: G1: 0.00093977, G2: 0.00087478, G3: 0.00064778 
2025-04-14 16:28:23,801  INFO  EPOCH 184 | Validation MSE: G1: 0.00093526, G2: 0.00085308, G3: 0.00060543 
2025-04-14 16:28:24,970  INFO  EPOCH 185 | Validation MSE: G1: 0.00093077, G2: 0.00095459, G3: 0.00056238 
2025-04-14 16:28:26,071  INFO  EPOCH 186 | Validation MSE: G1: 0.00092561, G2: 0.00086078, G3: 0.00063083 
2025-04-14 16:28:27,281  INFO  EPOCH 187 | Validation MSE: G1: 0.00092170, G2: 0.00086452, G3: 0.00067153 
2025-04-14 16:28:28,406  INFO  EPOCH 188 | Validation MSE: G1: 0.00091757, G2: 0.00085295, G3: 0.00060931 
2025-04-14 16:28:29,572  INFO  EPOCH 189 | Validation MSE: G1: 0.00091374, G2: 0.00085685, G3: 0.00060892 
2025-04-14 16:28:30,767  INFO  EPOCH 190 | Validation MSE: G1: 0.00090965, G2: 0.00083668, G3: 0.00069069 
2025-04-14 16:28:32,089  INFO  == Cross finetune Epoch [1/10000]: G3: Validation MSE 0.00077747
2025-04-14 16:28:32,108  INFO  == Cross finetune Epoch [2/10000]: G3: Validation MSE 0.00077044
2025-04-14 16:28:32,128  INFO  == Cross finetune Epoch [3/10000]: G3: Validation MSE 0.00076046
2025-04-14 16:28:32,149  INFO  == Cross finetune Epoch [4/10000]: G3: Validation MSE 0.00074873
2025-04-14 16:28:32,172  INFO  == Cross finetune Epoch [5/10000]: G3: Validation MSE 0.00073868
2025-04-14 16:28:32,172  INFO  EPOCH 191 | Validation MSE: G1: 0.00090568, G2: 0.00084420, G3: 0.00078296 
2025-04-14 16:28:33,364  INFO  EPOCH 192 | Validation MSE: G1: 0.00090566, G2: 0.00095272, G3: 0.00056425 
2025-04-14 16:28:34,511  INFO  EPOCH 193 | Validation MSE: G1: 0.00090107, G2: 0.00085988, G3: 0.00059702 
2025-04-14 16:28:35,634  INFO  EPOCH 194 | Validation MSE: G1: 0.00089663, G2: 0.00081558, G3: 0.00075467 
2025-04-14 16:28:36,817  INFO  EPOCH 195 | Validation MSE: G1: 0.00089318, G2: 0.00081887, G3: 0.00082619 
2025-04-14 16:28:37,953  INFO  EPOCH 196 | Validation MSE: G1: 0.00089005, G2: 0.00082564, G3: 0.00082677 
2025-04-14 16:28:39,055  INFO  EPOCH 197 | Validation MSE: G1: 0.00088707, G2: 0.00081941, G3: 0.00066896 
2025-04-14 16:28:40,138  INFO  EPOCH 198 | Validation MSE: G1: 0.00088399, G2: 0.00081546, G3: 0.00074851 
2025-04-14 16:28:41,260  INFO  EPOCH 199 | Validation MSE: G1: 0.00087959, G2: 0.00081086, G3: 0.00067353 
2025-04-14 16:28:42,391  INFO  EPOCH 200 | Validation MSE: G1: 0.00087537, G2: 0.00089578, G3: 0.00064813 
2025-04-14 16:28:43,699  INFO  == Cross finetune Epoch [1/10000]: G3: Validation MSE 0.00061363
2025-04-14 16:28:43,719  INFO  == Cross finetune Epoch [2/10000]: G3: Validation MSE 0.00061228
2025-04-14 16:28:43,740  INFO  == Cross finetune Epoch [3/10000]: G3: Validation MSE 0.00061452
2025-04-14 16:28:43,761  INFO  == Cross finetune Epoch [4/10000]: G3: Validation MSE 0.00061711
2025-04-14 16:28:43,793  INFO  == Cross finetune Epoch [5/10000]: G3: Validation MSE 0.00061660
2025-04-14 16:28:43,793  INFO  EPOCH 201 | Validation MSE: G1: 0.00087097, G2: 0.00086384, G3: 0.00061615 
2025-04-14 16:28:44,957  INFO  EPOCH 202 | Validation MSE: G1: 0.00087049, G2: 0.00079398, G3: 0.00064060 
2025-04-14 16:28:46,112  INFO  EPOCH 203 | Validation MSE: G1: 0.00086628, G2: 0.00079099, G3: 0.00072124 
2025-04-14 16:28:47,351  INFO  EPOCH 204 | Validation MSE: G1: 0.00086282, G2: 0.00078120, G3: 0.00074628 
2025-04-14 16:28:48,517  INFO  EPOCH 205 | Validation MSE: G1: 0.00085908, G2: 0.00091820, G3: 0.00070057 
2025-04-14 16:28:49,649  INFO  EPOCH 206 | Validation MSE: G1: 0.00085543, G2: 0.00078074, G3: 0.00065250 
2025-04-14 16:28:50,776  INFO  EPOCH 207 | Validation MSE: G1: 0.00085153, G2: 0.00079823, G3: 0.00067574 
2025-04-14 16:28:51,959  INFO  EPOCH 208 | Validation MSE: G1: 0.00084789, G2: 0.00081306, G3: 0.00065487 
2025-04-14 16:28:53,124  INFO  EPOCH 209 | Validation MSE: G1: 0.00084418, G2: 0.00083483, G3: 0.00056089 
2025-04-14 16:28:54,314  INFO  EPOCH 210 | Validation MSE: G1: 0.00084042, G2: 0.00077790, G3: 0.00058655 
2025-04-14 16:28:55,656  INFO  == Cross finetune Epoch [1/10000]: G3: Validation MSE 0.00064188
2025-04-14 16:28:55,677  INFO  == Cross finetune Epoch [2/10000]: G3: Validation MSE 0.00064176
2025-04-14 16:28:55,698  INFO  == Cross finetune Epoch [3/10000]: G3: Validation MSE 0.00063993
2025-04-14 16:28:55,725  INFO  == Cross finetune Epoch [4/10000]: G3: Validation MSE 0.00063422
2025-04-14 16:28:55,757  INFO  == Cross finetune Epoch [5/10000]: G3: Validation MSE 0.00062391
2025-04-14 16:28:55,757  INFO  EPOCH 211 | Validation MSE: G1: 0.00083716, G2: 0.00076761, G3: 0.00064146 
2025-04-14 16:28:56,907  INFO  EPOCH 212 | Validation MSE: G1: 0.00083610, G2: 0.00081111, G3: 0.00057673 
2025-04-14 16:28:58,008  INFO  EPOCH 213 | Validation MSE: G1: 0.00083182, G2: 0.00086450, G3: 0.00072595 
2025-04-14 16:28:59,156  INFO  EPOCH 214 | Validation MSE: G1: 0.00082721, G2: 0.00078177, G3: 0.00072375 
2025-04-14 16:29:00,274  INFO  EPOCH 215 | Validation MSE: G1: 0.00082366, G2: 0.00081591, G3: 0.00059586 
2025-04-14 16:29:01,482  INFO  EPOCH 216 | Validation MSE: G1: 0.00081990, G2: 0.00076459, G3: 0.00064652 
2025-04-14 16:29:02,655  INFO  EPOCH 217 | Validation MSE: G1: 0.00081629, G2: 0.00075354, G3: 0.00062652 
2025-04-14 16:29:03,780  INFO  EPOCH 218 | Validation MSE: G1: 0.00081259, G2: 0.00079218, G3: 0.00066526 
2025-04-14 16:29:04,936  INFO  EPOCH 219 | Validation MSE: G1: 0.00080924, G2: 0.00077421, G3: 0.00065210 
2025-04-14 16:29:06,066  INFO  EPOCH 220 | Validation MSE: G1: 0.00080585, G2: 0.00075129, G3: 0.00059009 
2025-04-14 16:29:07,387  INFO  == Cross finetune Epoch [1/10000]: G3: Validation MSE 0.00053140
2025-04-14 16:29:07,408  INFO  == Cross finetune Epoch [2/10000]: G3: Validation MSE 0.00053174
2025-04-14 16:29:07,430  INFO  == Cross finetune Epoch [3/10000]: G3: Validation MSE 0.00053295
2025-04-14 16:29:07,450  INFO  == Cross finetune Epoch [4/10000]: G3: Validation MSE 0.00053220
2025-04-14 16:29:07,481  INFO  == Cross finetune Epoch [5/10000]: G3: Validation MSE 0.00053388
2025-04-14 16:29:07,481  INFO  EPOCH 221 | Validation MSE: G1: 0.00080253, G2: 0.00074540, G3: 0.00052941 
2025-04-14 16:29:08,636  INFO  EPOCH 222 | Validation MSE: G1: 0.00080121, G2: 0.00074500, G3: 0.00056379 
2025-04-14 16:29:09,749  INFO  EPOCH 223 | Validation MSE: G1: 0.00079743, G2: 0.00092216, G3: 0.00060550 
2025-04-14 16:29:10,852  INFO  EPOCH 224 | Validation MSE: G1: 0.00079378, G2: 0.00077924, G3: 0.00057542 
2025-04-14 16:29:12,025  INFO  EPOCH 225 | Validation MSE: G1: 0.00079014, G2: 0.00077502, G3: 0.00059071 
2025-04-14 16:29:13,166  INFO  EPOCH 226 | Validation MSE: G1: 0.00078722, G2: 0.00077090, G3: 0.00064805 
2025-04-14 16:29:14,281  INFO  EPOCH 227 | Validation MSE: G1: 0.00078409, G2: 0.00076886, G3: 0.00064403 
2025-04-14 16:29:15,376  INFO  EPOCH 228 | Validation MSE: G1: 0.00078068, G2: 0.00076640, G3: 0.00071200 
2025-04-14 16:29:16,446  INFO  EPOCH 229 | Validation MSE: G1: 0.00077772, G2: 0.00075992, G3: 0.00061619 
2025-04-14 16:29:17,548  INFO  EPOCH 230 | Validation MSE: G1: 0.00077488, G2: 0.00079917, G3: 0.00059430 
2025-04-14 16:29:18,796  INFO  == Cross finetune Epoch [1/10000]: G3: Validation MSE 0.00058916
2025-04-14 16:29:18,815  INFO  == Cross finetune Epoch [2/10000]: G3: Validation MSE 0.00058000
2025-04-14 16:29:18,836  INFO  == Cross finetune Epoch [3/10000]: G3: Validation MSE 0.00057308
2025-04-14 16:29:18,862  INFO  == Cross finetune Epoch [4/10000]: G3: Validation MSE 0.00056372
2025-04-14 16:29:18,896  INFO  == Cross finetune Epoch [5/10000]: G3: Validation MSE 0.00055198
2025-04-14 16:29:18,896  INFO  EPOCH 231 | Validation MSE: G1: 0.00077152, G2: 0.00073826, G3: 0.00059593 
2025-04-14 16:29:20,123  INFO  EPOCH 232 | Validation MSE: G1: 0.00076922, G2: 0.00073370, G3: 0.00047412 
2025-04-14 16:29:21,245  INFO  EPOCH 233 | Validation MSE: G1: 0.00076598, G2: 0.00074053, G3: 0.00055829 
2025-04-14 16:29:22,396  INFO  EPOCH 234 | Validation MSE: G1: 0.00076241, G2: 0.00081551, G3: 0.00064926 
2025-04-14 16:29:23,523  INFO  EPOCH 235 | Validation MSE: G1: 0.00075945, G2: 0.00073773, G3: 0.00062965 
2025-04-14 16:29:24,621  INFO  EPOCH 236 | Validation MSE: G1: 0.00075664, G2: 0.00076211, G3: 0.00062521 
2025-04-14 16:29:25,750  INFO  EPOCH 237 | Validation MSE: G1: 0.00075346, G2: 0.00075936, G3: 0.00063130 
2025-04-14 16:29:26,871  INFO  EPOCH 238 | Validation MSE: G1: 0.00075072, G2: 0.00075121, G3: 0.00061073 
2025-04-14 16:29:27,965  INFO  EPOCH 239 | Validation MSE: G1: 0.00074775, G2: 0.00076711, G3: 0.00061549 
2025-04-14 16:29:29,085  INFO  EPOCH 240 | Validation MSE: G1: 0.00074503, G2: 0.00084350, G3: 0.00056316 
2025-04-14 16:29:30,606  INFO  == Cross finetune Epoch [1/10000]: G3: Validation MSE 0.00051929
2025-04-14 16:29:30,625  INFO  == Cross finetune Epoch [2/10000]: G3: Validation MSE 0.00052194
2025-04-14 16:29:30,645  INFO  == Cross finetune Epoch [3/10000]: G3: Validation MSE 0.00052585
2025-04-14 16:29:30,668  INFO  == Cross finetune Epoch [4/10000]: G3: Validation MSE 0.00053011
2025-04-14 16:29:30,690  INFO  == Cross finetune Epoch [5/10000]: G3: Validation MSE 0.00053287
2025-04-14 16:29:30,690  INFO  EPOCH 241 | Validation MSE: G1: 0.00074225, G2: 0.00074291, G3: 0.00051868 
2025-04-14 16:29:31,877  INFO  EPOCH 242 | Validation MSE: G1: 0.00073919, G2: 0.00128278, G3: 0.00065918 
2025-04-14 16:29:33,034  INFO  EPOCH 243 | Validation MSE: G1: 0.00073684, G2: 0.00075992, G3: 0.00069033 
2025-04-14 16:29:34,221  INFO  EPOCH 244 | Validation MSE: G1: 0.00073433, G2: 0.00072453, G3: 0.00059896 
2025-04-14 16:29:35,354  INFO  EPOCH 245 | Validation MSE: G1: 0.00073154, G2: 0.00089375, G3: 0.00065498 
2025-04-14 16:29:36,494  INFO  EPOCH 246 | Validation MSE: G1: 0.00072920, G2: 0.00074013, G3: 0.00061694 
2025-04-14 16:29:37,650  INFO  EPOCH 247 | Validation MSE: G1: 0.00072684, G2: 0.00071684, G3: 0.00067249 
2025-04-14 16:29:38,772  INFO  EPOCH 248 | Validation MSE: G1: 0.00072413, G2: 0.00073106, G3: 0.00061486 
2025-04-14 16:29:39,904  INFO  EPOCH 249 | Validation MSE: G1: 0.00072158, G2: 0.00070977, G3: 0.00056650 
2025-04-14 16:29:41,029  INFO  EPOCH 250 | Validation MSE: G1: 0.00071885, G2: 0.00075843, G3: 0.00053135 
2025-04-14 16:29:42,311  INFO  == Cross finetune Epoch [1/10000]: G3: Validation MSE 0.00054721
2025-04-14 16:29:42,331  INFO  == Cross finetune Epoch [2/10000]: G3: Validation MSE 0.00054519
2025-04-14 16:29:42,353  INFO  == Cross finetune Epoch [3/10000]: G3: Validation MSE 0.00054065
2025-04-14 16:29:42,378  INFO  == Cross finetune Epoch [4/10000]: G3: Validation MSE 0.00053566
2025-04-14 16:29:42,406  INFO  == Cross finetune Epoch [5/10000]: G3: Validation MSE 0.00053387
2025-04-14 16:29:42,406  INFO  EPOCH 251 | Validation MSE: G1: 0.00071619, G2: 0.00071136, G3: 0.00054931 
2025-04-14 16:29:43,558  INFO  EPOCH 252 | Validation MSE: G1: 0.00071450, G2: 0.00074590, G3: 0.00056518 
2025-04-14 16:29:44,666  INFO  EPOCH 253 | Validation MSE: G1: 0.00071149, G2: 0.00072385, G3: 0.00062263 
2025-04-14 16:29:45,748  INFO  EPOCH 254 | Validation MSE: G1: 0.00070895, G2: 0.00072848, G3: 0.00053842 
2025-04-14 16:29:47,004  INFO  EPOCH 255 | Validation MSE: G1: 0.00070600, G2: 0.00076931, G3: 0.00064644 
2025-04-14 16:29:48,182  INFO  EPOCH 256 | Validation MSE: G1: 0.00070342, G2: 0.00075695, G3: 0.00056968 
2025-04-14 16:29:49,564  INFO  EPOCH 257 | Validation MSE: G1: 0.00070091, G2: 0.00073385, G3: 0.00062797 
2025-04-14 16:29:50,991  INFO  EPOCH 258 | Validation MSE: G1: 0.00069832, G2: 0.00073223, G3: 0.00063004 
2025-04-14 16:29:52,399  INFO  EPOCH 259 | Validation MSE: G1: 0.00069577, G2: 0.00071489, G3: 0.00059627 
2025-04-14 16:29:53,801  INFO  EPOCH 260 | Validation MSE: G1: 0.00069340, G2: 0.00080632, G3: 0.00059737 
2025-04-14 16:29:55,218  INFO  == Cross finetune Epoch [1/10000]: G3: Validation MSE 0.00062238
2025-04-14 16:29:55,242  INFO  == Cross finetune Epoch [2/10000]: G3: Validation MSE 0.00063652
2025-04-14 16:29:55,270  INFO  == Cross finetune Epoch [3/10000]: G3: Validation MSE 0.00065231
2025-04-14 16:29:55,308  INFO  == Cross finetune Epoch [4/10000]: G3: Validation MSE 0.00066191
2025-04-14 16:29:55,332  INFO  == Cross finetune Epoch [5/10000]: G3: Validation MSE 0.00066946
2025-04-14 16:29:55,332  INFO  EPOCH 261 | Validation MSE: G1: 0.00069115, G2: 0.00070823, G3: 0.00060840 
2025-04-14 16:29:56,753  INFO  EPOCH 262 | Validation MSE: G1: 0.00068866, G2: 0.00141093, G3: 0.00079667 
2025-04-14 16:29:58,206  INFO  EPOCH 263 | Validation MSE: G1: 0.00068635, G2: 0.00083240, G3: 0.00064880 
2025-04-14 16:29:59,617  INFO  EPOCH 264 | Validation MSE: G1: 0.00068377, G2: 0.00070885, G3: 0.00063091 
2025-04-14 16:30:01,042  INFO  EPOCH 265 | Validation MSE: G1: 0.00068127, G2: 0.00071924, G3: 0.00059065 
2025-04-14 16:30:02,425  INFO  EPOCH 266 | Validation MSE: G1: 0.00067897, G2: 0.00077521, G3: 0.00055005 
2025-04-14 16:30:03,770  INFO  EPOCH 267 | Validation MSE: G1: 0.00067672, G2: 0.00075571, G3: 0.00057442 
2025-04-14 16:30:05,279  INFO  EPOCH 268 | Validation MSE: G1: 0.00067443, G2: 0.00073538, G3: 0.00055129 
2025-04-14 16:30:06,752  INFO  EPOCH 269 | Validation MSE: G1: 0.00067253, G2: 0.00072166, G3: 0.00058031 
2025-04-14 16:30:08,249  INFO  EPOCH 270 | Validation MSE: G1: 0.00067057, G2: 0.00069101, G3: 0.00057342 
2025-04-14 16:30:09,852  INFO  == Cross finetune Epoch [1/10000]: G3: Validation MSE 0.00051032
2025-04-14 16:30:09,883  INFO  == Cross finetune Epoch [2/10000]: G3: Validation MSE 0.00051418
2025-04-14 16:30:09,912  INFO  == Cross finetune Epoch [3/10000]: G3: Validation MSE 0.00051865
2025-04-14 16:30:09,952  INFO  == Cross finetune Epoch [4/10000]: G3: Validation MSE 0.00052584
2025-04-14 16:30:09,980  INFO  == Cross finetune Epoch [5/10000]: G3: Validation MSE 0.00053458
2025-04-14 16:30:09,980  INFO  EPOCH 271 | Validation MSE: G1: 0.00066857, G2: 0.00070615, G3: 0.00050587 
2025-04-14 16:30:11,359  INFO  EPOCH 272 | Validation MSE: G1: 0.00066611, G2: 0.00160256, G3: 0.00061151 
2025-04-14 16:30:12,770  INFO  EPOCH 273 | Validation MSE: G1: 0.00066405, G2: 0.00114418, G3: 0.00054324 
2025-04-14 16:30:14,083  INFO  EPOCH 274 | Validation MSE: G1: 0.00066204, G2: 0.00070418, G3: 0.00052430 
2025-04-14 16:30:15,379  INFO  EPOCH 275 | Validation MSE: G1: 0.00065980, G2: 0.00070139, G3: 0.00050156 
2025-04-14 16:30:16,629  INFO  EPOCH 276 | Validation MSE: G1: 0.00065754, G2: 0.00069361, G3: 0.00050110 
2025-04-14 16:30:17,928  INFO  EPOCH 277 | Validation MSE: G1: 0.00065518, G2: 0.00071401, G3: 0.00047984 
2025-04-14 16:30:19,223  INFO  EPOCH 278 | Validation MSE: G1: 0.00065311, G2: 0.00070408, G3: 0.00055542 
2025-04-14 16:30:20,748  INFO  EPOCH 279 | Validation MSE: G1: 0.00065111, G2: 0.00081530, G3: 0.00056808 
2025-04-14 16:30:22,304  INFO  EPOCH 280 | Validation MSE: G1: 0.00064895, G2: 0.00075379, G3: 0.00045737 
2025-04-14 16:30:23,797  INFO  == Cross finetune Epoch [1/10000]: G3: Validation MSE 0.00051075
2025-04-14 16:30:23,834  INFO  == Cross finetune Epoch [2/10000]: G3: Validation MSE 0.00051092
2025-04-14 16:30:23,864  INFO  == Cross finetune Epoch [3/10000]: G3: Validation MSE 0.00050688
2025-04-14 16:30:23,899  INFO  == Cross finetune Epoch [4/10000]: G3: Validation MSE 0.00050393
2025-04-14 16:30:23,925  INFO  == Cross finetune Epoch [5/10000]: G3: Validation MSE 0.00049871
2025-04-14 16:30:23,925  INFO  EPOCH 281 | Validation MSE: G1: 0.00064673, G2: 0.00069571, G3: 0.00050900 
2025-04-14 16:30:25,392  INFO  EPOCH 282 | Validation MSE: G1: 0.00064461, G2: 0.00143497, G3: 0.00053060 
2025-04-14 16:30:26,701  INFO  EPOCH 283 | Validation MSE: G1: 0.00064267, G2: 0.00081932, G3: 0.00059001 
2025-04-14 16:30:28,095  INFO  EPOCH 284 | Validation MSE: G1: 0.00064070, G2: 0.00070518, G3: 0.00053607 
2025-04-14 16:30:29,412  INFO  EPOCH 285 | Validation MSE: G1: 0.00063886, G2: 0.00068164, G3: 0.00055134 
2025-04-14 16:30:30,608  INFO  EPOCH 286 | Validation MSE: G1: 0.00063686, G2: 0.00071069, G3: 0.00061702 
2025-04-14 16:30:32,035  INFO  EPOCH 287 | Validation MSE: G1: 0.00063497, G2: 0.00074828, G3: 0.00048090 
2025-04-14 16:30:33,366  INFO  EPOCH 288 | Validation MSE: G1: 0.00063267, G2: 0.00069955, G3: 0.00042718 
2025-04-14 16:30:34,714  INFO  EPOCH 289 | Validation MSE: G1: 0.00063078, G2: 0.00071639, G3: 0.00050231 
2025-04-14 16:30:36,137  INFO  EPOCH 290 | Validation MSE: G1: 0.00062891, G2: 0.00069503, G3: 0.00054405 
2025-04-14 16:30:37,633  INFO  == Cross finetune Epoch [1/10000]: G3: Validation MSE 0.00051153
2025-04-14 16:30:37,657  INFO  == Cross finetune Epoch [2/10000]: G3: Validation MSE 0.00051058
2025-04-14 16:30:37,688  INFO  == Cross finetune Epoch [3/10000]: G3: Validation MSE 0.00050904
2025-04-14 16:30:37,718  INFO  == Cross finetune Epoch [4/10000]: G3: Validation MSE 0.00050872
2025-04-14 16:30:37,741  INFO  == Cross finetune Epoch [5/10000]: G3: Validation MSE 0.00050568
2025-04-14 16:30:37,742  INFO  EPOCH 291 | Validation MSE: G1: 0.00062713, G2: 0.00070218, G3: 0.00051097 
2025-04-14 16:30:39,341  INFO  EPOCH 292 | Validation MSE: G1: 0.00062536, G2: 0.00089634, G3: 0.00048430 
2025-04-14 16:30:40,756  INFO  EPOCH 293 | Validation MSE: G1: 0.00062371, G2: 0.00068414, G3: 0.00047209 
2025-04-14 16:30:42,070  INFO  EPOCH 294 | Validation MSE: G1: 0.00062179, G2: 0.00068138, G3: 0.00056033 
2025-04-14 16:30:43,462  INFO  EPOCH 295 | Validation MSE: G1: 0.00061989, G2: 0.00069439, G3: 0.00054095 
2025-04-14 16:30:44,752  INFO  EPOCH 296 | Validation MSE: G1: 0.00061815, G2: 0.00071874, G3: 0.00054432 
2025-04-14 16:30:46,069  INFO  EPOCH 297 | Validation MSE: G1: 0.00061639, G2: 0.00073593, G3: 0.00050351 
2025-04-14 16:30:47,282  INFO  EPOCH 298 | Validation MSE: G1: 0.00061448, G2: 0.00069233, G3: 0.00048720 
2025-04-14 16:30:48,646  INFO  EPOCH 299 | Validation MSE: G1: 0.00061269, G2: 0.00068339, G3: 0.00046851 
2025-04-14 16:30:50,001  INFO  EPOCH 300 | Validation MSE: G1: 0.00061071, G2: 0.00074966, G3: 0.00047546 
2025-04-14 16:30:51,539  INFO  == Cross finetune Epoch [1/10000]: G3: Validation MSE 0.00046235
2025-04-14 16:30:51,570  INFO  == Cross finetune Epoch [2/10000]: G3: Validation MSE 0.00045662
2025-04-14 16:30:51,609  INFO  == Cross finetune Epoch [3/10000]: G3: Validation MSE 0.00044961
2025-04-14 16:30:51,642  INFO  == Cross finetune Epoch [4/10000]: G3: Validation MSE 0.00044456
2025-04-14 16:30:51,664  INFO  == Cross finetune Epoch [5/10000]: G3: Validation MSE 0.00043957
2025-04-14 16:30:51,665  INFO  EPOCH 301 | Validation MSE: G1: 0.00060904, G2: 0.00068301, G3: 0.00047090 
2025-04-14 16:30:53,085  INFO  EPOCH 302 | Validation MSE: G1: 0.00060723, G2: 0.00087177, G3: 0.00043679 
2025-04-14 16:30:54,472  INFO  EPOCH 303 | Validation MSE: G1: 0.00060553, G2: 0.00069390, G3: 0.00053998 
2025-04-14 16:30:55,870  INFO  EPOCH 304 | Validation MSE: G1: 0.00060375, G2: 0.00068744, G3: 0.00053659 
2025-04-14 16:30:57,286  INFO  EPOCH 305 | Validation MSE: G1: 0.00060213, G2: 0.00068352, G3: 0.00052160 
2025-04-14 16:30:58,642  INFO  EPOCH 306 | Validation MSE: G1: 0.00060022, G2: 0.00068664, G3: 0.00061637 
2025-04-14 16:31:00,022  INFO  EPOCH 307 | Validation MSE: G1: 0.00059853, G2: 0.00068983, G3: 0.00053461 
2025-04-14 16:31:01,349  INFO  EPOCH 308 | Validation MSE: G1: 0.00059671, G2: 0.00069774, G3: 0.00054111 
2025-04-14 16:31:02,662  INFO  EPOCH 309 | Validation MSE: G1: 0.00059524, G2: 0.00078691, G3: 0.00059904 
2025-04-14 16:31:03,792  INFO  G1 best epoch: 36
2025-04-14 16:31:03,792  INFO  G2 best epoch: 294
2025-04-14 16:31:03,793  INFO  G3 best epoch: 26
