2025-04-15 17:28:28,504  INFO  ARGS = {
  "notes": "回测300股指自回归",
  "data_path": "database/processed_300股指_day.csv",
  "output_dir": "out_put/multi",
  "ckpt_dir": "ckpt",
  "feature_columns": [
    1
  ],
  "target_columns": [
    [
      1
    ]
  ],
  "start_timestamp": 1710,
  "end_timestamp": -1,
  "window_sizes": [
    5,
    10,
    15
  ],
  "N_pairs": 3,
  "num_classes": 3,
  "generators": [
    "gru",
    "lstm",
    "transformer"
  ],
  "discriminators": null,
  "distill_epochs": 1,
  "cross_finetune_epochs": 10,
  "device": [
    0
  ],
  "num_epochs": 10000,
  "lr": 2e-05,
  "batch_size": 64,
  "train_split": 0.7,
  "random_seed": 3407,
  "amp_dtype": "none",
  "mode": "train",
  "ckpt_path": "lastest"
}
2025-04-15 17:28:29,874  INFO  Start cross finetune!  G3 with D1
2025-04-15 17:28:30,166  INFO  == Cross finetune Epoch [1/10000]: G3: Validation MSE 0.00059904
2025-04-15 17:28:30,432  INFO  == Cross finetune Epoch [2/10000]: G3: Validation MSE 0.00103930
2025-04-15 17:28:30,669  INFO  == Cross finetune Epoch [3/10000]: G3: Validation MSE 0.00098176
2025-04-15 17:28:30,899  INFO  == Cross finetune Epoch [4/10000]: G3: Validation MSE 0.00097460
2025-04-15 17:28:31,152  INFO  == Cross finetune Epoch [5/10000]: G3: Validation MSE 0.00054283
2025-04-15 17:28:31,436  INFO  == Cross finetune Epoch [6/10000]: G3: Validation MSE 0.00083112
2025-04-15 17:28:31,680  INFO  == Cross finetune Epoch [7/10000]: G3: Validation MSE 0.00115052
2025-04-15 17:28:31,918  INFO  == Cross finetune Epoch [8/10000]: G3: Validation MSE 0.00060700
2025-04-15 17:28:32,146  INFO  == Cross finetune Epoch [9/10000]: G3: Validation MSE 0.00076533
2025-04-15 17:28:32,375  INFO  == Cross finetune Epoch [10/10000]: G3: Validation MSE 0.00050355
2025-04-15 17:28:32,375  INFO  EPOCH 1 | Validation MSE: G1: 0.14310372, G2: 0.02120107, G3: 0.01679382 
2025-04-15 17:28:33,165  INFO  EPOCH 2 | Validation MSE: G1: 0.13595027, G2: 0.01996015, G3: 0.00084847 
2025-04-15 17:28:33,966  INFO  EPOCH 3 | Validation MSE: G1: 0.12899278, G2: 0.01878441, G3: 0.00193242 
2025-04-15 17:28:34,825  INFO  EPOCH 4 | Validation MSE: G1: 0.12215730, G2: 0.01766977, G3: 0.00099469 
2025-04-15 17:28:35,693  INFO  EPOCH 5 | Validation MSE: G1: 0.11540637, G2: 0.01660275, G3: 0.00210116 
2025-04-15 17:28:36,747  INFO  EPOCH 6 | Validation MSE: G1: 0.10867929, G2: 0.01558974, G3: 0.00093019 
2025-04-15 17:28:37,526  INFO  EPOCH 7 | Validation MSE: G1: 0.10194437, G2: 0.01462957, G3: 0.00066034 
2025-04-15 17:28:38,310  INFO  EPOCH 8 | Validation MSE: G1: 0.09514562, G2: 0.01371690, G3: 0.00080989 
2025-04-15 17:28:39,109  INFO  EPOCH 9 | Validation MSE: G1: 0.08824659, G2: 0.01285136, G3: 0.00048561 
2025-04-15 17:28:39,886  INFO  EPOCH 10 | Validation MSE: G1: 0.08127460, G2: 0.01204473, G3: 0.00089082 
2025-04-15 17:28:40,710  INFO  Start cross finetune!  G3 with D1
2025-04-15 17:28:40,942  INFO  == Cross finetune Epoch [1/10000]: G3: Validation MSE 0.00052979
2025-04-15 17:28:41,164  INFO  == Cross finetune Epoch [2/10000]: G3: Validation MSE 0.00104351
2025-04-15 17:28:41,419  INFO  == Cross finetune Epoch [3/10000]: G3: Validation MSE 0.00047260
2025-04-15 17:28:41,675  INFO  == Cross finetune Epoch [4/10000]: G3: Validation MSE 0.00046687
2025-04-15 17:28:41,947  INFO  == Cross finetune Epoch [5/10000]: G3: Validation MSE 0.00048109
2025-04-15 17:28:42,206  INFO  == Cross finetune Epoch [6/10000]: G3: Validation MSE 0.00054348
2025-04-15 17:28:42,465  INFO  == Cross finetune Epoch [7/10000]: G3: Validation MSE 0.00055759
2025-04-15 17:28:42,709  INFO  == Cross finetune Epoch [8/10000]: G3: Validation MSE 0.00153007
2025-04-15 17:28:42,955  INFO  == Cross finetune Epoch [9/10000]: G3: Validation MSE 0.00049198
2025-04-15 17:28:43,201  INFO  == Cross finetune Epoch [10/10000]: G3: Validation MSE 0.00047464
2025-04-15 17:28:43,201  INFO  EPOCH 11 | Validation MSE: G1: 0.07422770, G2: 0.01129951, G3: 0.00049371 
2025-04-15 17:28:44,043  INFO  EPOCH 12 | Validation MSE: G1: 0.06704430, G2: 0.01061349, G3: 0.00075351 
2025-04-15 17:28:44,828  INFO  EPOCH 13 | Validation MSE: G1: 0.05979151, G2: 0.01000827, G3: 0.00057133 
2025-04-15 17:28:45,656  INFO  EPOCH 14 | Validation MSE: G1: 0.05252399, G2: 0.00950218, G3: 0.00057305 
2025-04-15 17:28:46,493  INFO  EPOCH 15 | Validation MSE: G1: 0.04527195, G2: 0.00911792, G3: 0.00097140 
2025-04-15 17:28:47,409  INFO  EPOCH 16 | Validation MSE: G1: 0.03811316, G2: 0.00886993, G3: 0.00047410 
2025-04-15 17:28:48,244  INFO  EPOCH 17 | Validation MSE: G1: 0.03124900, G2: 0.00880950, G3: 0.00054287 
2025-04-15 17:28:49,079  INFO  EPOCH 18 | Validation MSE: G1: 0.02472117, G2: 0.00899685, G3: 0.00048750 
2025-04-15 17:28:49,919  INFO  EPOCH 19 | Validation MSE: G1: 0.01886469, G2: 0.00950161, G3: 0.00055644 
2025-04-15 17:28:50,782  INFO  EPOCH 20 | Validation MSE: G1: 0.01386559, G2: 0.01043495, G3: 0.00050122 
2025-04-15 17:28:51,586  INFO  Start cross finetune!  G3 with D1
2025-04-15 17:28:51,826  INFO  == Cross finetune Epoch [1/10000]: G3: Validation MSE 0.00061454
2025-04-15 17:28:52,096  INFO  == Cross finetune Epoch [2/10000]: G3: Validation MSE 0.00089765
2025-04-15 17:28:52,357  INFO  == Cross finetune Epoch [3/10000]: G3: Validation MSE 0.00046541
2025-04-15 17:28:52,616  INFO  == Cross finetune Epoch [4/10000]: G3: Validation MSE 0.00047248
2025-04-15 17:28:52,872  INFO  == Cross finetune Epoch [5/10000]: G3: Validation MSE 0.00051220
2025-04-15 17:28:53,132  INFO  == Cross finetune Epoch [6/10000]: G3: Validation MSE 0.00084664
2025-04-15 17:28:53,392  INFO  == Cross finetune Epoch [7/10000]: G3: Validation MSE 0.00045860
2025-04-15 17:28:53,651  INFO  == Cross finetune Epoch [8/10000]: G3: Validation MSE 0.00048487
2025-04-15 17:28:53,911  INFO  == Cross finetune Epoch [9/10000]: G3: Validation MSE 0.00046969
2025-04-15 17:28:54,169  INFO  == Cross finetune Epoch [10/10000]: G3: Validation MSE 0.00065840
2025-04-15 17:28:54,169  INFO  EPOCH 21 | Validation MSE: G1: 0.01003895, G2: 0.01193969, G3: 0.00099090 
2025-04-15 17:28:55,269  INFO  EPOCH 22 | Validation MSE: G1: 0.00765121, G2: 0.01420905, G3: 0.00045134 
2025-04-15 17:28:56,615  INFO  EPOCH 23 | Validation MSE: G1: 0.00700247, G2: 0.01753911, G3: 0.00051146 
2025-04-15 17:28:57,682  INFO  EPOCH 24 | Validation MSE: G1: 0.00834137, G2: 0.02224466, G3: 0.00047991 
2025-04-15 17:28:58,839  INFO  EPOCH 25 | Validation MSE: G1: 0.01170103, G2: 0.02868368, G3: 0.00125101 
2025-04-15 17:28:59,961  INFO  EPOCH 26 | Validation MSE: G1: 0.01697154, G2: 0.03734938, G3: 0.00057315 
2025-04-15 17:29:01,094  INFO  EPOCH 27 | Validation MSE: G1: 0.02378436, G2: 0.04870273, G3: 0.00047113 
2025-04-15 17:29:02,137  INFO  EPOCH 28 | Validation MSE: G1: 0.03163849, G2: 0.06292431, G3: 0.00045103 
2025-04-15 17:29:03,166  INFO  EPOCH 29 | Validation MSE: G1: 0.03932356, G2: 0.07821172, G3: 0.00063286 
2025-04-15 17:29:04,190  INFO  EPOCH 30 | Validation MSE: G1: 0.04622068, G2: 0.09295791, G3: 0.00063443 
2025-04-15 17:29:05,182  INFO  Start cross finetune!  G3 with D1
2025-04-15 17:29:05,470  INFO  == Cross finetune Epoch [1/10000]: G3: Validation MSE 0.00054554
2025-04-15 17:29:05,736  INFO  == Cross finetune Epoch [2/10000]: G3: Validation MSE 0.00083167
2025-04-15 17:29:06,013  INFO  == Cross finetune Epoch [3/10000]: G3: Validation MSE 0.00045762
2025-04-15 17:29:06,361  INFO  == Cross finetune Epoch [4/10000]: G3: Validation MSE 0.00046959
2025-04-15 17:29:06,653  INFO  == Cross finetune Epoch [5/10000]: G3: Validation MSE 0.00104762
2025-04-15 17:29:06,929  INFO  == Cross finetune Epoch [6/10000]: G3: Validation MSE 0.00056869
2025-04-15 17:29:07,242  INFO  == Cross finetune Epoch [7/10000]: G3: Validation MSE 0.00073909
2025-04-15 17:29:07,562  INFO  == Cross finetune Epoch [8/10000]: G3: Validation MSE 0.00118570
2025-04-15 17:29:07,875  INFO  == Cross finetune Epoch [9/10000]: G3: Validation MSE 0.00046819
2025-04-15 17:29:08,192  INFO  == Cross finetune Epoch [10/10000]: G3: Validation MSE 0.00085697
2025-04-15 17:29:08,192  INFO  EPOCH 31 | Validation MSE: G1: 0.05169328, G2: 0.10446040, G3: 0.00044990 
2025-04-15 17:29:09,176  INFO  EPOCH 32 | Validation MSE: G1: 0.05533736, G2: 0.11107587, G3: 0.00048549 
2025-04-15 17:29:10,072  INFO  EPOCH 33 | Validation MSE: G1: 0.05825873, G2: 0.11651595, G3: 0.00053755 
2025-04-15 17:29:10,977  INFO  EPOCH 34 | Validation MSE: G1: 0.05957196, G2: 0.11867247, G3: 0.00045382 
2025-04-15 17:29:11,878  INFO  EPOCH 35 | Validation MSE: G1: 0.06004393, G2: 0.11871465, G3: 0.00052282 
2025-04-15 17:29:12,740  INFO  EPOCH 36 | Validation MSE: G1: 0.06012305, G2: 0.11873982, G3: 0.00046367 
2025-04-15 17:29:13,592  INFO  EPOCH 37 | Validation MSE: G1: 0.06002716, G2: 0.11894259, G3: 0.00049150 
2025-04-15 17:29:14,510  INFO  EPOCH 38 | Validation MSE: G1: 0.05888999, G2: 0.11887676, G3: 0.00068669 
2025-04-15 17:29:15,471  INFO  EPOCH 39 | Validation MSE: G1: 0.05921517, G2: 0.11925066, G3: 0.00051988 
2025-04-15 17:29:16,451  INFO  EPOCH 40 | Validation MSE: G1: 0.05842369, G2: 0.11938092, G3: 0.00045349 
2025-04-15 17:29:17,359  INFO  Start cross finetune!  G3 with D1
2025-04-15 17:29:17,626  INFO  == Cross finetune Epoch [1/10000]: G3: Validation MSE 0.00045626
2025-04-15 17:29:17,926  INFO  == Cross finetune Epoch [2/10000]: G3: Validation MSE 0.00046596
2025-04-15 17:29:18,230  INFO  == Cross finetune Epoch [3/10000]: G3: Validation MSE 0.00047405
2025-04-15 17:29:18,502  INFO  == Cross finetune Epoch [4/10000]: G3: Validation MSE 0.00044065
2025-04-15 17:29:18,773  INFO  == Cross finetune Epoch [5/10000]: G3: Validation MSE 0.00048300
2025-04-15 17:29:19,100  INFO  == Cross finetune Epoch [6/10000]: G3: Validation MSE 0.00051270
2025-04-15 17:29:19,373  INFO  == Cross finetune Epoch [7/10000]: G3: Validation MSE 0.00068276
2025-04-15 17:29:19,690  INFO  == Cross finetune Epoch [8/10000]: G3: Validation MSE 0.00061614
2025-04-15 17:29:19,970  INFO  == Cross finetune Epoch [9/10000]: G3: Validation MSE 0.00049184
2025-04-15 17:29:20,249  INFO  == Cross finetune Epoch [10/10000]: G3: Validation MSE 0.00071216
2025-04-15 17:29:20,249  INFO  EPOCH 41 | Validation MSE: G1: 0.05833480, G2: 0.11949302, G3: 0.00098865 
2025-04-15 17:29:21,232  INFO  EPOCH 42 | Validation MSE: G1: 0.05826075, G2: 0.11962426, G3: 0.00051972 
2025-04-15 17:29:22,193  INFO  EPOCH 43 | Validation MSE: G1: 0.05819802, G2: 0.11985996, G3: 0.00047631 
2025-04-15 17:29:23,164  INFO  EPOCH 44 | Validation MSE: G1: 0.05813009, G2: 0.12008696, G3: 0.00048534 
2025-04-15 17:29:24,084  INFO  EPOCH 45 | Validation MSE: G1: 0.05796834, G2: 0.12009262, G3: 0.00059136 
2025-04-15 17:29:24,967  INFO  EPOCH 46 | Validation MSE: G1: 0.05783323, G2: 0.12018607, G3: 0.00049802 
2025-04-15 17:29:25,925  INFO  EPOCH 47 | Validation MSE: G1: 0.05772550, G2: 0.12020367, G3: 0.00050551 
2025-04-15 17:29:26,795  INFO  EPOCH 48 | Validation MSE: G1: 0.05770035, G2: 0.12055180, G3: 0.00049423 
2025-04-15 17:29:27,620  INFO  EPOCH 49 | Validation MSE: G1: 0.05754776, G2: 0.12055646, G3: 0.00055122 
2025-04-15 17:29:28,452  INFO  EPOCH 50 | Validation MSE: G1: 0.05740286, G2: 0.12059674, G3: 0.00049100 
2025-04-15 17:29:29,366  INFO  Start cross finetune!  G3 with D1
2025-04-15 17:29:29,659  INFO  == Cross finetune Epoch [1/10000]: G3: Validation MSE 0.00051434
2025-04-15 17:29:30,022  INFO  == Cross finetune Epoch [2/10000]: G3: Validation MSE 0.00049192
2025-04-15 17:29:30,329  INFO  == Cross finetune Epoch [3/10000]: G3: Validation MSE 0.00047995
2025-04-15 17:29:30,626  INFO  == Cross finetune Epoch [4/10000]: G3: Validation MSE 0.00047520
2025-04-15 17:29:30,916  INFO  == Cross finetune Epoch [5/10000]: G3: Validation MSE 0.00047840
2025-04-15 17:29:31,224  INFO  == Cross finetune Epoch [6/10000]: G3: Validation MSE 0.00049531
2025-04-15 17:29:31,541  INFO  == Cross finetune Epoch [7/10000]: G3: Validation MSE 0.00048127
2025-04-15 17:29:31,842  INFO  == Cross finetune Epoch [8/10000]: G3: Validation MSE 0.00054895
2025-04-15 17:29:32,163  INFO  == Cross finetune Epoch [9/10000]: G3: Validation MSE 0.00053896
2025-04-15 17:29:32,476  INFO  == Cross finetune Epoch [10/10000]: G3: Validation MSE 0.00050322
2025-04-15 17:29:32,477  INFO  EPOCH 51 | Validation MSE: G1: 0.05731697, G2: 0.12079492, G3: 0.00050942 
2025-04-15 17:29:33,521  INFO  EPOCH 52 | Validation MSE: G1: 0.05719740, G2: 0.12079099, G3: 0.00053482 
2025-04-15 17:29:34,535  INFO  EPOCH 53 | Validation MSE: G1: 0.05709118, G2: 0.12080330, G3: 0.00046352 
2025-04-15 17:29:35,590  INFO  EPOCH 54 | Validation MSE: G1: 0.05702251, G2: 0.12083046, G3: 0.00046148 
2025-04-15 17:29:36,598  INFO  EPOCH 55 | Validation MSE: G1: 0.05685868, G2: 0.12082350, G3: 0.00056036 
2025-04-15 17:29:37,629  INFO  EPOCH 56 | Validation MSE: G1: 0.05674212, G2: 0.12084511, G3: 0.00045548 
2025-04-15 17:29:38,698  INFO  EPOCH 57 | Validation MSE: G1: 0.05664558, G2: 0.12086783, G3: 0.00047214 
2025-04-15 17:29:39,730  INFO  EPOCH 58 | Validation MSE: G1: 0.05663516, G2: 0.12087227, G3: 0.00047924 
2025-04-15 17:29:40,766  INFO  EPOCH 59 | Validation MSE: G1: 0.05661893, G2: 0.12088424, G3: 0.00046148 
2025-04-15 17:29:41,834  INFO  EPOCH 60 | Validation MSE: G1: 0.05660780, G2: 0.12089568, G3: 0.00049204 
2025-04-15 17:29:42,859  INFO  Start cross finetune!  G3 with D1
2025-04-15 17:29:43,152  INFO  == Cross finetune Epoch [1/10000]: G3: Validation MSE 0.00049006
2025-04-15 17:29:43,462  INFO  == Cross finetune Epoch [2/10000]: G3: Validation MSE 0.00046681
2025-04-15 17:29:43,757  INFO  == Cross finetune Epoch [3/10000]: G3: Validation MSE 0.00047428
2025-04-15 17:29:44,056  INFO  == Cross finetune Epoch [4/10000]: G3: Validation MSE 0.00047316
2025-04-15 17:29:44,354  INFO  == Cross finetune Epoch [5/10000]: G3: Validation MSE 0.00048366
2025-04-15 17:29:44,693  INFO  == Cross finetune Epoch [6/10000]: G3: Validation MSE 0.00050742
2025-04-15 17:29:45,031  INFO  == Cross finetune Epoch [7/10000]: G3: Validation MSE 0.00047709
2025-04-15 17:29:45,382  INFO  == Cross finetune Epoch [8/10000]: G3: Validation MSE 0.00046718
2025-04-15 17:29:45,708  INFO  == Cross finetune Epoch [9/10000]: G3: Validation MSE 0.00052755
2025-04-15 17:29:46,032  INFO  == Cross finetune Epoch [10/10000]: G3: Validation MSE 0.00047328
2025-04-15 17:29:46,032  INFO  EPOCH 61 | Validation MSE: G1: 0.05660331, G2: 0.12092053, G3: 0.00052886 
2025-04-15 17:29:47,175  INFO  EPOCH 62 | Validation MSE: G1: 0.05658744, G2: 0.12092757, G3: 0.00052916 
2025-04-15 17:29:48,331  INFO  EPOCH 63 | Validation MSE: G1: 0.05657923, G2: 0.12095936, G3: 0.00047826 
2025-04-15 17:29:49,450  INFO  EPOCH 64 | Validation MSE: G1: 0.05656318, G2: 0.12096702, G3: 0.00048991 
2025-04-15 17:29:50,524  INFO  EPOCH 65 | Validation MSE: G1: 0.05655055, G2: 0.12098531, G3: 0.00054453 
2025-04-15 17:29:51,550  INFO  EPOCH 66 | Validation MSE: G1: 0.05653458, G2: 0.12098780, G3: 0.00052282 
2025-04-15 17:29:52,535  INFO  EPOCH 67 | Validation MSE: G1: 0.05652627, G2: 0.12101193, G3: 0.00049870 
2025-04-15 17:29:53,570  INFO  EPOCH 68 | Validation MSE: G1: 0.05651272, G2: 0.12103758, G3: 0.00048748 
2025-04-15 17:29:54,620  INFO  EPOCH 69 | Validation MSE: G1: 0.05649176, G2: 0.12103611, G3: 0.00047664 
2025-04-15 17:29:55,713  INFO  EPOCH 70 | Validation MSE: G1: 0.05648280, G2: 0.12104958, G3: 0.00047439 
2025-04-15 17:29:56,709  INFO  Start cross finetune!  G3 with D1
2025-04-15 17:29:57,012  INFO  == Cross finetune Epoch [1/10000]: G3: Validation MSE 0.00047588
2025-04-15 17:29:57,302  INFO  == Cross finetune Epoch [2/10000]: G3: Validation MSE 0.00047852
2025-04-15 17:29:57,611  INFO  == Cross finetune Epoch [3/10000]: G3: Validation MSE 0.00048095
2025-04-15 17:29:57,892  INFO  == Cross finetune Epoch [4/10000]: G3: Validation MSE 0.00048843
2025-04-15 17:29:58,204  INFO  == Cross finetune Epoch [5/10000]: G3: Validation MSE 0.00048588
2025-04-15 17:29:58,540  INFO  == Cross finetune Epoch [6/10000]: G3: Validation MSE 0.00048743
2025-04-15 17:29:58,838  INFO  == Cross finetune Epoch [7/10000]: G3: Validation MSE 0.00047931
2025-04-15 17:29:59,180  INFO  == Cross finetune Epoch [8/10000]: G3: Validation MSE 0.00047809
2025-04-15 17:29:59,543  INFO  == Cross finetune Epoch [9/10000]: G3: Validation MSE 0.00049286
2025-04-15 17:29:59,887  INFO  == Cross finetune Epoch [10/10000]: G3: Validation MSE 0.00049581
2025-04-15 17:29:59,887  INFO  EPOCH 71 | Validation MSE: G1: 0.05646286, G2: 0.12104946, G3: 0.00047452 
2025-04-15 17:30:03,620  INFO  G1 best epoch: 23
2025-04-15 17:30:03,621  INFO  G2 best epoch: 17
2025-04-15 17:30:03,621  INFO  G3 best epoch: 71
2025-04-15 17:30:04,249  INFO  Train Metrics for G1: MSE=570655.9078, MAE=595.7255, RMSE=755.4177, MAPE=12.6636
2025-04-15 17:30:04,884  INFO  Train Metrics for G2: MSE=758082.1797, MAE=691.7766, RMSE=870.6791, MAPE=14.7313
2025-04-15 17:30:05,695  INFO  Train Metrics for G3: MSE=3967.2401, MAE=46.0031, RMSE=62.9860, MAPE=1.0567
2025-04-15 17:30:06,294  INFO  Test Metrics for G1: MSE=55512.7777, MAE=205.1072, RMSE=235.6115, MAPE=5.6867
2025-04-15 17:30:06,935  INFO  Test Metrics for G2: MSE=69838.2210, MAE=230.3777, RMSE=264.2692, MAPE=6.3559
2025-04-15 17:30:07,635  INFO  Test Metrics for G3: MSE=3930.5534, MAE=40.6671, RMSE=62.6941, MAPE=1.1246
