2025-04-15 10:39:23,242  INFO  ARGS = {
  "notes": "实现了判断也在GAN中，试试看",
  "data_path": "database/process_工商银行.csv",
  "output_dir": "out_put/multi",
  "ckpt_dir": "ckpt",
  "feature_columns": [
    2,
    3,
    4,
    5,
    6,
    7,
    8,
    9,
    10,
    11,
    12,
    13,
    14,
    15,
    16,
    17,
    18,
    19,
    20,
    21,
    22,
    23,
    1
  ],
  "target_columns": [
    [
      1
    ]
  ],
  "start_timestamp": 1,
  "end_timestamp": 2400,
  "window_sizes": [
    5,
    10,
    15
  ],
  "N_pairs": 3,
  "num_classes": 3,
  "generators": [
    "gru",
    "lstm",
    "transformer"
  ],
  "discriminators": null,
  "distill": true,
  "cross_finetune": true,
  "device": [
    0
  ],
  "num_epochs": 10000,
  "lr": 2e-05,
  "batch_size": 64,
  "train_split": 0.7,
  "random_seed": 3407,
  "mode": "train",
  "ckpt_path": "lastest"
}
2025-04-15 10:39:24,934  INFO  EPOCH 1 | Validation MSE: G1: 0.06845490, G2: 0.06927069, G3: 0.00986164 
2025-04-15 10:39:26,212  INFO  EPOCH 2 | Validation MSE: G1: 0.05091422, G2: 0.06212613, G3: 0.00409734 
2025-04-15 10:39:27,470  INFO  EPOCH 3 | Validation MSE: G1: 0.03654521, G2: 0.05556415, G3: 0.00263586 
2025-04-15 10:39:28,804  INFO  EPOCH 4 | Validation MSE: G1: 0.02535937, G2: 0.04945428, G3: 0.00153530 
2025-04-15 10:39:30,176  INFO  EPOCH 5 | Validation MSE: G1: 0.01729601, G2: 0.04376475, G3: 0.00113600 
2025-04-15 10:39:31,563  INFO  EPOCH 6 | Validation MSE: G1: 0.01248195, G2: 0.03840633, G3: 0.00135468 
2025-04-15 10:39:33,095  INFO  EPOCH 7 | Validation MSE: G1: 0.01022032, G2: 0.03370000, G3: 0.00111541 
2025-04-15 10:39:34,569  INFO  EPOCH 8 | Validation MSE: G1: 0.00962291, G2: 0.02945292, G3: 0.00071082 
2025-04-15 10:39:35,945  INFO  EPOCH 9 | Validation MSE: G1: 0.00959168, G2: 0.02605149, G3: 0.00147361 
2025-04-15 10:39:37,363  INFO  EPOCH 10 | Validation MSE: G1: 0.00958990, G2: 0.02347629, G3: 0.00125781 
2025-04-15 10:39:38,706  INFO  EPOCH 11 | Validation MSE: G1: 0.00908301, G2: 0.02213225, G3: 0.00074813 
2025-04-15 10:39:39,944  INFO  EPOCH 12 | Validation MSE: G1: 0.00838325, G2: 0.02191941, G3: 0.00044349 
2025-04-15 10:39:41,196  INFO  EPOCH 13 | Validation MSE: G1: 0.00780211, G2: 0.02268136, G3: 0.00048170 
2025-04-15 10:39:42,525  INFO  EPOCH 14 | Validation MSE: G1: 0.00717686, G2: 0.02370275, G3: 0.00045821 
2025-04-15 10:39:43,924  INFO  EPOCH 15 | Validation MSE: G1: 0.00657688, G2: 0.02443385, G3: 0.00039101 
2025-04-15 10:39:45,310  INFO  EPOCH 16 | Validation MSE: G1: 0.00594014, G2: 0.02476052, G3: 0.00043026 
2025-04-15 10:39:46,654  INFO  EPOCH 17 | Validation MSE: G1: 0.00528863, G2: 0.02424283, G3: 0.00035292 
2025-04-15 10:39:47,849  INFO  EPOCH 18 | Validation MSE: G1: 0.00477713, G2: 0.02354876, G3: 0.00039947 
2025-04-15 10:39:49,253  INFO  EPOCH 19 | Validation MSE: G1: 0.00436371, G2: 0.02226646, G3: 0.00037860 
2025-04-15 10:39:50,649  INFO  EPOCH 20 | Validation MSE: G1: 0.00385530, G2: 0.02056977, G3: 0.00046065 
2025-04-15 10:39:52,172  INFO  EPOCH 21 | Validation MSE: G1: 0.00347043, G2: 0.01878586, G3: 0.00031018 
2025-04-15 10:39:53,753  INFO  EPOCH 22 | Validation MSE: G1: 0.00303361, G2: 0.01689355, G3: 0.00036114 
2025-04-15 10:39:55,288  INFO  EPOCH 23 | Validation MSE: G1: 0.00265882, G2: 0.01544029, G3: 0.00043293 
2025-04-15 10:39:56,795  INFO  EPOCH 24 | Validation MSE: G1: 0.00229498, G2: 0.01419818, G3: 0.00031652 
2025-04-15 10:39:58,661  INFO  EPOCH 25 | Validation MSE: G1: 0.00209333, G2: 0.01352271, G3: 0.00052345 
2025-04-15 10:39:59,980  INFO  EPOCH 26 | Validation MSE: G1: 0.00183757, G2: 0.01200947, G3: 0.00030596 
2025-04-15 10:40:01,258  INFO  EPOCH 27 | Validation MSE: G1: 0.00158508, G2: 0.01096341, G3: 0.00031642 
2025-04-15 10:40:02,741  INFO  EPOCH 28 | Validation MSE: G1: 0.00141305, G2: 0.01011543, G3: 0.00039016 
2025-04-15 10:40:04,146  INFO  EPOCH 29 | Validation MSE: G1: 0.00123107, G2: 0.00942700, G3: 0.00043038 
2025-04-15 10:40:05,644  INFO  EPOCH 30 | Validation MSE: G1: 0.00108551, G2: 0.00818865, G3: 0.00052672 
2025-04-15 10:40:07,066  INFO  EPOCH 31 | Validation MSE: G1: 0.00106572, G2: 0.00768577, G3: 0.00044417 
2025-04-15 10:40:08,335  INFO  EPOCH 32 | Validation MSE: G1: 0.00087785, G2: 0.00658736, G3: 0.00038555 
2025-04-15 10:40:09,536  INFO  EPOCH 33 | Validation MSE: G1: 0.00082213, G2: 0.00592333, G3: 0.00067894 
2025-04-15 10:40:10,778  INFO  EPOCH 34 | Validation MSE: G1: 0.00076726, G2: 0.00501539, G3: 0.00037475 
2025-04-15 10:40:12,102  INFO  EPOCH 35 | Validation MSE: G1: 0.00073293, G2: 0.00464938, G3: 0.00033779 
2025-04-15 10:40:13,515  INFO  EPOCH 36 | Validation MSE: G1: 0.00066976, G2: 0.00402789, G3: 0.00049043 
2025-04-15 10:40:14,702  INFO  EPOCH 37 | Validation MSE: G1: 0.00062946, G2: 0.00343281, G3: 0.00041337 
2025-04-15 10:40:15,949  INFO  EPOCH 38 | Validation MSE: G1: 0.00064124, G2: 0.00348998, G3: 0.00046253 
2025-04-15 10:40:17,174  INFO  EPOCH 39 | Validation MSE: G1: 0.00060040, G2: 0.00271873, G3: 0.00068124 
2025-04-15 10:40:18,576  INFO  EPOCH 40 | Validation MSE: G1: 0.00058303, G2: 0.00248438, G3: 0.00085601 
2025-04-15 10:40:19,829  INFO  EPOCH 41 | Validation MSE: G1: 0.00058204, G2: 0.00258540, G3: 0.00049852 
2025-04-15 10:40:21,178  INFO  EPOCH 42 | Validation MSE: G1: 0.00053952, G2: 0.00207366, G3: 0.00046990 
2025-04-15 10:40:22,536  INFO  EPOCH 43 | Validation MSE: G1: 0.00053126, G2: 0.00215802, G3: 0.00070298 
2025-04-15 10:40:23,830  INFO  EPOCH 44 | Validation MSE: G1: 0.00052394, G2: 0.00194404, G3: 0.00045613 
2025-04-15 10:40:25,030  INFO  EPOCH 45 | Validation MSE: G1: 0.00050409, G2: 0.00175576, G3: 0.00041271 
2025-04-15 10:40:26,333  INFO  EPOCH 46 | Validation MSE: G1: 0.00049706, G2: 0.00165985, G3: 0.00049376 
2025-04-15 10:40:27,716  INFO  EPOCH 47 | Validation MSE: G1: 0.00048677, G2: 0.00156514, G3: 0.00050879 
2025-04-15 10:40:28,972  INFO  EPOCH 48 | Validation MSE: G1: 0.00047885, G2: 0.00152356, G3: 0.00042152 
2025-04-15 10:40:30,397  INFO  EPOCH 49 | Validation MSE: G1: 0.00048545, G2: 0.00160776, G3: 0.00050341 
2025-04-15 10:40:31,754  INFO  EPOCH 50 | Validation MSE: G1: 0.00048780, G2: 0.00154923, G3: 0.00042916 
2025-04-15 10:40:33,059  INFO  EPOCH 51 | Validation MSE: G1: 0.00046467, G2: 0.00143970, G3: 0.00049657 
2025-04-15 10:40:34,331  INFO  EPOCH 52 | Validation MSE: G1: 0.00046261, G2: 0.00143552, G3: 0.00051091 
2025-04-15 10:40:35,689  INFO  EPOCH 53 | Validation MSE: G1: 0.00046048, G2: 0.00137160, G3: 0.00053804 
2025-04-15 10:40:37,716  INFO  EPOCH 54 | Validation MSE: G1: 0.00045484, G2: 0.00135131, G3: 0.00042207 
2025-04-15 10:40:39,501  INFO  EPOCH 55 | Validation MSE: G1: 0.00046371, G2: 0.00138238, G3: 0.00045134 
2025-04-15 10:40:40,963  INFO  EPOCH 56 | Validation MSE: G1: 0.00044647, G2: 0.00132093, G3: 0.00045503 
2025-04-15 10:40:42,423  INFO  EPOCH 57 | Validation MSE: G1: 0.00044996, G2: 0.00133257, G3: 0.00045383 
2025-04-15 10:40:43,673  INFO  EPOCH 58 | Validation MSE: G1: 0.00044297, G2: 0.00131846, G3: 0.00043867 
2025-04-15 10:40:45,135  INFO  EPOCH 59 | Validation MSE: G1: 0.00044498, G2: 0.00143277, G3: 0.00044703 
2025-04-15 10:40:46,706  INFO  EPOCH 60 | Validation MSE: G1: 0.00043631, G2: 0.00119132, G3: 0.00043904 
2025-04-15 10:40:48,332  INFO  EPOCH 61 | Validation MSE: G1: 0.00044064, G2: 0.00151409, G3: 0.00045351 
2025-04-15 10:40:49,707  INFO  EPOCH 62 | Validation MSE: G1: 0.00043264, G2: 0.00128728, G3: 0.00044943 
2025-04-15 10:40:51,292  INFO  EPOCH 63 | Validation MSE: G1: 0.00043259, G2: 0.00124593, G3: 0.00044405 
2025-04-15 10:40:52,767  INFO  EPOCH 64 | Validation MSE: G1: 0.00042306, G2: 0.00123562, G3: 0.00045261 
2025-04-15 10:40:54,143  INFO  EPOCH 65 | Validation MSE: G1: 0.00043886, G2: 0.00118642, G3: 0.00044553 
2025-04-15 10:40:55,667  INFO  EPOCH 66 | Validation MSE: G1: 0.00041684, G2: 0.00119360, G3: 0.00044251 
2025-04-15 10:40:57,092  INFO  EPOCH 67 | Validation MSE: G1: 0.00043886, G2: 0.00121881, G3: 0.00042109 
2025-04-15 10:40:58,427  INFO  EPOCH 68 | Validation MSE: G1: 0.00041579, G2: 0.00111753, G3: 0.00042343 
2025-04-15 10:40:59,921  INFO  EPOCH 69 | Validation MSE: G1: 0.00040925, G2: 0.00113102, G3: 0.00042929 
2025-04-15 10:41:01,335  INFO  EPOCH 70 | Validation MSE: G1: 0.00041478, G2: 0.00113026, G3: 0.00043532 
2025-04-15 10:41:02,749  INFO  EPOCH 71 | Validation MSE: G1: 0.00040512, G2: 0.00117224, G3: 0.00043607 
2025-04-15 10:41:04,068  INFO  EPOCH 72 | Validation MSE: G1: 0.00040472, G2: 0.00108300, G3: 0.00043177 
2025-04-15 10:41:05,482  INFO  EPOCH 73 | Validation MSE: G1: 0.00039955, G2: 0.00106547, G3: 0.00042104 
2025-04-15 10:41:06,765  INFO  EPOCH 74 | Validation MSE: G1: 0.00040439, G2: 0.00114039, G3: 0.00041208 
2025-04-15 10:41:08,171  INFO  EPOCH 75 | Validation MSE: G1: 0.00039562, G2: 0.00100630, G3: 0.00041693 
2025-04-15 10:41:09,492  INFO  EPOCH 76 | Validation MSE: G1: 0.00039270, G2: 0.00111537, G3: 0.00041776 
2025-04-15 10:41:10,865  INFO  EPOCH 77 | Validation MSE: G1: 0.00039771, G2: 0.00107305, G3: 0.00043236 
2025-04-15 10:41:12,146  INFO  EPOCH 78 | Validation MSE: G1: 0.00038882, G2: 0.00100801, G3: 0.00043819 
2025-04-15 10:41:13,611  INFO  EPOCH 79 | Validation MSE: G1: 0.00038636, G2: 0.00100696, G3: 0.00043736 
2025-04-15 10:41:15,264  INFO  EPOCH 80 | Validation MSE: G1: 0.00039170, G2: 0.00098739, G3: 0.00044416 
2025-04-15 10:41:17,052  INFO  EPOCH 81 | Validation MSE: G1: 0.00038254, G2: 0.00099091, G3: 0.00044626 
2025-04-15 10:41:18,843  INFO  EPOCH 82 | Validation MSE: G1: 0.00039387, G2: 0.00101935, G3: 0.00044044 
2025-04-15 10:41:20,765  INFO  EPOCH 83 | Validation MSE: G1: 0.00038622, G2: 0.00105634, G3: 0.00044547 
2025-04-15 10:41:22,772  INFO  EPOCH 84 | Validation MSE: G1: 0.00038641, G2: 0.00097393, G3: 0.00045184 
2025-04-15 10:41:24,677  INFO  EPOCH 85 | Validation MSE: G1: 0.00038474, G2: 0.00098141, G3: 0.00045576 
2025-04-15 10:41:26,503  INFO  EPOCH 86 | Validation MSE: G1: 0.00040362, G2: 0.00097988, G3: 0.00044493 
2025-04-15 10:41:28,309  INFO  EPOCH 87 | Validation MSE: G1: 0.00038232, G2: 0.00092712, G3: 0.00043220 
2025-04-15 10:41:30,106  INFO  EPOCH 88 | Validation MSE: G1: 0.00037427, G2: 0.00095318, G3: 0.00043307 
2025-04-15 10:41:31,697  INFO  EPOCH 89 | Validation MSE: G1: 0.00038708, G2: 0.00089652, G3: 0.00042625 
2025-04-15 10:41:33,138  INFO  EPOCH 90 | Validation MSE: G1: 0.00037409, G2: 0.00090169, G3: 0.00041581 
2025-04-15 10:41:34,691  INFO  EPOCH 91 | Validation MSE: G1: 0.00036752, G2: 0.00091097, G3: 0.00041360 
2025-04-15 10:41:36,421  INFO  EPOCH 92 | Validation MSE: G1: 0.00037022, G2: 0.00089050, G3: 0.00041067 
2025-04-15 10:41:38,227  INFO  EPOCH 93 | Validation MSE: G1: 0.00036618, G2: 0.00090795, G3: 0.00041132 
2025-04-15 10:41:39,952  INFO  EPOCH 94 | Validation MSE: G1: 0.00036236, G2: 0.00088936, G3: 0.00040969 
2025-04-15 10:41:41,671  INFO  EPOCH 95 | Validation MSE: G1: 0.00037279, G2: 0.00085981, G3: 0.00040850 
2025-04-15 10:41:43,371  INFO  EPOCH 96 | Validation MSE: G1: 0.00037563, G2: 0.00090752, G3: 0.00040683 
2025-04-15 10:41:44,951  INFO  EPOCH 97 | Validation MSE: G1: 0.00037349, G2: 0.00083394, G3: 0.00040644 
2025-04-15 10:41:46,445  INFO  EPOCH 98 | Validation MSE: G1: 0.00036676, G2: 0.00103101, G3: 0.00040976 
2025-04-15 10:41:47,891  INFO  EPOCH 99 | Validation MSE: G1: 0.00035932, G2: 0.00083539, G3: 0.00040852 
2025-04-15 10:41:49,397  INFO  EPOCH 100 | Validation MSE: G1: 0.00035662, G2: 0.00081691, G3: 0.00040555 
2025-04-15 10:41:50,997  INFO  EPOCH 101 | Validation MSE: G1: 0.00035526, G2: 0.00085664, G3: 0.00040685 
2025-04-15 10:41:52,511  INFO  EPOCH 102 | Validation MSE: G1: 0.00035641, G2: 0.00078767, G3: 0.00040459 
2025-04-15 10:41:53,924  INFO  EPOCH 103 | Validation MSE: G1: 0.00035610, G2: 0.00079699, G3: 0.00040353 
2025-04-15 10:41:55,506  INFO  EPOCH 104 | Validation MSE: G1: 0.00036056, G2: 0.00087597, G3: 0.00040514 
2025-04-15 10:41:57,080  INFO  EPOCH 105 | Validation MSE: G1: 0.00036498, G2: 0.00077116, G3: 0.00040380 
2025-04-15 10:41:58,669  INFO  EPOCH 106 | Validation MSE: G1: 0.00035475, G2: 0.00076009, G3: 0.00040327 
2025-04-15 10:42:00,392  INFO  EPOCH 107 | Validation MSE: G1: 0.00035790, G2: 0.00080710, G3: 0.00040113 
2025-04-15 10:42:01,996  INFO  EPOCH 108 | Validation MSE: G1: 0.00034946, G2: 0.00077821, G3: 0.00040369 
2025-04-15 10:42:03,526  INFO  EPOCH 109 | Validation MSE: G1: 0.00035163, G2: 0.00073942, G3: 0.00040411 
2025-04-15 10:42:04,977  INFO  EPOCH 110 | Validation MSE: G1: 0.00035322, G2: 0.00078459, G3: 0.00040243 
2025-04-15 10:42:06,436  INFO  EPOCH 111 | Validation MSE: G1: 0.00037119, G2: 0.00078285, G3: 0.00039846 
2025-04-15 10:42:07,873  INFO  EPOCH 112 | Validation MSE: G1: 0.00034976, G2: 0.00071480, G3: 0.00040070 
2025-04-15 10:42:09,309  INFO  EPOCH 113 | Validation MSE: G1: 0.00036212, G2: 0.00072770, G3: 0.00040425 
2025-04-15 10:42:10,786  INFO  EPOCH 114 | Validation MSE: G1: 0.00035685, G2: 0.00069981, G3: 0.00040760 
2025-04-15 10:42:12,232  INFO  EPOCH 115 | Validation MSE: G1: 0.00034816, G2: 0.00069792, G3: 0.00040512 
2025-04-15 10:42:13,885  INFO  EPOCH 116 | Validation MSE: G1: 0.00034577, G2: 0.00069198, G3: 0.00040359 
2025-04-15 10:42:15,497  INFO  EPOCH 117 | Validation MSE: G1: 0.00034979, G2: 0.00068181, G3: 0.00040677 
2025-04-15 10:42:17,101  INFO  EPOCH 118 | Validation MSE: G1: 0.00036428, G2: 0.00078572, G3: 0.00040515 
2025-04-15 10:42:18,679  INFO  EPOCH 119 | Validation MSE: G1: 0.00034747, G2: 0.00069699, G3: 0.00041026 
2025-04-15 10:42:20,243  INFO  EPOCH 120 | Validation MSE: G1: 0.00034700, G2: 0.00068850, G3: 0.00040835 
2025-04-15 10:42:21,836  INFO  EPOCH 121 | Validation MSE: G1: 0.00036316, G2: 0.00073111, G3: 0.00040578 
2025-04-15 10:42:23,516  INFO  EPOCH 122 | Validation MSE: G1: 0.00035127, G2: 0.00066394, G3: 0.00040332 
2025-04-15 10:42:25,214  INFO  EPOCH 123 | Validation MSE: G1: 0.00034991, G2: 0.00065015, G3: 0.00039752 
2025-04-15 10:42:26,871  INFO  EPOCH 124 | Validation MSE: G1: 0.00037388, G2: 0.00066505, G3: 0.00039581 
2025-04-15 10:42:28,474  INFO  EPOCH 125 | Validation MSE: G1: 0.00037113, G2: 0.00064927, G3: 0.00039509 
2025-04-15 10:42:30,183  INFO  EPOCH 126 | Validation MSE: G1: 0.00035247, G2: 0.00063105, G3: 0.00039447 
2025-04-15 10:42:31,834  INFO  EPOCH 127 | Validation MSE: G1: 0.00035262, G2: 0.00064693, G3: 0.00039724 
2025-04-15 10:42:33,479  INFO  EPOCH 128 | Validation MSE: G1: 0.00035335, G2: 0.00063170, G3: 0.00040323 
2025-04-15 10:42:35,128  INFO  EPOCH 129 | Validation MSE: G1: 0.00035603, G2: 0.00062394, G3: 0.00040359 
2025-04-15 10:42:36,854  INFO  EPOCH 130 | Validation MSE: G1: 0.00035351, G2: 0.00066403, G3: 0.00040036 
2025-04-15 10:42:38,615  INFO  EPOCH 131 | Validation MSE: G1: 0.00035647, G2: 0.00063093, G3: 0.00039122 
2025-04-15 10:42:40,335  INFO  EPOCH 132 | Validation MSE: G1: 0.00035183, G2: 0.00062886, G3: 0.00039093 
2025-04-15 10:42:42,168  INFO  EPOCH 133 | Validation MSE: G1: 0.00034635, G2: 0.00061751, G3: 0.00039173 
2025-04-15 10:42:44,582  INFO  EPOCH 134 | Validation MSE: G1: 0.00034654, G2: 0.00060490, G3: 0.00038951 
2025-04-15 10:42:46,673  INFO  EPOCH 135 | Validation MSE: G1: 0.00034627, G2: 0.00060126, G3: 0.00038802 
2025-04-15 10:42:48,473  INFO  EPOCH 136 | Validation MSE: G1: 0.00034624, G2: 0.00059728, G3: 0.00038997 
2025-04-15 10:42:49,999  INFO  EPOCH 137 | Validation MSE: G1: 0.00034581, G2: 0.00061021, G3: 0.00039084 
2025-04-15 10:42:51,422  INFO  EPOCH 138 | Validation MSE: G1: 0.00034574, G2: 0.00060750, G3: 0.00038899 
2025-04-15 10:42:52,954  INFO  EPOCH 139 | Validation MSE: G1: 0.00034697, G2: 0.00058689, G3: 0.00038354 
2025-04-15 10:42:54,648  INFO  EPOCH 140 | Validation MSE: G1: 0.00034761, G2: 0.00060464, G3: 0.00038379 
2025-04-15 10:42:56,277  INFO  EPOCH 141 | Validation MSE: G1: 0.00034629, G2: 0.00059099, G3: 0.00038223 
2025-04-15 10:42:57,985  INFO  EPOCH 142 | Validation MSE: G1: 0.00034690, G2: 0.00056653, G3: 0.00038349 
2025-04-15 10:42:59,610  INFO  EPOCH 143 | Validation MSE: G1: 0.00034729, G2: 0.00056402, G3: 0.00038518 
2025-04-15 10:43:01,320  INFO  EPOCH 144 | Validation MSE: G1: 0.00034847, G2: 0.00057306, G3: 0.00038426 
2025-04-15 10:43:02,768  INFO  EPOCH 145 | Validation MSE: G1: 0.00034826, G2: 0.00058485, G3: 0.00038796 
2025-04-15 10:43:04,425  INFO  EPOCH 146 | Validation MSE: G1: 0.00034784, G2: 0.00056823, G3: 0.00039070 
2025-04-15 10:43:06,099  INFO  EPOCH 147 | Validation MSE: G1: 0.00034779, G2: 0.00054751, G3: 0.00038060 
2025-04-15 10:43:07,803  INFO  EPOCH 148 | Validation MSE: G1: 0.00034784, G2: 0.00055480, G3: 0.00037612 
2025-04-15 10:43:09,237  INFO  EPOCH 149 | Validation MSE: G1: 0.00034805, G2: 0.00054493, G3: 0.00037567 
2025-04-15 10:43:10,752  INFO  EPOCH 150 | Validation MSE: G1: 0.00035117, G2: 0.00054587, G3: 0.00037633 
2025-04-15 10:43:12,179  INFO  EPOCH 151 | Validation MSE: G1: 0.00035134, G2: 0.00054405, G3: 0.00037477 
2025-04-15 10:43:13,713  INFO  EPOCH 152 | Validation MSE: G1: 0.00035145, G2: 0.00054906, G3: 0.00037500 
2025-04-15 10:43:15,398  INFO  EPOCH 153 | Validation MSE: G1: 0.00035108, G2: 0.00053744, G3: 0.00037841 
2025-04-15 10:43:16,950  INFO  EPOCH 154 | Validation MSE: G1: 0.00035110, G2: 0.00052453, G3: 0.00037872 
2025-04-15 10:43:18,393  INFO  EPOCH 155 | Validation MSE: G1: 0.00035092, G2: 0.00052059, G3: 0.00037901 
2025-04-15 10:43:19,827  INFO  EPOCH 156 | Validation MSE: G1: 0.00035077, G2: 0.00052168, G3: 0.00037917 
2025-04-15 10:43:21,417  INFO  EPOCH 157 | Validation MSE: G1: 0.00035102, G2: 0.00052767, G3: 0.00037515 
2025-04-15 10:43:22,996  INFO  EPOCH 158 | Validation MSE: G1: 0.00035184, G2: 0.00054668, G3: 0.00037380 
2025-04-15 10:43:24,468  INFO  EPOCH 159 | Validation MSE: G1: 0.00035143, G2: 0.00055201, G3: 0.00037054 
2025-04-15 10:43:26,025  INFO  EPOCH 160 | Validation MSE: G1: 0.00035113, G2: 0.00052670, G3: 0.00036830 
2025-04-15 10:43:27,565  INFO  EPOCH 161 | Validation MSE: G1: 0.00035100, G2: 0.00051066, G3: 0.00036796 
2025-04-15 10:43:28,905  INFO  EPOCH 162 | Validation MSE: G1: 0.00035059, G2: 0.00050856, G3: 0.00036765 
2025-04-15 10:43:30,364  INFO  EPOCH 163 | Validation MSE: G1: 0.00035072, G2: 0.00051147, G3: 0.00036758 
2025-04-15 10:43:31,842  INFO  EPOCH 164 | Validation MSE: G1: 0.00035058, G2: 0.00050992, G3: 0.00036641 
2025-04-15 10:43:33,505  INFO  EPOCH 165 | Validation MSE: G1: 0.00035096, G2: 0.00052885, G3: 0.00036639 
2025-04-15 10:43:35,117  INFO  EPOCH 166 | Validation MSE: G1: 0.00035105, G2: 0.00050058, G3: 0.00036615 
2025-04-15 10:43:36,827  INFO  EPOCH 167 | Validation MSE: G1: 0.00035095, G2: 0.00050022, G3: 0.00036545 
2025-04-15 10:43:38,319  INFO  EPOCH 168 | Validation MSE: G1: 0.00035089, G2: 0.00049943, G3: 0.00036584 
2025-04-15 10:43:39,776  INFO  EPOCH 169 | Validation MSE: G1: 0.00035086, G2: 0.00049279, G3: 0.00036638 
2025-04-15 10:43:41,222  INFO  EPOCH 170 | Validation MSE: G1: 0.00035084, G2: 0.00049144, G3: 0.00036567 
2025-04-15 10:43:42,840  INFO  EPOCH 171 | Validation MSE: G1: 0.00035076, G2: 0.00048724, G3: 0.00036550 
2025-04-15 10:43:44,419  INFO  EPOCH 172 | Validation MSE: G1: 0.00035081, G2: 0.00049649, G3: 0.00036522 
2025-04-15 10:43:46,119  INFO  EPOCH 173 | Validation MSE: G1: 0.00035114, G2: 0.00047742, G3: 0.00036460 
2025-04-15 10:43:48,052  INFO  EPOCH 174 | Validation MSE: G1: 0.00035135, G2: 0.00050553, G3: 0.00036405 
2025-04-15 10:43:49,938  INFO  EPOCH 175 | Validation MSE: G1: 0.00035158, G2: 0.00047937, G3: 0.00036397 
2025-04-15 10:43:51,696  INFO  EPOCH 176 | Validation MSE: G1: 0.00035177, G2: 0.00048356, G3: 0.00036449 
2025-04-15 10:43:53,404  INFO  EPOCH 177 | Validation MSE: G1: 0.00035184, G2: 0.00048845, G3: 0.00036393 
2025-04-15 10:43:55,165  INFO  EPOCH 178 | Validation MSE: G1: 0.00035200, G2: 0.00047064, G3: 0.00036407 
2025-04-15 10:43:57,241  INFO  EPOCH 179 | Validation MSE: G1: 0.00035217, G2: 0.00049310, G3: 0.00036336 
2025-04-15 10:43:59,155  INFO  EPOCH 180 | Validation MSE: G1: 0.00035221, G2: 0.00049354, G3: 0.00036333 
2025-04-15 10:44:00,984  INFO  EPOCH 181 | Validation MSE: G1: 0.00035206, G2: 0.00051373, G3: 0.00036278 
2025-04-15 10:44:02,784  INFO  EPOCH 182 | Validation MSE: G1: 0.00035204, G2: 0.00046615, G3: 0.00036253 
2025-04-15 10:44:04,560  INFO  EPOCH 183 | Validation MSE: G1: 0.00035207, G2: 0.00046427, G3: 0.00036226 
2025-04-15 10:44:06,009  INFO  EPOCH 184 | Validation MSE: G1: 0.00035222, G2: 0.00046295, G3: 0.00036337 
2025-04-15 10:44:07,781  INFO  EPOCH 185 | Validation MSE: G1: 0.00035224, G2: 0.00045895, G3: 0.00036403 
2025-04-15 10:44:09,515  INFO  EPOCH 186 | Validation MSE: G1: 0.00035197, G2: 0.00057425, G3: 0.00036357 
2025-04-15 10:44:11,143  INFO  EPOCH 187 | Validation MSE: G1: 0.00035208, G2: 0.00046062, G3: 0.00036201 
2025-04-15 10:44:12,696  INFO  EPOCH 188 | Validation MSE: G1: 0.00035213, G2: 0.00046432, G3: 0.00036180 
2025-04-15 10:44:14,086  INFO  EPOCH 189 | Validation MSE: G1: 0.00035211, G2: 0.00046773, G3: 0.00036147 
2025-04-15 10:44:15,624  INFO  EPOCH 190 | Validation MSE: G1: 0.00035209, G2: 0.00049278, G3: 0.00036182 
2025-04-15 10:44:16,999  INFO  EPOCH 191 | Validation MSE: G1: 0.00035232, G2: 0.00046135, G3: 0.00036213 
2025-04-15 10:44:18,542  INFO  EPOCH 192 | Validation MSE: G1: 0.00035235, G2: 0.00051206, G3: 0.00036135 
2025-04-15 10:44:20,206  INFO  EPOCH 193 | Validation MSE: G1: 0.00035272, G2: 0.00045857, G3: 0.00036426 
2025-04-15 10:44:21,787  INFO  EPOCH 194 | Validation MSE: G1: 0.00035309, G2: 0.00045762, G3: 0.00036702 
2025-04-15 10:44:23,280  INFO  EPOCH 195 | Validation MSE: G1: 0.00035350, G2: 0.00046172, G3: 0.00036500 
2025-04-15 10:44:24,810  INFO  EPOCH 196 | Validation MSE: G1: 0.00035366, G2: 0.00047485, G3: 0.00036327 
2025-04-15 10:44:26,195  INFO  EPOCH 197 | Validation MSE: G1: 0.00035373, G2: 0.00048103, G3: 0.00036300 
2025-04-15 10:44:27,583  INFO  EPOCH 198 | Validation MSE: G1: 0.00035378, G2: 0.00045347, G3: 0.00036020 
2025-04-15 10:44:28,966  INFO  EPOCH 199 | Validation MSE: G1: 0.00035374, G2: 0.00046633, G3: 0.00035979 
2025-04-15 10:44:30,412  INFO  EPOCH 200 | Validation MSE: G1: 0.00035403, G2: 0.00044992, G3: 0.00036318 
2025-04-15 10:44:31,945  INFO  EPOCH 201 | Validation MSE: G1: 0.00035417, G2: 0.00044988, G3: 0.00036165 
2025-04-15 10:44:33,514  INFO  EPOCH 202 | Validation MSE: G1: 0.00035422, G2: 0.00046768, G3: 0.00036030 
2025-04-15 10:44:34,817  INFO  EPOCH 203 | Validation MSE: G1: 0.00035408, G2: 0.00052620, G3: 0.00036063 
2025-04-15 10:44:36,181  INFO  EPOCH 204 | Validation MSE: G1: 0.00035441, G2: 0.00045390, G3: 0.00036063 
2025-04-15 10:44:37,600  INFO  EPOCH 205 | Validation MSE: G1: 0.00035476, G2: 0.00044986, G3: 0.00036047 
2025-04-15 10:44:38,922  INFO  EPOCH 206 | Validation MSE: G1: 0.00035488, G2: 0.00045533, G3: 0.00036084 
2025-04-15 10:44:40,229  INFO  EPOCH 207 | Validation MSE: G1: 0.00035519, G2: 0.00044842, G3: 0.00036055 
2025-04-15 10:44:41,866  INFO  EPOCH 208 | Validation MSE: G1: 0.00035527, G2: 0.00045689, G3: 0.00036051 
2025-04-15 10:44:43,509  INFO  EPOCH 209 | Validation MSE: G1: 0.00035543, G2: 0.00046205, G3: 0.00036060 
2025-04-15 10:44:45,198  INFO  EPOCH 210 | Validation MSE: G1: 0.00035543, G2: 0.00045462, G3: 0.00036158 
2025-04-15 10:44:46,878  INFO  EPOCH 211 | Validation MSE: G1: 0.00035543, G2: 0.00045303, G3: 0.00036187 
2025-04-15 10:44:48,337  INFO  EPOCH 212 | Validation MSE: G1: 0.00035568, G2: 0.00047317, G3: 0.00036160 
2025-04-15 10:44:49,784  INFO  EPOCH 213 | Validation MSE: G1: 0.00035606, G2: 0.00050167, G3: 0.00036541 
2025-04-15 10:44:51,339  INFO  EPOCH 214 | Validation MSE: G1: 0.00035649, G2: 0.00046592, G3: 0.00036555 
2025-04-15 10:44:52,845  INFO  EPOCH 215 | Validation MSE: G1: 0.00035659, G2: 0.00045872, G3: 0.00036315 
2025-04-15 10:44:54,332  INFO  EPOCH 216 | Validation MSE: G1: 0.00035684, G2: 0.00046613, G3: 0.00036126 
2025-04-15 10:44:56,004  INFO  EPOCH 217 | Validation MSE: G1: 0.00035703, G2: 0.00047289, G3: 0.00036107 
2025-04-15 10:44:57,648  INFO  EPOCH 218 | Validation MSE: G1: 0.00035733, G2: 0.00045709, G3: 0.00036103 
2025-04-15 10:44:59,310  INFO  EPOCH 219 | Validation MSE: G1: 0.00035752, G2: 0.00048240, G3: 0.00036112 
2025-04-15 10:45:01,014  INFO  EPOCH 220 | Validation MSE: G1: 0.00035767, G2: 0.00045690, G3: 0.00035959 
2025-04-15 10:45:02,659  INFO  EPOCH 221 | Validation MSE: G1: 0.00035787, G2: 0.00045993, G3: 0.00035964 
2025-04-15 10:45:04,751  INFO  EPOCH 222 | Validation MSE: G1: 0.00035831, G2: 0.00048496, G3: 0.00035980 
2025-04-15 10:45:06,206  INFO  G1 best epoch: 138
2025-04-15 10:45:06,207  INFO  G2 best epoch: 207
2025-04-15 10:45:06,207  INFO  G3 best epoch: 26
2025-04-15 10:45:06,432  INFO  Train Metrics for G1: MSE=0.0087, MAE=0.0623, RMSE=0.0932, MAPE=1.1904
2025-04-15 10:45:06,659  INFO  Train Metrics for G2: MSE=0.0112, MAE=0.0769, RMSE=0.1057, MAPE=1.4928
2025-04-15 10:45:06,931  INFO  Train Metrics for G3: MSE=0.0053, MAE=0.0515, RMSE=0.0729, MAPE=0.9892
2025-04-15 10:45:07,097  INFO  Test Metrics for G1: MSE=0.0046, MAE=0.0502, RMSE=0.0681, MAPE=1.0131
2025-04-15 10:45:07,258  INFO  Test Metrics for G2: MSE=0.0060, MAE=0.0587, RMSE=0.0775, MAPE=1.1920
2025-04-15 10:45:07,397  INFO  Test Metrics for G3: MSE=0.0041, MAE=0.0481, RMSE=0.0640, MAPE=0.9720
