2025-04-14 16:51:07,433  INFO  ARGS = {
  "notes": "消融看看不要distill和cross ft",
  "data_path": "database/process_工商银行.csv",
  "output_dir": "out_put/multi",
  "ckpt_dir": "ckpt",
  "feature_columns": [
    2,
    3,
    4,
    5,
    6,
    7,
    8,
    9,
    10,
    11,
    12,
    13,
    14,
    15,
    16,
    17,
    18,
    19,
    20,
    21,
    22,
    23,
    1
  ],
  "target_columns": [
    [
      1
    ]
  ],
  "start_timestamp": 1,
  "end_timestamp": 2400,
  "window_sizes": [
    5,
    10,
    15
  ],
  "N_pairs": 3,
  "generators": [
    "gru",
    "lstm",
    "transformer"
  ],
  "discriminators": null,
  "distill": false,
  "cross_finetune": false,
  "device": [
    0
  ],
  "num_epochs": 10000,
  "lr": 2e-05,
  "batch_size": 64,
  "train_split": 0.7,
  "random_seed": 3407,
  "mode": "train",
  "ckpt_path": "lastest"
}
2025-04-14 16:51:09,108  INFO  EPOCH 1 | Validation MSE: G1: 0.06864696, G2: 0.12163097, G3: 0.01151455 
2025-04-14 16:51:10,372  INFO  EPOCH 2 | Validation MSE: G1: 0.05112514, G2: 0.11144722, G3: 0.00387765 
2025-04-14 16:51:11,585  INFO  EPOCH 3 | Validation MSE: G1: 0.03650798, G2: 0.10164181, G3: 0.00139671 
2025-04-14 16:51:13,014  INFO  EPOCH 4 | Validation MSE: G1: 0.02532756, G2: 0.09232696, G3: 0.00136345 
2025-04-14 16:51:14,282  INFO  EPOCH 5 | Validation MSE: G1: 0.01744238, G2: 0.08328025, G3: 0.00115338 
2025-04-14 16:51:15,364  INFO  EPOCH 6 | Validation MSE: G1: 0.01271096, G2: 0.07430951, G3: 0.00108053 
2025-04-14 16:51:16,758  INFO  EPOCH 7 | Validation MSE: G1: 0.01035199, G2: 0.06519452, G3: 0.00081385 
2025-04-14 16:51:17,804  INFO  EPOCH 8 | Validation MSE: G1: 0.00956534, G2: 0.05603581, G3: 0.00071919 
2025-04-14 16:51:18,882  INFO  EPOCH 9 | Validation MSE: G1: 0.00930513, G2: 0.04716830, G3: 0.00050449 
2025-04-14 16:51:19,942  INFO  EPOCH 10 | Validation MSE: G1: 0.00904620, G2: 0.03853457, G3: 0.00054242 
2025-04-14 16:51:21,083  INFO  EPOCH 11 | Validation MSE: G1: 0.00877467, G2: 0.03110747, G3: 0.00044617 
2025-04-14 16:51:22,194  INFO  EPOCH 12 | Validation MSE: G1: 0.00824593, G2: 0.02600569, G3: 0.00052493 
2025-04-14 16:51:23,281  INFO  EPOCH 13 | Validation MSE: G1: 0.00777014, G2: 0.02409745, G3: 0.00052552 
2025-04-14 16:51:24,361  INFO  EPOCH 14 | Validation MSE: G1: 0.00727503, G2: 0.02552805, G3: 0.00031026 
2025-04-14 16:51:25,426  INFO  EPOCH 15 | Validation MSE: G1: 0.00665353, G2: 0.02802381, G3: 0.00045242 
2025-04-14 16:51:26,453  INFO  EPOCH 16 | Validation MSE: G1: 0.00601192, G2: 0.02990570, G3: 0.00031298 
2025-04-14 16:51:27,596  INFO  EPOCH 17 | Validation MSE: G1: 0.00538864, G2: 0.03058673, G3: 0.00050964 
2025-04-14 16:51:28,720  INFO  EPOCH 18 | Validation MSE: G1: 0.00499300, G2: 0.03150627, G3: 0.00049043 
2025-04-14 16:51:29,922  INFO  EPOCH 19 | Validation MSE: G1: 0.00441888, G2: 0.03025085, G3: 0.00028957 
2025-04-14 16:51:31,027  INFO  EPOCH 20 | Validation MSE: G1: 0.00391497, G2: 0.02917328, G3: 0.00044036 
2025-04-14 16:51:32,335  INFO  EPOCH 21 | Validation MSE: G1: 0.00351358, G2: 0.02833613, G3: 0.00026598 
2025-04-14 16:51:33,965  INFO  EPOCH 22 | Validation MSE: G1: 0.00309289, G2: 0.02692363, G3: 0.00042002 
2025-04-14 16:51:35,308  INFO  EPOCH 23 | Validation MSE: G1: 0.00269531, G2: 0.02559132, G3: 0.00047515 
2025-04-14 16:51:36,413  INFO  EPOCH 24 | Validation MSE: G1: 0.00237953, G2: 0.02496580, G3: 0.00025729 
2025-04-14 16:51:37,532  INFO  EPOCH 25 | Validation MSE: G1: 0.00203613, G2: 0.02369662, G3: 0.00029793 
2025-04-14 16:51:38,548  INFO  EPOCH 26 | Validation MSE: G1: 0.00183306, G2: 0.02355378, G3: 0.00041141 
2025-04-14 16:51:39,591  INFO  EPOCH 27 | Validation MSE: G1: 0.00162754, G2: 0.02288716, G3: 0.00034371 
2025-04-14 16:51:40,746  INFO  EPOCH 28 | Validation MSE: G1: 0.00140070, G2: 0.02282660, G3: 0.00028700 
2025-04-14 16:51:41,924  INFO  EPOCH 29 | Validation MSE: G1: 0.00124794, G2: 0.02180711, G3: 0.00035622 
2025-04-14 16:51:43,094  INFO  EPOCH 30 | Validation MSE: G1: 0.00109932, G2: 0.02158735, G3: 0.00042470 
2025-04-14 16:51:44,134  INFO  EPOCH 31 | Validation MSE: G1: 0.00098874, G2: 0.02134882, G3: 0.00084761 
2025-04-14 16:51:45,138  INFO  EPOCH 32 | Validation MSE: G1: 0.00088190, G2: 0.02066627, G3: 0.00041345 
2025-04-14 16:51:46,354  INFO  EPOCH 33 | Validation MSE: G1: 0.00075475, G2: 0.02023306, G3: 0.00105311 
2025-04-14 16:51:47,694  INFO  EPOCH 34 | Validation MSE: G1: 0.00071214, G2: 0.01967665, G3: 0.00068146 
2025-04-14 16:51:49,039  INFO  EPOCH 35 | Validation MSE: G1: 0.00070691, G2: 0.01919708, G3: 0.00067476 
2025-04-14 16:51:50,382  INFO  EPOCH 36 | Validation MSE: G1: 0.00056275, G2: 0.01919435, G3: 0.00092602 
2025-04-14 16:51:51,692  INFO  EPOCH 37 | Validation MSE: G1: 0.00052187, G2: 0.01842093, G3: 0.00087363 
2025-04-14 16:51:53,098  INFO  EPOCH 38 | Validation MSE: G1: 0.00053462, G2: 0.01728125, G3: 0.00138145 
2025-04-14 16:51:54,405  INFO  EPOCH 39 | Validation MSE: G1: 0.00056991, G2: 0.01754245, G3: 0.00133463 
2025-04-14 16:51:56,285  INFO  EPOCH 40 | Validation MSE: G1: 0.00055696, G2: 0.01652315, G3: 0.00162086 
2025-04-14 16:51:57,679  INFO  EPOCH 41 | Validation MSE: G1: 0.00062819, G2: 0.01540923, G3: 0.00170639 
2025-04-14 16:51:59,124  INFO  EPOCH 42 | Validation MSE: G1: 0.00073523, G2: 0.01582340, G3: 0.00189238 
2025-04-14 16:52:00,535  INFO  EPOCH 43 | Validation MSE: G1: 0.00080763, G2: 0.01511407, G3: 0.00216282 
2025-04-14 16:52:01,860  INFO  EPOCH 44 | Validation MSE: G1: 0.00097956, G2: 0.01364477, G3: 0.00232616 
2025-04-14 16:52:03,237  INFO  EPOCH 45 | Validation MSE: G1: 0.00115991, G2: 0.01303920, G3: 0.00217038 
2025-04-14 16:52:04,563  INFO  EPOCH 46 | Validation MSE: G1: 0.00151459, G2: 0.01257551, G3: 0.00324522 
2025-04-14 16:52:06,072  INFO  EPOCH 47 | Validation MSE: G1: 0.00146586, G2: 0.01130651, G3: 0.00322298 
2025-04-14 16:52:07,450  INFO  EPOCH 48 | Validation MSE: G1: 0.00167050, G2: 0.01052158, G3: 0.00309623 
2025-04-14 16:52:08,839  INFO  EPOCH 49 | Validation MSE: G1: 0.00176851, G2: 0.00949273, G3: 0.00366177 
2025-04-14 16:52:10,202  INFO  EPOCH 50 | Validation MSE: G1: 0.00188476, G2: 0.00909402, G3: 0.00326028 
2025-04-14 16:52:11,594  INFO  EPOCH 51 | Validation MSE: G1: 0.00198353, G2: 0.00746187, G3: 0.00410233 
2025-04-14 16:52:13,014  INFO  EPOCH 52 | Validation MSE: G1: 0.00202687, G2: 0.00698576, G3: 0.00341886 
2025-04-14 16:52:14,345  INFO  EPOCH 53 | Validation MSE: G1: 0.00212687, G2: 0.00598271, G3: 0.00419516 
2025-04-14 16:52:15,654  INFO  EPOCH 54 | Validation MSE: G1: 0.00205336, G2: 0.00544857, G3: 0.00338070 
2025-04-14 16:52:16,975  INFO  EPOCH 55 | Validation MSE: G1: 0.00206598, G2: 0.00466054, G3: 0.00345563 
2025-04-14 16:52:18,299  INFO  EPOCH 56 | Validation MSE: G1: 0.00204637, G2: 0.00387437, G3: 0.00330965 
2025-04-14 16:52:19,635  INFO  EPOCH 57 | Validation MSE: G1: 0.00203570, G2: 0.00345062, G3: 0.00291701 
2025-04-14 16:52:20,932  INFO  EPOCH 58 | Validation MSE: G1: 0.00201565, G2: 0.00314182, G3: 0.00266747 
2025-04-14 16:52:22,289  INFO  EPOCH 59 | Validation MSE: G1: 0.00198223, G2: 0.00286393, G3: 0.00266302 
2025-04-14 16:52:23,605  INFO  EPOCH 60 | Validation MSE: G1: 0.00195631, G2: 0.00265010, G3: 0.00265373 
2025-04-14 16:52:24,944  INFO  EPOCH 61 | Validation MSE: G1: 0.00192638, G2: 0.00254235, G3: 0.00268852 
2025-04-14 16:52:26,248  INFO  EPOCH 62 | Validation MSE: G1: 0.00189371, G2: 0.00248733, G3: 0.00262805 
2025-04-14 16:52:27,567  INFO  EPOCH 63 | Validation MSE: G1: 0.00185044, G2: 0.00232283, G3: 0.00259426 
2025-04-14 16:52:28,987  INFO  EPOCH 64 | Validation MSE: G1: 0.00181623, G2: 0.00228125, G3: 0.00251848 
2025-04-14 16:52:30,356  INFO  EPOCH 65 | Validation MSE: G1: 0.00177562, G2: 0.00225313, G3: 0.00255952 
2025-04-14 16:52:31,819  INFO  EPOCH 66 | Validation MSE: G1: 0.00172834, G2: 0.00222823, G3: 0.00248265 
2025-04-14 16:52:33,200  INFO  EPOCH 67 | Validation MSE: G1: 0.00168280, G2: 0.00219967, G3: 0.00242305 
2025-04-14 16:52:34,701  INFO  EPOCH 68 | Validation MSE: G1: 0.00163762, G2: 0.00221329, G3: 0.00237926 
2025-04-14 16:52:36,660  INFO  EPOCH 69 | Validation MSE: G1: 0.00159258, G2: 0.00226147, G3: 0.00231375 
2025-04-14 16:52:38,611  INFO  EPOCH 70 | Validation MSE: G1: 0.00154571, G2: 0.00224452, G3: 0.00213340 
2025-04-14 16:52:40,073  INFO  EPOCH 71 | Validation MSE: G1: 0.00150467, G2: 0.00209509, G3: 0.00209670 
2025-04-14 16:52:41,440  INFO  EPOCH 72 | Validation MSE: G1: 0.00150075, G2: 0.00212443, G3: 0.00199551 
2025-04-14 16:52:42,824  INFO  EPOCH 73 | Validation MSE: G1: 0.00149580, G2: 0.00203565, G3: 0.00190419 
2025-04-14 16:52:44,194  INFO  EPOCH 74 | Validation MSE: G1: 0.00149181, G2: 0.00200230, G3: 0.00187297 
2025-04-14 16:52:45,735  INFO  EPOCH 75 | Validation MSE: G1: 0.00148618, G2: 0.00192452, G3: 0.00182276 
2025-04-14 16:52:47,121  INFO  EPOCH 76 | Validation MSE: G1: 0.00148139, G2: 0.00189543, G3: 0.00177218 
2025-04-14 16:52:48,511  INFO  EPOCH 77 | Validation MSE: G1: 0.00147610, G2: 0.00194993, G3: 0.00174197 
2025-04-14 16:52:49,914  INFO  EPOCH 78 | Validation MSE: G1: 0.00146888, G2: 0.00181535, G3: 0.00172502 
2025-04-14 16:52:51,260  INFO  EPOCH 79 | Validation MSE: G1: 0.00146240, G2: 0.00177527, G3: 0.00169127 
2025-04-14 16:52:52,622  INFO  EPOCH 80 | Validation MSE: G1: 0.00145630, G2: 0.00175100, G3: 0.00164320 
2025-04-14 16:52:54,031  INFO  EPOCH 81 | Validation MSE: G1: 0.00145030, G2: 0.00167407, G3: 0.00159663 
2025-04-14 16:52:55,350  INFO  EPOCH 82 | Validation MSE: G1: 0.00144315, G2: 0.00162810, G3: 0.00156164 
2025-04-14 16:52:56,727  INFO  EPOCH 83 | Validation MSE: G1: 0.00143606, G2: 0.00155427, G3: 0.00152448 
2025-04-14 16:52:58,078  INFO  EPOCH 84 | Validation MSE: G1: 0.00143009, G2: 0.00150823, G3: 0.00148191 
2025-04-14 16:52:59,444  INFO  EPOCH 85 | Validation MSE: G1: 0.00142169, G2: 0.00147950, G3: 0.00142796 
2025-04-14 16:53:00,752  INFO  EPOCH 86 | Validation MSE: G1: 0.00141274, G2: 0.00152473, G3: 0.00139477 
2025-04-14 16:53:02,058  INFO  EPOCH 87 | Validation MSE: G1: 0.00140500, G2: 0.00166540, G3: 0.00137894 
2025-04-14 16:53:03,468  INFO  EPOCH 88 | Validation MSE: G1: 0.00139622, G2: 0.00142773, G3: 0.00133046 
2025-04-14 16:53:04,812  INFO  EPOCH 89 | Validation MSE: G1: 0.00139193, G2: 0.00151270, G3: 0.00129023 
2025-04-14 16:53:06,131  INFO  EPOCH 90 | Validation MSE: G1: 0.00138614, G2: 0.00142371, G3: 0.00121022 
2025-04-14 16:53:07,479  INFO  EPOCH 91 | Validation MSE: G1: 0.00138169, G2: 0.00162096, G3: 0.00116284 
2025-04-14 16:53:08,815  INFO  EPOCH 92 | Validation MSE: G1: 0.00137688, G2: 0.00154087, G3: 0.00112903 
2025-04-14 16:53:10,264  INFO  EPOCH 93 | Validation MSE: G1: 0.00137186, G2: 0.00146939, G3: 0.00107340 
2025-04-14 16:53:11,696  INFO  EPOCH 94 | Validation MSE: G1: 0.00136606, G2: 0.00143102, G3: 0.00103530 
2025-04-14 16:53:13,102  INFO  EPOCH 95 | Validation MSE: G1: 0.00136042, G2: 0.00154714, G3: 0.00099742 
2025-04-14 16:53:14,444  INFO  EPOCH 96 | Validation MSE: G1: 0.00135472, G2: 0.00145578, G3: 0.00095763 
2025-04-14 16:53:15,740  INFO  EPOCH 97 | Validation MSE: G1: 0.00134871, G2: 0.00152172, G3: 0.00090900 
2025-04-14 16:53:17,282  INFO  EPOCH 98 | Validation MSE: G1: 0.00134291, G2: 0.00153329, G3: 0.00086880 
2025-04-14 16:53:18,763  INFO  EPOCH 99 | Validation MSE: G1: 0.00133646, G2: 0.00154849, G3: 0.00082305 
2025-04-14 16:53:20,336  INFO  EPOCH 100 | Validation MSE: G1: 0.00133092, G2: 0.00153609, G3: 0.00078451 
2025-04-14 16:53:21,732  INFO  EPOCH 101 | Validation MSE: G1: 0.00132485, G2: 0.00146752, G3: 0.00075380 
2025-04-14 16:53:23,148  INFO  EPOCH 102 | Validation MSE: G1: 0.00131837, G2: 0.00149830, G3: 0.00072046 
2025-04-14 16:53:24,654  INFO  EPOCH 103 | Validation MSE: G1: 0.00131269, G2: 0.00158678, G3: 0.00069794 
2025-04-14 16:53:26,206  INFO  EPOCH 104 | Validation MSE: G1: 0.00130541, G2: 0.00159176, G3: 0.00065695 
2025-04-14 16:53:27,686  INFO  EPOCH 105 | Validation MSE: G1: 0.00129766, G2: 0.00156258, G3: 0.00064021 
2025-04-14 16:53:28,815  INFO  G1 best epoch: 37
2025-04-14 16:53:28,815  INFO  G2 best epoch: 90
2025-04-14 16:53:28,815  INFO  G3 best epoch: 24
2025-04-14 16:53:28,974  INFO  Train Metrics for G1: MSE=0.0115, MAE=0.0729, RMSE=0.1071, MAPE=1.3992
2025-04-14 16:53:29,137  INFO  Train Metrics for G2: MSE=0.0346, MAE=0.1345, RMSE=0.1861, MAPE=2.5898
2025-04-14 16:53:29,327  INFO  Train Metrics for G3: MSE=0.0054, MAE=0.0550, RMSE=0.0733, MAPE=1.0683
2025-04-14 16:53:29,482  INFO  Test Metrics for G1: MSE=0.0070, MAE=0.0609, RMSE=0.0836, MAPE=1.2152
2025-04-14 16:53:29,622  INFO  Test Metrics for G2: MSE=0.0191, MAE=0.1017, RMSE=0.1381, MAPE=2.0186
2025-04-14 16:53:29,783  INFO  Test Metrics for G3: MSE=0.0034, MAE=0.0406, RMSE=0.0587, MAPE=0.8190
