2025-04-15 14:55:59,627  INFO  ARGS = {
  "notes": "回测工商银行",
  "data_path": "database/process_工商银行.csv",
  "output_dir": "out_put/multi",
  "ckpt_dir": "ckpt",
  "feature_columns": [
    2,
    3,
    4,
    5,
    6,
    7,
    8,
    9,
    10,
    11,
    12,
    13,
    14,
    15,
    16,
    17,
    18,
    19,
    20,
    21,
    22,
    23,
    1
  ],
  "target_columns": [
    [
      1
    ]
  ],
  "start_timestamp": 1,
  "end_timestamp": 2400,
  "window_sizes": [
    5,
    10,
    15
  ],
  "N_pairs": 3,
  "num_classes": 3,
  "generators": [
    "gru",
    "lstm",
    "transformer"
  ],
  "discriminators": null,
  "distill_epochs": 1,
  "cross_finetune_epochs": 5,
  "device": [
    0
  ],
  "num_epochs": 10000,
  "lr": 2e-05,
  "batch_size": 64,
  "train_split": 0.7,
  "random_seed": 3407,
  "amp_dtype": "none",
  "mode": "train",
  "ckpt_path": "lastest"
}
2025-04-15 14:56:01,567  INFO  EPOCH 1 | Validation MSE: G1: 0.06853627, G2: 0.06894848, G3: 0.00804503 
2025-04-15 14:56:02,900  INFO  EPOCH 2 | Validation MSE: G1: 0.05161405, G2: 0.06199661, G3: 0.00299556 
2025-04-15 14:56:04,248  INFO  EPOCH 3 | Validation MSE: G1: 0.03760004, G2: 0.05564352, G3: 0.00305832 
2025-04-15 14:56:05,590  INFO  EPOCH 4 | Validation MSE: G1: 0.02644498, G2: 0.04969176, G3: 0.00112413 
2025-04-15 14:56:06,961  INFO  EPOCH 5 | Validation MSE: G1: 0.01824051, G2: 0.04409794, G3: 0.00100778 
2025-04-15 14:56:08,231  INFO  EPOCH 6 | Validation MSE: G1: 0.01308658, G2: 0.03892894, G3: 0.00086630 
2025-04-15 14:56:09,566  INFO  EPOCH 7 | Validation MSE: G1: 0.01047699, G2: 0.03425855, G3: 0.00095935 
2025-04-15 14:56:10,869  INFO  EPOCH 8 | Validation MSE: G1: 0.00954989, G2: 0.03009415, G3: 0.00146052 
2025-04-15 14:56:12,250  INFO  EPOCH 9 | Validation MSE: G1: 0.00931519, G2: 0.02664107, G3: 0.00272792 
2025-04-15 14:56:13,557  INFO  EPOCH 10 | Validation MSE: G1: 0.00914921, G2: 0.02396315, G3: 0.00056095 
2025-04-15 14:56:14,847  INFO  EPOCH 11 | Validation MSE: G1: 0.00881172, G2: 0.02229546, G3: 0.00067690 
2025-04-15 14:56:16,064  INFO  EPOCH 12 | Validation MSE: G1: 0.00837942, G2: 0.02164856, G3: 0.00068355 
2025-04-15 14:56:17,410  INFO  EPOCH 13 | Validation MSE: G1: 0.00788196, G2: 0.02192798, G3: 0.00054535 
2025-04-15 14:56:18,750  INFO  EPOCH 14 | Validation MSE: G1: 0.00726522, G2: 0.02279910, G3: 0.00044367 
2025-04-15 14:56:19,968  INFO  EPOCH 15 | Validation MSE: G1: 0.00667750, G2: 0.02372835, G3: 0.00035883 
2025-04-15 14:56:21,316  INFO  EPOCH 16 | Validation MSE: G1: 0.00610211, G2: 0.02421842, G3: 0.00033175 
2025-04-15 14:56:22,544  INFO  EPOCH 17 | Validation MSE: G1: 0.00552711, G2: 0.02435615, G3: 0.00057511 
2025-04-15 14:56:23,840  INFO  EPOCH 18 | Validation MSE: G1: 0.00502823, G2: 0.02367629, G3: 0.00033520 
2025-04-15 14:56:25,078  INFO  EPOCH 19 | Validation MSE: G1: 0.00456512, G2: 0.02291040, G3: 0.00035960 
2025-04-15 14:56:26,390  INFO  EPOCH 20 | Validation MSE: G1: 0.00400394, G2: 0.02089077, G3: 0.00038482 
2025-04-15 14:56:27,673  INFO  EPOCH 21 | Validation MSE: G1: 0.00360437, G2: 0.01897475, G3: 0.00030604 
2025-04-15 14:56:29,033  INFO  EPOCH 22 | Validation MSE: G1: 0.00320445, G2: 0.01734179, G3: 0.00034079 
2025-04-15 14:56:30,336  INFO  EPOCH 23 | Validation MSE: G1: 0.00281592, G2: 0.01576639, G3: 0.00037791 
2025-04-15 14:56:31,724  INFO  EPOCH 24 | Validation MSE: G1: 0.00251422, G2: 0.01471865, G3: 0.00027914 
2025-04-15 14:56:32,974  INFO  EPOCH 25 | Validation MSE: G1: 0.00220479, G2: 0.01324149, G3: 0.00080728 
2025-04-15 14:56:34,321  INFO  EPOCH 26 | Validation MSE: G1: 0.00198296, G2: 0.01220279, G3: 0.00038237 
2025-04-15 14:56:35,648  INFO  EPOCH 27 | Validation MSE: G1: 0.00170502, G2: 0.01123609, G3: 0.00041417 
2025-04-15 14:56:36,995  INFO  EPOCH 28 | Validation MSE: G1: 0.00153737, G2: 0.01018476, G3: 0.00085769 
2025-04-15 14:56:38,256  INFO  EPOCH 29 | Validation MSE: G1: 0.00135582, G2: 0.00926534, G3: 0.00050853 
2025-04-15 14:56:39,673  INFO  EPOCH 30 | Validation MSE: G1: 0.00119615, G2: 0.00828779, G3: 0.00049940 
2025-04-15 14:56:40,921  INFO  EPOCH 31 | Validation MSE: G1: 0.00109136, G2: 0.00758094, G3: 0.00030803 
2025-04-15 14:56:42,255  INFO  EPOCH 32 | Validation MSE: G1: 0.00096838, G2: 0.00648941, G3: 0.00064873 
2025-04-15 14:56:43,582  INFO  EPOCH 33 | Validation MSE: G1: 0.00087905, G2: 0.00561953, G3: 0.00048476 
2025-04-15 14:56:45,084  INFO  EPOCH 34 | Validation MSE: G1: 0.00081429, G2: 0.00509624, G3: 0.00209609 
2025-04-15 14:56:46,503  INFO  EPOCH 35 | Validation MSE: G1: 0.00075658, G2: 0.00421897, G3: 0.00035757 
2025-04-15 14:56:48,014  INFO  EPOCH 36 | Validation MSE: G1: 0.00069280, G2: 0.00393821, G3: 0.00041447 
2025-04-15 14:56:49,411  INFO  EPOCH 37 | Validation MSE: G1: 0.00065839, G2: 0.00346107, G3: 0.00070988 
2025-04-15 14:56:51,139  INFO  EPOCH 38 | Validation MSE: G1: 0.00061557, G2: 0.00301183, G3: 0.00055913 
2025-04-15 14:56:52,801  INFO  EPOCH 39 | Validation MSE: G1: 0.00059028, G2: 0.00271215, G3: 0.00035842 
2025-04-15 14:56:54,787  INFO  EPOCH 40 | Validation MSE: G1: 0.00056691, G2: 0.00242140, G3: 0.00051477 
2025-04-15 14:56:56,232  INFO  EPOCH 41 | Validation MSE: G1: 0.00054785, G2: 0.00222473, G3: 0.00048940 
2025-04-15 14:56:57,731  INFO  EPOCH 42 | Validation MSE: G1: 0.00053667, G2: 0.00218904, G3: 0.00037881 
2025-04-15 14:56:59,239  INFO  EPOCH 43 | Validation MSE: G1: 0.00052122, G2: 0.00189787, G3: 0.00036016 
2025-04-15 14:57:00,909  INFO  EPOCH 44 | Validation MSE: G1: 0.00051159, G2: 0.00170028, G3: 0.00036325 
2025-04-15 14:57:02,726  INFO  EPOCH 45 | Validation MSE: G1: 0.00049109, G2: 0.00178806, G3: 0.00041144 
2025-04-15 14:57:04,307  INFO  EPOCH 46 | Validation MSE: G1: 0.00049476, G2: 0.00163684, G3: 0.00033908 
2025-04-15 14:57:05,855  INFO  EPOCH 47 | Validation MSE: G1: 0.00049012, G2: 0.00144972, G3: 0.00038347 
2025-04-15 14:57:07,310  INFO  EPOCH 48 | Validation MSE: G1: 0.00047447, G2: 0.00171796, G3: 0.00034747 
2025-04-15 14:57:08,922  INFO  EPOCH 49 | Validation MSE: G1: 0.00046330, G2: 0.00140656, G3: 0.00036049 
2025-04-15 14:57:10,301  INFO  EPOCH 50 | Validation MSE: G1: 0.00047206, G2: 0.00155285, G3: 0.00037577 
2025-04-15 14:57:11,807  INFO  EPOCH 51 | Validation MSE: G1: 0.00045529, G2: 0.00138823, G3: 0.00040443 
2025-04-15 14:57:13,425  INFO  EPOCH 52 | Validation MSE: G1: 0.00045110, G2: 0.00141340, G3: 0.00033998 
2025-04-15 14:57:14,935  INFO  EPOCH 53 | Validation MSE: G1: 0.00044748, G2: 0.00137858, G3: 0.00038048 
2025-04-15 14:57:16,258  INFO  EPOCH 54 | Validation MSE: G1: 0.00044669, G2: 0.00132461, G3: 0.00032580 
2025-04-15 14:57:17,685  INFO  EPOCH 55 | Validation MSE: G1: 0.00044300, G2: 0.00122941, G3: 0.00033445 
2025-04-15 14:57:19,066  INFO  EPOCH 56 | Validation MSE: G1: 0.00045781, G2: 0.00150397, G3: 0.00035235 
2025-04-15 14:57:20,457  INFO  EPOCH 57 | Validation MSE: G1: 0.00043386, G2: 0.00128862, G3: 0.00035489 
2025-04-15 14:57:21,975  INFO  EPOCH 58 | Validation MSE: G1: 0.00043285, G2: 0.00119710, G3: 0.00033637 
2025-04-15 14:57:23,475  INFO  EPOCH 59 | Validation MSE: G1: 0.00042670, G2: 0.00129792, G3: 0.00033501 
2025-04-15 14:57:24,931  INFO  EPOCH 60 | Validation MSE: G1: 0.00042437, G2: 0.00125119, G3: 0.00033798 
2025-04-15 14:57:26,243  INFO  EPOCH 61 | Validation MSE: G1: 0.00041897, G2: 0.00122171, G3: 0.00033296 
2025-04-15 14:57:27,640  INFO  EPOCH 62 | Validation MSE: G1: 0.00041696, G2: 0.00116523, G3: 0.00033562 
2025-04-15 14:57:29,307  INFO  EPOCH 63 | Validation MSE: G1: 0.00041293, G2: 0.00123464, G3: 0.00033445 
2025-04-15 14:57:30,933  INFO  EPOCH 64 | Validation MSE: G1: 0.00041129, G2: 0.00114791, G3: 0.00033383 
2025-04-15 14:57:32,578  INFO  EPOCH 65 | Validation MSE: G1: 0.00042162, G2: 0.00122171, G3: 0.00033982 
2025-04-15 14:57:34,190  INFO  EPOCH 66 | Validation MSE: G1: 0.00040945, G2: 0.00109540, G3: 0.00034343 
2025-04-15 14:57:35,732  INFO  EPOCH 67 | Validation MSE: G1: 0.00040216, G2: 0.00110603, G3: 0.00034590 
2025-04-15 14:57:37,249  INFO  EPOCH 68 | Validation MSE: G1: 0.00039827, G2: 0.00108325, G3: 0.00033684 
2025-04-15 14:57:38,709  INFO  EPOCH 69 | Validation MSE: G1: 0.00039489, G2: 0.00110248, G3: 0.00033991 
2025-04-15 14:57:40,103  INFO  EPOCH 70 | Validation MSE: G1: 0.00041207, G2: 0.00108844, G3: 0.00033697 
2025-04-15 14:57:41,472  INFO  EPOCH 71 | Validation MSE: G1: 0.00038917, G2: 0.00105595, G3: 0.00033829 
2025-04-15 14:57:43,121  INFO  EPOCH 72 | Validation MSE: G1: 0.00040305, G2: 0.00110309, G3: 0.00034029 
2025-04-15 14:57:44,845  INFO  EPOCH 73 | Validation MSE: G1: 0.00039806, G2: 0.00113478, G3: 0.00034133 
2025-04-15 14:57:46,259  INFO  EPOCH 74 | Validation MSE: G1: 0.00039246, G2: 0.00099696, G3: 0.00033837 
2025-04-15 14:57:47,714  INFO  EPOCH 75 | Validation MSE: G1: 0.00038701, G2: 0.00104513, G3: 0.00033850 
2025-04-15 14:57:49,103  INFO  EPOCH 76 | Validation MSE: G1: 0.00037762, G2: 0.00105235, G3: 0.00033903 
2025-04-15 14:57:50,618  INFO  EPOCH 77 | Validation MSE: G1: 0.00037716, G2: 0.00104765, G3: 0.00033639 
2025-04-15 14:57:51,993  INFO  EPOCH 78 | Validation MSE: G1: 0.00037845, G2: 0.00095441, G3: 0.00033749 
2025-04-15 14:57:53,524  INFO  EPOCH 79 | Validation MSE: G1: 0.00039870, G2: 0.00099772, G3: 0.00033951 
2025-04-15 14:57:54,959  INFO  EPOCH 80 | Validation MSE: G1: 0.00038332, G2: 0.00095189, G3: 0.00033798 
2025-04-15 14:57:56,473  INFO  EPOCH 81 | Validation MSE: G1: 0.00037286, G2: 0.00093922, G3: 0.00033849 
2025-04-15 14:57:57,868  INFO  EPOCH 82 | Validation MSE: G1: 0.00037511, G2: 0.00100731, G3: 0.00033623 
2025-04-15 14:57:59,822  INFO  EPOCH 83 | Validation MSE: G1: 0.00038061, G2: 0.00096083, G3: 0.00033486 
2025-04-15 14:58:01,679  INFO  EPOCH 84 | Validation MSE: G1: 0.00036936, G2: 0.00097370, G3: 0.00033642 
2025-04-15 14:58:03,557  INFO  EPOCH 85 | Validation MSE: G1: 0.00037253, G2: 0.00089337, G3: 0.00033462 
2025-04-15 14:58:05,420  INFO  EPOCH 86 | Validation MSE: G1: 0.00036868, G2: 0.00093786, G3: 0.00033593 
2025-04-15 14:58:07,266  INFO  EPOCH 87 | Validation MSE: G1: 0.00041227, G2: 0.00100748, G3: 0.00033469 
2025-04-15 14:58:09,148  INFO  EPOCH 88 | Validation MSE: G1: 0.00036747, G2: 0.00088573, G3: 0.00033336 
2025-04-15 14:58:11,036  INFO  EPOCH 89 | Validation MSE: G1: 0.00036717, G2: 0.00088941, G3: 0.00033447 
2025-04-15 14:58:12,901  INFO  EPOCH 90 | Validation MSE: G1: 0.00036564, G2: 0.00090338, G3: 0.00033917 
2025-04-15 14:58:14,529  INFO  EPOCH 91 | Validation MSE: G1: 0.00036816, G2: 0.00086139, G3: 0.00034117 
2025-04-15 14:58:16,260  INFO  EPOCH 92 | Validation MSE: G1: 0.00035806, G2: 0.00085043, G3: 0.00033672 
2025-04-15 14:58:18,010  INFO  EPOCH 93 | Validation MSE: G1: 0.00037637, G2: 0.00087257, G3: 0.00033466 
2025-04-15 14:58:19,749  INFO  EPOCH 94 | Validation MSE: G1: 0.00036044, G2: 0.00086470, G3: 0.00033550 
2025-04-15 14:58:21,298  INFO  EPOCH 95 | Validation MSE: G1: 0.00036092, G2: 0.00081914, G3: 0.00033631 
2025-04-15 14:58:22,859  INFO  EPOCH 96 | Validation MSE: G1: 0.00035977, G2: 0.00084058, G3: 0.00033596 
2025-04-15 14:58:24,501  INFO  EPOCH 97 | Validation MSE: G1: 0.00035500, G2: 0.00085513, G3: 0.00033530 
2025-04-15 14:58:26,315  INFO  EPOCH 98 | Validation MSE: G1: 0.00037029, G2: 0.00083692, G3: 0.00033691 
2025-04-15 14:58:27,910  INFO  EPOCH 99 | Validation MSE: G1: 0.00035902, G2: 0.00078510, G3: 0.00033902 
2025-04-15 14:58:29,560  INFO  EPOCH 100 | Validation MSE: G1: 0.00037923, G2: 0.00093268, G3: 0.00033991 
2025-04-15 14:58:31,051  INFO  EPOCH 101 | Validation MSE: G1: 0.00035150, G2: 0.00077560, G3: 0.00034066 
2025-04-15 14:58:32,789  INFO  EPOCH 102 | Validation MSE: G1: 0.00035811, G2: 0.00077203, G3: 0.00033898 
2025-04-15 14:58:34,411  INFO  EPOCH 103 | Validation MSE: G1: 0.00036052, G2: 0.00077613, G3: 0.00033924 
2025-04-15 14:58:36,116  INFO  EPOCH 104 | Validation MSE: G1: 0.00035177, G2: 0.00074641, G3: 0.00033997 
2025-04-15 14:58:37,839  INFO  EPOCH 105 | Validation MSE: G1: 0.00036619, G2: 0.00077777, G3: 0.00034076 
2025-04-15 14:58:39,711  INFO  EPOCH 106 | Validation MSE: G1: 0.00034916, G2: 0.00074187, G3: 0.00034127 
2025-04-15 14:58:41,469  INFO  EPOCH 107 | Validation MSE: G1: 0.00036407, G2: 0.00078787, G3: 0.00034146 
2025-04-15 14:58:43,083  INFO  EPOCH 108 | Validation MSE: G1: 0.00034518, G2: 0.00073962, G3: 0.00034249 
2025-04-15 14:58:44,898  INFO  EPOCH 109 | Validation MSE: G1: 0.00035003, G2: 0.00073054, G3: 0.00034212 
2025-04-15 14:58:46,603  INFO  EPOCH 110 | Validation MSE: G1: 0.00034892, G2: 0.00070668, G3: 0.00033769 
2025-04-15 14:58:48,190  INFO  EPOCH 111 | Validation MSE: G1: 0.00035537, G2: 0.00074327, G3: 0.00033755 
2025-04-15 14:58:49,649  INFO  EPOCH 112 | Validation MSE: G1: 0.00035307, G2: 0.00068729, G3: 0.00033792 
2025-04-15 14:58:51,180  INFO  EPOCH 113 | Validation MSE: G1: 0.00036736, G2: 0.00081512, G3: 0.00033830 
2025-04-15 14:58:52,695  INFO  EPOCH 114 | Validation MSE: G1: 0.00035271, G2: 0.00068008, G3: 0.00034325 
2025-04-15 14:58:54,217  INFO  EPOCH 115 | Validation MSE: G1: 0.00034539, G2: 0.00067054, G3: 0.00034234 
2025-04-15 14:58:56,235  INFO  EPOCH 116 | Validation MSE: G1: 0.00034560, G2: 0.00071613, G3: 0.00034255 
2025-04-15 14:58:57,875  INFO  EPOCH 117 | Validation MSE: G1: 0.00035084, G2: 0.00071776, G3: 0.00034094 
2025-04-15 14:58:59,708  INFO  EPOCH 118 | Validation MSE: G1: 0.00034337, G2: 0.00064782, G3: 0.00034337 
2025-04-15 14:59:01,478  INFO  EPOCH 119 | Validation MSE: G1: 0.00033673, G2: 0.00070660, G3: 0.00034562 
2025-04-15 14:59:03,145  INFO  EPOCH 120 | Validation MSE: G1: 0.00033731, G2: 0.00064838, G3: 0.00034360 
2025-04-15 14:59:04,935  INFO  EPOCH 121 | Validation MSE: G1: 0.00033728, G2: 0.00065846, G3: 0.00033728 
2025-04-15 14:59:06,770  INFO  EPOCH 122 | Validation MSE: G1: 0.00034183, G2: 0.00063725, G3: 0.00033628 
2025-04-15 14:59:08,560  INFO  EPOCH 123 | Validation MSE: G1: 0.00035975, G2: 0.00073367, G3: 0.00033825 
2025-04-15 14:59:10,217  INFO  EPOCH 124 | Validation MSE: G1: 0.00033500, G2: 0.00064365, G3: 0.00033912 
2025-04-15 14:59:11,763  INFO  EPOCH 125 | Validation MSE: G1: 0.00033397, G2: 0.00070432, G3: 0.00033797 
2025-04-15 14:59:13,461  INFO  EPOCH 126 | Validation MSE: G1: 0.00033214, G2: 0.00061771, G3: 0.00033845 
2025-04-15 14:59:15,173  INFO  EPOCH 127 | Validation MSE: G1: 0.00034198, G2: 0.00064335, G3: 0.00033757 
2025-04-15 14:59:16,609  INFO  EPOCH 128 | Validation MSE: G1: 0.00034458, G2: 0.00060608, G3: 0.00033687 
2025-04-15 14:59:18,282  INFO  EPOCH 129 | Validation MSE: G1: 0.00032619, G2: 0.00059701, G3: 0.00033963 
2025-04-15 14:59:20,016  INFO  EPOCH 130 | Validation MSE: G1: 0.00033073, G2: 0.00066499, G3: 0.00033765 
2025-04-15 14:59:21,543  INFO  EPOCH 131 | Validation MSE: G1: 0.00034831, G2: 0.00062309, G3: 0.00033542 
2025-04-15 14:59:23,275  INFO  EPOCH 132 | Validation MSE: G1: 0.00032212, G2: 0.00061239, G3: 0.00033322 
2025-04-15 14:59:24,773  INFO  EPOCH 133 | Validation MSE: G1: 0.00033175, G2: 0.00058296, G3: 0.00033264 
2025-04-15 14:59:26,450  INFO  EPOCH 134 | Validation MSE: G1: 0.00031869, G2: 0.00063547, G3: 0.00033301 
2025-04-15 14:59:28,174  INFO  EPOCH 135 | Validation MSE: G1: 0.00031843, G2: 0.00056859, G3: 0.00033249 
2025-04-15 14:59:29,919  INFO  EPOCH 136 | Validation MSE: G1: 0.00032362, G2: 0.00060490, G3: 0.00033318 
2025-04-15 14:59:31,633  INFO  EPOCH 137 | Validation MSE: G1: 0.00032816, G2: 0.00060217, G3: 0.00033597 
2025-04-15 14:59:33,325  INFO  EPOCH 138 | Validation MSE: G1: 0.00032656, G2: 0.00056998, G3: 0.00033610 
2025-04-15 14:59:35,008  INFO  EPOCH 139 | Validation MSE: G1: 0.00032048, G2: 0.00055576, G3: 0.00033737 
2025-04-15 14:59:36,585  INFO  EPOCH 140 | Validation MSE: G1: 0.00031850, G2: 0.00057069, G3: 0.00033929 
2025-04-15 14:59:38,281  INFO  EPOCH 141 | Validation MSE: G1: 0.00031942, G2: 0.00057959, G3: 0.00033799 
2025-04-15 14:59:40,071  INFO  EPOCH 142 | Validation MSE: G1: 0.00032428, G2: 0.00054956, G3: 0.00033532 
2025-04-15 14:59:41,684  INFO  EPOCH 143 | Validation MSE: G1: 0.00032298, G2: 0.00055158, G3: 0.00033426 
2025-04-15 14:59:43,244  INFO  EPOCH 144 | Validation MSE: G1: 0.00034188, G2: 0.00058371, G3: 0.00033451 
2025-04-15 14:59:44,757  INFO  EPOCH 145 | Validation MSE: G1: 0.00032379, G2: 0.00053305, G3: 0.00033438 
2025-04-15 14:59:46,438  INFO  EPOCH 146 | Validation MSE: G1: 0.00032974, G2: 0.00054468, G3: 0.00033437 
2025-04-15 14:59:47,941  INFO  EPOCH 147 | Validation MSE: G1: 0.00032457, G2: 0.00053615, G3: 0.00033837 
2025-04-15 14:59:49,548  INFO  EPOCH 148 | Validation MSE: G1: 0.00032637, G2: 0.00053115, G3: 0.00034135 
2025-04-15 14:59:51,205  INFO  EPOCH 149 | Validation MSE: G1: 0.00032086, G2: 0.00052262, G3: 0.00033833 
2025-04-15 14:59:52,928  INFO  EPOCH 150 | Validation MSE: G1: 0.00032366, G2: 0.00054002, G3: 0.00033606 
2025-04-15 14:59:54,713  INFO  EPOCH 151 | Validation MSE: G1: 0.00032630, G2: 0.00054150, G3: 0.00033729 
2025-04-15 14:59:56,267  INFO  EPOCH 152 | Validation MSE: G1: 0.00032769, G2: 0.00051812, G3: 0.00033457 
2025-04-15 14:59:57,801  INFO  EPOCH 153 | Validation MSE: G1: 0.00032354, G2: 0.00051008, G3: 0.00033380 
2025-04-15 14:59:59,334  INFO  EPOCH 154 | Validation MSE: G1: 0.00032391, G2: 0.00055532, G3: 0.00033514 
2025-04-15 15:00:00,882  INFO  EPOCH 155 | Validation MSE: G1: 0.00032413, G2: 0.00050509, G3: 0.00033695 
2025-04-15 15:00:02,412  INFO  EPOCH 156 | Validation MSE: G1: 0.00032436, G2: 0.00050735, G3: 0.00033681 
2025-04-15 15:00:04,049  INFO  EPOCH 157 | Validation MSE: G1: 0.00032393, G2: 0.00051194, G3: 0.00033698 
2025-04-15 15:00:05,481  INFO  EPOCH 158 | Validation MSE: G1: 0.00032252, G2: 0.00051979, G3: 0.00033209 
2025-04-15 15:00:07,063  INFO  EPOCH 159 | Validation MSE: G1: 0.00032294, G2: 0.00050110, G3: 0.00033096 
2025-04-15 15:00:08,808  INFO  EPOCH 160 | Validation MSE: G1: 0.00032275, G2: 0.00052399, G3: 0.00033435 
2025-04-15 15:00:10,458  INFO  EPOCH 161 | Validation MSE: G1: 0.00032588, G2: 0.00050179, G3: 0.00033641 
2025-04-15 15:00:11,895  INFO  EPOCH 162 | Validation MSE: G1: 0.00032328, G2: 0.00049349, G3: 0.00033524 
2025-04-15 15:00:13,390  INFO  EPOCH 163 | Validation MSE: G1: 0.00032319, G2: 0.00048529, G3: 0.00033283 
2025-04-15 15:00:14,746  INFO  EPOCH 164 | Validation MSE: G1: 0.00032326, G2: 0.00052558, G3: 0.00033087 
2025-04-15 15:00:16,225  INFO  EPOCH 165 | Validation MSE: G1: 0.00032251, G2: 0.00047950, G3: 0.00033098 
2025-04-15 15:00:17,615  INFO  EPOCH 166 | Validation MSE: G1: 0.00032298, G2: 0.00049137, G3: 0.00033301 
2025-04-15 15:00:19,044  INFO  EPOCH 167 | Validation MSE: G1: 0.00032235, G2: 0.00048370, G3: 0.00033551 
2025-04-15 15:00:20,373  INFO  EPOCH 168 | Validation MSE: G1: 0.00032253, G2: 0.00047238, G3: 0.00033297 
2025-04-15 15:00:21,891  INFO  EPOCH 169 | Validation MSE: G1: 0.00032317, G2: 0.00048348, G3: 0.00033494 
2025-04-15 15:00:23,359  INFO  EPOCH 170 | Validation MSE: G1: 0.00032326, G2: 0.00047969, G3: 0.00033209 
2025-04-15 15:00:24,844  INFO  EPOCH 171 | Validation MSE: G1: 0.00032353, G2: 0.00047895, G3: 0.00033203 
2025-04-15 15:00:26,276  INFO  EPOCH 172 | Validation MSE: G1: 0.00032345, G2: 0.00046682, G3: 0.00033445 
2025-04-15 15:00:27,773  INFO  EPOCH 173 | Validation MSE: G1: 0.00032337, G2: 0.00051373, G3: 0.00033545 
2025-04-15 15:00:29,170  INFO  EPOCH 174 | Validation MSE: G1: 0.00032330, G2: 0.00050057, G3: 0.00033713 
2025-04-15 15:00:30,668  INFO  EPOCH 175 | Validation MSE: G1: 0.00032316, G2: 0.00045831, G3: 0.00033361 
2025-04-15 15:00:32,079  INFO  EPOCH 176 | Validation MSE: G1: 0.00032322, G2: 0.00046674, G3: 0.00033504 
2025-04-15 15:00:33,541  INFO  EPOCH 177 | Validation MSE: G1: 0.00032334, G2: 0.00048998, G3: 0.00033566 
2025-04-15 15:00:34,850  INFO  EPOCH 178 | Validation MSE: G1: 0.00032335, G2: 0.00046772, G3: 0.00033488 
2025-04-15 15:00:36,314  INFO  EPOCH 179 | Validation MSE: G1: 0.00032309, G2: 0.00046497, G3: 0.00033347 
2025-04-15 15:00:37,736  INFO  EPOCH 180 | Validation MSE: G1: 0.00032302, G2: 0.00045502, G3: 0.00033265 
2025-04-15 15:00:39,290  INFO  EPOCH 181 | Validation MSE: G1: 0.00032292, G2: 0.00046727, G3: 0.00033437 
2025-04-15 15:00:40,762  INFO  EPOCH 182 | Validation MSE: G1: 0.00032284, G2: 0.00045076, G3: 0.00033449 
2025-04-15 15:00:42,242  INFO  EPOCH 183 | Validation MSE: G1: 0.00032286, G2: 0.00048958, G3: 0.00033519 
2025-04-15 15:00:43,621  INFO  EPOCH 184 | Validation MSE: G1: 0.00032302, G2: 0.00044717, G3: 0.00033629 
2025-04-15 15:00:45,122  INFO  EPOCH 185 | Validation MSE: G1: 0.00032307, G2: 0.00044570, G3: 0.00033565 
2025-04-15 15:00:46,628  INFO  EPOCH 186 | Validation MSE: G1: 0.00032322, G2: 0.00045391, G3: 0.00033500 
2025-04-15 15:00:48,253  INFO  EPOCH 187 | Validation MSE: G1: 0.00032322, G2: 0.00046533, G3: 0.00033644 
2025-04-15 15:00:49,808  INFO  EPOCH 188 | Validation MSE: G1: 0.00032313, G2: 0.00045476, G3: 0.00033544 
2025-04-15 15:00:51,417  INFO  EPOCH 189 | Validation MSE: G1: 0.00032314, G2: 0.00044414, G3: 0.00033521 
2025-04-15 15:00:52,872  INFO  EPOCH 190 | Validation MSE: G1: 0.00032320, G2: 0.00044060, G3: 0.00033837 
2025-04-15 15:00:54,411  INFO  EPOCH 191 | Validation MSE: G1: 0.00032325, G2: 0.00044754, G3: 0.00033860 
2025-04-15 15:00:55,989  INFO  EPOCH 192 | Validation MSE: G1: 0.00032327, G2: 0.00044998, G3: 0.00034204 
2025-04-15 15:00:57,562  INFO  EPOCH 193 | Validation MSE: G1: 0.00032326, G2: 0.00044125, G3: 0.00034548 
2025-04-15 15:00:58,983  INFO  EPOCH 194 | Validation MSE: G1: 0.00032317, G2: 0.00044644, G3: 0.00033968 
2025-04-15 15:01:00,536  INFO  EPOCH 195 | Validation MSE: G1: 0.00032321, G2: 0.00044318, G3: 0.00033566 
2025-04-15 15:01:01,966  INFO  EPOCH 196 | Validation MSE: G1: 0.00032321, G2: 0.00044611, G3: 0.00033253 
2025-04-15 15:01:03,535  INFO  EPOCH 197 | Validation MSE: G1: 0.00032325, G2: 0.00043764, G3: 0.00033437 
2025-04-15 15:01:04,997  INFO  EPOCH 198 | Validation MSE: G1: 0.00032342, G2: 0.00044687, G3: 0.00033496 
2025-04-15 15:01:06,577  INFO  EPOCH 199 | Validation MSE: G1: 0.00032341, G2: 0.00043447, G3: 0.00033473 
2025-04-15 15:01:08,036  INFO  EPOCH 200 | Validation MSE: G1: 0.00032355, G2: 0.00043609, G3: 0.00033314 
2025-04-15 15:01:09,618  INFO  EPOCH 201 | Validation MSE: G1: 0.00032352, G2: 0.00047145, G3: 0.00033224 
2025-04-15 15:01:11,397  INFO  EPOCH 202 | Validation MSE: G1: 0.00032357, G2: 0.00046137, G3: 0.00033641 
2025-04-15 15:01:13,001  INFO  EPOCH 203 | Validation MSE: G1: 0.00032359, G2: 0.00043059, G3: 0.00033210 
2025-04-15 15:01:14,694  INFO  EPOCH 204 | Validation MSE: G1: 0.00032364, G2: 0.00044474, G3: 0.00033139 
2025-04-15 15:01:16,468  INFO  EPOCH 205 | Validation MSE: G1: 0.00032378, G2: 0.00045113, G3: 0.00033069 
2025-04-15 15:01:18,254  INFO  EPOCH 206 | Validation MSE: G1: 0.00032371, G2: 0.00043183, G3: 0.00032974 
2025-04-15 15:01:20,096  INFO  EPOCH 207 | Validation MSE: G1: 0.00032349, G2: 0.00045293, G3: 0.00032955 
2025-04-15 15:01:21,754  INFO  EPOCH 208 | Validation MSE: G1: 0.00032337, G2: 0.00043174, G3: 0.00032943 
2025-04-15 15:01:23,298  INFO  EPOCH 209 | Validation MSE: G1: 0.00032340, G2: 0.00042918, G3: 0.00033000 
2025-04-15 15:01:24,949  INFO  EPOCH 210 | Validation MSE: G1: 0.00032338, G2: 0.00044020, G3: 0.00033060 
2025-04-15 15:01:26,608  INFO  EPOCH 211 | Validation MSE: G1: 0.00032328, G2: 0.00043182, G3: 0.00033250 
2025-04-15 15:01:28,242  INFO  EPOCH 212 | Validation MSE: G1: 0.00032323, G2: 0.00043140, G3: 0.00033574 
2025-04-15 15:01:29,810  INFO  EPOCH 213 | Validation MSE: G1: 0.00032317, G2: 0.00044957, G3: 0.00033669 
2025-04-15 15:01:31,320  INFO  EPOCH 214 | Validation MSE: G1: 0.00032321, G2: 0.00045261, G3: 0.00033639 
2025-04-15 15:01:33,060  INFO  EPOCH 215 | Validation MSE: G1: 0.00032328, G2: 0.00042804, G3: 0.00033636 
2025-04-15 15:01:34,820  INFO  EPOCH 216 | Validation MSE: G1: 0.00032332, G2: 0.00043638, G3: 0.00033537 
2025-04-15 15:01:36,639  INFO  EPOCH 217 | Validation MSE: G1: 0.00032327, G2: 0.00043898, G3: 0.00033349 
2025-04-15 15:01:38,453  INFO  EPOCH 218 | Validation MSE: G1: 0.00032326, G2: 0.00046125, G3: 0.00033468 
2025-04-15 15:01:40,304  INFO  EPOCH 219 | Validation MSE: G1: 0.00032324, G2: 0.00045355, G3: 0.00033374 
2025-04-15 15:01:42,121  INFO  EPOCH 220 | Validation MSE: G1: 0.00032330, G2: 0.00043098, G3: 0.00033405 
2025-04-15 15:01:43,934  INFO  EPOCH 221 | Validation MSE: G1: 0.00032331, G2: 0.00045725, G3: 0.00033426 
2025-04-15 15:01:45,711  INFO  EPOCH 222 | Validation MSE: G1: 0.00032334, G2: 0.00045500, G3: 0.00033497 
2025-04-15 15:01:47,437  INFO  EPOCH 223 | Validation MSE: G1: 0.00032322, G2: 0.00043925, G3: 0.00033278 
2025-04-15 15:01:49,165  INFO  EPOCH 224 | Validation MSE: G1: 0.00032322, G2: 0.00044508, G3: 0.00033433 
2025-04-15 15:01:50,987  INFO  EPOCH 225 | Validation MSE: G1: 0.00032327, G2: 0.00043671, G3: 0.00033347 
2025-04-15 15:01:52,747  INFO  EPOCH 226 | Validation MSE: G1: 0.00032340, G2: 0.00044099, G3: 0.00033525 
2025-04-15 15:01:54,575  INFO  EPOCH 227 | Validation MSE: G1: 0.00032337, G2: 0.00044505, G3: 0.00033693 
2025-04-15 15:01:56,416  INFO  EPOCH 228 | Validation MSE: G1: 0.00032342, G2: 0.00044182, G3: 0.00033581 
2025-04-15 15:01:58,491  INFO  EPOCH 229 | Validation MSE: G1: 0.00032357, G2: 0.00043888, G3: 0.00033485 
2025-04-15 15:01:59,919  INFO  EPOCH 230 | Validation MSE: G1: 0.00032335, G2: 0.00044847, G3: 0.00033096 
2025-04-15 15:02:03,621  INFO  G1 best epoch: 135
2025-04-15 15:02:03,621  INFO  G2 best epoch: 215
2025-04-15 15:02:03,621  INFO  G3 best epoch: 24
2025-04-15 15:02:04,317  INFO  Train Metrics for G1: MSE=0.0082, MAE=0.0589, RMSE=0.0906, MAPE=1.1198
2025-04-15 15:02:05,085  INFO  Train Metrics for G2: MSE=0.0102, MAE=0.0704, RMSE=0.1010, MAPE=1.3627
2025-04-15 15:02:06,258  INFO  Train Metrics for G3: MSE=0.0048, MAE=0.0483, RMSE=0.0693, MAPE=0.9243
2025-04-15 15:02:06,943  INFO  Test Metrics for G1: MSE=0.0043, MAE=0.0459, RMSE=0.0653, MAPE=0.9215
2025-04-15 15:02:07,611  INFO  Test Metrics for G2: MSE=0.0057, MAE=0.0551, RMSE=0.0757, MAPE=1.1112
2025-04-15 15:02:08,529  INFO  Test Metrics for G3: MSE=0.0037, MAE=0.0448, RMSE=0.0611, MAPE=0.9048
