2025-04-15 10:57:09,419  INFO  ARGS = {
  "notes": "实现了判断也在GAN中，试试看",
  "data_path": "database/process_工商银行.csv",
  "output_dir": "out_put/multi",
  "ckpt_dir": "ckpt",
  "feature_columns": [
    2,
    3,
    4,
    5,
    6,
    7,
    8,
    9,
    10,
    11,
    12,
    13,
    14,
    15,
    16,
    17,
    18,
    19,
    20,
    21,
    22,
    23,
    1
  ],
  "target_columns": [
    [
      1
    ]
  ],
  "start_timestamp": 1,
  "end_timestamp": 2400,
  "window_sizes": [
    5,
    10,
    15
  ],
  "N_pairs": 3,
  "num_classes": 3,
  "generators": [
    "gru",
    "lstm",
    "transformer"
  ],
  "discriminators": null,
  "distill_epochs": 1,
  "cross_finetune_epochs": 5,
  "device": [
    0
  ],
  "num_epochs": 10000,
  "lr": 2e-05,
  "batch_size": 64,
  "train_split": 0.7,
  "random_seed": 3407,
  "mode": "train",
  "ckpt_path": "lastest"
}
2025-04-15 10:57:11,109  INFO  EPOCH 1 | Validation MSE: G1: 0.06845490, G2: 0.06927069, G3: 0.00986164 
2025-04-15 10:57:12,403  INFO  EPOCH 2 | Validation MSE: G1: 0.05091422, G2: 0.06212613, G3: 0.00409734 
2025-04-15 10:57:13,921  INFO  EPOCH 3 | Validation MSE: G1: 0.03654521, G2: 0.05556415, G3: 0.00263586 
2025-04-15 10:57:15,432  INFO  EPOCH 4 | Validation MSE: G1: 0.02535937, G2: 0.04945428, G3: 0.00153530 
2025-04-15 10:57:17,049  INFO  EPOCH 5 | Validation MSE: G1: 0.01729601, G2: 0.04376475, G3: 0.00113600 
2025-04-15 10:57:18,634  INFO  EPOCH 6 | Validation MSE: G1: 0.01248195, G2: 0.03840633, G3: 0.00135465 
2025-04-15 10:57:20,325  INFO  EPOCH 7 | Validation MSE: G1: 0.01022032, G2: 0.03370000, G3: 0.00111568 
2025-04-15 10:57:22,005  INFO  EPOCH 8 | Validation MSE: G1: 0.00962292, G2: 0.02945292, G3: 0.00071088 
2025-04-15 10:57:23,643  INFO  EPOCH 9 | Validation MSE: G1: 0.00959171, G2: 0.02605149, G3: 0.00147181 
2025-04-15 10:57:25,366  INFO  EPOCH 10 | Validation MSE: G1: 0.00958993, G2: 0.02347629, G3: 0.00125931 
2025-04-15 10:57:26,916  INFO  EPOCH 11 | Validation MSE: G1: 0.00908304, G2: 0.02213225, G3: 0.00074909 
2025-04-15 10:57:28,411  INFO  EPOCH 12 | Validation MSE: G1: 0.00838326, G2: 0.02191940, G3: 0.00044338 
2025-04-15 10:57:29,646  INFO  EPOCH 13 | Validation MSE: G1: 0.00780203, G2: 0.02268126, G3: 0.00048147 
2025-04-15 10:57:30,963  INFO  EPOCH 14 | Validation MSE: G1: 0.00717669, G2: 0.02370249, G3: 0.00045937 
2025-04-15 10:57:32,205  INFO  EPOCH 15 | Validation MSE: G1: 0.00657709, G2: 0.02443420, G3: 0.00039225 
2025-04-15 10:57:33,452  INFO  EPOCH 16 | Validation MSE: G1: 0.00594036, G2: 0.02476085, G3: 0.00043319 
2025-04-15 10:57:34,714  INFO  EPOCH 17 | Validation MSE: G1: 0.00528867, G2: 0.02424259, G3: 0.00035360 
2025-04-15 10:57:35,970  INFO  EPOCH 18 | Validation MSE: G1: 0.00477710, G2: 0.02354766, G3: 0.00040202 
2025-04-15 10:57:37,254  INFO  EPOCH 19 | Validation MSE: G1: 0.00436368, G2: 0.02226491, G3: 0.00037916 
2025-04-15 10:57:38,493  INFO  EPOCH 20 | Validation MSE: G1: 0.00385541, G2: 0.02057068, G3: 0.00045303 
2025-04-15 10:57:39,735  INFO  EPOCH 21 | Validation MSE: G1: 0.00347079, G2: 0.01878617, G3: 0.00030851 
2025-04-15 10:57:41,041  INFO  EPOCH 22 | Validation MSE: G1: 0.00303388, G2: 0.01689352, G3: 0.00035995 
2025-04-15 10:57:42,512  INFO  EPOCH 23 | Validation MSE: G1: 0.00265874, G2: 0.01544053, G3: 0.00043302 
2025-04-15 10:57:44,159  INFO  EPOCH 24 | Validation MSE: G1: 0.00229501, G2: 0.01419808, G3: 0.00031339 
2025-04-15 10:57:45,980  INFO  EPOCH 25 | Validation MSE: G1: 0.00209343, G2: 0.01352307, G3: 0.00050876 
2025-04-15 10:57:47,660  INFO  EPOCH 26 | Validation MSE: G1: 0.00183761, G2: 0.01200933, G3: 0.00030422 
2025-04-15 10:57:49,469  INFO  EPOCH 27 | Validation MSE: G1: 0.00158507, G2: 0.01096359, G3: 0.00031537 
2025-04-15 10:57:51,366  INFO  EPOCH 28 | Validation MSE: G1: 0.00141317, G2: 0.01011538, G3: 0.00037986 
2025-04-15 10:57:53,110  INFO  EPOCH 29 | Validation MSE: G1: 0.00123112, G2: 0.00942741, G3: 0.00044654 
2025-04-15 10:57:54,826  INFO  EPOCH 30 | Validation MSE: G1: 0.00108550, G2: 0.00818834, G3: 0.00054907 
2025-04-15 10:57:56,639  INFO  EPOCH 31 | Validation MSE: G1: 0.00106567, G2: 0.00768576, G3: 0.00043420 
2025-04-15 10:57:58,243  INFO  EPOCH 32 | Validation MSE: G1: 0.00087786, G2: 0.00658727, G3: 0.00037819 
2025-04-15 10:57:59,875  INFO  EPOCH 33 | Validation MSE: G1: 0.00082213, G2: 0.00592289, G3: 0.00069946 
2025-04-15 10:58:01,291  INFO  EPOCH 34 | Validation MSE: G1: 0.00076718, G2: 0.00501531, G3: 0.00037434 
2025-04-15 10:58:02,675  INFO  EPOCH 35 | Validation MSE: G1: 0.00073293, G2: 0.00464952, G3: 0.00033776 
2025-04-15 10:58:03,940  INFO  EPOCH 36 | Validation MSE: G1: 0.00066988, G2: 0.00402774, G3: 0.00049726 
2025-04-15 10:58:05,467  INFO  EPOCH 37 | Validation MSE: G1: 0.00062952, G2: 0.00343296, G3: 0.00042317 
2025-04-15 10:58:06,975  INFO  EPOCH 38 | Validation MSE: G1: 0.00064128, G2: 0.00349003, G3: 0.00045403 
2025-04-15 10:58:08,724  INFO  EPOCH 39 | Validation MSE: G1: 0.00060047, G2: 0.00271874, G3: 0.00068577 
2025-04-15 10:58:10,000  INFO  EPOCH 40 | Validation MSE: G1: 0.00058286, G2: 0.00248426, G3: 0.00085106 
2025-04-15 10:58:11,721  INFO  EPOCH 41 | Validation MSE: G1: 0.00058202, G2: 0.00258538, G3: 0.00049167 
2025-04-15 10:58:13,331  INFO  EPOCH 42 | Validation MSE: G1: 0.00053955, G2: 0.00207361, G3: 0.00046442 
2025-04-15 10:58:15,400  INFO  EPOCH 43 | Validation MSE: G1: 0.00053128, G2: 0.00215814, G3: 0.00069195 
2025-04-15 10:58:16,964  INFO  EPOCH 44 | Validation MSE: G1: 0.00052401, G2: 0.00194396, G3: 0.00045019 
2025-04-15 10:58:18,371  INFO  EPOCH 45 | Validation MSE: G1: 0.00050415, G2: 0.00175579, G3: 0.00040400 
2025-04-15 10:58:19,757  INFO  EPOCH 46 | Validation MSE: G1: 0.00049712, G2: 0.00165969, G3: 0.00048553 
2025-04-15 10:58:21,355  INFO  EPOCH 47 | Validation MSE: G1: 0.00048683, G2: 0.00156526, G3: 0.00050056 
2025-04-15 10:58:23,057  INFO  EPOCH 48 | Validation MSE: G1: 0.00047889, G2: 0.00152350, G3: 0.00041109 
2025-04-15 10:58:24,587  INFO  EPOCH 49 | Validation MSE: G1: 0.00048548, G2: 0.00160766, G3: 0.00049290 
2025-04-15 10:58:25,943  INFO  EPOCH 50 | Validation MSE: G1: 0.00048781, G2: 0.00154914, G3: 0.00041954 
2025-04-15 10:58:27,491  INFO  EPOCH 51 | Validation MSE: G1: 0.00046471, G2: 0.00143966, G3: 0.00048494 
2025-04-15 10:58:29,073  INFO  EPOCH 52 | Validation MSE: G1: 0.00046262, G2: 0.00143552, G3: 0.00050163 
2025-04-15 10:58:30,613  INFO  EPOCH 53 | Validation MSE: G1: 0.00046045, G2: 0.00137155, G3: 0.00053315 
2025-04-15 10:58:32,234  INFO  EPOCH 54 | Validation MSE: G1: 0.00045485, G2: 0.00135120, G3: 0.00041296 
2025-04-15 10:58:33,760  INFO  EPOCH 55 | Validation MSE: G1: 0.00046371, G2: 0.00138241, G3: 0.00044050 
2025-04-15 10:58:35,254  INFO  EPOCH 56 | Validation MSE: G1: 0.00044647, G2: 0.00132079, G3: 0.00044470 
2025-04-15 10:58:36,812  INFO  EPOCH 57 | Validation MSE: G1: 0.00044995, G2: 0.00133253, G3: 0.00044373 
2025-04-15 10:58:38,425  INFO  EPOCH 58 | Validation MSE: G1: 0.00044298, G2: 0.00131841, G3: 0.00043136 
2025-04-15 10:58:39,908  INFO  EPOCH 59 | Validation MSE: G1: 0.00044498, G2: 0.00143270, G3: 0.00043720 
2025-04-15 10:58:41,429  INFO  EPOCH 60 | Validation MSE: G1: 0.00043628, G2: 0.00119132, G3: 0.00042968 
2025-04-15 10:58:42,961  INFO  EPOCH 61 | Validation MSE: G1: 0.00044062, G2: 0.00151391, G3: 0.00044452 
2025-04-15 10:58:44,633  INFO  EPOCH 62 | Validation MSE: G1: 0.00043261, G2: 0.00128722, G3: 0.00044030 
2025-04-15 10:58:46,114  INFO  EPOCH 63 | Validation MSE: G1: 0.00043256, G2: 0.00124587, G3: 0.00043527 
2025-04-15 10:58:47,794  INFO  EPOCH 64 | Validation MSE: G1: 0.00042307, G2: 0.00123551, G3: 0.00044462 
2025-04-15 10:58:49,411  INFO  EPOCH 65 | Validation MSE: G1: 0.00043887, G2: 0.00118646, G3: 0.00043743 
2025-04-15 10:58:51,092  INFO  EPOCH 66 | Validation MSE: G1: 0.00041684, G2: 0.00119359, G3: 0.00043440 
2025-04-15 10:58:52,783  INFO  EPOCH 67 | Validation MSE: G1: 0.00043886, G2: 0.00121886, G3: 0.00041248 
2025-04-15 10:58:54,472  INFO  EPOCH 68 | Validation MSE: G1: 0.00041576, G2: 0.00111753, G3: 0.00041488 
2025-04-15 10:58:56,173  INFO  EPOCH 69 | Validation MSE: G1: 0.00040924, G2: 0.00113106, G3: 0.00042070 
2025-04-15 10:58:57,776  INFO  EPOCH 70 | Validation MSE: G1: 0.00041479, G2: 0.00113029, G3: 0.00042644 
2025-04-15 10:58:59,569  INFO  EPOCH 71 | Validation MSE: G1: 0.00040509, G2: 0.00117225, G3: 0.00042755 
2025-04-15 10:59:01,225  INFO  EPOCH 72 | Validation MSE: G1: 0.00040473, G2: 0.00108299, G3: 0.00042300 
2025-04-15 10:59:02,910  INFO  EPOCH 73 | Validation MSE: G1: 0.00039955, G2: 0.00106544, G3: 0.00041210 
2025-04-15 10:59:04,702  INFO  EPOCH 74 | Validation MSE: G1: 0.00040443, G2: 0.00114048, G3: 0.00040293 
2025-04-15 10:59:06,390  INFO  EPOCH 75 | Validation MSE: G1: 0.00039563, G2: 0.00100629, G3: 0.00040826 
2025-04-15 10:59:08,089  INFO  EPOCH 76 | Validation MSE: G1: 0.00039276, G2: 0.00111516, G3: 0.00040910 
2025-04-15 10:59:09,621  INFO  EPOCH 77 | Validation MSE: G1: 0.00039777, G2: 0.00107310, G3: 0.00042434 
2025-04-15 10:59:11,426  INFO  EPOCH 78 | Validation MSE: G1: 0.00038886, G2: 0.00100796, G3: 0.00043023 
2025-04-15 10:59:13,033  INFO  EPOCH 79 | Validation MSE: G1: 0.00038641, G2: 0.00100694, G3: 0.00042925 
2025-04-15 10:59:14,724  INFO  EPOCH 80 | Validation MSE: G1: 0.00039172, G2: 0.00098755, G3: 0.00043623 
2025-04-15 10:59:16,280  INFO  EPOCH 81 | Validation MSE: G1: 0.00038259, G2: 0.00099089, G3: 0.00043826 
2025-04-15 10:59:17,907  INFO  EPOCH 82 | Validation MSE: G1: 0.00039392, G2: 0.00101939, G3: 0.00043237 
2025-04-15 10:59:19,596  INFO  EPOCH 83 | Validation MSE: G1: 0.00038628, G2: 0.00105647, G3: 0.00043761 
2025-04-15 10:59:21,042  INFO  EPOCH 84 | Validation MSE: G1: 0.00038651, G2: 0.00097397, G3: 0.00044396 
2025-04-15 10:59:22,591  INFO  EPOCH 85 | Validation MSE: G1: 0.00038478, G2: 0.00098143, G3: 0.00044820 
2025-04-15 10:59:24,229  INFO  EPOCH 86 | Validation MSE: G1: 0.00040374, G2: 0.00097997, G3: 0.00043727 
2025-04-15 10:59:25,969  INFO  EPOCH 87 | Validation MSE: G1: 0.00038236, G2: 0.00092719, G3: 0.00042467 
2025-04-15 10:59:27,816  INFO  EPOCH 88 | Validation MSE: G1: 0.00037431, G2: 0.00095338, G3: 0.00042597 
2025-04-15 10:59:29,825  INFO  EPOCH 89 | Validation MSE: G1: 0.00038712, G2: 0.00089654, G3: 0.00041905 
2025-04-15 10:59:31,521  INFO  EPOCH 90 | Validation MSE: G1: 0.00037409, G2: 0.00090175, G3: 0.00040845 
2025-04-15 10:59:33,161  INFO  EPOCH 91 | Validation MSE: G1: 0.00036743, G2: 0.00091109, G3: 0.00040617 
2025-04-15 10:59:34,856  INFO  EPOCH 92 | Validation MSE: G1: 0.00037040, G2: 0.00089064, G3: 0.00040325 
2025-04-15 10:59:36,507  INFO  EPOCH 93 | Validation MSE: G1: 0.00036620, G2: 0.00090796, G3: 0.00040382 
2025-04-15 10:59:38,446  INFO  EPOCH 94 | Validation MSE: G1: 0.00036239, G2: 0.00088935, G3: 0.00040225 
2025-04-15 10:59:40,146  INFO  EPOCH 95 | Validation MSE: G1: 0.00037285, G2: 0.00085984, G3: 0.00040091 
2025-04-15 10:59:41,894  INFO  EPOCH 96 | Validation MSE: G1: 0.00037562, G2: 0.00090752, G3: 0.00039917 
2025-04-15 10:59:43,785  INFO  EPOCH 97 | Validation MSE: G1: 0.00037361, G2: 0.00083394, G3: 0.00039873 
2025-04-15 10:59:46,097  INFO  EPOCH 98 | Validation MSE: G1: 0.00036677, G2: 0.00103107, G3: 0.00040217 
2025-04-15 10:59:47,786  INFO  EPOCH 99 | Validation MSE: G1: 0.00035936, G2: 0.00083545, G3: 0.00040108 
2025-04-15 10:59:49,414  INFO  EPOCH 100 | Validation MSE: G1: 0.00035668, G2: 0.00081694, G3: 0.00039812 
2025-04-15 10:59:51,092  INFO  EPOCH 101 | Validation MSE: G1: 0.00035529, G2: 0.00085679, G3: 0.00039949 
2025-04-15 10:59:52,782  INFO  EPOCH 102 | Validation MSE: G1: 0.00035638, G2: 0.00078767, G3: 0.00039716 
2025-04-15 10:59:54,655  INFO  EPOCH 103 | Validation MSE: G1: 0.00035605, G2: 0.00079703, G3: 0.00039606 
2025-04-15 10:59:56,320  INFO  EPOCH 104 | Validation MSE: G1: 0.00036073, G2: 0.00087593, G3: 0.00039785 
2025-04-15 10:59:57,849  INFO  EPOCH 105 | Validation MSE: G1: 0.00036518, G2: 0.00077120, G3: 0.00039645 
2025-04-15 10:59:59,776  INFO  EPOCH 106 | Validation MSE: G1: 0.00035472, G2: 0.00076006, G3: 0.00039610 
2025-04-15 11:00:01,600  INFO  EPOCH 107 | Validation MSE: G1: 0.00035781, G2: 0.00080719, G3: 0.00039402 
2025-04-15 11:00:03,158  INFO  EPOCH 108 | Validation MSE: G1: 0.00034949, G2: 0.00077844, G3: 0.00039672 
2025-04-15 11:00:04,978  INFO  EPOCH 109 | Validation MSE: G1: 0.00035168, G2: 0.00073941, G3: 0.00039723 
2025-04-15 11:00:06,782  INFO  EPOCH 110 | Validation MSE: G1: 0.00035333, G2: 0.00078445, G3: 0.00039533 
2025-04-15 11:00:08,597  INFO  EPOCH 111 | Validation MSE: G1: 0.00037117, G2: 0.00078296, G3: 0.00039114 
2025-04-15 11:00:10,355  INFO  EPOCH 112 | Validation MSE: G1: 0.00034972, G2: 0.00071475, G3: 0.00039353 
2025-04-15 11:00:12,219  INFO  EPOCH 113 | Validation MSE: G1: 0.00036210, G2: 0.00072763, G3: 0.00039739 
2025-04-15 11:00:14,186  INFO  EPOCH 114 | Validation MSE: G1: 0.00035688, G2: 0.00069979, G3: 0.00040086 
2025-04-15 11:00:16,041  INFO  EPOCH 115 | Validation MSE: G1: 0.00034814, G2: 0.00069793, G3: 0.00039815 
2025-04-15 11:00:17,643  INFO  EPOCH 116 | Validation MSE: G1: 0.00034574, G2: 0.00069201, G3: 0.00039677 
2025-04-15 11:00:19,213  INFO  EPOCH 117 | Validation MSE: G1: 0.00034977, G2: 0.00068182, G3: 0.00040007 
2025-04-15 11:00:20,834  INFO  EPOCH 118 | Validation MSE: G1: 0.00036425, G2: 0.00078582, G3: 0.00039844 
2025-04-15 11:00:22,329  INFO  EPOCH 119 | Validation MSE: G1: 0.00034754, G2: 0.00069697, G3: 0.00040366 
2025-04-15 11:00:23,916  INFO  EPOCH 120 | Validation MSE: G1: 0.00034701, G2: 0.00068853, G3: 0.00040182 
2025-04-15 11:00:25,569  INFO  EPOCH 121 | Validation MSE: G1: 0.00036303, G2: 0.00073110, G3: 0.00039928 
2025-04-15 11:00:27,310  INFO  EPOCH 122 | Validation MSE: G1: 0.00035122, G2: 0.00066397, G3: 0.00039675 
2025-04-15 11:00:29,122  INFO  EPOCH 123 | Validation MSE: G1: 0.00034988, G2: 0.00065018, G3: 0.00039088 
2025-04-15 11:00:30,675  INFO  EPOCH 124 | Validation MSE: G1: 0.00037392, G2: 0.00066507, G3: 0.00038921 
2025-04-15 11:00:32,132  INFO  EPOCH 125 | Validation MSE: G1: 0.00037108, G2: 0.00064926, G3: 0.00038853 
2025-04-15 11:00:33,678  INFO  EPOCH 126 | Validation MSE: G1: 0.00035237, G2: 0.00063107, G3: 0.00038795 
2025-04-15 11:00:35,225  INFO  EPOCH 127 | Validation MSE: G1: 0.00035255, G2: 0.00064698, G3: 0.00039078 
2025-04-15 11:00:36,697  INFO  EPOCH 128 | Validation MSE: G1: 0.00035322, G2: 0.00063176, G3: 0.00039731 
2025-04-15 11:00:38,380  INFO  EPOCH 129 | Validation MSE: G1: 0.00035599, G2: 0.00062399, G3: 0.00039764 
2025-04-15 11:00:39,956  INFO  EPOCH 130 | Validation MSE: G1: 0.00035341, G2: 0.00066416, G3: 0.00039411 
2025-04-15 11:00:41,444  INFO  EPOCH 131 | Validation MSE: G1: 0.00035640, G2: 0.00063096, G3: 0.00038477 
2025-04-15 11:00:42,845  INFO  EPOCH 132 | Validation MSE: G1: 0.00035176, G2: 0.00062888, G3: 0.00038464 
2025-04-15 11:00:44,366  INFO  EPOCH 133 | Validation MSE: G1: 0.00034628, G2: 0.00061756, G3: 0.00038571 
2025-04-15 11:00:45,989  INFO  EPOCH 134 | Validation MSE: G1: 0.00034647, G2: 0.00060495, G3: 0.00038351 
2025-04-15 11:00:47,639  INFO  EPOCH 135 | Validation MSE: G1: 0.00034620, G2: 0.00060131, G3: 0.00038182 
2025-04-15 11:00:49,206  INFO  EPOCH 136 | Validation MSE: G1: 0.00034617, G2: 0.00059730, G3: 0.00038411 
2025-04-15 11:00:50,719  INFO  EPOCH 137 | Validation MSE: G1: 0.00034574, G2: 0.00061033, G3: 0.00038505 
2025-04-15 11:00:52,146  INFO  EPOCH 138 | Validation MSE: G1: 0.00034567, G2: 0.00060756, G3: 0.00038297 
2025-04-15 11:00:53,549  INFO  EPOCH 139 | Validation MSE: G1: 0.00034690, G2: 0.00058690, G3: 0.00037718 
2025-04-15 11:00:54,971  INFO  EPOCH 140 | Validation MSE: G1: 0.00034753, G2: 0.00060459, G3: 0.00037744 
2025-04-15 11:00:56,530  INFO  EPOCH 141 | Validation MSE: G1: 0.00034622, G2: 0.00059103, G3: 0.00037592 
2025-04-15 11:00:57,929  INFO  EPOCH 142 | Validation MSE: G1: 0.00034683, G2: 0.00056654, G3: 0.00037747 
2025-04-15 11:00:59,457  INFO  EPOCH 143 | Validation MSE: G1: 0.00034722, G2: 0.00056401, G3: 0.00037920 
2025-04-15 11:01:01,176  INFO  EPOCH 144 | Validation MSE: G1: 0.00034842, G2: 0.00057307, G3: 0.00037841 
2025-04-15 11:01:02,753  INFO  EPOCH 145 | Validation MSE: G1: 0.00034822, G2: 0.00058477, G3: 0.00038227 
2025-04-15 11:01:04,474  INFO  EPOCH 146 | Validation MSE: G1: 0.00034780, G2: 0.00056818, G3: 0.00038537 
2025-04-15 11:01:06,207  INFO  EPOCH 147 | Validation MSE: G1: 0.00034776, G2: 0.00054751, G3: 0.00037488 
2025-04-15 11:01:07,931  INFO  EPOCH 148 | Validation MSE: G1: 0.00034782, G2: 0.00055474, G3: 0.00037022 
2025-04-15 11:01:09,677  INFO  EPOCH 149 | Validation MSE: G1: 0.00034802, G2: 0.00054510, G3: 0.00036990 
2025-04-15 11:01:11,462  INFO  EPOCH 150 | Validation MSE: G1: 0.00035115, G2: 0.00054587, G3: 0.00037077 
2025-04-15 11:01:13,384  INFO  EPOCH 151 | Validation MSE: G1: 0.00035180, G2: 0.00054407, G3: 0.00036909 
2025-04-15 11:01:15,336  INFO  EPOCH 152 | Validation MSE: G1: 0.00035235, G2: 0.00054900, G3: 0.00036950 
2025-04-15 11:01:17,260  INFO  EPOCH 153 | Validation MSE: G1: 0.00034993, G2: 0.00053736, G3: 0.00037319 
2025-04-15 11:01:19,054  INFO  EPOCH 154 | Validation MSE: G1: 0.00035124, G2: 0.00052442, G3: 0.00037345 
2025-04-15 11:01:20,764  INFO  EPOCH 155 | Validation MSE: G1: 0.00035129, G2: 0.00052065, G3: 0.00037413 
2025-04-15 11:01:22,272  INFO  EPOCH 156 | Validation MSE: G1: 0.00035131, G2: 0.00052165, G3: 0.00037457 
2025-04-15 11:01:23,712  INFO  EPOCH 157 | Validation MSE: G1: 0.00035159, G2: 0.00052766, G3: 0.00037037 
2025-04-15 11:01:25,289  INFO  EPOCH 158 | Validation MSE: G1: 0.00035236, G2: 0.00054668, G3: 0.00036904 
2025-04-15 11:01:26,848  INFO  EPOCH 159 | Validation MSE: G1: 0.00035211, G2: 0.00055239, G3: 0.00036554 
2025-04-15 11:01:28,340  INFO  EPOCH 160 | Validation MSE: G1: 0.00035193, G2: 0.00052680, G3: 0.00036314 
2025-04-15 11:01:29,929  INFO  EPOCH 161 | Validation MSE: G1: 0.00035189, G2: 0.00051057, G3: 0.00036287 
2025-04-15 11:01:31,602  INFO  EPOCH 162 | Validation MSE: G1: 0.00035161, G2: 0.00050853, G3: 0.00036259 
2025-04-15 11:01:33,199  INFO  EPOCH 163 | Validation MSE: G1: 0.00035177, G2: 0.00051141, G3: 0.00036264 
2025-04-15 11:01:34,823  INFO  EPOCH 164 | Validation MSE: G1: 0.00035170, G2: 0.00050992, G3: 0.00036133 
2025-04-15 11:01:36,368  INFO  EPOCH 165 | Validation MSE: G1: 0.00035208, G2: 0.00052876, G3: 0.00036156 
2025-04-15 11:01:37,936  INFO  EPOCH 166 | Validation MSE: G1: 0.00035221, G2: 0.00050044, G3: 0.00036140 
2025-04-15 11:01:39,388  INFO  EPOCH 167 | Validation MSE: G1: 0.00035215, G2: 0.00049995, G3: 0.00036072 
2025-04-15 11:01:40,834  INFO  EPOCH 168 | Validation MSE: G1: 0.00035209, G2: 0.00049961, G3: 0.00036089 
2025-04-15 11:01:42,334  INFO  EPOCH 169 | Validation MSE: G1: 0.00035205, G2: 0.00049277, G3: 0.00036141 
2025-04-15 11:01:43,826  INFO  EPOCH 170 | Validation MSE: G1: 0.00035204, G2: 0.00049137, G3: 0.00036094 
2025-04-15 11:01:45,685  INFO  EPOCH 171 | Validation MSE: G1: 0.00035194, G2: 0.00048720, G3: 0.00036075 
2025-04-15 11:01:47,352  INFO  EPOCH 172 | Validation MSE: G1: 0.00035207, G2: 0.00049676, G3: 0.00036054 
2025-04-15 11:01:49,122  INFO  EPOCH 173 | Validation MSE: G1: 0.00035239, G2: 0.00047741, G3: 0.00035996 
2025-04-15 11:01:50,910  INFO  EPOCH 174 | Validation MSE: G1: 0.00035261, G2: 0.00050572, G3: 0.00035937 
2025-04-15 11:01:52,645  INFO  EPOCH 175 | Validation MSE: G1: 0.00035283, G2: 0.00047938, G3: 0.00035931 
2025-04-15 11:01:54,345  INFO  EPOCH 176 | Validation MSE: G1: 0.00035302, G2: 0.00048355, G3: 0.00035966 
2025-04-15 11:01:55,756  INFO  EPOCH 177 | Validation MSE: G1: 0.00035310, G2: 0.00048837, G3: 0.00035922 
2025-04-15 11:01:57,470  INFO  EPOCH 178 | Validation MSE: G1: 0.00035327, G2: 0.00047068, G3: 0.00035938 
2025-04-15 11:01:59,352  INFO  EPOCH 179 | Validation MSE: G1: 0.00035344, G2: 0.00049326, G3: 0.00035885 
2025-04-15 11:02:01,225  INFO  EPOCH 180 | Validation MSE: G1: 0.00035350, G2: 0.00049334, G3: 0.00035883 
2025-04-15 11:02:03,035  INFO  EPOCH 181 | Validation MSE: G1: 0.00035336, G2: 0.00051360, G3: 0.00035836 
2025-04-15 11:02:04,794  INFO  EPOCH 182 | Validation MSE: G1: 0.00035335, G2: 0.00046618, G3: 0.00035819 
2025-04-15 11:02:06,642  INFO  EPOCH 183 | Validation MSE: G1: 0.00035339, G2: 0.00046426, G3: 0.00035802 
2025-04-15 11:02:08,588  INFO  EPOCH 184 | Validation MSE: G1: 0.00035355, G2: 0.00046300, G3: 0.00035866 
2025-04-15 11:02:10,231  INFO  EPOCH 185 | Validation MSE: G1: 0.00035358, G2: 0.00045891, G3: 0.00035925 
2025-04-15 11:02:11,855  INFO  EPOCH 186 | Validation MSE: G1: 0.00035332, G2: 0.00057463, G3: 0.00035882 
2025-04-15 11:02:13,382  INFO  EPOCH 187 | Validation MSE: G1: 0.00035344, G2: 0.00046064, G3: 0.00035742 
2025-04-15 11:02:15,015  INFO  EPOCH 188 | Validation MSE: G1: 0.00035350, G2: 0.00046434, G3: 0.00035730 
2025-04-15 11:02:16,681  INFO  EPOCH 189 | Validation MSE: G1: 0.00035348, G2: 0.00046772, G3: 0.00035711 
2025-04-15 11:02:18,450  INFO  EPOCH 190 | Validation MSE: G1: 0.00035347, G2: 0.00049245, G3: 0.00035769 
2025-04-15 11:02:20,191  INFO  EPOCH 191 | Validation MSE: G1: 0.00035370, G2: 0.00046117, G3: 0.00035814 
2025-04-15 11:02:21,935  INFO  EPOCH 192 | Validation MSE: G1: 0.00035373, G2: 0.00051220, G3: 0.00035718 
2025-04-15 11:02:23,759  INFO  EPOCH 193 | Validation MSE: G1: 0.00035409, G2: 0.00045859, G3: 0.00035974 
2025-04-15 11:02:25,581  INFO  EPOCH 194 | Validation MSE: G1: 0.00035445, G2: 0.00045768, G3: 0.00036237 
2025-04-15 11:02:27,254  INFO  EPOCH 195 | Validation MSE: G1: 0.00035485, G2: 0.00046172, G3: 0.00036049 
2025-04-15 11:02:29,109  INFO  EPOCH 196 | Validation MSE: G1: 0.00035502, G2: 0.00047454, G3: 0.00035892 
2025-04-15 11:02:30,585  INFO  EPOCH 197 | Validation MSE: G1: 0.00035509, G2: 0.00048151, G3: 0.00035864 
2025-04-15 11:02:32,218  INFO  EPOCH 198 | Validation MSE: G1: 0.00035514, G2: 0.00045347, G3: 0.00035605 
2025-04-15 11:02:33,921  INFO  EPOCH 199 | Validation MSE: G1: 0.00035511, G2: 0.00046666, G3: 0.00035584 
2025-04-15 11:02:35,599  INFO  EPOCH 200 | Validation MSE: G1: 0.00035540, G2: 0.00045006, G3: 0.00035942 
2025-04-15 11:02:37,197  INFO  EPOCH 201 | Validation MSE: G1: 0.00035554, G2: 0.00044993, G3: 0.00035790 
2025-04-15 11:02:38,759  INFO  EPOCH 202 | Validation MSE: G1: 0.00035560, G2: 0.00046765, G3: 0.00035650 
2025-04-15 11:02:40,400  INFO  EPOCH 203 | Validation MSE: G1: 0.00035546, G2: 0.00052630, G3: 0.00035694 
2025-04-15 11:02:41,961  INFO  EPOCH 204 | Validation MSE: G1: 0.00035579, G2: 0.00045390, G3: 0.00035704 
2025-04-15 11:02:43,563  INFO  EPOCH 205 | Validation MSE: G1: 0.00035615, G2: 0.00044992, G3: 0.00035687 
2025-04-15 11:02:45,044  INFO  EPOCH 206 | Validation MSE: G1: 0.00035628, G2: 0.00045515, G3: 0.00035711 
2025-04-15 11:02:46,603  INFO  EPOCH 207 | Validation MSE: G1: 0.00035658, G2: 0.00044851, G3: 0.00035701 
2025-04-15 11:02:48,078  INFO  EPOCH 208 | Validation MSE: G1: 0.00035666, G2: 0.00045709, G3: 0.00035703 
2025-04-15 11:02:49,763  INFO  EPOCH 209 | Validation MSE: G1: 0.00035682, G2: 0.00046212, G3: 0.00035729 
2025-04-15 11:02:51,399  INFO  EPOCH 210 | Validation MSE: G1: 0.00035682, G2: 0.00045462, G3: 0.00035849 
2025-04-15 11:02:53,123  INFO  EPOCH 211 | Validation MSE: G1: 0.00035684, G2: 0.00045311, G3: 0.00035883 
2025-04-15 11:02:54,702  INFO  EPOCH 212 | Validation MSE: G1: 0.00035708, G2: 0.00047339, G3: 0.00035854 
2025-04-15 11:02:56,147  INFO  EPOCH 213 | Validation MSE: G1: 0.00035746, G2: 0.00050177, G3: 0.00036269 
2025-04-15 11:02:57,740  INFO  EPOCH 214 | Validation MSE: G1: 0.00035789, G2: 0.00046601, G3: 0.00036289 
2025-04-15 11:02:59,349  INFO  EPOCH 215 | Validation MSE: G1: 0.00035799, G2: 0.00045874, G3: 0.00036043 
2025-04-15 11:03:00,967  INFO  EPOCH 216 | Validation MSE: G1: 0.00035823, G2: 0.00046634, G3: 0.00035834 
2025-04-15 11:03:02,717  INFO  EPOCH 217 | Validation MSE: G1: 0.00035843, G2: 0.00047287, G3: 0.00035799 
2025-04-15 11:03:04,485  INFO  EPOCH 218 | Validation MSE: G1: 0.00035874, G2: 0.00045713, G3: 0.00035811 
2025-04-15 11:03:06,318  INFO  EPOCH 219 | Validation MSE: G1: 0.00035893, G2: 0.00048217, G3: 0.00035826 
2025-04-15 11:03:08,078  INFO  EPOCH 220 | Validation MSE: G1: 0.00035908, G2: 0.00045701, G3: 0.00035657 
2025-04-15 11:03:09,869  INFO  EPOCH 221 | Validation MSE: G1: 0.00035928, G2: 0.00046022, G3: 0.00035659 
2025-04-15 11:03:11,597  INFO  EPOCH 222 | Validation MSE: G1: 0.00035972, G2: 0.00048512, G3: 0.00035671 
2025-04-15 11:03:12,646  INFO  G1 best epoch: 138
2025-04-15 11:03:12,646  INFO  G2 best epoch: 207
2025-04-15 11:03:12,646  INFO  G3 best epoch: 26
2025-04-15 11:03:12,806  INFO  Train Metrics for G1: MSE=0.0087, MAE=0.0623, RMSE=0.0932, MAPE=1.1902
2025-04-15 11:03:12,967  INFO  Train Metrics for G2: MSE=0.0112, MAE=0.0770, RMSE=0.1057, MAPE=1.4931
2025-04-15 11:03:13,148  INFO  Train Metrics for G3: MSE=0.0053, MAE=0.0513, RMSE=0.0729, MAPE=0.9859
2025-04-15 11:03:13,286  INFO  Test Metrics for G1: MSE=0.0046, MAE=0.0501, RMSE=0.0680, MAPE=1.0129
2025-04-15 11:03:13,427  INFO  Test Metrics for G2: MSE=0.0060, MAE=0.0587, RMSE=0.0775, MAPE=1.1922
2025-04-15 11:03:13,568  INFO  Test Metrics for G3: MSE=0.0041, MAE=0.0479, RMSE=0.0638, MAPE=0.9652
