2025-04-18 17:01:37,193  INFO  ARGS = {
  "notes": "单个GAN的Transformer试试看",
  "data_path": "database/processed_黄金_day.csv",
  "output_dir": "out_put/multi",
  "ckpt_dir": "ckpt",
  "feature_columns": [
    2,
    20,
    2,
    20,
    2,
    20
  ],
  "target_columns": [
    [
      1
    ]
  ],
  "start_timestamp": 31,
  "end_timestamp": -1,
  "window_sizes": [
    15,
    15,
    15
  ],
  "N_pairs": 3,
  "num_classes": 3,
  "generators": [
    "transformer",
    "transformer",
    "transformer"
  ],
  "discriminators": null,
  "distill_epochs": 1,
  "cross_finetune_epochs": 5,
  "device": [
    0
  ],
  "num_epochs": 10000,
  "lr": 2e-05,
  "batch_size": 64,
  "train_split": 0.7,
  "random_seed": 3407,
  "amp_dtype": "none",
  "mode": "train",
  "ckpt_path": "lastest"
}
2025-04-18 17:01:39,493  INFO  EPOCH 1 | Validation MSE: G1: 0.10393873, G2: 0.04871649, G3: 0.24743913 
2025-04-18 17:01:41,450  INFO  EPOCH 2 | Validation MSE: G1: 0.03154410, G2: 0.02733706, G3: 0.02933370 
2025-04-18 17:01:43,483  INFO  EPOCH 3 | Validation MSE: G1: 0.03293998, G2: 0.03328328, G3: 0.03102636 
2025-04-18 17:01:45,837  INFO  EPOCH 4 | Validation MSE: G1: 0.02711209, G2: 0.02263090, G3: 0.02471115 
2025-04-18 17:01:48,154  INFO  EPOCH 5 | Validation MSE: G1: 0.03280514, G2: 0.02628230, G3: 0.01810225 
2025-04-18 17:01:50,600  INFO  EPOCH 6 | Validation MSE: G1: 0.02703863, G2: 0.03171444, G3: 0.02002440 
2025-04-18 17:01:53,106  INFO  EPOCH 7 | Validation MSE: G1: 0.03119821, G2: 0.02465781, G3: 0.01950963 
2025-04-18 17:01:55,626  INFO  EPOCH 8 | Validation MSE: G1: 0.02665038, G2: 0.02186562, G3: 0.01354009 
2025-04-18 17:01:58,062  INFO  EPOCH 9 | Validation MSE: G1: 0.02569167, G2: 0.02495229, G3: 0.01672461 
2025-04-18 17:02:00,486  INFO  Start cross finetune!  G3 with D1
2025-04-18 17:02:01,099  INFO  == Cross finetune Epoch [1/10000]: G3: Validation MSE 0.01482132
2025-04-18 17:02:01,682  INFO  == Cross finetune Epoch [2/10000]: G3: Validation MSE 0.01138271
2025-04-18 17:02:02,303  INFO  == Cross finetune Epoch [3/10000]: G3: Validation MSE 0.01538439
2025-04-18 17:02:02,886  INFO  == Cross finetune Epoch [4/10000]: G3: Validation MSE 0.01414910
2025-04-18 17:02:03,502  INFO  == Cross finetune Epoch [5/10000]: G3: Validation MSE 0.01740068
2025-04-18 17:02:03,502  INFO  EPOCH 10 | Validation MSE: G1: 0.02841380, G2: 0.02055223, G3: 0.01424133 
2025-04-18 17:02:05,700  INFO  EPOCH 11 | Validation MSE: G1: 0.02793287, G2: 0.01990447, G3: 0.01311180 
2025-04-18 17:02:07,922  INFO  EPOCH 12 | Validation MSE: G1: 0.02207592, G2: 0.01943717, G3: 0.01194554 
2025-04-18 17:02:10,174  INFO  EPOCH 13 | Validation MSE: G1: 0.02324618, G2: 0.01996234, G3: 0.01324397 
