2025-04-14 17:14:19,215  INFO  ARGS = {
  "notes": "300有问题，试试看",
  "data_path": "database/process_300股指.csv",
  "output_dir": "out_put/multi",
  "ckpt_dir": "ckpt",
  "feature_columns": [
    2,
    3,
    4,
    5,
    6,
    7,
    8,
    9,
    10,
    11,
    12,
    13,
    14,
    15,
    16,
    17,
    18,
    19,
    1
  ],
  "target_columns": [
    [
      1
    ]
  ],
  "start_timestamp": 1,
  "end_timestamp": -1,
  "window_sizes": [
    5,
    10,
    15
  ],
  "N_pairs": 3,
  "generators": [
    "gru",
    "lstm",
    "transformer"
  ],
  "discriminators": null,
  "distill": true,
  "cross_finetune": true,
  "device": [
    0
  ],
  "num_epochs": 10000,
  "lr": 2e-05,
  "batch_size": 64,
  "train_split": 0.7,
  "random_seed": 3407,
  "mode": "train",
  "ckpt_path": "lastest"
}
2025-04-14 17:14:21,173  INFO  EPOCH 1 | Validation MSE: G1: 0.21621092, G2: 0.39362061, G3: 0.00518186 
2025-04-14 17:14:22,846  INFO  EPOCH 2 | Validation MSE: G1: 0.17601375, G2: 0.37085232, G3: 0.00193981 
2025-04-14 17:14:24,497  INFO  EPOCH 3 | Validation MSE: G1: 0.13925722, G2: 0.34851515, G3: 0.00138673 
2025-04-14 17:14:26,120  INFO  EPOCH 4 | Validation MSE: G1: 0.10529035, G2: 0.32556060, G3: 0.00109018 
2025-04-14 17:14:27,767  INFO  EPOCH 5 | Validation MSE: G1: 0.07481355, G2: 0.30088520, G3: 0.00056051 
2025-04-14 17:14:29,401  INFO  EPOCH 6 | Validation MSE: G1: 0.05030974, G2: 0.27367464, G3: 0.00055531 
2025-04-14 17:14:31,101  INFO  EPOCH 7 | Validation MSE: G1: 0.03331475, G2: 0.24314925, G3: 0.00086656 
2025-04-14 17:14:32,801  INFO  EPOCH 8 | Validation MSE: G1: 0.02246994, G2: 0.20761792, G3: 0.00037983 
2025-04-14 17:14:34,480  INFO  EPOCH 9 | Validation MSE: G1: 0.01631352, G2: 0.16554886, G3: 0.00108500 
2025-04-14 17:14:36,213  INFO  EPOCH 10 | Validation MSE: G1: 0.01259280, G2: 0.11660813, G3: 0.00028677 
2025-04-14 17:14:37,893  INFO  EPOCH 11 | Validation MSE: G1: 0.00921865, G2: 0.07005747, G3: 0.00147609 
2025-04-14 17:14:39,572  INFO  EPOCH 12 | Validation MSE: G1: 0.00728865, G2: 0.03892454, G3: 0.00026324 
2025-04-14 17:14:41,272  INFO  EPOCH 13 | Validation MSE: G1: 0.00650693, G2: 0.02832310, G3: 0.00092872 
2025-04-14 17:14:42,847  INFO  EPOCH 14 | Validation MSE: G1: 0.00573516, G2: 0.02563861, G3: 0.00029793 
2025-04-14 17:14:44,476  INFO  EPOCH 15 | Validation MSE: G1: 0.00571035, G2: 0.02555954, G3: 0.00033994 
2025-04-14 17:14:46,111  INFO  EPOCH 16 | Validation MSE: G1: 0.00492619, G2: 0.02482265, G3: 0.00068893 
2025-04-14 17:14:47,667  INFO  EPOCH 17 | Validation MSE: G1: 0.00503340, G2: 0.02690088, G3: 0.00079028 
2025-04-14 17:14:49,293  INFO  EPOCH 18 | Validation MSE: G1: 0.00490218, G2: 0.02987214, G3: 0.00092717 
2025-04-14 17:14:50,959  INFO  EPOCH 19 | Validation MSE: G1: 0.00461944, G2: 0.03456782, G3: 0.00326970 
2025-04-14 17:14:52,613  INFO  EPOCH 20 | Validation MSE: G1: 0.00381427, G2: 0.03487329, G3: 0.00050351 
2025-04-14 17:14:54,660  INFO  EPOCH 21 | Validation MSE: G1: 0.00380364, G2: 0.04115631, G3: 0.00059971 
2025-04-14 17:14:56,163  INFO  EPOCH 22 | Validation MSE: G1: 0.00333966, G2: 0.03857448, G3: 0.00263201 
2025-04-14 17:14:57,959  INFO  EPOCH 23 | Validation MSE: G1: 0.00302085, G2: 0.04285999, G3: 0.00257070 
2025-04-14 17:14:59,630  INFO  EPOCH 24 | Validation MSE: G1: 0.00189712, G2: 0.03419796, G3: 0.00268249 
2025-04-14 17:15:01,422  INFO  EPOCH 25 | Validation MSE: G1: 0.00158548, G2: 0.04223915, G3: 0.00154126 
2025-04-14 17:15:03,226  INFO  EPOCH 26 | Validation MSE: G1: 0.00149298, G2: 0.04605158, G3: 0.00180904 
2025-04-14 17:15:04,975  INFO  EPOCH 27 | Validation MSE: G1: 0.00103448, G2: 0.03445259, G3: 0.00211125 
2025-04-14 17:15:06,652  INFO  EPOCH 28 | Validation MSE: G1: 0.00086058, G2: 0.02909563, G3: 0.00198440 
2025-04-14 17:15:08,256  INFO  EPOCH 29 | Validation MSE: G1: 0.00116641, G2: 0.05267521, G3: 0.00260335 
2025-04-14 17:15:09,853  INFO  EPOCH 30 | Validation MSE: G1: 0.00106379, G2: 0.01874812, G3: 0.00495381 
2025-04-14 17:15:11,429  INFO  EPOCH 31 | Validation MSE: G1: 0.00078220, G2: 0.03535073, G3: 0.00414296 
2025-04-14 17:15:13,032  INFO  EPOCH 32 | Validation MSE: G1: 0.00095233, G2: 0.02382057, G3: 0.00426847 
2025-04-14 17:15:14,601  INFO  EPOCH 33 | Validation MSE: G1: 0.00247145, G2: 0.01677849, G3: 0.00565020 
2025-04-14 17:15:16,231  INFO  EPOCH 34 | Validation MSE: G1: 0.00110291, G2: 0.02429644, G3: 0.00430163 
2025-04-14 17:15:17,850  INFO  EPOCH 35 | Validation MSE: G1: 0.00154820, G2: 0.01297612, G3: 0.00407640 
2025-04-14 17:15:19,549  INFO  EPOCH 36 | Validation MSE: G1: 0.00184648, G2: 0.00650507, G3: 0.00460766 
2025-04-14 17:15:21,241  INFO  EPOCH 37 | Validation MSE: G1: 0.00060488, G2: 0.00578495, G3: 0.00345240 
2025-04-14 17:15:22,820  INFO  EPOCH 38 | Validation MSE: G1: 0.00148917, G2: 0.00266446, G3: 0.00225110 
2025-04-14 17:15:24,350  INFO  EPOCH 39 | Validation MSE: G1: 0.00060158, G2: 0.00156941, G3: 0.00286107 
2025-04-14 17:15:25,800  INFO  EPOCH 40 | Validation MSE: G1: 0.00047709, G2: 0.00145962, G3: 0.00136903 
2025-04-14 17:15:27,245  INFO  EPOCH 41 | Validation MSE: G1: 0.00087053, G2: 0.00180548, G3: 0.00124379 
2025-04-14 17:15:29,013  INFO  EPOCH 42 | Validation MSE: G1: 0.00079469, G2: 0.00137013, G3: 0.00144398 
2025-04-14 17:15:30,728  INFO  EPOCH 43 | Validation MSE: G1: 0.00079171, G2: 0.00124068, G3: 0.00075924 
2025-04-14 17:15:32,468  INFO  EPOCH 44 | Validation MSE: G1: 0.00059855, G2: 0.00119765, G3: 0.00051723 
2025-04-14 17:15:34,269  INFO  EPOCH 45 | Validation MSE: G1: 0.00061104, G2: 0.00119335, G3: 0.00117534 
2025-04-14 17:15:36,017  INFO  EPOCH 46 | Validation MSE: G1: 0.00056880, G2: 0.00119044, G3: 0.00079704 
2025-04-14 17:15:37,676  INFO  EPOCH 47 | Validation MSE: G1: 0.00045855, G2: 0.00105150, G3: 0.00065038 
2025-04-14 17:15:39,111  INFO  EPOCH 48 | Validation MSE: G1: 0.00059566, G2: 0.00106906, G3: 0.00066471 
2025-04-14 17:15:40,551  INFO  EPOCH 49 | Validation MSE: G1: 0.00042245, G2: 0.00102124, G3: 0.00063907 
2025-04-14 17:15:42,202  INFO  EPOCH 50 | Validation MSE: G1: 0.00042109, G2: 0.00104897, G3: 0.00068461 
2025-04-14 17:15:43,850  INFO  EPOCH 51 | Validation MSE: G1: 0.00044559, G2: 0.00092584, G3: 0.00070782 
2025-04-14 17:15:45,468  INFO  EPOCH 52 | Validation MSE: G1: 0.00050793, G2: 0.00092340, G3: 0.00061005 
2025-04-14 17:15:47,086  INFO  EPOCH 53 | Validation MSE: G1: 0.00040589, G2: 0.00118217, G3: 0.00070661 
2025-04-14 17:15:48,503  INFO  EPOCH 54 | Validation MSE: G1: 0.00071971, G2: 0.00095060, G3: 0.00062229 
2025-04-14 17:15:50,030  INFO  EPOCH 55 | Validation MSE: G1: 0.00045090, G2: 0.00086576, G3: 0.00066687 
2025-04-14 17:15:51,575  INFO  EPOCH 56 | Validation MSE: G1: 0.00045758, G2: 0.00081766, G3: 0.00061404 
2025-04-14 17:15:53,236  INFO  EPOCH 57 | Validation MSE: G1: 0.00041790, G2: 0.00118644, G3: 0.00062501 
2025-04-14 17:15:54,937  INFO  EPOCH 58 | Validation MSE: G1: 0.00038820, G2: 0.00081982, G3: 0.00058790 
2025-04-14 17:15:56,612  INFO  EPOCH 59 | Validation MSE: G1: 0.00036705, G2: 0.00095766, G3: 0.00060559 
2025-04-14 17:15:58,166  INFO  EPOCH 60 | Validation MSE: G1: 0.00034263, G2: 0.00080618, G3: 0.00061803 
2025-04-14 17:15:59,583  INFO  EPOCH 61 | Validation MSE: G1: 0.00036918, G2: 0.00087655, G3: 0.00055979 
2025-04-14 17:16:01,277  INFO  EPOCH 62 | Validation MSE: G1: 0.00037183, G2: 0.00076376, G3: 0.00059607 
2025-04-14 17:16:02,767  INFO  EPOCH 63 | Validation MSE: G1: 0.00033895, G2: 0.00072004, G3: 0.00065432 
2025-04-14 17:16:04,273  INFO  EPOCH 64 | Validation MSE: G1: 0.00033752, G2: 0.00070095, G3: 0.00059740 
2025-04-14 17:16:05,868  INFO  EPOCH 65 | Validation MSE: G1: 0.00033238, G2: 0.00065470, G3: 0.00060110 
2025-04-14 17:16:07,667  INFO  EPOCH 66 | Validation MSE: G1: 0.00045458, G2: 0.00064984, G3: 0.00060267 
2025-04-14 17:16:09,378  INFO  EPOCH 67 | Validation MSE: G1: 0.00033701, G2: 0.00065070, G3: 0.00057533 
2025-04-14 17:16:11,092  INFO  EPOCH 68 | Validation MSE: G1: 0.00030215, G2: 0.00068384, G3: 0.00055998 
2025-04-14 17:16:12,715  INFO  EPOCH 69 | Validation MSE: G1: 0.00029452, G2: 0.00061795, G3: 0.00060713 
2025-04-14 17:16:14,094  INFO  EPOCH 70 | Validation MSE: G1: 0.00029090, G2: 0.00059946, G3: 0.00055856 
2025-04-14 17:16:15,425  INFO  EPOCH 71 | Validation MSE: G1: 0.00028621, G2: 0.00072773, G3: 0.00053609 
2025-04-14 17:16:16,797  INFO  EPOCH 72 | Validation MSE: G1: 0.00028398, G2: 0.00061910, G3: 0.00051426 
2025-04-14 17:16:18,112  INFO  EPOCH 73 | Validation MSE: G1: 0.00031276, G2: 0.00055782, G3: 0.00053868 
2025-04-14 17:16:19,745  INFO  EPOCH 74 | Validation MSE: G1: 0.00028000, G2: 0.00056134, G3: 0.00056263 
2025-04-14 17:16:21,175  INFO  EPOCH 75 | Validation MSE: G1: 0.00028151, G2: 0.00054223, G3: 0.00058168 
2025-04-14 17:16:22,555  INFO  EPOCH 76 | Validation MSE: G1: 0.00029203, G2: 0.00058911, G3: 0.00052416 
2025-04-14 17:16:23,938  INFO  EPOCH 77 | Validation MSE: G1: 0.00026944, G2: 0.00051676, G3: 0.00053869 
2025-04-14 17:16:25,274  INFO  EPOCH 78 | Validation MSE: G1: 0.00029389, G2: 0.00053203, G3: 0.00059078 
2025-04-14 17:16:26,702  INFO  EPOCH 79 | Validation MSE: G1: 0.00027042, G2: 0.00050522, G3: 0.00053916 
2025-04-14 17:16:28,136  INFO  EPOCH 80 | Validation MSE: G1: 0.00032547, G2: 0.00051253, G3: 0.00049948 
2025-04-14 17:16:29,591  INFO  EPOCH 81 | Validation MSE: G1: 0.00025678, G2: 0.00052670, G3: 0.00050336 
2025-04-14 17:16:31,011  INFO  EPOCH 82 | Validation MSE: G1: 0.00025354, G2: 0.00048694, G3: 0.00050136 
2025-04-14 17:16:32,445  INFO  EPOCH 83 | Validation MSE: G1: 0.00025962, G2: 0.00062068, G3: 0.00050582 
2025-04-14 17:16:33,917  INFO  EPOCH 84 | Validation MSE: G1: 0.00025007, G2: 0.00052665, G3: 0.00048286 
2025-04-14 17:16:35,360  INFO  EPOCH 85 | Validation MSE: G1: 0.00029027, G2: 0.00054505, G3: 0.00049607 
2025-04-14 17:16:36,810  INFO  EPOCH 86 | Validation MSE: G1: 0.00024799, G2: 0.00046496, G3: 0.00050582 
2025-04-14 17:16:38,227  INFO  EPOCH 87 | Validation MSE: G1: 0.00024395, G2: 0.00046251, G3: 0.00049801 
2025-04-14 17:16:39,562  INFO  EPOCH 88 | Validation MSE: G1: 0.00025070, G2: 0.00045955, G3: 0.00048614 
2025-04-14 17:16:41,280  INFO  EPOCH 89 | Validation MSE: G1: 0.00026450, G2: 0.00045785, G3: 0.00049487 
2025-04-14 17:16:42,699  INFO  EPOCH 90 | Validation MSE: G1: 0.00028505, G2: 0.00052879, G3: 0.00047976 
2025-04-14 17:16:44,208  INFO  EPOCH 91 | Validation MSE: G1: 0.00025935, G2: 0.00047114, G3: 0.00047787 
2025-04-14 17:16:45,630  INFO  EPOCH 92 | Validation MSE: G1: 0.00024234, G2: 0.00046890, G3: 0.00048662 
2025-04-14 17:16:47,013  INFO  EPOCH 93 | Validation MSE: G1: 0.00035931, G2: 0.00051472, G3: 0.00044623 
2025-04-14 17:16:48,436  INFO  EPOCH 94 | Validation MSE: G1: 0.00024219, G2: 0.00043818, G3: 0.00047226 
2025-04-14 17:16:49,872  INFO  EPOCH 95 | Validation MSE: G1: 0.00024201, G2: 0.00044433, G3: 0.00045576 
2025-04-14 17:16:51,330  INFO  EPOCH 96 | Validation MSE: G1: 0.00023420, G2: 0.00046264, G3: 0.00045769 
2025-04-14 17:16:52,810  INFO  EPOCH 97 | Validation MSE: G1: 0.00028282, G2: 0.00048175, G3: 0.00043488 
2025-04-14 17:16:54,336  INFO  EPOCH 98 | Validation MSE: G1: 0.00024762, G2: 0.00042655, G3: 0.00047011 
2025-04-14 17:16:55,798  INFO  EPOCH 99 | Validation MSE: G1: 0.00022999, G2: 0.00042386, G3: 0.00048182 
2025-04-14 17:16:57,224  INFO  EPOCH 100 | Validation MSE: G1: 0.00022860, G2: 0.00043786, G3: 0.00047962 
2025-04-14 17:16:58,687  INFO  EPOCH 101 | Validation MSE: G1: 0.00025965, G2: 0.00041982, G3: 0.00047504 
2025-04-14 17:17:00,135  INFO  EPOCH 102 | Validation MSE: G1: 0.00022688, G2: 0.00042134, G3: 0.00048250 
2025-04-14 17:17:01,627  INFO  EPOCH 103 | Validation MSE: G1: 0.00038118, G2: 0.00051279, G3: 0.00044369 
2025-04-14 17:17:03,154  INFO  EPOCH 104 | Validation MSE: G1: 0.00022634, G2: 0.00041463, G3: 0.00051949 
2025-04-14 17:17:04,598  INFO  EPOCH 105 | Validation MSE: G1: 0.00022340, G2: 0.00041597, G3: 0.00047675 
2025-04-14 17:17:06,045  INFO  EPOCH 106 | Validation MSE: G1: 0.00023203, G2: 0.00041613, G3: 0.00045854 
2025-04-14 17:17:07,461  INFO  EPOCH 107 | Validation MSE: G1: 0.00022553, G2: 0.00040812, G3: 0.00046492 
2025-04-14 17:17:08,882  INFO  EPOCH 108 | Validation MSE: G1: 0.00024239, G2: 0.00040403, G3: 0.00047942 
2025-04-14 17:17:10,312  INFO  EPOCH 109 | Validation MSE: G1: 0.00021850, G2: 0.00043157, G3: 0.00043010 
2025-04-14 17:17:11,763  INFO  EPOCH 110 | Validation MSE: G1: 0.00022183, G2: 0.00041532, G3: 0.00043338 
2025-04-14 17:17:13,179  INFO  EPOCH 111 | Validation MSE: G1: 0.00021702, G2: 0.00045145, G3: 0.00046341 
2025-04-14 17:17:14,648  INFO  EPOCH 112 | Validation MSE: G1: 0.00021785, G2: 0.00043177, G3: 0.00046816 
2025-04-14 17:17:16,032  INFO  EPOCH 113 | Validation MSE: G1: 0.00023189, G2: 0.00040161, G3: 0.00045816 
2025-04-14 17:17:17,390  INFO  EPOCH 114 | Validation MSE: G1: 0.00033023, G2: 0.00040252, G3: 0.00047710 
2025-04-14 17:17:18,756  INFO  EPOCH 115 | Validation MSE: G1: 0.00027143, G2: 0.00040238, G3: 0.00048289 
2025-04-14 17:17:20,176  INFO  EPOCH 116 | Validation MSE: G1: 0.00025035, G2: 0.00044029, G3: 0.00048244 
2025-04-14 17:17:21,561  INFO  EPOCH 117 | Validation MSE: G1: 0.00022865, G2: 0.00042777, G3: 0.00048700 
2025-04-14 17:17:23,014  INFO  EPOCH 118 | Validation MSE: G1: 0.00023226, G2: 0.00041738, G3: 0.00047509 
2025-04-14 17:17:24,396  INFO  EPOCH 119 | Validation MSE: G1: 0.00023143, G2: 0.00039541, G3: 0.00049703 
2025-04-14 17:17:25,787  INFO  EPOCH 120 | Validation MSE: G1: 0.00022390, G2: 0.00040077, G3: 0.00050728 
2025-04-14 17:17:27,202  INFO  EPOCH 121 | Validation MSE: G1: 0.00023414, G2: 0.00040788, G3: 0.00048080 
2025-04-14 17:17:28,758  INFO  EPOCH 122 | Validation MSE: G1: 0.00021599, G2: 0.00048768, G3: 0.00045690 
2025-04-14 17:17:30,316  INFO  EPOCH 123 | Validation MSE: G1: 0.00021539, G2: 0.00041931, G3: 0.00050118 
2025-04-14 17:17:31,695  INFO  EPOCH 124 | Validation MSE: G1: 0.00037180, G2: 0.00040101, G3: 0.00050429 
2025-04-14 17:17:33,082  INFO  EPOCH 125 | Validation MSE: G1: 0.00025547, G2: 0.00043293, G3: 0.00049519 
2025-04-14 17:17:34,507  INFO  EPOCH 126 | Validation MSE: G1: 0.00021136, G2: 0.00045245, G3: 0.00049828 
2025-04-14 17:17:35,943  INFO  EPOCH 127 | Validation MSE: G1: 0.00047649, G2: 0.00043752, G3: 0.00048814 
2025-04-14 17:17:37,394  INFO  EPOCH 128 | Validation MSE: G1: 0.00021301, G2: 0.00039139, G3: 0.00049931 
2025-04-14 17:17:38,811  INFO  EPOCH 129 | Validation MSE: G1: 0.00024056, G2: 0.00039269, G3: 0.00052765 
2025-04-14 17:17:40,237  INFO  EPOCH 130 | Validation MSE: G1: 0.00030101, G2: 0.00044019, G3: 0.00049974 
2025-04-14 17:17:41,663  INFO  EPOCH 131 | Validation MSE: G1: 0.00024179, G2: 0.00039196, G3: 0.00048279 
2025-04-14 17:17:43,081  INFO  EPOCH 132 | Validation MSE: G1: 0.00025333, G2: 0.00050098, G3: 0.00060562 
2025-04-14 17:17:44,763  INFO  EPOCH 133 | Validation MSE: G1: 0.00022302, G2: 0.00039308, G3: 0.00055133 
2025-04-14 17:17:46,446  INFO  EPOCH 134 | Validation MSE: G1: 0.00021770, G2: 0.00041181, G3: 0.00053644 
2025-04-14 17:17:48,143  INFO  EPOCH 135 | Validation MSE: G1: 0.00027771, G2: 0.00041241, G3: 0.00054656 
2025-04-14 17:17:49,940  INFO  EPOCH 136 | Validation MSE: G1: 0.00044147, G2: 0.00039225, G3: 0.00050765 
2025-04-14 17:17:51,678  INFO  EPOCH 137 | Validation MSE: G1: 0.00022454, G2: 0.00041056, G3: 0.00056318 
2025-04-14 17:17:53,468  INFO  EPOCH 138 | Validation MSE: G1: 0.00033799, G2: 0.00038904, G3: 0.00053779 
2025-04-14 17:17:55,361  INFO  EPOCH 139 | Validation MSE: G1: 0.00021746, G2: 0.00044539, G3: 0.00054180 
2025-04-14 17:17:57,179  INFO  EPOCH 140 | Validation MSE: G1: 0.00029355, G2: 0.00041927, G3: 0.00052095 
2025-04-14 17:17:59,034  INFO  EPOCH 141 | Validation MSE: G1: 0.00024451, G2: 0.00039953, G3: 0.00052687 
2025-04-14 17:18:00,850  INFO  EPOCH 142 | Validation MSE: G1: 0.00022369, G2: 0.00045215, G3: 0.00063473 
2025-04-14 17:18:02,704  INFO  EPOCH 143 | Validation MSE: G1: 0.00027028, G2: 0.00038893, G3: 0.00057630 
2025-04-14 17:18:04,454  INFO  EPOCH 144 | Validation MSE: G1: 0.00023644, G2: 0.00040986, G3: 0.00053109 
2025-04-14 17:18:06,191  INFO  EPOCH 145 | Validation MSE: G1: 0.00021148, G2: 0.00041471, G3: 0.00053537 
2025-04-14 17:18:07,868  INFO  EPOCH 146 | Validation MSE: G1: 0.00025180, G2: 0.00044756, G3: 0.00053241 
2025-04-14 17:18:09,552  INFO  EPOCH 147 | Validation MSE: G1: 0.00024539, G2: 0.00039114, G3: 0.00049771 
2025-04-14 17:18:11,248  INFO  EPOCH 148 | Validation MSE: G1: 0.00023227, G2: 0.00038821, G3: 0.00052589 
2025-04-14 17:18:12,998  INFO  EPOCH 149 | Validation MSE: G1: 0.00024875, G2: 0.00040045, G3: 0.00049757 
2025-04-14 17:18:14,626  INFO  EPOCH 150 | Validation MSE: G1: 0.00024348, G2: 0.00038459, G3: 0.00050612 
2025-04-14 17:18:16,276  INFO  EPOCH 151 | Validation MSE: G1: 0.00024532, G2: 0.00039194, G3: 0.00057048 
2025-04-14 17:18:17,931  INFO  EPOCH 152 | Validation MSE: G1: 0.00025564, G2: 0.00040203, G3: 0.00053062 
2025-04-14 17:18:19,665  INFO  EPOCH 153 | Validation MSE: G1: 0.00023762, G2: 0.00040750, G3: 0.00049542 
2025-04-14 17:18:21,510  INFO  EPOCH 154 | Validation MSE: G1: 0.00023496, G2: 0.00038878, G3: 0.00048551 
2025-04-14 17:18:23,076  INFO  EPOCH 155 | Validation MSE: G1: 0.00026156, G2: 0.00041138, G3: 0.00051480 
2025-04-14 17:18:24,881  INFO  EPOCH 156 | Validation MSE: G1: 0.00026065, G2: 0.00047913, G3: 0.00054313 
2025-04-14 17:18:26,542  INFO  EPOCH 157 | Validation MSE: G1: 0.00024666, G2: 0.00040977, G3: 0.00057923 
2025-04-14 17:18:28,215  INFO  EPOCH 158 | Validation MSE: G1: 0.00023135, G2: 0.00038707, G3: 0.00049567 
2025-04-14 17:18:29,829  INFO  EPOCH 159 | Validation MSE: G1: 0.00024409, G2: 0.00037800, G3: 0.00050855 
2025-04-14 17:18:31,460  INFO  EPOCH 160 | Validation MSE: G1: 0.00026971, G2: 0.00037999, G3: 0.00052804 
2025-04-14 17:18:33,113  INFO  EPOCH 161 | Validation MSE: G1: 0.00025811, G2: 0.00037756, G3: 0.00053869 
2025-04-14 17:18:34,773  INFO  EPOCH 162 | Validation MSE: G1: 0.00025184, G2: 0.00038316, G3: 0.00052743 
2025-04-14 17:18:36,387  INFO  EPOCH 163 | Validation MSE: G1: 0.00024842, G2: 0.00040147, G3: 0.00053010 
2025-04-14 17:18:37,995  INFO  EPOCH 164 | Validation MSE: G1: 0.00025179, G2: 0.00039625, G3: 0.00051278 
2025-04-14 17:18:39,713  INFO  EPOCH 165 | Validation MSE: G1: 0.00025038, G2: 0.00039377, G3: 0.00052613 
2025-04-14 17:18:41,339  INFO  EPOCH 166 | Validation MSE: G1: 0.00024842, G2: 0.00042181, G3: 0.00047348 
2025-04-14 17:18:42,963  INFO  EPOCH 167 | Validation MSE: G1: 0.00023882, G2: 0.00041828, G3: 0.00051841 
2025-04-14 17:18:44,654  INFO  EPOCH 168 | Validation MSE: G1: 0.00024443, G2: 0.00038221, G3: 0.00054275 
2025-04-14 17:18:46,313  INFO  EPOCH 169 | Validation MSE: G1: 0.00024799, G2: 0.00045881, G3: 0.00054392 
2025-04-14 17:18:48,074  INFO  EPOCH 170 | Validation MSE: G1: 0.00024994, G2: 0.00037320, G3: 0.00054196 
2025-04-14 17:18:49,733  INFO  EPOCH 171 | Validation MSE: G1: 0.00025436, G2: 0.00040414, G3: 0.00053020 
2025-04-14 17:18:51,435  INFO  EPOCH 172 | Validation MSE: G1: 0.00025157, G2: 0.00037676, G3: 0.00056434 
2025-04-14 17:18:53,120  INFO  EPOCH 173 | Validation MSE: G1: 0.00025059, G2: 0.00037618, G3: 0.00057497 
2025-04-14 17:18:54,792  INFO  EPOCH 174 | Validation MSE: G1: 0.00025327, G2: 0.00040821, G3: 0.00056860 
2025-04-14 17:18:56,490  INFO  EPOCH 175 | Validation MSE: G1: 0.00025453, G2: 0.00043220, G3: 0.00052021 
2025-04-14 17:18:58,126  INFO  EPOCH 176 | Validation MSE: G1: 0.00025616, G2: 0.00056211, G3: 0.00053392 
2025-04-14 17:18:59,806  INFO  EPOCH 177 | Validation MSE: G1: 0.00025348, G2: 0.00043786, G3: 0.00052164 
2025-04-14 17:19:01,549  INFO  EPOCH 178 | Validation MSE: G1: 0.00025069, G2: 0.00064220, G3: 0.00057825 
2025-04-14 17:19:03,235  INFO  EPOCH 179 | Validation MSE: G1: 0.00025455, G2: 0.00053315, G3: 0.00056631 
2025-04-14 17:19:04,948  INFO  EPOCH 180 | Validation MSE: G1: 0.00025042, G2: 0.00040956, G3: 0.00060435 
2025-04-14 17:19:06,598  INFO  EPOCH 181 | Validation MSE: G1: 0.00025428, G2: 0.00037814, G3: 0.00053053 
2025-04-14 17:19:08,350  INFO  EPOCH 182 | Validation MSE: G1: 0.00025170, G2: 0.00042330, G3: 0.00053734 
2025-04-14 17:19:09,999  INFO  EPOCH 183 | Validation MSE: G1: 0.00025042, G2: 0.00048424, G3: 0.00055038 
2025-04-14 17:19:11,706  INFO  EPOCH 184 | Validation MSE: G1: 0.00025052, G2: 0.00040418, G3: 0.00051593 
2025-04-14 17:19:13,472  INFO  EPOCH 185 | Validation MSE: G1: 0.00025013, G2: 0.00039468, G3: 0.00048804 
2025-04-14 17:19:14,565  INFO  G1 best epoch: 126
2025-04-14 17:19:14,565  INFO  G2 best epoch: 170
2025-04-14 17:19:14,565  INFO  G3 best epoch: 12
2025-04-14 17:19:14,801  INFO  Train Metrics for G1: MSE=4303.7684, MAE=43.7912, RMSE=65.6031, MAPE=1.3431
2025-04-14 17:19:15,019  INFO  Train Metrics for G2: MSE=7988.5008, MAE=56.2850, RMSE=89.3784, MAPE=1.6693
2025-04-14 17:19:15,222  INFO  Train Metrics for G3: MSE=4375.1944, MAE=49.0055, RMSE=66.1453, MAPE=1.5265
2025-04-14 17:19:15,342  INFO  Test Metrics for G1: MSE=3122.4589, MAE=35.1076, RMSE=55.8790, MAPE=0.8550
2025-04-14 17:19:15,468  INFO  Test Metrics for G2: MSE=5513.3721, MAE=46.9779, RMSE=74.2521, MAPE=1.1508
2025-04-14 17:19:15,605  INFO  Test Metrics for G3: MSE=3888.9418, MAE=40.2501, RMSE=62.3614, MAPE=0.9790
