2025-04-17 13:51:27,554  INFO  ARGS = {
  "notes": "回测纸浆自回归",
  "data_path": "database/processed_黄金_day.csv",
  "output_dir": "out_put/multi",
  "ckpt_dir": "ckpt",
  "feature_columns": [
    2,
    3,
    4,
    5,
    6,
    7,
    8,
    9,
    10,
    11,
    12,
    13,
    14,
    15,
    16,
    17,
    18,
    19,
    1
  ],
  "target_columns": [
    [
      1
    ]
  ],
  "start_timestamp": 31,
  "end_timestamp": -1,
  "window_sizes": [
    5,
    10,
    15
  ],
  "N_pairs": 3,
  "num_classes": 3,
  "generators": [
    "gru",
    "lstm",
    "transformer"
  ],
  "discriminators": null,
  "distill_epochs": 1,
  "cross_finetune_epochs": 5,
  "device": [
    0
  ],
  "num_epochs": 10000,
  "lr": 2e-05,
  "batch_size": 64,
  "train_split": 0.7,
  "random_seed": 3407,
  "amp_dtype": "none",
  "mode": "train",
  "ckpt_path": "lastest"
}
2025-04-17 13:51:29,754  INFO  EPOCH 1 | Validation MSE: G1: 0.87745953, G2: 1.10062551, G3: 0.42906526 
2025-04-17 13:51:31,606  INFO  EPOCH 2 | Validation MSE: G1: 0.76422060, G2: 1.05939198, G3: 0.06326332 
2025-04-17 13:51:33,532  INFO  EPOCH 3 | Validation MSE: G1: 0.65632164, G2: 1.01852226, G3: 0.04149954 
2025-04-17 13:51:35,502  INFO  EPOCH 4 | Validation MSE: G1: 0.55016601, G2: 0.97651052, G3: 0.04407032 
2025-04-17 13:51:37,470  INFO  EPOCH 5 | Validation MSE: G1: 0.44768068, G2: 0.93206221, G3: 0.03806162 
2025-04-17 13:51:39,339  INFO  EPOCH 6 | Validation MSE: G1: 0.35482553, G2: 0.88421786, G3: 0.04021351 
2025-04-17 13:51:41,438  INFO  EPOCH 7 | Validation MSE: G1: 0.27659619, G2: 0.83096939, G3: 0.03636910 
2025-04-17 13:51:43,414  INFO  EPOCH 8 | Validation MSE: G1: 0.22087438, G2: 0.77203995, G3: 0.03832423 
2025-04-17 13:51:45,227  INFO  EPOCH 9 | Validation MSE: G1: 0.18097819, G2: 0.70316178, G3: 0.03789376 
2025-04-17 13:51:47,203  INFO  EPOCH 10 | Validation MSE: G1: 0.15172730, G2: 0.62374324, G3: 0.03207684 
2025-04-17 13:51:49,531  INFO  EPOCH 11 | Validation MSE: G1: 0.13164653, G2: 0.53788924, G3: 0.02963065 
2025-04-17 13:51:51,563  INFO  EPOCH 12 | Validation MSE: G1: 0.11674885, G2: 0.45636827, G3: 0.03287874 
2025-04-17 13:51:53,585  INFO  EPOCH 13 | Validation MSE: G1: 0.10997855, G2: 0.40645489, G3: 0.03039011 
2025-04-17 13:51:55,738  INFO  EPOCH 14 | Validation MSE: G1: 0.10129701, G2: 0.37899181, G3: 0.03019389 
2025-04-17 13:51:57,812  INFO  EPOCH 15 | Validation MSE: G1: 0.09859389, G2: 0.37087387, G3: 0.03045010 
2025-04-17 13:51:59,727  INFO  EPOCH 16 | Validation MSE: G1: 0.09731482, G2: 0.37099048, G3: 0.02838813 
2025-04-17 13:52:01,688  INFO  EPOCH 17 | Validation MSE: G1: 0.10157467, G2: 0.37864482, G3: 0.02668031 
2025-04-17 13:52:04,054  INFO  EPOCH 18 | Validation MSE: G1: 0.10480390, G2: 0.38943675, G3: 0.02662068 
2025-04-17 13:52:06,289  INFO  EPOCH 19 | Validation MSE: G1: 0.10033467, G2: 0.39123178, G3: 0.02358318 
2025-04-17 13:52:08,474  INFO  EPOCH 20 | Validation MSE: G1: 0.10449526, G2: 0.38893861, G3: 0.02871098 
2025-04-17 13:52:10,557  INFO  EPOCH 21 | Validation MSE: G1: 0.09913357, G2: 0.37558401, G3: 0.02561053 
2025-04-17 13:52:12,540  INFO  EPOCH 22 | Validation MSE: G1: 0.09593445, G2: 0.35607821, G3: 0.02904922 
2025-04-17 13:52:14,393  INFO  EPOCH 23 | Validation MSE: G1: 0.09500001, G2: 0.35092992, G3: 0.02707712 
2025-04-17 13:52:16,260  INFO  EPOCH 24 | Validation MSE: G1: 0.09000782, G2: 0.32081699, G3: 0.02417404 
2025-04-17 13:52:18,486  INFO  EPOCH 25 | Validation MSE: G1: 0.08081629, G2: 0.29818639, G3: 0.02610253 
2025-04-17 13:52:20,382  INFO  EPOCH 26 | Validation MSE: G1: 0.08025908, G2: 0.27418786, G3: 0.02507125 
2025-04-17 13:52:22,201  INFO  EPOCH 27 | Validation MSE: G1: 0.07210861, G2: 0.24239376, G3: 0.02913710 
2025-04-17 13:52:23,937  INFO  EPOCH 28 | Validation MSE: G1: 0.07350942, G2: 0.22090060, G3: 0.02687008 
2025-04-17 13:52:25,695  INFO  EPOCH 29 | Validation MSE: G1: 0.06864532, G2: 0.19845222, G3: 0.03084680 
2025-04-17 13:52:27,569  INFO  EPOCH 30 | Validation MSE: G1: 0.06723563, G2: 0.16334142, G3: 0.02791786 
2025-04-17 13:52:29,424  INFO  EPOCH 31 | Validation MSE: G1: 0.06298845, G2: 0.13392207, G3: 0.02649381 
2025-04-17 13:52:31,274  INFO  EPOCH 32 | Validation MSE: G1: 0.06323015, G2: 0.12632012, G3: 0.02677817 
2025-04-17 13:52:33,113  INFO  EPOCH 33 | Validation MSE: G1: 0.06075875, G2: 0.09608068, G3: 0.02474407 
2025-04-17 13:52:34,854  INFO  EPOCH 34 | Validation MSE: G1: 0.05774867, G2: 0.07542256, G3: 0.02460817 
2025-04-17 13:52:36,571  INFO  EPOCH 35 | Validation MSE: G1: 0.05469455, G2: 0.06062018, G3: 0.02843412 
2025-04-17 13:52:38,299  INFO  EPOCH 36 | Validation MSE: G1: 0.05045720, G2: 0.04172086, G3: 0.02863153 
2025-04-17 13:52:40,156  INFO  EPOCH 37 | Validation MSE: G1: 0.05341361, G2: 0.04024117, G3: 0.02683266 
2025-04-17 13:52:42,201  INFO  EPOCH 38 | Validation MSE: G1: 0.05299395, G2: 0.03044982, G3: 0.02666637 
2025-04-17 13:52:43,892  INFO  EPOCH 39 | Validation MSE: G1: 0.04834680, G2: 0.02664932, G3: 0.02703751 
2025-04-17 13:52:45,799  INFO  EPOCH 40 | Validation MSE: G1: 0.04628406, G2: 0.02352141, G3: 0.02604062 
2025-04-17 13:52:47,590  INFO  EPOCH 41 | Validation MSE: G1: 0.05001567, G2: 0.02051331, G3: 0.02628281 
2025-04-17 13:52:49,901  INFO  EPOCH 42 | Validation MSE: G1: 0.04581362, G2: 0.01960666, G3: 0.02715356 
2025-04-17 13:52:51,655  INFO  EPOCH 43 | Validation MSE: G1: 0.04267389, G2: 0.01896987, G3: 0.02531082 
2025-04-17 13:52:53,575  INFO  EPOCH 44 | Validation MSE: G1: 0.04324555, G2: 0.01756830, G3: 0.02634665 
2025-04-17 13:52:55,460  INFO  EPOCH 45 | Validation MSE: G1: 0.04066642, G2: 0.01662158, G3: 0.02578889 
2025-04-17 13:52:57,270  INFO  EPOCH 46 | Validation MSE: G1: 0.03991306, G2: 0.01608791, G3: 0.02567406 
2025-04-17 13:52:59,523  INFO  EPOCH 47 | Validation MSE: G1: 0.03808975, G2: 0.01671064, G3: 0.02517669 
2025-04-17 13:53:01,363  INFO  EPOCH 48 | Validation MSE: G1: 0.03926889, G2: 0.01654234, G3: 0.02632466 
2025-04-17 13:53:03,025  INFO  EPOCH 49 | Validation MSE: G1: 0.03832041, G2: 0.01580919, G3: 0.02557340 
2025-04-17 13:53:05,183  INFO  EPOCH 50 | Validation MSE: G1: 0.03814079, G2: 0.01653561, G3: 0.02535704 
2025-04-17 13:53:06,757  INFO  EPOCH 51 | Validation MSE: G1: 0.03861236, G2: 0.01655743, G3: 0.02685549 
2025-04-17 13:53:08,842  INFO  EPOCH 52 | Validation MSE: G1: 0.03617622, G2: 0.01588177, G3: 0.02610599 
2025-04-17 13:53:11,151  INFO  EPOCH 53 | Validation MSE: G1: 0.03532337, G2: 0.01583644, G3: 0.02598713 
2025-04-17 13:53:13,078  INFO  EPOCH 54 | Validation MSE: G1: 0.03594917, G2: 0.01660639, G3: 0.02622363 
2025-04-17 13:53:14,922  INFO  EPOCH 55 | Validation MSE: G1: 0.03355347, G2: 0.01618558, G3: 0.02627758 
2025-04-17 13:53:16,775  INFO  EPOCH 56 | Validation MSE: G1: 0.03303758, G2: 0.01682123, G3: 0.02621823 
2025-04-17 13:53:18,527  INFO  EPOCH 57 | Validation MSE: G1: 0.03330885, G2: 0.01688629, G3: 0.02618665 
2025-04-17 13:53:20,304  INFO  EPOCH 58 | Validation MSE: G1: 0.03365694, G2: 0.01727698, G3: 0.02614180 
2025-04-17 13:53:22,009  INFO  EPOCH 59 | Validation MSE: G1: 0.03057580, G2: 0.01692041, G3: 0.02617039 
2025-04-17 13:53:23,670  INFO  EPOCH 60 | Validation MSE: G1: 0.03186749, G2: 0.01726286, G3: 0.02617537 
2025-04-17 13:53:25,550  INFO  EPOCH 61 | Validation MSE: G1: 0.03300137, G2: 0.01603694, G3: 0.02609484 
2025-04-17 13:53:27,316  INFO  EPOCH 62 | Validation MSE: G1: 0.03067914, G2: 0.01631825, G3: 0.02629134 
2025-04-17 13:53:28,999  INFO  EPOCH 63 | Validation MSE: G1: 0.02978937, G2: 0.01576060, G3: 0.02642160 
2025-04-17 13:53:30,712  INFO  EPOCH 64 | Validation MSE: G1: 0.03012134, G2: 0.01600832, G3: 0.02648765 
2025-04-17 13:53:32,510  INFO  EPOCH 65 | Validation MSE: G1: 0.03035937, G2: 0.01690299, G3: 0.02634862 
2025-04-17 13:53:34,229  INFO  EPOCH 66 | Validation MSE: G1: 0.03002040, G2: 0.01668972, G3: 0.02627944 
2025-04-17 13:53:35,933  INFO  EPOCH 67 | Validation MSE: G1: 0.02880311, G2: 0.01807990, G3: 0.02637208 
2025-04-17 13:53:37,595  INFO  EPOCH 68 | Validation MSE: G1: 0.02735896, G2: 0.01561856, G3: 0.02632106 
2025-04-17 13:53:39,377  INFO  EPOCH 69 | Validation MSE: G1: 0.02795636, G2: 0.01813355, G3: 0.02633179 
2025-04-17 13:53:41,087  INFO  EPOCH 70 | Validation MSE: G1: 0.02597067, G2: 0.01566629, G3: 0.02652423 
2025-04-17 13:53:42,963  INFO  EPOCH 71 | Validation MSE: G1: 0.02582843, G2: 0.01540536, G3: 0.02648204 
2025-04-17 13:53:45,038  INFO  EPOCH 72 | Validation MSE: G1: 0.02636524, G2: 0.01600062, G3: 0.02642873 
2025-04-17 13:53:47,111  INFO  EPOCH 73 | Validation MSE: G1: 0.02572913, G2: 0.01559215, G3: 0.02633568 
2025-04-17 13:53:49,231  INFO  EPOCH 74 | Validation MSE: G1: 0.02568715, G2: 0.01634866, G3: 0.02617610 
2025-04-17 13:53:51,313  INFO  EPOCH 75 | Validation MSE: G1: 0.02604220, G2: 0.01575363, G3: 0.02625354 
2025-04-17 13:53:53,543  INFO  EPOCH 76 | Validation MSE: G1: 0.02499673, G2: 0.01635511, G3: 0.02642144 
2025-04-17 13:53:55,787  INFO  EPOCH 77 | Validation MSE: G1: 0.02535785, G2: 0.01723825, G3: 0.02646267 
2025-04-17 13:53:58,209  INFO  EPOCH 78 | Validation MSE: G1: 0.02347194, G2: 0.01618811, G3: 0.02644613 
2025-04-17 13:54:00,304  INFO  EPOCH 79 | Validation MSE: G1: 0.02311914, G2: 0.01620097, G3: 0.02645284 
2025-04-17 13:54:02,286  INFO  EPOCH 80 | Validation MSE: G1: 0.02321471, G2: 0.01545756, G3: 0.02653595 
2025-04-17 13:54:04,393  INFO  EPOCH 81 | Validation MSE: G1: 0.02286467, G2: 0.01610440, G3: 0.02651878 
2025-04-17 13:54:06,740  INFO  EPOCH 82 | Validation MSE: G1: 0.02296226, G2: 0.01724467, G3: 0.02650346 
2025-04-17 13:54:08,745  INFO  EPOCH 83 | Validation MSE: G1: 0.02442830, G2: 0.01701788, G3: 0.02651315 
2025-04-17 13:54:11,074  INFO  EPOCH 84 | Validation MSE: G1: 0.02362903, G2: 0.01571310, G3: 0.02653576 
2025-04-17 13:54:13,058  INFO  EPOCH 85 | Validation MSE: G1: 0.02371738, G2: 0.01583200, G3: 0.02659608 
2025-04-17 13:54:15,131  INFO  EPOCH 86 | Validation MSE: G1: 0.02272685, G2: 0.01569152, G3: 0.02652778 
2025-04-17 13:54:17,236  INFO  EPOCH 87 | Validation MSE: G1: 0.02099610, G2: 0.01610724, G3: 0.02650082 
2025-04-17 13:54:19,159  INFO  EPOCH 88 | Validation MSE: G1: 0.02059086, G2: 0.01555898, G3: 0.02645087 
2025-04-17 13:54:21,155  INFO  EPOCH 89 | Validation MSE: G1: 0.02107435, G2: 0.01577339, G3: 0.02643602 
2025-04-17 13:54:23,291  INFO  EPOCH 90 | Validation MSE: G1: 0.02142782, G2: 0.01592008, G3: 0.02654236 
2025-04-17 13:54:25,355  INFO  EPOCH 91 | Validation MSE: G1: 0.02187100, G2: 0.01585294, G3: 0.02657428 
2025-04-17 13:54:27,305  INFO  EPOCH 92 | Validation MSE: G1: 0.02028274, G2: 0.01586509, G3: 0.02656146 
2025-04-17 13:54:29,285  INFO  EPOCH 93 | Validation MSE: G1: 0.02022512, G2: 0.01581397, G3: 0.02664464 
2025-04-17 13:54:31,284  INFO  EPOCH 94 | Validation MSE: G1: 0.02021169, G2: 0.01593428, G3: 0.02670836 
2025-04-17 13:54:33,207  INFO  EPOCH 95 | Validation MSE: G1: 0.01968545, G2: 0.01593061, G3: 0.02675876 
2025-04-17 13:54:35,070  INFO  EPOCH 96 | Validation MSE: G1: 0.01867828, G2: 0.01588158, G3: 0.02674612 
2025-04-17 13:54:36,910  INFO  EPOCH 97 | Validation MSE: G1: 0.02048389, G2: 0.01589163, G3: 0.02662587 
2025-04-17 13:54:38,815  INFO  EPOCH 98 | Validation MSE: G1: 0.01932275, G2: 0.01576507, G3: 0.02665681 
2025-04-17 13:54:40,625  INFO  EPOCH 99 | Validation MSE: G1: 0.01996518, G2: 0.01582363, G3: 0.02664976 
2025-04-17 13:54:42,435  INFO  EPOCH 100 | Validation MSE: G1: 0.02058610, G2: 0.01602348, G3: 0.02667633 
2025-04-17 13:54:44,426  INFO  EPOCH 101 | Validation MSE: G1: 0.02000374, G2: 0.01596864, G3: 0.02658405 
2025-04-17 13:54:46,470  INFO  EPOCH 102 | Validation MSE: G1: 0.01888118, G2: 0.01589821, G3: 0.02644827 
2025-04-17 13:54:48,502  INFO  EPOCH 103 | Validation MSE: G1: 0.01876874, G2: 0.01581378, G3: 0.02642620 
2025-04-17 13:54:50,255  INFO  EPOCH 104 | Validation MSE: G1: 0.01837783, G2: 0.01593077, G3: 0.02653162 
2025-04-17 13:54:52,210  INFO  EPOCH 105 | Validation MSE: G1: 0.01820432, G2: 0.01588780, G3: 0.02669172 
2025-04-17 13:54:54,217  INFO  EPOCH 106 | Validation MSE: G1: 0.01731383, G2: 0.01588815, G3: 0.02670838 
2025-04-17 13:54:56,286  INFO  EPOCH 107 | Validation MSE: G1: 0.01896033, G2: 0.01588916, G3: 0.02662777 
2025-04-17 13:54:58,677  INFO  EPOCH 108 | Validation MSE: G1: 0.01927219, G2: 0.01589306, G3: 0.02669425 
2025-04-17 13:55:00,880  INFO  EPOCH 109 | Validation MSE: G1: 0.01808159, G2: 0.01589875, G3: 0.02671957 
2025-04-17 13:55:03,175  INFO  EPOCH 110 | Validation MSE: G1: 0.01961227, G2: 0.01589484, G3: 0.02673318 
2025-04-17 13:55:05,615  INFO  EPOCH 111 | Validation MSE: G1: 0.01857569, G2: 0.01589283, G3: 0.02664986 
2025-04-17 13:55:07,413  INFO  EPOCH 112 | Validation MSE: G1: 0.01899371, G2: 0.01589416, G3: 0.02661583 
2025-04-17 13:55:09,456  INFO  EPOCH 113 | Validation MSE: G1: 0.01872019, G2: 0.01590291, G3: 0.02671501 
2025-04-17 13:55:11,933  INFO  EPOCH 114 | Validation MSE: G1: 0.01847911, G2: 0.01589595, G3: 0.02674038 
2025-04-17 13:55:14,037  INFO  EPOCH 115 | Validation MSE: G1: 0.01833307, G2: 0.01590500, G3: 0.02674945 
2025-04-17 13:55:16,016  INFO  EPOCH 116 | Validation MSE: G1: 0.01844814, G2: 0.01590180, G3: 0.02674427 
2025-04-17 13:55:18,139  INFO  EPOCH 117 | Validation MSE: G1: 0.01837504, G2: 0.01589537, G3: 0.02693838 
2025-04-17 13:55:19,933  INFO  EPOCH 118 | Validation MSE: G1: 0.01799856, G2: 0.01590366, G3: 0.02684120 
2025-04-17 13:55:21,828  INFO  EPOCH 119 | Validation MSE: G1: 0.01770140, G2: 0.01589973, G3: 0.02684050 
2025-04-17 13:55:23,513  INFO  EPOCH 120 | Validation MSE: G1: 0.01762257, G2: 0.01590212, G3: 0.02683993 
2025-04-17 13:55:25,319  INFO  EPOCH 121 | Validation MSE: G1: 0.01747751, G2: 0.01590352, G3: 0.02687578 
2025-04-17 13:55:28,633  INFO  G1 best epoch: 106
2025-04-17 13:55:28,633  INFO  G2 best epoch: 71
2025-04-17 13:55:28,633  INFO  G3 best epoch: 19
2025-04-17 13:55:29,208  INFO  Train Metrics for G1: MSE=17.0471, MAE=2.8430, RMSE=4.1288, MAPE=0.9759
2025-04-17 13:55:29,836  INFO  Train Metrics for G2: MSE=39.5553, MAE=4.3884, RMSE=6.2893, MAPE=1.5418
2025-04-17 13:55:30,796  INFO  Train Metrics for G3: MSE=38.1713, MAE=5.1008, RMSE=6.1783, MAPE=1.7144
2025-04-17 13:55:31,418  INFO  Test Metrics for G1: MSE=938.4990, MAE=18.4199, RMSE=30.6349, MAPE=3.4429
2025-04-17 13:55:32,015  INFO  Test Metrics for G2: MSE=835.0498, MAE=16.8659, RMSE=28.8972, MAPE=3.1741
2025-04-17 13:55:32,615  INFO  Test Metrics for G3: MSE=1278.3296, MAE=21.6008, RMSE=35.7537, MAPE=4.1129
