2025-04-15 11:27:27,632  INFO  ARGS = {
  "notes": "实现了判断也在GAN中，试试看",
  "data_path": "database/process_工商银行.csv",
  "output_dir": "out_put/multi",
  "ckpt_dir": "ckpt",
  "feature_columns": [
    2,
    3,
    4,
    5,
    6,
    7,
    8,
    9,
    10,
    11,
    12,
    13,
    14,
    15,
    16,
    17,
    18,
    19,
    20,
    21,
    22,
    23,
    1
  ],
  "target_columns": [
    [
      1
    ]
  ],
  "start_timestamp": 1,
  "end_timestamp": 2400,
  "window_sizes": [
    5,
    10,
    15
  ],
  "N_pairs": 3,
  "num_classes": 3,
  "generators": [
    "gru",
    "lstm",
    "transformer"
  ],
  "discriminators": null,
  "distill_epochs": 1,
  "cross_finetune_epochs": 5,
  "device": [
    0
  ],
  "num_epochs": 10000,
  "lr": 2e-05,
  "batch_size": 64,
  "train_split": 0.7,
  "random_seed": 3407,
  "mode": "train",
  "ckpt_path": "lastest"
}
2025-04-15 11:27:29,940  INFO  EPOCH 1 | Validation MSE: G1: 0.06845225, G2: 0.06927097, G3: 0.00927019 
2025-04-15 11:27:31,737  INFO  EPOCH 2 | Validation MSE: G1: 0.05094850, G2: 0.06212550, G3: 0.00446563 
2025-04-15 11:27:34,420  INFO  EPOCH 3 | Validation MSE: G1: 0.03657758, G2: 0.05556251, G3: 0.00266157 
2025-04-15 11:27:36,223  INFO  EPOCH 4 | Validation MSE: G1: 0.02540771, G2: 0.04945315, G3: 0.00516038 
2025-04-15 11:27:37,942  INFO  EPOCH 5 | Validation MSE: G1: 0.01737663, G2: 0.04376845, G3: 0.00131353 
2025-04-15 11:27:39,731  INFO  EPOCH 6 | Validation MSE: G1: 0.01255371, G2: 0.03842259, G3: 0.00122609 
2025-04-15 11:27:41,567  INFO  EPOCH 7 | Validation MSE: G1: 0.01024628, G2: 0.03373535, G3: 0.00171454 
2025-04-15 11:27:43,328  INFO  EPOCH 8 | Validation MSE: G1: 0.00951874, G2: 0.02951092, G3: 0.00223141 
2025-04-15 11:27:45,061  INFO  EPOCH 9 | Validation MSE: G1: 0.00930770, G2: 0.02613136, G3: 0.00084303 
2025-04-15 11:27:46,822  INFO  EPOCH 10 | Validation MSE: G1: 0.00911444, G2: 0.02355828, G3: 0.00107731 
2025-04-15 11:27:49,091  INFO  EPOCH 11 | Validation MSE: G1: 0.00869621, G2: 0.02217084, G3: 0.00067987 
2025-04-15 11:27:51,315  INFO  EPOCH 12 | Validation MSE: G1: 0.00822913, G2: 0.02184334, G3: 0.00053203 
2025-04-15 11:27:53,167  INFO  EPOCH 13 | Validation MSE: G1: 0.00764001, G2: 0.02246318, G3: 0.00051330 
2025-04-15 11:27:55,772  INFO  EPOCH 14 | Validation MSE: G1: 0.00703323, G2: 0.02339617, G3: 0.00048316 
