2025-04-14 17:44:47,708  INFO  ARGS = {
  "notes": "300有问题，试试看",
  "data_path": "database/process_300股指.csv",
  "output_dir": "out_put/multi",
  "ckpt_dir": "ckpt",
  "feature_columns": [
    2,
    3,
    4,
    5,
    6,
    7,
    8,
    9,
    10,
    11,
    12,
    13,
    14,
    15,
    16,
    17,
    18,
    19,
    1
  ],
  "target_columns": [
    [
      1
    ]
  ],
  "start_timestamp": 1,
  "end_timestamp": -1,
  "window_sizes": [
    5,
    10,
    15
  ],
  "N_pairs": 3,
  "generators": [
    "gru",
    "lstm",
    "transformer"
  ],
  "discriminators": null,
  "distill": true,
  "cross_finetune": true,
  "device": [
    0
  ],
  "num_epochs": 10000,
  "lr": 2e-05,
  "batch_size": 64,
  "train_split": 0.7,
  "random_seed": 3407,
  "mode": "train",
  "ckpt_path": "lastest"
}
2025-04-14 17:44:49,829  INFO  EPOCH 1 | Validation MSE: G1: 0.21618275, G2: 0.34913802, G3: 0.01111163 
2025-04-14 17:44:51,493  INFO  EPOCH 2 | Validation MSE: G1: 0.17574027, G2: 0.32463795, G3: 0.00337504 
2025-04-14 17:44:53,130  INFO  EPOCH 3 | Validation MSE: G1: 0.13903156, G2: 0.30037883, G3: 0.00192775 
2025-04-14 17:44:54,747  INFO  EPOCH 4 | Validation MSE: G1: 0.10548723, G2: 0.27534640, G3: 0.00133439 
2025-04-14 17:44:56,331  INFO  EPOCH 5 | Validation MSE: G1: 0.07538228, G2: 0.24831031, G3: 0.00134443 
2025-04-14 17:44:57,967  INFO  EPOCH 6 | Validation MSE: G1: 0.05127375, G2: 0.21847148, G3: 0.00090409 
2025-04-14 17:44:59,538  INFO  EPOCH 7 | Validation MSE: G1: 0.03364996, G2: 0.18464161, G3: 0.00052644 
2025-04-14 17:45:01,153  INFO  EPOCH 8 | Validation MSE: G1: 0.02346407, G2: 0.14737961, G3: 0.00089252 
2025-04-14 17:45:02,713  INFO  EPOCH 9 | Validation MSE: G1: 0.01725235, G2: 0.10536117, G3: 0.00043597 
2025-04-14 17:45:04,336  INFO  EPOCH 10 | Validation MSE: G1: 0.01339148, G2: 0.06194440, G3: 0.00083591 
2025-04-14 17:45:05,968  INFO  EPOCH 11 | Validation MSE: G1: 0.01111697, G2: 0.02689186, G3: 0.00155546 
2025-04-14 17:45:07,529  INFO  EPOCH 12 | Validation MSE: G1: 0.00942952, G2: 0.00903129, G3: 0.00260471 
2025-04-14 17:45:09,157  INFO  EPOCH 13 | Validation MSE: G1: 0.00841933, G2: 0.00488707, G3: 0.00061459 
2025-04-14 17:45:10,737  INFO  EPOCH 14 | Validation MSE: G1: 0.00747951, G2: 0.00396533, G3: 0.00050676 
2025-04-14 17:45:12,310  INFO  EPOCH 15 | Validation MSE: G1: 0.00704223, G2: 0.00344956, G3: 0.00095656 
2025-04-14 17:45:13,845  INFO  EPOCH 16 | Validation MSE: G1: 0.00637176, G2: 0.00300885, G3: 0.00036431 
2025-04-14 17:45:15,360  INFO  EPOCH 17 | Validation MSE: G1: 0.00655722, G2: 0.00279494, G3: 0.00033684 
2025-04-14 17:45:16,966  INFO  EPOCH 18 | Validation MSE: G1: 0.00602324, G2: 0.00309232, G3: 0.00031876 
2025-04-14 17:45:18,507  INFO  EPOCH 19 | Validation MSE: G1: 0.00518768, G2: 0.00352196, G3: 0.00033483 
2025-04-14 17:45:20,184  INFO  EPOCH 20 | Validation MSE: G1: 0.00552369, G2: 0.00410622, G3: 0.00034151 
2025-04-14 17:45:21,828  INFO  EPOCH 21 | Validation MSE: G1: 0.00505309, G2: 0.00383944, G3: 0.00130193 
2025-04-14 17:45:23,340  INFO  EPOCH 22 | Validation MSE: G1: 0.00501643, G2: 0.00337065, G3: 0.00042695 
2025-04-14 17:45:24,849  INFO  EPOCH 23 | Validation MSE: G1: 0.00472487, G2: 0.00270135, G3: 0.00032517 
2025-04-14 17:45:26,517  INFO  EPOCH 24 | Validation MSE: G1: 0.00427572, G2: 0.00218536, G3: 0.00027916 
2025-04-14 17:45:28,172  INFO  EPOCH 25 | Validation MSE: G1: 0.00448135, G2: 0.00190716, G3: 0.00026446 
2025-04-14 17:45:29,695  INFO  EPOCH 26 | Validation MSE: G1: 0.00324892, G2: 0.00131121, G3: 0.00097662 
2025-04-14 17:45:31,170  INFO  EPOCH 27 | Validation MSE: G1: 0.00299960, G2: 0.00135043, G3: 0.00032031 
2025-04-14 17:45:32,642  INFO  EPOCH 28 | Validation MSE: G1: 0.00298769, G2: 0.00118139, G3: 0.00027870 
2025-04-14 17:45:34,129  INFO  EPOCH 29 | Validation MSE: G1: 0.00246007, G2: 0.00113037, G3: 0.00059622 
2025-04-14 17:45:35,628  INFO  EPOCH 30 | Validation MSE: G1: 0.00245095, G2: 0.00120523, G3: 0.00028179 
2025-04-14 17:45:37,117  INFO  EPOCH 31 | Validation MSE: G1: 0.00298265, G2: 0.00114009, G3: 0.00048738 
2025-04-14 17:45:38,781  INFO  EPOCH 32 | Validation MSE: G1: 0.00242290, G2: 0.00114492, G3: 0.00035355 
2025-04-14 17:45:40,395  INFO  EPOCH 33 | Validation MSE: G1: 0.00229183, G2: 0.00115439, G3: 0.00058843 
2025-04-14 17:45:42,076  INFO  EPOCH 34 | Validation MSE: G1: 0.00240425, G2: 0.00111480, G3: 0.00062007 
2025-04-14 17:45:43,876  INFO  EPOCH 35 | Validation MSE: G1: 0.00196301, G2: 0.00119181, G3: 0.00055763 
2025-04-14 17:45:45,831  INFO  EPOCH 36 | Validation MSE: G1: 0.00156222, G2: 0.00117870, G3: 0.00116672 
2025-04-14 17:45:47,798  INFO  EPOCH 37 | Validation MSE: G1: 0.00223685, G2: 0.00105984, G3: 0.00050119 
2025-04-14 17:45:49,738  INFO  EPOCH 38 | Validation MSE: G1: 0.00196643, G2: 0.00124406, G3: 0.00030159 
2025-04-14 17:45:51,609  INFO  EPOCH 39 | Validation MSE: G1: 0.00152193, G2: 0.00109871, G3: 0.00034305 
2025-04-14 17:45:53,477  INFO  EPOCH 40 | Validation MSE: G1: 0.00119943, G2: 0.00122423, G3: 0.00038268 
2025-04-14 17:45:55,357  INFO  EPOCH 41 | Validation MSE: G1: 0.00150159, G2: 0.00110088, G3: 0.00026421 
2025-04-14 17:45:57,301  INFO  EPOCH 42 | Validation MSE: G1: 0.00105667, G2: 0.00118150, G3: 0.00042043 
2025-04-14 17:45:59,191  INFO  EPOCH 43 | Validation MSE: G1: 0.00117880, G2: 0.00099087, G3: 0.00025914 
2025-04-14 17:46:01,075  INFO  EPOCH 44 | Validation MSE: G1: 0.00150008, G2: 0.00096957, G3: 0.00044060 
2025-04-14 17:46:02,989  INFO  EPOCH 45 | Validation MSE: G1: 0.00110039, G2: 0.00099604, G3: 0.00069465 
2025-04-14 17:46:04,879  INFO  EPOCH 46 | Validation MSE: G1: 0.00106432, G2: 0.00106470, G3: 0.00050284 
2025-04-14 17:46:06,758  INFO  EPOCH 47 | Validation MSE: G1: 0.00090265, G2: 0.00113542, G3: 0.00053750 
2025-04-14 17:46:08,681  INFO  EPOCH 48 | Validation MSE: G1: 0.00089251, G2: 0.00105043, G3: 0.00085312 
2025-04-14 17:46:10,490  INFO  EPOCH 49 | Validation MSE: G1: 0.00089315, G2: 0.00092013, G3: 0.00051639 
2025-04-14 17:46:12,422  INFO  EPOCH 50 | Validation MSE: G1: 0.00079979, G2: 0.00098739, G3: 0.00031435 
2025-04-14 17:46:14,219  INFO  EPOCH 51 | Validation MSE: G1: 0.00094439, G2: 0.00091317, G3: 0.00033986 
2025-04-14 17:46:15,930  INFO  EPOCH 52 | Validation MSE: G1: 0.00082560, G2: 0.00102231, G3: 0.00035961 
2025-04-14 17:46:17,731  INFO  EPOCH 53 | Validation MSE: G1: 0.00091176, G2: 0.00088185, G3: 0.00034425 
2025-04-14 17:46:19,595  INFO  EPOCH 54 | Validation MSE: G1: 0.00090319, G2: 0.00086646, G3: 0.00054829 
2025-04-14 17:46:21,993  INFO  EPOCH 55 | Validation MSE: G1: 0.00072714, G2: 0.00102129, G3: 0.00041330 
2025-04-14 17:46:23,985  INFO  EPOCH 56 | Validation MSE: G1: 0.00072153, G2: 0.00095727, G3: 0.00044128 
2025-04-14 17:46:25,772  INFO  EPOCH 57 | Validation MSE: G1: 0.00068159, G2: 0.00087164, G3: 0.00023967 
2025-04-14 17:46:27,543  INFO  EPOCH 58 | Validation MSE: G1: 0.00074553, G2: 0.00083294, G3: 0.00116542 
2025-04-14 17:46:29,369  INFO  EPOCH 59 | Validation MSE: G1: 0.00061082, G2: 0.00088556, G3: 0.00063753 
2025-04-14 17:46:31,690  INFO  EPOCH 60 | Validation MSE: G1: 0.00066453, G2: 0.00088197, G3: 0.00153219 
2025-04-14 17:46:33,810  INFO  EPOCH 61 | Validation MSE: G1: 0.00068663, G2: 0.00082512, G3: 0.00032711 
2025-04-14 17:46:35,555  INFO  EPOCH 62 | Validation MSE: G1: 0.00058141, G2: 0.00082464, G3: 0.00040027 
2025-04-14 17:46:37,549  INFO  EPOCH 63 | Validation MSE: G1: 0.00061466, G2: 0.00081964, G3: 0.00032908 
2025-04-14 17:46:39,608  INFO  EPOCH 64 | Validation MSE: G1: 0.00060584, G2: 0.00082124, G3: 0.00039269 
2025-04-14 17:46:41,361  INFO  EPOCH 65 | Validation MSE: G1: 0.00057321, G2: 0.00090171, G3: 0.00048455 
2025-04-14 17:46:43,264  INFO  EPOCH 66 | Validation MSE: G1: 0.00066049, G2: 0.00080093, G3: 0.00070723 
2025-04-14 17:46:45,182  INFO  EPOCH 67 | Validation MSE: G1: 0.00059700, G2: 0.00083418, G3: 0.00103695 
2025-04-14 17:46:47,029  INFO  EPOCH 68 | Validation MSE: G1: 0.00055654, G2: 0.00079722, G3: 0.00035418 
2025-04-14 17:46:48,725  INFO  EPOCH 69 | Validation MSE: G1: 0.00050055, G2: 0.00081726, G3: 0.00084189 
2025-04-14 17:46:50,558  INFO  EPOCH 70 | Validation MSE: G1: 0.00051677, G2: 0.00079686, G3: 0.00150098 
2025-04-14 17:46:52,350  INFO  EPOCH 71 | Validation MSE: G1: 0.00066320, G2: 0.00081327, G3: 0.00050350 
2025-04-14 17:46:54,078  INFO  EPOCH 72 | Validation MSE: G1: 0.00051240, G2: 0.00079503, G3: 0.00066938 
2025-04-14 17:46:55,800  INFO  EPOCH 73 | Validation MSE: G1: 0.00045510, G2: 0.00080616, G3: 0.00034454 
2025-04-14 17:46:57,573  INFO  EPOCH 74 | Validation MSE: G1: 0.00048993, G2: 0.00078309, G3: 0.00095026 
2025-04-14 17:46:59,524  INFO  EPOCH 75 | Validation MSE: G1: 0.00043528, G2: 0.00077201, G3: 0.00035223 
2025-04-14 17:47:01,590  INFO  EPOCH 76 | Validation MSE: G1: 0.00041325, G2: 0.00078205, G3: 0.00042284 
2025-04-14 17:47:03,537  INFO  EPOCH 77 | Validation MSE: G1: 0.00044139, G2: 0.00076625, G3: 0.00031495 
2025-04-14 17:47:05,373  INFO  EPOCH 78 | Validation MSE: G1: 0.00040037, G2: 0.00077196, G3: 0.00029311 
2025-04-14 17:47:07,077  INFO  EPOCH 79 | Validation MSE: G1: 0.00040653, G2: 0.00084477, G3: 0.00029107 
2025-04-14 17:47:08,786  INFO  EPOCH 80 | Validation MSE: G1: 0.00044452, G2: 0.00079401, G3: 0.00029136 
2025-04-14 17:47:10,653  INFO  EPOCH 81 | Validation MSE: G1: 0.00038381, G2: 0.00075969, G3: 0.00030231 
2025-04-14 17:47:12,566  INFO  EPOCH 82 | Validation MSE: G1: 0.00040557, G2: 0.00075709, G3: 0.00038038 
2025-04-14 17:47:14,400  INFO  EPOCH 83 | Validation MSE: G1: 0.00035907, G2: 0.00078689, G3: 0.00042478 
2025-04-14 17:47:16,040  INFO  EPOCH 84 | Validation MSE: G1: 0.00035047, G2: 0.00076207, G3: 0.00028734 
2025-04-14 17:47:17,689  INFO  EPOCH 85 | Validation MSE: G1: 0.00035920, G2: 0.00080904, G3: 0.00026170 
2025-04-14 17:47:19,451  INFO  EPOCH 86 | Validation MSE: G1: 0.00033476, G2: 0.00074594, G3: 0.00026610 
2025-04-14 17:47:21,338  INFO  EPOCH 87 | Validation MSE: G1: 0.00035739, G2: 0.00074972, G3: 0.00031304 
2025-04-14 17:47:22,999  INFO  EPOCH 88 | Validation MSE: G1: 0.00032665, G2: 0.00074840, G3: 0.00032045 
2025-04-14 17:47:24,841  INFO  EPOCH 89 | Validation MSE: G1: 0.00032644, G2: 0.00073540, G3: 0.00039029 
2025-04-14 17:47:26,476  INFO  EPOCH 90 | Validation MSE: G1: 0.00033249, G2: 0.00075239, G3: 0.00031564 
2025-04-14 17:47:28,011  INFO  EPOCH 91 | Validation MSE: G1: 0.00033577, G2: 0.00074585, G3: 0.00032791 
2025-04-14 17:47:29,623  INFO  EPOCH 92 | Validation MSE: G1: 0.00031188, G2: 0.00074292, G3: 0.00033124 
2025-04-14 17:47:31,321  INFO  EPOCH 93 | Validation MSE: G1: 0.00029309, G2: 0.00074810, G3: 0.00032062 
2025-04-14 17:47:32,924  INFO  EPOCH 94 | Validation MSE: G1: 0.00029948, G2: 0.00074083, G3: 0.00031099 
2025-04-14 17:47:34,471  INFO  EPOCH 95 | Validation MSE: G1: 0.00029265, G2: 0.00074295, G3: 0.00031365 
2025-04-14 17:47:36,039  INFO  EPOCH 96 | Validation MSE: G1: 0.00027721, G2: 0.00073620, G3: 0.00029400 
2025-04-14 17:47:37,665  INFO  EPOCH 97 | Validation MSE: G1: 0.00038015, G2: 0.00073563, G3: 0.00030085 
2025-04-14 17:47:39,338  INFO  EPOCH 98 | Validation MSE: G1: 0.00028254, G2: 0.00073044, G3: 0.00031055 
2025-04-14 17:47:41,016  INFO  EPOCH 99 | Validation MSE: G1: 0.00029626, G2: 0.00074187, G3: 0.00030307 
2025-04-14 17:47:42,603  INFO  EPOCH 100 | Validation MSE: G1: 0.00025899, G2: 0.00073227, G3: 0.00029819 
2025-04-14 17:47:44,283  INFO  EPOCH 101 | Validation MSE: G1: 0.00031813, G2: 0.00076077, G3: 0.00029029 
2025-04-14 17:47:45,834  INFO  EPOCH 102 | Validation MSE: G1: 0.00025147, G2: 0.00073551, G3: 0.00030755 
2025-04-14 17:47:47,448  INFO  EPOCH 103 | Validation MSE: G1: 0.00024821, G2: 0.00073127, G3: 0.00031362 
2025-04-14 17:47:49,027  INFO  EPOCH 104 | Validation MSE: G1: 0.00023884, G2: 0.00072984, G3: 0.00029854 
2025-04-14 17:47:50,586  INFO  EPOCH 105 | Validation MSE: G1: 0.00023675, G2: 0.00072035, G3: 0.00029397 
2025-04-14 17:47:52,460  INFO  EPOCH 106 | Validation MSE: G1: 0.00023689, G2: 0.00072339, G3: 0.00028992 
2025-04-14 17:47:54,292  INFO  EPOCH 107 | Validation MSE: G1: 0.00022808, G2: 0.00085282, G3: 0.00030600 
2025-04-14 17:47:55,955  INFO  EPOCH 108 | Validation MSE: G1: 0.00030155, G2: 0.00080573, G3: 0.00032702 
2025-04-14 17:47:57,653  INFO  EPOCH 109 | Validation MSE: G1: 0.00022137, G2: 0.00072294, G3: 0.00031701 
2025-04-14 17:47:59,333  INFO  EPOCH 110 | Validation MSE: G1: 0.00024775, G2: 0.00072048, G3: 0.00030759 
2025-04-14 17:48:00,998  INFO  EPOCH 111 | Validation MSE: G1: 0.00021803, G2: 0.00072752, G3: 0.00031215 
2025-04-14 17:48:02,885  INFO  EPOCH 112 | Validation MSE: G1: 0.00021668, G2: 0.00080659, G3: 0.00031124 
2025-04-14 17:48:04,711  INFO  EPOCH 113 | Validation MSE: G1: 0.00022758, G2: 0.00071066, G3: 0.00030730 
2025-04-14 17:48:06,488  INFO  EPOCH 114 | Validation MSE: G1: 0.00022120, G2: 0.00071369, G3: 0.00030035 
2025-04-14 17:48:08,282  INFO  EPOCH 115 | Validation MSE: G1: 0.00031569, G2: 0.00070588, G3: 0.00030074 
2025-04-14 17:48:10,051  INFO  EPOCH 116 | Validation MSE: G1: 0.00023560, G2: 0.00079128, G3: 0.00030512 
2025-04-14 17:48:11,701  INFO  EPOCH 117 | Validation MSE: G1: 0.00020700, G2: 0.00071117, G3: 0.00031389 
2025-04-14 17:48:13,363  INFO  EPOCH 118 | Validation MSE: G1: 0.00020692, G2: 0.00071209, G3: 0.00030245 
2025-04-14 17:48:14,907  INFO  EPOCH 119 | Validation MSE: G1: 0.00021915, G2: 0.00071046, G3: 0.00030473 
2025-04-14 17:48:16,486  INFO  EPOCH 120 | Validation MSE: G1: 0.00022680, G2: 0.00074243, G3: 0.00029738 
2025-04-14 17:48:18,060  INFO  EPOCH 121 | Validation MSE: G1: 0.00019116, G2: 0.00071229, G3: 0.00029386 
2025-04-14 17:48:19,616  INFO  EPOCH 122 | Validation MSE: G1: 0.00020280, G2: 0.00072594, G3: 0.00029569 
2025-04-14 17:48:21,370  INFO  EPOCH 123 | Validation MSE: G1: 0.00019807, G2: 0.00072762, G3: 0.00029886 
2025-04-14 17:48:22,901  INFO  EPOCH 124 | Validation MSE: G1: 0.00021890, G2: 0.00075751, G3: 0.00029872 
2025-04-14 17:48:24,392  INFO  EPOCH 125 | Validation MSE: G1: 0.00018264, G2: 0.00070333, G3: 0.00030034 
2025-04-14 17:48:25,890  INFO  EPOCH 126 | Validation MSE: G1: 0.00018727, G2: 0.00069153, G3: 0.00030499 
2025-04-14 17:48:27,409  INFO  EPOCH 127 | Validation MSE: G1: 0.00020740, G2: 0.00068730, G3: 0.00030637 
2025-04-14 17:48:28,913  INFO  EPOCH 128 | Validation MSE: G1: 0.00020180, G2: 0.00069209, G3: 0.00029892 
2025-04-14 17:48:30,461  INFO  EPOCH 129 | Validation MSE: G1: 0.00017945, G2: 0.00068608, G3: 0.00029305 
2025-04-14 17:48:31,919  INFO  EPOCH 130 | Validation MSE: G1: 0.00018447, G2: 0.00069108, G3: 0.00029449 
2025-04-14 17:48:33,482  INFO  EPOCH 131 | Validation MSE: G1: 0.00019655, G2: 0.00069222, G3: 0.00029823 
2025-04-14 17:48:35,009  INFO  EPOCH 132 | Validation MSE: G1: 0.00021330, G2: 0.00069821, G3: 0.00029921 
2025-04-14 17:48:36,592  INFO  EPOCH 133 | Validation MSE: G1: 0.00017296, G2: 0.00068451, G3: 0.00030322 
2025-04-14 17:48:38,138  INFO  EPOCH 134 | Validation MSE: G1: 0.00018494, G2: 0.00068179, G3: 0.00030206 
2025-04-14 17:48:39,671  INFO  EPOCH 135 | Validation MSE: G1: 0.00022725, G2: 0.00072142, G3: 0.00029661 
2025-04-14 17:48:41,198  INFO  EPOCH 136 | Validation MSE: G1: 0.00019741, G2: 0.00069394, G3: 0.00029888 
2025-04-14 17:48:42,710  INFO  EPOCH 137 | Validation MSE: G1: 0.00021695, G2: 0.00068210, G3: 0.00030714 
2025-04-14 17:48:44,283  INFO  EPOCH 138 | Validation MSE: G1: 0.00017125, G2: 0.00071779, G3: 0.00031169 
2025-04-14 17:48:45,901  INFO  EPOCH 139 | Validation MSE: G1: 0.00016577, G2: 0.00072934, G3: 0.00031396 
2025-04-14 17:48:47,489  INFO  EPOCH 140 | Validation MSE: G1: 0.00020404, G2: 0.00067189, G3: 0.00030770 
2025-04-14 17:48:49,043  INFO  EPOCH 141 | Validation MSE: G1: 0.00019288, G2: 0.00073314, G3: 0.00030542 
2025-04-14 17:48:50,633  INFO  EPOCH 142 | Validation MSE: G1: 0.00016584, G2: 0.00068648, G3: 0.00030854 
2025-04-14 17:48:52,245  INFO  EPOCH 143 | Validation MSE: G1: 0.00018861, G2: 0.00065774, G3: 0.00030046 
2025-04-14 17:48:53,841  INFO  EPOCH 144 | Validation MSE: G1: 0.00018496, G2: 0.00071021, G3: 0.00029870 
2025-04-14 17:48:55,411  INFO  EPOCH 145 | Validation MSE: G1: 0.00021197, G2: 0.00066979, G3: 0.00030201 
2025-04-14 17:48:56,993  INFO  EPOCH 146 | Validation MSE: G1: 0.00017232, G2: 0.00066887, G3: 0.00030561 
2025-04-14 17:48:58,595  INFO  EPOCH 147 | Validation MSE: G1: 0.00016390, G2: 0.00065115, G3: 0.00030355 
2025-04-14 17:49:00,200  INFO  EPOCH 148 | Validation MSE: G1: 0.00017248, G2: 0.00065649, G3: 0.00030343 
2025-04-14 17:49:01,805  INFO  EPOCH 149 | Validation MSE: G1: 0.00015899, G2: 0.00065986, G3: 0.00030467 
2025-04-14 17:49:03,397  INFO  EPOCH 150 | Validation MSE: G1: 0.00016248, G2: 0.00066069, G3: 0.00029668 
2025-04-14 17:49:04,983  INFO  EPOCH 151 | Validation MSE: G1: 0.00022090, G2: 0.00065438, G3: 0.00029346 
2025-04-14 17:49:06,558  INFO  EPOCH 152 | Validation MSE: G1: 0.00016587, G2: 0.00068601, G3: 0.00029577 
2025-04-14 17:49:08,128  INFO  EPOCH 153 | Validation MSE: G1: 0.00017875, G2: 0.00065124, G3: 0.00029648 
2025-04-14 17:49:09,752  INFO  EPOCH 154 | Validation MSE: G1: 0.00016875, G2: 0.00067320, G3: 0.00029950 
2025-04-14 17:49:11,513  INFO  EPOCH 155 | Validation MSE: G1: 0.00020276, G2: 0.00066295, G3: 0.00029598 
2025-04-14 17:49:13,112  INFO  EPOCH 156 | Validation MSE: G1: 0.00017483, G2: 0.00069397, G3: 0.00029889 
2025-04-14 17:49:14,642  INFO  EPOCH 157 | Validation MSE: G1: 0.00015413, G2: 0.00066301, G3: 0.00030755 
2025-04-14 17:49:16,190  INFO  EPOCH 158 | Validation MSE: G1: 0.00015709, G2: 0.00065516, G3: 0.00030936 
2025-04-14 17:49:17,722  INFO  EPOCH 159 | Validation MSE: G1: 0.00018058, G2: 0.00069210, G3: 0.00031320 
2025-04-14 17:49:19,281  INFO  EPOCH 160 | Validation MSE: G1: 0.00015916, G2: 0.00064963, G3: 0.00030757 
2025-04-14 17:49:20,874  INFO  EPOCH 161 | Validation MSE: G1: 0.00017535, G2: 0.00064415, G3: 0.00029945 
2025-04-14 17:49:22,433  INFO  EPOCH 162 | Validation MSE: G1: 0.00018732, G2: 0.00064845, G3: 0.00030246 
2025-04-14 17:49:24,047  INFO  EPOCH 163 | Validation MSE: G1: 0.00015313, G2: 0.00064904, G3: 0.00030439 
2025-04-14 17:49:25,736  INFO  EPOCH 164 | Validation MSE: G1: 0.00015793, G2: 0.00064381, G3: 0.00030374 
2025-04-14 17:49:27,428  INFO  EPOCH 165 | Validation MSE: G1: 0.00015140, G2: 0.00062637, G3: 0.00030836 
2025-04-14 17:49:29,140  INFO  EPOCH 166 | Validation MSE: G1: 0.00021106, G2: 0.00082615, G3: 0.00030179 
2025-04-14 17:49:30,683  INFO  EPOCH 167 | Validation MSE: G1: 0.00018150, G2: 0.00063082, G3: 0.00029571 
2025-04-14 17:49:32,328  INFO  EPOCH 168 | Validation MSE: G1: 0.00015191, G2: 0.00063208, G3: 0.00030336 
2025-04-14 17:49:33,853  INFO  EPOCH 169 | Validation MSE: G1: 0.00016438, G2: 0.00062977, G3: 0.00031074 
2025-04-14 17:49:35,408  INFO  EPOCH 170 | Validation MSE: G1: 0.00020153, G2: 0.00063129, G3: 0.00030942 
2025-04-14 17:49:37,095  INFO  EPOCH 171 | Validation MSE: G1: 0.00015079, G2: 0.00062204, G3: 0.00029615 
2025-04-14 17:49:38,671  INFO  EPOCH 172 | Validation MSE: G1: 0.00015097, G2: 0.00070405, G3: 0.00030011 
2025-04-14 17:49:40,222  INFO  EPOCH 173 | Validation MSE: G1: 0.00016608, G2: 0.00061974, G3: 0.00030653 
2025-04-14 17:49:41,835  INFO  EPOCH 174 | Validation MSE: G1: 0.00014963, G2: 0.00066316, G3: 0.00029799 
2025-04-14 17:49:43,659  INFO  EPOCH 175 | Validation MSE: G1: 0.00017140, G2: 0.00061931, G3: 0.00029748 
2025-04-14 17:49:45,697  INFO  EPOCH 176 | Validation MSE: G1: 0.00015025, G2: 0.00062960, G3: 0.00030072 
2025-04-14 17:49:47,672  INFO  EPOCH 177 | Validation MSE: G1: 0.00017288, G2: 0.00065069, G3: 0.00030878 
2025-04-14 17:49:49,657  INFO  EPOCH 178 | Validation MSE: G1: 0.00017163, G2: 0.00062209, G3: 0.00030560 
2025-04-14 17:49:51,591  INFO  EPOCH 179 | Validation MSE: G1: 0.00014770, G2: 0.00062836, G3: 0.00030532 
2025-04-14 17:49:53,516  INFO  EPOCH 180 | Validation MSE: G1: 0.00016688, G2: 0.00060937, G3: 0.00029822 
2025-04-14 17:49:55,472  INFO  EPOCH 181 | Validation MSE: G1: 0.00016043, G2: 0.00063138, G3: 0.00029707 
2025-04-14 17:49:57,399  INFO  EPOCH 182 | Validation MSE: G1: 0.00014856, G2: 0.00069919, G3: 0.00029491 
2025-04-14 17:49:59,358  INFO  EPOCH 183 | Validation MSE: G1: 0.00015494, G2: 0.00065457, G3: 0.00029742 
2025-04-14 17:50:01,263  INFO  EPOCH 184 | Validation MSE: G1: 0.00014669, G2: 0.00061245, G3: 0.00030608 
2025-04-14 17:50:03,106  INFO  EPOCH 185 | Validation MSE: G1: 0.00014648, G2: 0.00059620, G3: 0.00031086 
2025-04-14 17:50:05,113  INFO  EPOCH 186 | Validation MSE: G1: 0.00019150, G2: 0.00060917, G3: 0.00031223 
2025-04-14 17:50:07,091  INFO  EPOCH 187 | Validation MSE: G1: 0.00015038, G2: 0.00060158, G3: 0.00030845 
2025-04-14 17:50:09,062  INFO  EPOCH 188 | Validation MSE: G1: 0.00015329, G2: 0.00060263, G3: 0.00031124 
2025-04-14 17:50:10,963  INFO  EPOCH 189 | Validation MSE: G1: 0.00016375, G2: 0.00062471, G3: 0.00031025 
2025-04-14 17:50:12,840  INFO  EPOCH 190 | Validation MSE: G1: 0.00016538, G2: 0.00059998, G3: 0.00030460 
2025-04-14 17:50:14,587  INFO  EPOCH 191 | Validation MSE: G1: 0.00017738, G2: 0.00064936, G3: 0.00031586 
2025-04-14 17:50:16,395  INFO  EPOCH 192 | Validation MSE: G1: 0.00022220, G2: 0.00062469, G3: 0.00031190 
2025-04-14 17:50:18,189  INFO  EPOCH 193 | Validation MSE: G1: 0.00017125, G2: 0.00061568, G3: 0.00030085 
2025-04-14 17:50:19,989  INFO  EPOCH 194 | Validation MSE: G1: 0.00014411, G2: 0.00060058, G3: 0.00030108 
2025-04-14 17:50:21,777  INFO  EPOCH 195 | Validation MSE: G1: 0.00032453, G2: 0.00062135, G3: 0.00030240 
2025-04-14 17:50:23,582  INFO  EPOCH 196 | Validation MSE: G1: 0.00014850, G2: 0.00061024, G3: 0.00029607 
2025-04-14 17:50:25,362  INFO  EPOCH 197 | Validation MSE: G1: 0.00015436, G2: 0.00060406, G3: 0.00030223 
2025-04-14 17:50:27,129  INFO  EPOCH 198 | Validation MSE: G1: 0.00014473, G2: 0.00058809, G3: 0.00029686 
2025-04-14 17:50:28,867  INFO  EPOCH 199 | Validation MSE: G1: 0.00014433, G2: 0.00063518, G3: 0.00029880 
2025-04-14 17:50:30,607  INFO  EPOCH 200 | Validation MSE: G1: 0.00014176, G2: 0.00061199, G3: 0.00030301 
2025-04-14 17:50:32,345  INFO  EPOCH 201 | Validation MSE: G1: 0.00014901, G2: 0.00059335, G3: 0.00030299 
2025-04-14 17:50:34,108  INFO  EPOCH 202 | Validation MSE: G1: 0.00014232, G2: 0.00061649, G3: 0.00030241 
2025-04-14 17:50:35,894  INFO  EPOCH 203 | Validation MSE: G1: 0.00016488, G2: 0.00062015, G3: 0.00029810 
2025-04-14 17:50:37,683  INFO  EPOCH 204 | Validation MSE: G1: 0.00015011, G2: 0.00059531, G3: 0.00029527 
2025-04-14 17:50:39,473  INFO  EPOCH 205 | Validation MSE: G1: 0.00017632, G2: 0.00059391, G3: 0.00028948 
2025-04-14 17:50:41,225  INFO  EPOCH 206 | Validation MSE: G1: 0.00014920, G2: 0.00063684, G3: 0.00029482 
2025-04-14 17:50:43,064  INFO  EPOCH 207 | Validation MSE: G1: 0.00017305, G2: 0.00058619, G3: 0.00029205 
2025-04-14 17:50:44,938  INFO  EPOCH 208 | Validation MSE: G1: 0.00015104, G2: 0.00058101, G3: 0.00028718 
2025-04-14 17:50:46,630  INFO  EPOCH 209 | Validation MSE: G1: 0.00017673, G2: 0.00061605, G3: 0.00029154 
2025-04-14 17:50:48,454  INFO  EPOCH 210 | Validation MSE: G1: 0.00014316, G2: 0.00058395, G3: 0.00028979 
2025-04-14 17:50:50,287  INFO  EPOCH 211 | Validation MSE: G1: 0.00014797, G2: 0.00060406, G3: 0.00029331 
2025-04-14 17:50:51,880  INFO  EPOCH 212 | Validation MSE: G1: 0.00015814, G2: 0.00057336, G3: 0.00029398 
2025-04-14 17:50:53,467  INFO  EPOCH 213 | Validation MSE: G1: 0.00014194, G2: 0.00057756, G3: 0.00028991 
2025-04-14 17:50:55,090  INFO  EPOCH 214 | Validation MSE: G1: 0.00024526, G2: 0.00068534, G3: 0.00028880 
2025-04-14 17:50:57,002  INFO  EPOCH 215 | Validation MSE: G1: 0.00019213, G2: 0.00064734, G3: 0.00029146 
2025-04-14 17:50:58,905  INFO  EPOCH 216 | Validation MSE: G1: 0.00015518, G2: 0.00057282, G3: 0.00029300 
2025-04-14 17:51:00,793  INFO  EPOCH 217 | Validation MSE: G1: 0.00014391, G2: 0.00056205, G3: 0.00029198 
2025-04-14 17:51:02,618  INFO  EPOCH 218 | Validation MSE: G1: 0.00016158, G2: 0.00055707, G3: 0.00029635 
2025-04-14 17:51:04,387  INFO  EPOCH 219 | Validation MSE: G1: 0.00015395, G2: 0.00062668, G3: 0.00029861 
2025-04-14 17:51:06,209  INFO  EPOCH 220 | Validation MSE: G1: 0.00015349, G2: 0.00056612, G3: 0.00029393 
2025-04-14 17:51:08,027  INFO  EPOCH 221 | Validation MSE: G1: 0.00015963, G2: 0.00055719, G3: 0.00029702 
2025-04-14 17:51:09,882  INFO  EPOCH 222 | Validation MSE: G1: 0.00016151, G2: 0.00056683, G3: 0.00030437 
2025-04-14 17:51:11,676  INFO  EPOCH 223 | Validation MSE: G1: 0.00014618, G2: 0.00055506, G3: 0.00029797 
2025-04-14 17:51:13,647  INFO  EPOCH 224 | Validation MSE: G1: 0.00014797, G2: 0.00055668, G3: 0.00029854 
2025-04-14 17:51:15,542  INFO  EPOCH 225 | Validation MSE: G1: 0.00015184, G2: 0.00058959, G3: 0.00029100 
2025-04-14 17:51:17,466  INFO  EPOCH 226 | Validation MSE: G1: 0.00015807, G2: 0.00055297, G3: 0.00029890 
2025-04-14 17:51:19,457  INFO  EPOCH 227 | Validation MSE: G1: 0.00016876, G2: 0.00072424, G3: 0.00030590 
2025-04-14 17:51:21,380  INFO  EPOCH 228 | Validation MSE: G1: 0.00015017, G2: 0.00057097, G3: 0.00029501 
2025-04-14 17:51:23,059  INFO  EPOCH 229 | Validation MSE: G1: 0.00015233, G2: 0.00054391, G3: 0.00029701 
2025-04-14 17:51:24,649  INFO  EPOCH 230 | Validation MSE: G1: 0.00015240, G2: 0.00054017, G3: 0.00030764 
2025-04-14 17:51:26,225  INFO  EPOCH 231 | Validation MSE: G1: 0.00014769, G2: 0.00060631, G3: 0.00030149 
2025-04-14 17:51:27,807  INFO  EPOCH 232 | Validation MSE: G1: 0.00015632, G2: 0.00057295, G3: 0.00030397 
2025-04-14 17:51:29,384  INFO  EPOCH 233 | Validation MSE: G1: 0.00014866, G2: 0.00055412, G3: 0.00029312 
2025-04-14 17:51:30,990  INFO  EPOCH 234 | Validation MSE: G1: 0.00014503, G2: 0.00060514, G3: 0.00029946 
2025-04-14 17:51:32,871  INFO  EPOCH 235 | Validation MSE: G1: 0.00014631, G2: 0.00062747, G3: 0.00029388 
2025-04-14 17:51:34,685  INFO  EPOCH 236 | Validation MSE: G1: 0.00014742, G2: 0.00055072, G3: 0.00029258 
2025-04-14 17:51:36,559  INFO  EPOCH 237 | Validation MSE: G1: 0.00014968, G2: 0.00057949, G3: 0.00030165 
2025-04-14 17:51:38,477  INFO  EPOCH 238 | Validation MSE: G1: 0.00015158, G2: 0.00054544, G3: 0.00030150 
2025-04-14 17:51:40,309  INFO  EPOCH 239 | Validation MSE: G1: 0.00015264, G2: 0.00056141, G3: 0.00030337 
2025-04-14 17:51:42,214  INFO  EPOCH 240 | Validation MSE: G1: 0.00015189, G2: 0.00054813, G3: 0.00029721 
2025-04-14 17:51:44,063  INFO  EPOCH 241 | Validation MSE: G1: 0.00015276, G2: 0.00054534, G3: 0.00029732 
2025-04-14 17:51:45,669  INFO  EPOCH 242 | Validation MSE: G1: 0.00015276, G2: 0.00056376, G3: 0.00029692 
2025-04-14 17:51:47,226  INFO  EPOCH 243 | Validation MSE: G1: 0.00015257, G2: 0.00058589, G3: 0.00029373 
2025-04-14 17:51:48,880  INFO  EPOCH 244 | Validation MSE: G1: 0.00015200, G2: 0.00058311, G3: 0.00029189 
2025-04-14 17:51:50,445  INFO  EPOCH 245 | Validation MSE: G1: 0.00015155, G2: 0.00057976, G3: 0.00029423 
2025-04-14 17:51:51,458  INFO  G1 best epoch: 200
2025-04-14 17:51:51,458  INFO  G2 best epoch: 230
2025-04-14 17:51:51,458  INFO  G3 best epoch: 57
2025-04-14 17:51:51,594  INFO  Train Metrics for G1: MSE=2855.8446, MAE=35.8413, RMSE=53.4401, MAPE=1.1265
2025-04-14 17:51:51,764  INFO  Train Metrics for G2: MSE=10028.7502, MAE=66.3463, RMSE=100.1436, MAPE=1.9927
2025-04-14 17:51:51,959  INFO  Train Metrics for G3: MSE=2506.7953, MAE=36.5421, RMSE=50.0679, MAPE=1.1170
2025-04-14 17:51:52,090  INFO  Test Metrics for G1: MSE=2094.2578, MAE=27.5673, RMSE=45.7631, MAPE=0.6862
2025-04-14 17:51:52,221  INFO  Test Metrics for G2: MSE=7980.1361, MAE=60.1675, RMSE=89.3316, MAPE=1.4802
2025-04-14 17:51:52,365  INFO  Test Metrics for G3: MSE=3540.7198, MAE=41.7246, RMSE=59.5039, MAPE=1.0018
