2025-04-14 17:53:35,808  INFO  ARGS = {
  "notes": "实现了判断也在GAN中，试试看",
  "data_path": "database/process_工商银行.csv",
  "output_dir": "out_put/multi",
  "ckpt_dir": "ckpt",
  "feature_columns": [
    2,
    3,
    4,
    5,
    6,
    7,
    8,
    9,
    10,
    11,
    12,
    13,
    14,
    15,
    16,
    17,
    18,
    19,
    20,
    21,
    22,
    23,
    1
  ],
  "target_columns": [
    [
      1
    ]
  ],
  "start_timestamp": 1,
  "end_timestamp": 2400,
  "window_sizes": [
    5,
    10,
    15
  ],
  "N_pairs": 3,
  "generators": [
    "gru",
    "lstm",
    "transformer"
  ],
  "discriminators": null,
  "distill": true,
  "cross_finetune": true,
  "device": [
    0
  ],
  "num_epochs": 10000,
  "lr": 2e-05,
  "batch_size": 64,
  "train_split": 0.7,
  "random_seed": 3407,
  "mode": "train",
  "ckpt_path": "lastest"
}
2025-04-14 17:53:37,611  INFO  EPOCH 1 | Validation MSE: G1: 0.06877616, G2: 0.07619689, G3: 0.03151559 
2025-04-14 17:53:39,094  INFO  EPOCH 2 | Validation MSE: G1: 0.05118873, G2: 0.06795040, G3: 0.01576065 
2025-04-14 17:53:40,555  INFO  EPOCH 3 | Validation MSE: G1: 0.03703139, G2: 0.06067539, G3: 0.00814083 
2025-04-14 17:53:42,056  INFO  EPOCH 4 | Validation MSE: G1: 0.02574508, G2: 0.05392889, G3: 0.00438337 
2025-04-14 17:53:43,440  INFO  EPOCH 5 | Validation MSE: G1: 0.01780800, G2: 0.04782877, G3: 0.00235871 
2025-04-14 17:53:44,823  INFO  EPOCH 6 | Validation MSE: G1: 0.01287144, G2: 0.04216265, G3: 0.00149643 
2025-04-14 17:53:46,187  INFO  EPOCH 7 | Validation MSE: G1: 0.01043327, G2: 0.03704458, G3: 0.00156545 
2025-04-14 17:53:47,560  INFO  EPOCH 8 | Validation MSE: G1: 0.00951935, G2: 0.03245727, G3: 0.00208452 
2025-04-14 17:53:48,919  INFO  EPOCH 9 | Validation MSE: G1: 0.00916860, G2: 0.02882744, G3: 0.00124582 
2025-04-14 17:53:50,287  INFO  EPOCH 10 | Validation MSE: G1: 0.00884072, G2: 0.02613460, G3: 0.00131326 
2025-04-14 17:53:51,588  INFO  EPOCH 11 | Validation MSE: G1: 0.00851736, G2: 0.02460498, G3: 0.00157805 
2025-04-14 17:53:52,949  INFO  EPOCH 12 | Validation MSE: G1: 0.00794302, G2: 0.02442742, G3: 0.00094851 
2025-04-14 17:53:54,335  INFO  EPOCH 13 | Validation MSE: G1: 0.00737013, G2: 0.02535559, G3: 0.00080192 
2025-04-14 17:53:55,705  INFO  EPOCH 14 | Validation MSE: G1: 0.00681532, G2: 0.02696577, G3: 0.00092061 
2025-04-14 17:53:57,132  INFO  EPOCH 15 | Validation MSE: G1: 0.00623754, G2: 0.02849261, G3: 0.00070309 
2025-04-14 17:53:58,525  INFO  EPOCH 16 | Validation MSE: G1: 0.00555059, G2: 0.02906108, G3: 0.00065069 
2025-04-14 17:53:59,883  INFO  EPOCH 17 | Validation MSE: G1: 0.00499687, G2: 0.02926341, G3: 0.00081195 
2025-04-14 17:54:01,274  INFO  EPOCH 18 | Validation MSE: G1: 0.00447388, G2: 0.02866934, G3: 0.00087891 
2025-04-14 17:54:02,638  INFO  EPOCH 19 | Validation MSE: G1: 0.00404362, G2: 0.02798361, G3: 0.00068344 
2025-04-14 17:54:04,000  INFO  EPOCH 20 | Validation MSE: G1: 0.00359482, G2: 0.02686915, G3: 0.00065595 
2025-04-14 17:54:05,381  INFO  EPOCH 21 | Validation MSE: G1: 0.00319864, G2: 0.02579985, G3: 0.00127219 
2025-04-14 17:54:06,760  INFO  EPOCH 22 | Validation MSE: G1: 0.00280355, G2: 0.02409427, G3: 0.00075408 
2025-04-14 17:54:08,165  INFO  EPOCH 23 | Validation MSE: G1: 0.00251971, G2: 0.02265718, G3: 0.00067524 
2025-04-14 17:54:09,536  INFO  EPOCH 24 | Validation MSE: G1: 0.00217053, G2: 0.02128288, G3: 0.00063237 
