2025-04-15 11:08:22,464  INFO  ARGS = {
  "notes": "实现了判断也在GAN中，试试看",
  "data_path": "database/process_工商银行.csv",
  "output_dir": "out_put/multi",
  "ckpt_dir": "ckpt",
  "feature_columns": [
    2,
    3,
    4,
    5,
    6,
    7,
    8,
    9,
    10,
    11,
    12,
    13,
    14,
    15,
    16,
    17,
    18,
    19,
    20,
    21,
    22,
    23,
    1
  ],
  "target_columns": [
    [
      1
    ]
  ],
  "start_timestamp": 1,
  "end_timestamp": 2400,
  "window_sizes": [
    5,
    10
  ],
  "N_pairs": 2,
  "num_classes": 3,
  "generators": [
    "gru",
    "lstm"
  ],
  "discriminators": null,
  "distill_epochs": 1,
  "cross_finetune_epochs": 5,
  "device": [
    0
  ],
  "num_epochs": 10000,
  "lr": 2e-05,
  "batch_size": 64,
  "train_split": 0.7,
  "random_seed": 3407,
  "mode": "train",
  "ckpt_path": "lastest"
}
2025-04-15 11:08:23,456  INFO  EPOCH 1 | Validation MSE: G1: 0.07024238, G2: 0.07007176 
2025-04-15 11:08:24,092  INFO  EPOCH 2 | Validation MSE: G1: 0.05521567, G2: 0.06394392 
2025-04-15 11:08:24,751  INFO  EPOCH 3 | Validation MSE: G1: 0.04268350, G2: 0.05831452 
2025-04-15 11:08:25,431  INFO  EPOCH 4 | Validation MSE: G1: 0.03244814, G2: 0.05309054 
2025-04-15 11:08:26,131  INFO  EPOCH 5 | Validation MSE: G1: 0.02442699, G2: 0.04821262 
2025-04-15 11:08:26,756  INFO  EPOCH 6 | Validation MSE: G1: 0.01854792, G2: 0.04365284 
2025-04-15 11:08:27,404  INFO  EPOCH 7 | Validation MSE: G1: 0.01467685, G2: 0.03941242 
2025-04-15 11:08:28,023  INFO  EPOCH 8 | Validation MSE: G1: 0.01243661, G2: 0.03551885 
2025-04-15 11:08:28,658  INFO  EPOCH 9 | Validation MSE: G1: 0.01142386, G2: 0.03201856 
2025-04-15 11:08:29,387  INFO  EPOCH 10 | Validation MSE: G1: 0.01115528, G2: 0.02897651 
2025-04-15 11:08:30,023  INFO  EPOCH 11 | Validation MSE: G1: 0.01116562, G2: 0.02644270 
2025-04-15 11:08:30,613  INFO  EPOCH 12 | Validation MSE: G1: 0.01120854, G2: 0.02456139 
2025-04-15 11:08:31,276  INFO  EPOCH 13 | Validation MSE: G1: 0.01113534, G2: 0.02342960 
2025-04-15 11:08:31,931  INFO  EPOCH 14 | Validation MSE: G1: 0.01094024, G2: 0.02306584 
2025-04-15 11:08:32,525  INFO  EPOCH 15 | Validation MSE: G1: 0.01060966, G2: 0.02340418 
2025-04-15 11:08:33,154  INFO  EPOCH 16 | Validation MSE: G1: 0.01019018, G2: 0.02428159 
2025-04-15 11:08:33,825  INFO  EPOCH 17 | Validation MSE: G1: 0.00980678, G2: 0.02545065 
2025-04-15 11:08:34,416  INFO  EPOCH 18 | Validation MSE: G1: 0.00934860, G2: 0.02662764 
2025-04-15 11:08:35,086  INFO  EPOCH 19 | Validation MSE: G1: 0.00887192, G2: 0.02756353 
2025-04-15 11:08:35,711  INFO  EPOCH 20 | Validation MSE: G1: 0.00842514, G2: 0.02809247 
2025-04-15 11:08:36,351  INFO  EPOCH 21 | Validation MSE: G1: 0.00799685, G2: 0.02816385 
2025-04-15 11:08:36,997  INFO  EPOCH 22 | Validation MSE: G1: 0.00758001, G2: 0.02781265 
2025-04-15 11:08:37,621  INFO  EPOCH 23 | Validation MSE: G1: 0.00708563, G2: 0.02714753 
2025-04-15 11:08:38,341  INFO  EPOCH 24 | Validation MSE: G1: 0.00660141, G2: 0.02630406 
2025-04-15 11:08:39,046  INFO  EPOCH 25 | Validation MSE: G1: 0.00621917, G2: 0.02540965 
2025-04-15 11:08:39,711  INFO  EPOCH 26 | Validation MSE: G1: 0.00576638, G2: 0.02455848 
2025-04-15 11:08:40,364  INFO  EPOCH 27 | Validation MSE: G1: 0.00536640, G2: 0.02379957 
2025-04-15 11:08:41,020  INFO  EPOCH 28 | Validation MSE: G1: 0.00504751, G2: 0.02315235 
2025-04-15 11:08:41,650  INFO  EPOCH 29 | Validation MSE: G1: 0.00471634, G2: 0.02259918 
2025-04-15 11:08:42,243  INFO  EPOCH 30 | Validation MSE: G1: 0.00436393, G2: 0.02210701 
2025-04-15 11:08:42,893  INFO  EPOCH 31 | Validation MSE: G1: 0.00401983, G2: 0.02165992 
2025-04-15 11:08:43,511  INFO  EPOCH 32 | Validation MSE: G1: 0.00369489, G2: 0.02125575 
2025-04-15 11:08:44,127  INFO  EPOCH 33 | Validation MSE: G1: 0.00355225, G2: 0.02087702 
2025-04-15 11:08:44,848  INFO  EPOCH 34 | Validation MSE: G1: 0.00327346, G2: 0.02051741 
2025-04-15 11:08:45,474  INFO  EPOCH 35 | Validation MSE: G1: 0.00303096, G2: 0.02016384 
2025-04-15 11:08:46,094  INFO  EPOCH 36 | Validation MSE: G1: 0.00276687, G2: 0.01982605 
2025-04-15 11:08:46,765  INFO  EPOCH 37 | Validation MSE: G1: 0.00257178, G2: 0.01949742 
2025-04-15 11:08:47,423  INFO  EPOCH 38 | Validation MSE: G1: 0.00239321, G2: 0.01917592 
2025-04-15 11:08:48,066  INFO  EPOCH 39 | Validation MSE: G1: 0.00217751, G2: 0.01885291 
2025-04-15 11:08:48,765  INFO  EPOCH 40 | Validation MSE: G1: 0.00201110, G2: 0.01853015 
2025-04-15 11:08:49,467  INFO  EPOCH 41 | Validation MSE: G1: 0.00184509, G2: 0.01820501 
2025-04-15 11:08:50,108  INFO  EPOCH 42 | Validation MSE: G1: 0.00171993, G2: 0.01787767 
2025-04-15 11:08:50,828  INFO  EPOCH 43 | Validation MSE: G1: 0.00157542, G2: 0.01754718 
2025-04-15 11:08:51,507  INFO  EPOCH 44 | Validation MSE: G1: 0.00146280, G2: 0.01721283 
2025-04-15 11:08:52,150  INFO  EPOCH 45 | Validation MSE: G1: 0.00139301, G2: 0.01687533 
2025-04-15 11:08:52,850  INFO  EPOCH 46 | Validation MSE: G1: 0.00126826, G2: 0.01653367 
2025-04-15 11:08:53,527  INFO  EPOCH 47 | Validation MSE: G1: 0.00116635, G2: 0.01618800 
2025-04-15 11:08:54,165  INFO  EPOCH 48 | Validation MSE: G1: 0.00107113, G2: 0.01584153 
2025-04-15 11:08:54,832  INFO  EPOCH 49 | Validation MSE: G1: 0.00101764, G2: 0.01549290 
2025-04-15 11:08:55,486  INFO  EPOCH 50 | Validation MSE: G1: 0.00094529, G2: 0.01514011 
2025-04-15 11:08:56,168  INFO  EPOCH 51 | Validation MSE: G1: 0.00088104, G2: 0.01478305 
2025-04-15 11:08:56,904  INFO  EPOCH 52 | Validation MSE: G1: 0.00084500, G2: 0.01442473 
2025-04-15 11:08:57,729  INFO  EPOCH 53 | Validation MSE: G1: 0.00079347, G2: 0.01406580 
2025-04-15 11:08:58,496  INFO  EPOCH 54 | Validation MSE: G1: 0.00077455, G2: 0.01370389 
2025-04-15 11:08:59,215  INFO  EPOCH 55 | Validation MSE: G1: 0.00070617, G2: 0.01333803 
2025-04-15 11:09:00,655  INFO  EPOCH 56 | Validation MSE: G1: 0.00067310, G2: 0.01296990 
2025-04-15 11:09:01,616  INFO  EPOCH 57 | Validation MSE: G1: 0.00065698, G2: 0.01260111 
2025-04-15 11:09:02,563  INFO  EPOCH 58 | Validation MSE: G1: 0.00061644, G2: 0.01223004 
2025-04-15 11:09:03,322  INFO  EPOCH 59 | Validation MSE: G1: 0.00061371, G2: 0.01185715 
2025-04-15 11:09:04,202  INFO  EPOCH 60 | Validation MSE: G1: 0.00060816, G2: 0.01148283 
2025-04-15 11:09:05,040  INFO  EPOCH 61 | Validation MSE: G1: 0.00059049, G2: 0.01110676 
2025-04-15 11:09:05,866  INFO  EPOCH 62 | Validation MSE: G1: 0.00056731, G2: 0.01072935 
2025-04-15 11:09:06,578  INFO  EPOCH 63 | Validation MSE: G1: 0.00055276, G2: 0.01035182 
2025-04-15 11:09:07,317  INFO  EPOCH 64 | Validation MSE: G1: 0.00053972, G2: 0.00997446 
2025-04-15 11:09:08,068  INFO  EPOCH 65 | Validation MSE: G1: 0.00053779, G2: 0.00959731 
2025-04-15 11:09:08,781  INFO  EPOCH 66 | Validation MSE: G1: 0.00052686, G2: 0.00922057 
2025-04-15 11:09:09,472  INFO  EPOCH 67 | Validation MSE: G1: 0.00052346, G2: 0.00884552 
2025-04-15 11:09:10,845  INFO  EPOCH 68 | Validation MSE: G1: 0.00051951, G2: 0.00847362 
2025-04-15 11:09:11,678  INFO  EPOCH 69 | Validation MSE: G1: 0.00051264, G2: 0.00810292 
2025-04-15 11:09:12,517  INFO  EPOCH 70 | Validation MSE: G1: 0.00053076, G2: 0.00774068 
2025-04-15 11:09:13,249  INFO  EPOCH 71 | Validation MSE: G1: 0.00049147, G2: 0.00737794 
2025-04-15 11:09:13,933  INFO  EPOCH 72 | Validation MSE: G1: 0.00049462, G2: 0.00702737 
2025-04-15 11:09:14,618  INFO  EPOCH 73 | Validation MSE: G1: 0.00050493, G2: 0.00667236 
2025-04-15 11:09:15,315  INFO  EPOCH 74 | Validation MSE: G1: 0.00048907, G2: 0.00633147 
2025-04-15 11:09:16,005  INFO  EPOCH 75 | Validation MSE: G1: 0.00047797, G2: 0.00599782 
2025-04-15 11:09:16,733  INFO  EPOCH 76 | Validation MSE: G1: 0.00047848, G2: 0.00567770 
2025-04-15 11:09:17,442  INFO  EPOCH 77 | Validation MSE: G1: 0.00048443, G2: 0.00535865 
2025-04-15 11:09:18,131  INFO  EPOCH 78 | Validation MSE: G1: 0.00047367, G2: 0.00505835 
2025-04-15 11:09:18,789  INFO  EPOCH 79 | Validation MSE: G1: 0.00049505, G2: 0.00476372 
2025-04-15 11:09:19,473  INFO  EPOCH 80 | Validation MSE: G1: 0.00047676, G2: 0.00448803 
2025-04-15 11:09:20,166  INFO  EPOCH 81 | Validation MSE: G1: 0.00047902, G2: 0.00421633 
2025-04-15 11:09:20,810  INFO  EPOCH 82 | Validation MSE: G1: 0.00049233, G2: 0.00396473 
2025-04-15 11:09:21,503  INFO  EPOCH 83 | Validation MSE: G1: 0.00046588, G2: 0.00372811 
2025-04-15 11:09:22,218  INFO  EPOCH 84 | Validation MSE: G1: 0.00045607, G2: 0.00350889 
2025-04-15 11:09:22,967  INFO  EPOCH 85 | Validation MSE: G1: 0.00046849, G2: 0.00329818 
2025-04-15 11:09:23,685  INFO  EPOCH 86 | Validation MSE: G1: 0.00046350, G2: 0.00310882 
2025-04-15 11:09:24,451  INFO  EPOCH 87 | Validation MSE: G1: 0.00046971, G2: 0.00292991 
2025-04-15 11:09:25,362  INFO  EPOCH 88 | Validation MSE: G1: 0.00045877, G2: 0.00277034 
2025-04-15 11:09:26,280  INFO  EPOCH 89 | Validation MSE: G1: 0.00046993, G2: 0.00261863 
2025-04-15 11:09:27,937  INFO  EPOCH 90 | Validation MSE: G1: 0.00048103, G2: 0.00248740 
2025-04-15 11:09:28,677  INFO  EPOCH 91 | Validation MSE: G1: 0.00045955, G2: 0.00236570 
2025-04-15 11:09:29,422  INFO  EPOCH 92 | Validation MSE: G1: 0.00043935, G2: 0.00225990 
2025-04-15 11:09:30,198  INFO  EPOCH 93 | Validation MSE: G1: 0.00046182, G2: 0.00215936 
2025-04-15 11:09:30,934  INFO  EPOCH 94 | Validation MSE: G1: 0.00043282, G2: 0.00207478 
2025-04-15 11:09:31,699  INFO  EPOCH 95 | Validation MSE: G1: 0.00045074, G2: 0.00199693 
2025-04-15 11:09:32,481  INFO  EPOCH 96 | Validation MSE: G1: 0.00049036, G2: 0.00192969 
2025-04-15 11:09:33,233  INFO  EPOCH 97 | Validation MSE: G1: 0.00041849, G2: 0.00186623 
2025-04-15 11:09:33,902  INFO  EPOCH 98 | Validation MSE: G1: 0.00048359, G2: 0.00181362 
2025-04-15 11:09:34,568  INFO  EPOCH 99 | Validation MSE: G1: 0.00044899, G2: 0.00176418 
2025-04-15 11:09:35,267  INFO  EPOCH 100 | Validation MSE: G1: 0.00042117, G2: 0.00172208 
2025-04-15 11:09:35,957  INFO  EPOCH 101 | Validation MSE: G1: 0.00047134, G2: 0.00168160 
2025-04-15 11:09:36,726  INFO  EPOCH 102 | Validation MSE: G1: 0.00041575, G2: 0.00164834 
2025-04-15 11:09:37,569  INFO  EPOCH 103 | Validation MSE: G1: 0.00049403, G2: 0.00161497 
2025-04-15 11:09:38,391  INFO  EPOCH 104 | Validation MSE: G1: 0.00042661, G2: 0.00158787 
2025-04-15 11:09:39,288  INFO  EPOCH 105 | Validation MSE: G1: 0.00044495, G2: 0.00155970 
2025-04-15 11:09:40,115  INFO  EPOCH 106 | Validation MSE: G1: 0.00042393, G2: 0.00153749 
2025-04-15 11:09:40,925  INFO  EPOCH 107 | Validation MSE: G1: 0.00045222, G2: 0.00151363 
2025-04-15 11:09:41,647  INFO  EPOCH 108 | Validation MSE: G1: 0.00047162, G2: 0.00149421 
2025-04-15 11:09:42,411  INFO  EPOCH 109 | Validation MSE: G1: 0.00043583, G2: 0.00147448 
2025-04-15 11:09:43,247  INFO  EPOCH 110 | Validation MSE: G1: 0.00042660, G2: 0.00145730 
2025-04-15 11:09:44,137  INFO  EPOCH 111 | Validation MSE: G1: 0.00043657, G2: 0.00144082 
2025-04-15 11:09:44,966  INFO  EPOCH 112 | Validation MSE: G1: 0.00043620, G2: 0.00142574 
2025-04-15 11:09:45,879  INFO  EPOCH 113 | Validation MSE: G1: 0.00042248, G2: 0.00141064 
2025-04-15 11:09:46,740  INFO  EPOCH 114 | Validation MSE: G1: 0.00042715, G2: 0.00139735 
2025-04-15 11:09:47,546  INFO  EPOCH 115 | Validation MSE: G1: 0.00045158, G2: 0.00138407 
2025-04-15 11:09:48,335  INFO  EPOCH 116 | Validation MSE: G1: 0.00041329, G2: 0.00137223 
2025-04-15 11:09:49,169  INFO  EPOCH 117 | Validation MSE: G1: 0.00043801, G2: 0.00136000 
2025-04-15 11:09:49,999  INFO  EPOCH 118 | Validation MSE: G1: 0.00042374, G2: 0.00134901 
2025-04-15 11:09:50,838  INFO  EPOCH 119 | Validation MSE: G1: 0.00042670, G2: 0.00133788 
2025-04-15 11:09:51,679  INFO  EPOCH 120 | Validation MSE: G1: 0.00043983, G2: 0.00132785 
2025-04-15 11:09:52,518  INFO  EPOCH 121 | Validation MSE: G1: 0.00039202, G2: 0.00131758 
2025-04-15 11:09:53,413  INFO  EPOCH 122 | Validation MSE: G1: 0.00042836, G2: 0.00130835 
2025-04-15 11:09:54,263  INFO  EPOCH 123 | Validation MSE: G1: 0.00041029, G2: 0.00129849 
2025-04-15 11:09:54,982  INFO  EPOCH 124 | Validation MSE: G1: 0.00042451, G2: 0.00128974 
2025-04-15 11:09:55,701  INFO  EPOCH 125 | Validation MSE: G1: 0.00041095, G2: 0.00128045 
2025-04-15 11:09:56,412  INFO  EPOCH 126 | Validation MSE: G1: 0.00039006, G2: 0.00127261 
2025-04-15 11:09:57,184  INFO  EPOCH 127 | Validation MSE: G1: 0.00046813, G2: 0.00126348 
2025-04-15 11:09:57,967  INFO  EPOCH 128 | Validation MSE: G1: 0.00040613, G2: 0.00125570 
2025-04-15 11:09:58,807  INFO  EPOCH 129 | Validation MSE: G1: 0.00042321, G2: 0.00124701 
2025-04-15 11:09:59,642  INFO  EPOCH 130 | Validation MSE: G1: 0.00039890, G2: 0.00123977 
2025-04-15 11:10:00,392  INFO  EPOCH 131 | Validation MSE: G1: 0.00039188, G2: 0.00123161 
2025-04-15 11:10:01,123  INFO  EPOCH 132 | Validation MSE: G1: 0.00042018, G2: 0.00122466 
2025-04-15 11:10:01,879  INFO  EPOCH 133 | Validation MSE: G1: 0.00037137, G2: 0.00121683 
2025-04-15 11:10:02,791  INFO  EPOCH 134 | Validation MSE: G1: 0.00039406, G2: 0.00121007 
2025-04-15 11:10:03,720  INFO  EPOCH 135 | Validation MSE: G1: 0.00041746, G2: 0.00120241 
2025-04-15 11:10:04,611  INFO  EPOCH 136 | Validation MSE: G1: 0.00042645, G2: 0.00119589 
2025-04-15 11:10:05,517  INFO  EPOCH 137 | Validation MSE: G1: 0.00037165, G2: 0.00118842 
2025-04-15 11:10:06,434  INFO  EPOCH 138 | Validation MSE: G1: 0.00038864, G2: 0.00118205 
2025-04-15 11:10:07,253  INFO  EPOCH 139 | Validation MSE: G1: 0.00040250, G2: 0.00117474 
2025-04-15 11:10:07,955  INFO  EPOCH 140 | Validation MSE: G1: 0.00037153, G2: 0.00116837 
2025-04-15 11:10:08,626  INFO  EPOCH 141 | Validation MSE: G1: 0.00037069, G2: 0.00116115 
2025-04-15 11:10:09,434  INFO  EPOCH 142 | Validation MSE: G1: 0.00039907, G2: 0.00115509 
2025-04-15 11:10:10,649  INFO  EPOCH 143 | Validation MSE: G1: 0.00036025, G2: 0.00114800 
2025-04-15 11:10:11,470  INFO  EPOCH 144 | Validation MSE: G1: 0.00036747, G2: 0.00114206 
2025-04-15 11:10:12,280  INFO  EPOCH 145 | Validation MSE: G1: 0.00035513, G2: 0.00113506 
2025-04-15 11:10:13,056  INFO  EPOCH 146 | Validation MSE: G1: 0.00037162, G2: 0.00112902 
2025-04-15 11:10:13,742  INFO  EPOCH 147 | Validation MSE: G1: 0.00037287, G2: 0.00112234 
2025-04-15 11:10:14,496  INFO  EPOCH 148 | Validation MSE: G1: 0.00035967, G2: 0.00111623 
2025-04-15 11:10:15,359  INFO  EPOCH 149 | Validation MSE: G1: 0.00036884, G2: 0.00110969 
2025-04-15 11:10:16,106  INFO  EPOCH 150 | Validation MSE: G1: 0.00034159, G2: 0.00110370 
2025-04-15 11:10:16,892  INFO  EPOCH 151 | Validation MSE: G1: 0.00037952, G2: 0.00109704 
2025-04-15 11:10:17,626  INFO  EPOCH 152 | Validation MSE: G1: 0.00036507, G2: 0.00109119 
2025-04-15 11:10:18,348  INFO  EPOCH 153 | Validation MSE: G1: 0.00034083, G2: 0.00108453 
2025-04-15 11:10:19,082  INFO  EPOCH 154 | Validation MSE: G1: 0.00032906, G2: 0.00107869 
2025-04-15 11:10:19,787  INFO  EPOCH 155 | Validation MSE: G1: 0.00037244, G2: 0.00107213 
2025-04-15 11:10:20,503  INFO  EPOCH 156 | Validation MSE: G1: 0.00034608, G2: 0.00106635 
2025-04-15 11:10:21,212  INFO  EPOCH 157 | Validation MSE: G1: 0.00033729, G2: 0.00106004 
2025-04-15 11:10:21,901  INFO  EPOCH 158 | Validation MSE: G1: 0.00036511, G2: 0.00105437 
2025-04-15 11:10:22,596  INFO  EPOCH 159 | Validation MSE: G1: 0.00032233, G2: 0.00104799 
2025-04-15 11:10:23,274  INFO  EPOCH 160 | Validation MSE: G1: 0.00034719, G2: 0.00104242 
2025-04-15 11:10:24,021  INFO  EPOCH 161 | Validation MSE: G1: 0.00034339, G2: 0.00103612 
2025-04-15 11:10:24,743  INFO  EPOCH 162 | Validation MSE: G1: 0.00033630, G2: 0.00103054 
2025-04-15 11:10:25,514  INFO  EPOCH 163 | Validation MSE: G1: 0.00031468, G2: 0.00102430 
2025-04-15 11:10:26,352  INFO  EPOCH 164 | Validation MSE: G1: 0.00034594, G2: 0.00101862 
2025-04-15 11:10:27,182  INFO  EPOCH 165 | Validation MSE: G1: 0.00033363, G2: 0.00101248 
2025-04-15 11:10:28,064  INFO  EPOCH 166 | Validation MSE: G1: 0.00033854, G2: 0.00100691 
2025-04-15 11:10:28,946  INFO  EPOCH 167 | Validation MSE: G1: 0.00033825, G2: 0.00100072 
2025-04-15 11:10:29,821  INFO  EPOCH 168 | Validation MSE: G1: 0.00033378, G2: 0.00099500 
2025-04-15 11:10:30,719  INFO  EPOCH 169 | Validation MSE: G1: 0.00033394, G2: 0.00098889 
2025-04-15 11:10:31,570  INFO  EPOCH 170 | Validation MSE: G1: 0.00033982, G2: 0.00098344 
2025-04-15 11:10:32,472  INFO  EPOCH 171 | Validation MSE: G1: 0.00034073, G2: 0.00097731 
2025-04-15 11:10:33,319  INFO  EPOCH 172 | Validation MSE: G1: 0.00033091, G2: 0.00097184 
2025-04-15 11:10:34,213  INFO  EPOCH 173 | Validation MSE: G1: 0.00033959, G2: 0.00096566 
2025-04-15 11:10:35,113  INFO  EPOCH 174 | Validation MSE: G1: 0.00033331, G2: 0.00095996 
2025-04-15 11:10:35,986  INFO  EPOCH 175 | Validation MSE: G1: 0.00036989, G2: 0.00095397 
2025-04-15 11:10:36,816  INFO  EPOCH 176 | Validation MSE: G1: 0.00031779, G2: 0.00094834 
2025-04-15 11:10:37,646  INFO  EPOCH 177 | Validation MSE: G1: 0.00035261, G2: 0.00094243 
2025-04-15 11:10:38,496  INFO  EPOCH 178 | Validation MSE: G1: 0.00036558, G2: 0.00093696 
2025-04-15 11:10:39,340  INFO  EPOCH 179 | Validation MSE: G1: 0.00032550, G2: 0.00093103 
2025-04-15 11:10:40,159  INFO  EPOCH 180 | Validation MSE: G1: 0.00035764, G2: 0.00092563 
2025-04-15 11:10:40,945  INFO  EPOCH 181 | Validation MSE: G1: 0.00033592, G2: 0.00091969 
2025-04-15 11:10:41,679  INFO  EPOCH 182 | Validation MSE: G1: 0.00032293, G2: 0.00091413 
2025-04-15 11:10:42,446  INFO  EPOCH 183 | Validation MSE: G1: 0.00032197, G2: 0.00090837 
2025-04-15 11:10:43,274  INFO  EPOCH 184 | Validation MSE: G1: 0.00032195, G2: 0.00090294 
2025-04-15 11:10:44,079  INFO  EPOCH 185 | Validation MSE: G1: 0.00032262, G2: 0.00089718 
2025-04-15 11:10:44,920  INFO  EPOCH 186 | Validation MSE: G1: 0.00032314, G2: 0.00089169 
2025-04-15 11:10:45,770  INFO  EPOCH 187 | Validation MSE: G1: 0.00032305, G2: 0.00088601 
2025-04-15 11:10:46,468  INFO  EPOCH 188 | Validation MSE: G1: 0.00032310, G2: 0.00088055 
2025-04-15 11:10:47,315  INFO  EPOCH 189 | Validation MSE: G1: 0.00032360, G2: 0.00087495 
2025-04-15 11:10:48,200  INFO  EPOCH 190 | Validation MSE: G1: 0.00032398, G2: 0.00086954 
2025-04-15 11:10:49,136  INFO  EPOCH 191 | Validation MSE: G1: 0.00032357, G2: 0.00086409 
2025-04-15 11:10:50,092  INFO  EPOCH 192 | Validation MSE: G1: 0.00032365, G2: 0.00085870 
2025-04-15 11:10:50,775  INFO  EPOCH 193 | Validation MSE: G1: 0.00032372, G2: 0.00085349 
2025-04-15 11:10:51,561  INFO  EPOCH 194 | Validation MSE: G1: 0.00032370, G2: 0.00084805 
2025-04-15 11:10:52,309  INFO  EPOCH 195 | Validation MSE: G1: 0.00032434, G2: 0.00084253 
2025-04-15 11:10:53,072  INFO  EPOCH 196 | Validation MSE: G1: 0.00032485, G2: 0.00083722 
2025-04-15 11:10:53,848  INFO  EPOCH 197 | Validation MSE: G1: 0.00032479, G2: 0.00083181 
2025-04-15 11:10:54,698  INFO  EPOCH 198 | Validation MSE: G1: 0.00032483, G2: 0.00082655 
2025-04-15 11:10:55,504  INFO  EPOCH 199 | Validation MSE: G1: 0.00032486, G2: 0.00082127 
2025-04-15 11:10:56,322  INFO  EPOCH 200 | Validation MSE: G1: 0.00032490, G2: 0.00081596 
2025-04-15 11:10:57,019  INFO  EPOCH 201 | Validation MSE: G1: 0.00032494, G2: 0.00081061 
2025-04-15 11:10:57,741  INFO  EPOCH 202 | Validation MSE: G1: 0.00032504, G2: 0.00080535 
2025-04-15 11:10:58,492  INFO  EPOCH 203 | Validation MSE: G1: 0.00032510, G2: 0.00080010 
2025-04-15 11:10:59,254  INFO  EPOCH 204 | Validation MSE: G1: 0.00032508, G2: 0.00079494 
2025-04-15 11:10:59,939  INFO  EPOCH 205 | Validation MSE: G1: 0.00032510, G2: 0.00078969 
2025-04-15 11:11:00,662  INFO  EPOCH 206 | Validation MSE: G1: 0.00032524, G2: 0.00078445 
2025-04-15 11:11:01,502  INFO  EPOCH 207 | Validation MSE: G1: 0.00032530, G2: 0.00077945 
2025-04-15 11:11:02,269  INFO  EPOCH 208 | Validation MSE: G1: 0.00032526, G2: 0.00077430 
2025-04-15 11:11:03,085  INFO  EPOCH 209 | Validation MSE: G1: 0.00032535, G2: 0.00076915 
2025-04-15 11:11:03,856  INFO  EPOCH 210 | Validation MSE: G1: 0.00032539, G2: 0.00076402 
2025-04-15 11:11:04,671  INFO  EPOCH 211 | Validation MSE: G1: 0.00032545, G2: 0.00075895 
2025-04-15 11:11:05,455  INFO  EPOCH 212 | Validation MSE: G1: 0.00032552, G2: 0.00075395 
2025-04-15 11:11:06,167  INFO  EPOCH 213 | Validation MSE: G1: 0.00032559, G2: 0.00074900 
2025-04-15 11:11:06,957  INFO  EPOCH 214 | Validation MSE: G1: 0.00032576, G2: 0.00074403 
2025-04-15 11:11:07,830  INFO  EPOCH 215 | Validation MSE: G1: 0.00032581, G2: 0.00073910 
2025-04-15 11:11:08,760  INFO  EPOCH 216 | Validation MSE: G1: 0.00032585, G2: 0.00073425 
2025-04-15 11:11:09,690  INFO  EPOCH 217 | Validation MSE: G1: 0.00032586, G2: 0.00072940 
2025-04-15 11:11:10,544  INFO  EPOCH 218 | Validation MSE: G1: 0.00032587, G2: 0.00072458 
2025-04-15 11:11:11,381  INFO  EPOCH 219 | Validation MSE: G1: 0.00032588, G2: 0.00071975 
2025-04-15 11:11:12,150  INFO  EPOCH 220 | Validation MSE: G1: 0.00032597, G2: 0.00071497 
2025-04-15 11:11:12,906  INFO  EPOCH 221 | Validation MSE: G1: 0.00032606, G2: 0.00071019 
2025-04-15 11:11:13,641  INFO  EPOCH 222 | Validation MSE: G1: 0.00032614, G2: 0.00070543 
2025-04-15 11:11:14,564  INFO  EPOCH 223 | Validation MSE: G1: 0.00032623, G2: 0.00070078 
2025-04-15 11:11:15,302  INFO  EPOCH 224 | Validation MSE: G1: 0.00032626, G2: 0.00069600 
2025-04-15 11:11:16,059  INFO  EPOCH 225 | Validation MSE: G1: 0.00032630, G2: 0.00069158 
2025-04-15 11:11:16,800  INFO  EPOCH 226 | Validation MSE: G1: 0.00032632, G2: 0.00068691 
2025-04-15 11:11:17,595  INFO  EPOCH 227 | Validation MSE: G1: 0.00032635, G2: 0.00068239 
2025-04-15 11:11:18,343  INFO  EPOCH 228 | Validation MSE: G1: 0.00032644, G2: 0.00067783 
2025-04-15 11:11:19,193  INFO  EPOCH 229 | Validation MSE: G1: 0.00032652, G2: 0.00067362 
2025-04-15 11:11:19,965  INFO  EPOCH 230 | Validation MSE: G1: 0.00032665, G2: 0.00066908 
2025-04-15 11:11:20,682  INFO  EPOCH 231 | Validation MSE: G1: 0.00032674, G2: 0.00066473 
2025-04-15 11:11:21,996  INFO  EPOCH 232 | Validation MSE: G1: 0.00032677, G2: 0.00066027 
2025-04-15 11:11:22,980  INFO  EPOCH 233 | Validation MSE: G1: 0.00032684, G2: 0.00065612 
2025-04-15 11:11:23,855  INFO  EPOCH 234 | Validation MSE: G1: 0.00032689, G2: 0.00065169 
2025-04-15 11:11:24,652  INFO  EPOCH 235 | Validation MSE: G1: 0.00032698, G2: 0.00064757 
2025-04-15 11:11:25,461  INFO  EPOCH 236 | Validation MSE: G1: 0.00032706, G2: 0.00064321 
2025-04-15 11:11:26,327  INFO  EPOCH 237 | Validation MSE: G1: 0.00032717, G2: 0.00063921 
2025-04-15 11:11:27,125  INFO  EPOCH 238 | Validation MSE: G1: 0.00032716, G2: 0.00063496 
2025-04-15 11:11:27,920  INFO  EPOCH 239 | Validation MSE: G1: 0.00032719, G2: 0.00063100 
2025-04-15 11:11:28,663  INFO  EPOCH 240 | Validation MSE: G1: 0.00032726, G2: 0.00062674 
2025-04-15 11:11:29,386  INFO  EPOCH 241 | Validation MSE: G1: 0.00032731, G2: 0.00062284 
2025-04-15 11:11:30,185  INFO  EPOCH 242 | Validation MSE: G1: 0.00032747, G2: 0.00061906 
2025-04-15 11:11:30,956  INFO  EPOCH 243 | Validation MSE: G1: 0.00032752, G2: 0.00061514 
2025-04-15 11:11:31,664  INFO  EPOCH 244 | Validation MSE: G1: 0.00032762, G2: 0.00061115 
2025-04-15 11:11:32,336  INFO  EPOCH 245 | Validation MSE: G1: 0.00032765, G2: 0.00060739 
2025-04-15 11:11:33,097  INFO  EPOCH 246 | Validation MSE: G1: 0.00032771, G2: 0.00060345 
2025-04-15 11:11:33,830  INFO  EPOCH 247 | Validation MSE: G1: 0.00032783, G2: 0.00059976 
2025-04-15 11:11:34,510  INFO  EPOCH 248 | Validation MSE: G1: 0.00032791, G2: 0.00059599 
2025-04-15 11:11:35,240  INFO  EPOCH 249 | Validation MSE: G1: 0.00032793, G2: 0.00059238 
2025-04-15 11:11:36,060  INFO  EPOCH 250 | Validation MSE: G1: 0.00032804, G2: 0.00058873 
2025-04-15 11:11:36,835  INFO  EPOCH 251 | Validation MSE: G1: 0.00032799, G2: 0.00058535 
2025-04-15 11:11:37,619  INFO  EPOCH 252 | Validation MSE: G1: 0.00032799, G2: 0.00058162 
2025-04-15 11:11:38,386  INFO  EPOCH 253 | Validation MSE: G1: 0.00032802, G2: 0.00057829 
2025-04-15 11:11:39,435  INFO  EPOCH 254 | Validation MSE: G1: 0.00032809, G2: 0.00057470 
2025-04-15 11:11:40,699  INFO  EPOCH 255 | Validation MSE: G1: 0.00032816, G2: 0.00057138 
2025-04-15 11:11:41,395  INFO  EPOCH 256 | Validation MSE: G1: 0.00032824, G2: 0.00056783 
2025-04-15 11:11:42,185  INFO  EPOCH 257 | Validation MSE: G1: 0.00032832, G2: 0.00056475 
2025-04-15 11:11:42,976  INFO  EPOCH 258 | Validation MSE: G1: 0.00032840, G2: 0.00056134 
2025-04-15 11:11:44,023  INFO  EPOCH 259 | Validation MSE: G1: 0.00032844, G2: 0.00055826 
2025-04-15 11:11:44,866  INFO  EPOCH 260 | Validation MSE: G1: 0.00032847, G2: 0.00055489 
2025-04-15 11:11:45,819  INFO  EPOCH 261 | Validation MSE: G1: 0.00032850, G2: 0.00055199 
2025-04-15 11:11:46,655  INFO  EPOCH 262 | Validation MSE: G1: 0.00032855, G2: 0.00054884 
2025-04-15 11:11:47,452  INFO  EPOCH 263 | Validation MSE: G1: 0.00032870, G2: 0.00054588 
2025-04-15 11:11:48,238  INFO  EPOCH 264 | Validation MSE: G1: 0.00032877, G2: 0.00054277 
2025-04-15 11:11:49,059  INFO  EPOCH 265 | Validation MSE: G1: 0.00032890, G2: 0.00054004 
2025-04-15 11:11:49,856  INFO  EPOCH 266 | Validation MSE: G1: 0.00032905, G2: 0.00053699 
2025-04-15 11:11:50,638  INFO  EPOCH 267 | Validation MSE: G1: 0.00032914, G2: 0.00053431 
2025-04-15 11:11:51,333  INFO  EPOCH 268 | Validation MSE: G1: 0.00032921, G2: 0.00053134 
2025-04-15 11:11:52,041  INFO  EPOCH 269 | Validation MSE: G1: 0.00032944, G2: 0.00052887 
2025-04-15 11:11:52,795  INFO  EPOCH 270 | Validation MSE: G1: 0.00032957, G2: 0.00052616 
2025-04-15 11:11:53,470  INFO  EPOCH 271 | Validation MSE: G1: 0.00032970, G2: 0.00052363 
2025-04-15 11:11:54,118  INFO  EPOCH 272 | Validation MSE: G1: 0.00032984, G2: 0.00052089 
2025-04-15 11:11:54,926  INFO  EPOCH 273 | Validation MSE: G1: 0.00032999, G2: 0.00051852 
2025-04-15 11:11:55,667  INFO  EPOCH 274 | Validation MSE: G1: 0.00033012, G2: 0.00051595 
2025-04-15 11:11:56,390  INFO  EPOCH 275 | Validation MSE: G1: 0.00033021, G2: 0.00051356 
2025-04-15 11:11:57,158  INFO  EPOCH 276 | Validation MSE: G1: 0.00033025, G2: 0.00051104 
2025-04-15 11:11:57,937  INFO  EPOCH 277 | Validation MSE: G1: 0.00033033, G2: 0.00050882 
2025-04-15 11:11:58,657  INFO  EPOCH 278 | Validation MSE: G1: 0.00033044, G2: 0.00050641 
2025-04-15 11:11:59,454  INFO  EPOCH 279 | Validation MSE: G1: 0.00033064, G2: 0.00050415 
2025-04-15 11:12:00,357  INFO  EPOCH 280 | Validation MSE: G1: 0.00033091, G2: 0.00050183 
2025-04-15 11:12:01,095  INFO  EPOCH 281 | Validation MSE: G1: 0.00033118, G2: 0.00049969 
2025-04-15 11:12:01,838  INFO  EPOCH 282 | Validation MSE: G1: 0.00033127, G2: 0.00049755 
2025-04-15 11:12:02,555  INFO  EPOCH 283 | Validation MSE: G1: 0.00033126, G2: 0.00049549 
2025-04-15 11:12:03,316  INFO  EPOCH 284 | Validation MSE: G1: 0.00033135, G2: 0.00049334 
2025-04-15 11:12:04,065  INFO  EPOCH 285 | Validation MSE: G1: 0.00033152, G2: 0.00049143 
2025-04-15 11:12:04,846  INFO  EPOCH 286 | Validation MSE: G1: 0.00033169, G2: 0.00048936 
2025-04-15 11:12:05,592  INFO  EPOCH 287 | Validation MSE: G1: 0.00033190, G2: 0.00048769 
2025-04-15 11:12:06,333  INFO  EPOCH 288 | Validation MSE: G1: 0.00033199, G2: 0.00048572 
2025-04-15 11:12:07,135  INFO  EPOCH 289 | Validation MSE: G1: 0.00033198, G2: 0.00048400 
2025-04-15 11:12:08,023  INFO  EPOCH 290 | Validation MSE: G1: 0.00033207, G2: 0.00048213 
2025-04-15 11:12:08,899  INFO  EPOCH 291 | Validation MSE: G1: 0.00033215, G2: 0.00048051 
2025-04-15 11:12:09,789  INFO  EPOCH 292 | Validation MSE: G1: 0.00033224, G2: 0.00047873 
2025-04-15 11:12:10,641  INFO  EPOCH 293 | Validation MSE: G1: 0.00033236, G2: 0.00047719 
2025-04-15 11:12:11,470  INFO  EPOCH 294 | Validation MSE: G1: 0.00033239, G2: 0.00047550 
2025-04-15 11:12:12,228  INFO  EPOCH 295 | Validation MSE: G1: 0.00033237, G2: 0.00047403 
2025-04-15 11:12:13,246  INFO  EPOCH 296 | Validation MSE: G1: 0.00033247, G2: 0.00047248 
2025-04-15 11:12:14,557  INFO  EPOCH 297 | Validation MSE: G1: 0.00033246, G2: 0.00047111 
2025-04-15 11:12:15,325  INFO  EPOCH 298 | Validation MSE: G1: 0.00033254, G2: 0.00046968 
2025-04-15 11:12:16,320  INFO  EPOCH 299 | Validation MSE: G1: 0.00033252, G2: 0.00046835 
2025-04-15 11:12:17,511  INFO  EPOCH 300 | Validation MSE: G1: 0.00033251, G2: 0.00046698 
2025-04-15 11:12:18,234  INFO  EPOCH 301 | Validation MSE: G1: 0.00033263, G2: 0.00046579 
2025-04-15 11:12:19,040  INFO  EPOCH 302 | Validation MSE: G1: 0.00033259, G2: 0.00046447 
2025-04-15 11:12:19,716  INFO  EPOCH 303 | Validation MSE: G1: 0.00033256, G2: 0.00046337 
2025-04-15 11:12:20,396  INFO  EPOCH 304 | Validation MSE: G1: 0.00033264, G2: 0.00046214 
2025-04-15 11:12:21,126  INFO  EPOCH 305 | Validation MSE: G1: 0.00033280, G2: 0.00046113 
2025-04-15 11:12:21,804  INFO  EPOCH 306 | Validation MSE: G1: 0.00033286, G2: 0.00045997 
2025-04-15 11:12:22,538  INFO  EPOCH 307 | Validation MSE: G1: 0.00033303, G2: 0.00045904 
2025-04-15 11:12:23,272  INFO  EPOCH 308 | Validation MSE: G1: 0.00033308, G2: 0.00045801 
2025-04-15 11:12:24,042  INFO  EPOCH 309 | Validation MSE: G1: 0.00033323, G2: 0.00045714 
2025-04-15 11:12:24,785  INFO  EPOCH 310 | Validation MSE: G1: 0.00033339, G2: 0.00045621 
2025-04-15 11:12:25,577  INFO  EPOCH 311 | Validation MSE: G1: 0.00033362, G2: 0.00045541 
2025-04-15 11:12:26,285  INFO  EPOCH 312 | Validation MSE: G1: 0.00033379, G2: 0.00045458 
2025-04-15 11:12:26,938  INFO  EPOCH 313 | Validation MSE: G1: 0.00033409, G2: 0.00045390 
2025-04-15 11:12:27,682  INFO  EPOCH 314 | Validation MSE: G1: 0.00033421, G2: 0.00045313 
2025-04-15 11:12:28,425  INFO  EPOCH 315 | Validation MSE: G1: 0.00033434, G2: 0.00045254 
2025-04-15 11:12:29,131  INFO  EPOCH 316 | Validation MSE: G1: 0.00033449, G2: 0.00045188 
2025-04-15 11:12:29,917  INFO  EPOCH 317 | Validation MSE: G1: 0.00033453, G2: 0.00045138 
2025-04-15 11:12:30,647  INFO  EPOCH 318 | Validation MSE: G1: 0.00033458, G2: 0.00045082 
2025-04-15 11:12:31,401  INFO  EPOCH 319 | Validation MSE: G1: 0.00033461, G2: 0.00045033 
2025-04-15 11:12:32,089  INFO  EPOCH 320 | Validation MSE: G1: 0.00033466, G2: 0.00044988 
2025-04-15 11:12:32,897  INFO  EPOCH 321 | Validation MSE: G1: 0.00033463, G2: 0.00044960 
2025-04-15 11:12:33,579  INFO  EPOCH 322 | Validation MSE: G1: 0.00033470, G2: 0.00044921 
2025-04-15 11:12:34,256  INFO  EPOCH 323 | Validation MSE: G1: 0.00033499, G2: 0.00044893 
2025-04-15 11:12:35,034  INFO  EPOCH 324 | Validation MSE: G1: 0.00033508, G2: 0.00044865 
2025-04-15 11:12:35,767  INFO  EPOCH 325 | Validation MSE: G1: 0.00033533, G2: 0.00044844 
2025-04-15 11:12:36,474  INFO  EPOCH 326 | Validation MSE: G1: 0.00033550, G2: 0.00044825 
2025-04-15 11:12:37,230  INFO  EPOCH 327 | Validation MSE: G1: 0.00033561, G2: 0.00044814 
2025-04-15 11:12:37,996  INFO  EPOCH 328 | Validation MSE: G1: 0.00033576, G2: 0.00044802 
2025-04-15 11:12:38,759  INFO  EPOCH 329 | Validation MSE: G1: 0.00033590, G2: 0.00044800 
2025-04-15 11:12:39,509  INFO  EPOCH 330 | Validation MSE: G1: 0.00033610, G2: 0.00044802 
2025-04-15 11:12:40,215  INFO  EPOCH 331 | Validation MSE: G1: 0.00033617, G2: 0.00044811 
2025-04-15 11:12:41,324  INFO  EPOCH 332 | Validation MSE: G1: 0.00033626, G2: 0.00044820 
2025-04-15 11:12:42,922  INFO  EPOCH 333 | Validation MSE: G1: 0.00033630, G2: 0.00044837 
2025-04-15 11:12:43,725  INFO  EPOCH 334 | Validation MSE: G1: 0.00033636, G2: 0.00044855 
2025-04-15 11:12:44,476  INFO  EPOCH 335 | Validation MSE: G1: 0.00033645, G2: 0.00044880 
2025-04-15 11:12:45,430  INFO  EPOCH 336 | Validation MSE: G1: 0.00033669, G2: 0.00044907 
2025-04-15 11:12:46,664  INFO  EPOCH 337 | Validation MSE: G1: 0.00033664, G2: 0.00044942 
2025-04-15 11:12:47,442  INFO  EPOCH 338 | Validation MSE: G1: 0.00033678, G2: 0.00044976 
2025-04-15 11:12:48,149  INFO  EPOCH 339 | Validation MSE: G1: 0.00033677, G2: 0.00045017 
2025-04-15 11:12:49,010  INFO  EPOCH 340 | Validation MSE: G1: 0.00033689, G2: 0.00045060 
2025-04-15 11:12:49,730  INFO  EPOCH 341 | Validation MSE: G1: 0.00033689, G2: 0.00045110 
2025-04-15 11:12:50,565  INFO  EPOCH 342 | Validation MSE: G1: 0.00033692, G2: 0.00045163 
2025-04-15 11:12:51,453  INFO  EPOCH 343 | Validation MSE: G1: 0.00033711, G2: 0.00045220 
2025-04-15 11:12:52,352  INFO  EPOCH 344 | Validation MSE: G1: 0.00033722, G2: 0.00045280 
2025-04-15 11:12:54,985  INFO  G1 best epoch: 163
2025-04-15 11:12:54,985  INFO  G2 best epoch: 329
2025-04-15 11:12:55,727  INFO  Train Metrics for G1: MSE=0.0076, MAE=0.0547, RMSE=0.0871, MAPE=1.0508
2025-04-15 11:12:56,550  INFO  Train Metrics for G2: MSE=0.0106, MAE=0.0741, RMSE=0.1028, MAPE=1.4360
2025-04-15 11:12:57,536  INFO  Test Metrics for G1: MSE=0.0042, MAE=0.0450, RMSE=0.0649, MAPE=0.9109
2025-04-15 11:12:58,300  INFO  Test Metrics for G2: MSE=0.0060, MAE=0.0585, RMSE=0.0775, MAPE=1.1880
