2025-04-15 15:53:08,861  INFO  ARGS = {
  "notes": "回测工商银行",
  "data_path": "database/process_工商银行.csv",
  "output_dir": "out_put/multi",
  "ckpt_dir": "ckpt",
  "feature_columns": [
    2,
    3,
    4,
    5,
    6,
    7,
    8,
    9,
    10,
    11,
    12,
    13,
    14,
    15,
    16,
    17,
    18,
    19,
    20,
    21,
    22,
    23,
    1
  ],
  "target_columns": [
    [
      1
    ]
  ],
  "start_timestamp": 1,
  "end_timestamp": 2400,
  "window_sizes": [
    5,
    10,
    15
  ],
  "N_pairs": 3,
  "num_classes": 3,
  "generators": [
    "gru",
    "lstm",
    "transformer"
  ],
  "discriminators": null,
  "distill_epochs": 1,
  "cross_finetune_epochs": 5,
  "device": [
    0
  ],
  "num_epochs": 10000,
  "lr": 2e-05,
  "batch_size": 64,
  "train_split": 0.7,
  "random_seed": 3407,
  "amp_dtype": "none",
  "mode": "train",
  "ckpt_path": "lastest"
}
2025-04-15 15:53:10,649  INFO  Do distill 1 epoch! Distill from G3 to G2
2025-04-15 15:53:11,265  INFO  == Cross finetune Epoch [1/10000]: G3: Validation MSE 0.00305154
2025-04-15 15:53:11,707  INFO  == Cross finetune Epoch [2/10000]: G3: Validation MSE 0.00182038
2025-04-15 15:53:12,099  INFO  == Cross finetune Epoch [3/10000]: G3: Validation MSE 0.00104098
2025-04-15 15:53:12,485  INFO  == Cross finetune Epoch [4/10000]: G3: Validation MSE 0.00091211
2025-04-15 15:53:12,928  INFO  == Cross finetune Epoch [5/10000]: G3: Validation MSE 0.00158310
2025-04-15 15:53:12,928  INFO  EPOCH 1 | Validation MSE: G1: 0.06853627, G2: 0.06894848, G3: 0.00804503 
2025-04-15 15:53:14,451  INFO  EPOCH 2 | Validation MSE: G1: 0.05156858, G2: 0.06037040, G3: 0.00092998 
2025-04-15 15:53:15,828  INFO  EPOCH 3 | Validation MSE: G1: 0.03757701, G2: 0.05317567, G3: 0.00068401 
2025-04-15 15:53:17,299  INFO  EPOCH 4 | Validation MSE: G1: 0.02637718, G2: 0.04663233, G3: 0.00057890 
2025-04-15 15:53:18,932  INFO  EPOCH 5 | Validation MSE: G1: 0.01823366, G2: 0.04080735, G3: 0.00054795 
2025-04-15 15:53:20,408  INFO  EPOCH 6 | Validation MSE: G1: 0.01306281, G2: 0.03560102, G3: 0.00095063 
2025-04-15 15:53:21,816  INFO  EPOCH 7 | Validation MSE: G1: 0.01043027, G2: 0.03097392, G3: 0.00130809 
2025-04-15 15:53:23,306  INFO  EPOCH 8 | Validation MSE: G1: 0.00952747, G2: 0.02711360, G3: 0.00044227 
2025-04-15 15:53:24,697  INFO  EPOCH 9 | Validation MSE: G1: 0.00934681, G2: 0.02426313, G3: 0.00037332 
2025-04-15 15:53:26,203  INFO  EPOCH 10 | Validation MSE: G1: 0.00919366, G2: 0.02240943, G3: 0.00042404 
2025-04-15 15:53:27,640  INFO  Do distill 1 epoch! Distill from G3 to G2
2025-04-15 15:53:28,247  INFO  == Cross finetune Epoch [1/10000]: G3: Validation MSE 0.00034054
2025-04-15 15:53:28,737  INFO  == Cross finetune Epoch [2/10000]: G3: Validation MSE 0.00050573
2025-04-15 15:53:29,169  INFO  == Cross finetune Epoch [3/10000]: G3: Validation MSE 0.00036453
2025-04-15 15:53:29,615  INFO  == Cross finetune Epoch [4/10000]: G3: Validation MSE 0.00080266
2025-04-15 15:53:30,055  INFO  == Cross finetune Epoch [5/10000]: G3: Validation MSE 0.00158503
2025-04-15 15:53:30,056  INFO  EPOCH 11 | Validation MSE: G1: 0.00883784, G2: 0.02166697, G3: 0.00054531 
2025-04-15 15:53:31,545  INFO  EPOCH 12 | Validation MSE: G1: 0.00835880, G2: 0.02194026, G3: 0.00028959 
2025-04-15 15:53:32,958  INFO  EPOCH 13 | Validation MSE: G1: 0.00772328, G2: 0.02271200, G3: 0.00037191 
2025-04-15 15:53:34,413  INFO  EPOCH 14 | Validation MSE: G1: 0.00716542, G2: 0.02380642, G3: 0.00049869 
2025-04-15 15:53:35,842  INFO  EPOCH 15 | Validation MSE: G1: 0.00660394, G2: 0.02426661, G3: 0.00031411 
2025-04-15 15:53:37,210  INFO  EPOCH 16 | Validation MSE: G1: 0.00601999, G2: 0.02400435, G3: 0.00042737 
2025-04-15 15:53:38,586  INFO  EPOCH 17 | Validation MSE: G1: 0.00552614, G2: 0.02353867, G3: 0.00031577 
2025-04-15 15:53:40,012  INFO  EPOCH 18 | Validation MSE: G1: 0.00494684, G2: 0.02197527, G3: 0.00047371 
2025-04-15 15:53:41,521  INFO  EPOCH 19 | Validation MSE: G1: 0.00442376, G2: 0.02037177, G3: 0.00056938 
2025-04-15 15:53:43,117  INFO  EPOCH 20 | Validation MSE: G1: 0.00398527, G2: 0.01862814, G3: 0.00034505 
2025-04-15 15:53:44,945  INFO  Do distill 1 epoch! Distill from G3 to G2
2025-04-15 15:53:45,672  INFO  == Cross finetune Epoch [1/10000]: G3: Validation MSE 0.00053489
2025-04-15 15:53:46,200  INFO  == Cross finetune Epoch [2/10000]: G3: Validation MSE 0.00056733
2025-04-15 15:53:46,758  INFO  == Cross finetune Epoch [3/10000]: G3: Validation MSE 0.00036155
2025-04-15 15:53:47,312  INFO  == Cross finetune Epoch [4/10000]: G3: Validation MSE 0.00039968
2025-04-15 15:53:47,843  INFO  == Cross finetune Epoch [5/10000]: G3: Validation MSE 0.00043278
2025-04-15 15:53:47,843  INFO  EPOCH 21 | Validation MSE: G1: 0.00354113, G2: 0.01654380, G3: 0.00072718 
2025-04-15 15:53:49,748  INFO  EPOCH 22 | Validation MSE: G1: 0.00320642, G2: 0.01536347, G3: 0.00049515 
2025-04-15 15:53:51,203  INFO  EPOCH 23 | Validation MSE: G1: 0.00281075, G2: 0.01386490, G3: 0.00045149 
2025-04-15 15:53:52,815  INFO  EPOCH 24 | Validation MSE: G1: 0.00255982, G2: 0.01323379, G3: 0.00042782 
2025-04-15 15:53:54,343  INFO  EPOCH 25 | Validation MSE: G1: 0.00218095, G2: 0.01161472, G3: 0.00038006 
2025-04-15 15:53:55,771  INFO  EPOCH 26 | Validation MSE: G1: 0.00196844, G2: 0.01044901, G3: 0.00045874 
2025-04-15 15:53:57,487  INFO  EPOCH 27 | Validation MSE: G1: 0.00172587, G2: 0.00970723, G3: 0.00085233 
2025-04-15 15:53:59,271  INFO  EPOCH 28 | Validation MSE: G1: 0.00153821, G2: 0.00860400, G3: 0.00156701 
2025-04-15 15:54:01,078  INFO  EPOCH 29 | Validation MSE: G1: 0.00131695, G2: 0.00714131, G3: 0.00059911 
2025-04-15 15:54:02,859  INFO  EPOCH 30 | Validation MSE: G1: 0.00124617, G2: 0.00697852, G3: 0.00043806 
2025-04-15 15:54:04,683  INFO  Do distill 1 epoch! Distill from G3 to G2
2025-04-15 15:54:05,311  INFO  == Cross finetune Epoch [1/10000]: G3: Validation MSE 0.00035080
2025-04-15 15:54:05,778  INFO  == Cross finetune Epoch [2/10000]: G3: Validation MSE 0.00035207
2025-04-15 15:54:06,240  INFO  == Cross finetune Epoch [3/10000]: G3: Validation MSE 0.00034323
2025-04-15 15:54:06,679  INFO  == Cross finetune Epoch [4/10000]: G3: Validation MSE 0.00036482
2025-04-15 15:54:07,130  INFO  == Cross finetune Epoch [5/10000]: G3: Validation MSE 0.00033410
2025-04-15 15:54:07,131  INFO  EPOCH 31 | Validation MSE: G1: 0.00108341, G2: 0.00561604, G3: 0.00046614 
2025-04-15 15:54:08,626  INFO  EPOCH 32 | Validation MSE: G1: 0.00096946, G2: 0.00548819, G3: 0.00037691 
2025-04-15 15:54:10,035  INFO  EPOCH 33 | Validation MSE: G1: 0.00088868, G2: 0.00438414, G3: 0.00036159 
2025-04-15 15:54:12,021  INFO  EPOCH 34 | Validation MSE: G1: 0.00080812, G2: 0.00370113, G3: 0.00034930 
2025-04-15 15:54:13,897  INFO  EPOCH 35 | Validation MSE: G1: 0.00077154, G2: 0.00342520, G3: 0.00038738 
2025-04-15 15:54:15,517  INFO  EPOCH 36 | Validation MSE: G1: 0.00070191, G2: 0.00295823, G3: 0.00033332 
2025-04-15 15:54:17,144  INFO  EPOCH 37 | Validation MSE: G1: 0.00067849, G2: 0.00267568, G3: 0.00036354 
2025-04-15 15:54:18,801  INFO  EPOCH 38 | Validation MSE: G1: 0.00061712, G2: 0.00225052, G3: 0.00032872 
2025-04-15 15:54:20,399  INFO  EPOCH 39 | Validation MSE: G1: 0.00060425, G2: 0.00223686, G3: 0.00034403 
2025-04-15 15:54:22,018  INFO  EPOCH 40 | Validation MSE: G1: 0.00056354, G2: 0.00193553, G3: 0.00034542 
2025-04-15 15:54:23,651  INFO  Do distill 1 epoch! Distill from G3 to G2
2025-04-15 15:54:24,273  INFO  == Cross finetune Epoch [1/10000]: G3: Validation MSE 0.00034270
2025-04-15 15:54:24,732  INFO  == Cross finetune Epoch [2/10000]: G3: Validation MSE 0.00033379
2025-04-15 15:54:25,251  INFO  == Cross finetune Epoch [3/10000]: G3: Validation MSE 0.00034354
2025-04-15 15:54:25,784  INFO  == Cross finetune Epoch [4/10000]: G3: Validation MSE 0.00032985
2025-04-15 15:54:26,316  INFO  == Cross finetune Epoch [5/10000]: G3: Validation MSE 0.00034385
2025-04-15 15:54:26,317  INFO  EPOCH 41 | Validation MSE: G1: 0.00055839, G2: 0.00193650, G3: 0.00042789 
2025-04-15 15:54:28,039  INFO  EPOCH 42 | Validation MSE: G1: 0.00054109, G2: 0.00170474, G3: 0.00033961 
2025-04-15 15:54:29,691  INFO  EPOCH 43 | Validation MSE: G1: 0.00052950, G2: 0.00178954, G3: 0.00034786 
2025-04-15 15:54:31,494  INFO  EPOCH 44 | Validation MSE: G1: 0.00050460, G2: 0.00148043, G3: 0.00041034 
2025-04-15 15:54:33,201  INFO  EPOCH 45 | Validation MSE: G1: 0.00049709, G2: 0.00154526, G3: 0.00033122 
2025-04-15 15:54:34,961  INFO  EPOCH 46 | Validation MSE: G1: 0.00049216, G2: 0.00154532, G3: 0.00034588 
2025-04-15 15:54:37,361  INFO  EPOCH 47 | Validation MSE: G1: 0.00047896, G2: 0.00147487, G3: 0.00034021 
2025-04-15 15:54:39,125  INFO  EPOCH 48 | Validation MSE: G1: 0.00047355, G2: 0.00131679, G3: 0.00033458 
2025-04-15 15:54:40,722  INFO  EPOCH 49 | Validation MSE: G1: 0.00046997, G2: 0.00136308, G3: 0.00033330 
2025-04-15 15:54:42,246  INFO  EPOCH 50 | Validation MSE: G1: 0.00045976, G2: 0.00131672, G3: 0.00033111 
2025-04-15 15:54:43,888  INFO  Do distill 1 epoch! Distill from G3 to G2
2025-04-15 15:54:44,559  INFO  == Cross finetune Epoch [1/10000]: G3: Validation MSE 0.00033101
2025-04-15 15:54:45,024  INFO  == Cross finetune Epoch [2/10000]: G3: Validation MSE 0.00032998
2025-04-15 15:54:45,519  INFO  == Cross finetune Epoch [3/10000]: G3: Validation MSE 0.00033022
2025-04-15 15:54:45,983  INFO  == Cross finetune Epoch [4/10000]: G3: Validation MSE 0.00033026
2025-04-15 15:54:46,457  INFO  == Cross finetune Epoch [5/10000]: G3: Validation MSE 0.00033386
2025-04-15 15:54:46,457  INFO  EPOCH 51 | Validation MSE: G1: 0.00045638, G2: 0.00127517, G3: 0.00033293 
2025-04-15 15:54:48,043  INFO  EPOCH 52 | Validation MSE: G1: 0.00045076, G2: 0.00135745, G3: 0.00034023 
2025-04-15 15:54:49,727  INFO  EPOCH 53 | Validation MSE: G1: 0.00044682, G2: 0.00128173, G3: 0.00034240 
2025-04-15 15:54:51,336  INFO  EPOCH 54 | Validation MSE: G1: 0.00044316, G2: 0.00129955, G3: 0.00034210 
2025-04-15 15:54:52,781  INFO  EPOCH 55 | Validation MSE: G1: 0.00044168, G2: 0.00123089, G3: 0.00034572 
2025-04-15 15:54:54,276  INFO  EPOCH 56 | Validation MSE: G1: 0.00043393, G2: 0.00119348, G3: 0.00033786 
2025-04-15 15:54:55,711  INFO  EPOCH 57 | Validation MSE: G1: 0.00044870, G2: 0.00123213, G3: 0.00034172 
2025-04-15 15:54:57,216  INFO  EPOCH 58 | Validation MSE: G1: 0.00042728, G2: 0.00122074, G3: 0.00033954 
2025-04-15 15:54:58,655  INFO  EPOCH 59 | Validation MSE: G1: 0.00042362, G2: 0.00115301, G3: 0.00034176 
2025-04-15 15:55:00,209  INFO  EPOCH 60 | Validation MSE: G1: 0.00042200, G2: 0.00117087, G3: 0.00033512 
2025-04-15 15:55:01,628  INFO  Do distill 1 epoch! Distill from G3 to G2
2025-04-15 15:55:02,275  INFO  == Cross finetune Epoch [1/10000]: G3: Validation MSE 0.00033409
2025-04-15 15:55:02,834  INFO  == Cross finetune Epoch [2/10000]: G3: Validation MSE 0.00033533
2025-04-15 15:55:03,310  INFO  == Cross finetune Epoch [3/10000]: G3: Validation MSE 0.00033542
2025-04-15 15:55:03,850  INFO  == Cross finetune Epoch [4/10000]: G3: Validation MSE 0.00033155
2025-04-15 15:55:04,382  INFO  == Cross finetune Epoch [5/10000]: G3: Validation MSE 0.00032996
2025-04-15 15:55:04,382  INFO  EPOCH 61 | Validation MSE: G1: 0.00041908, G2: 0.00120447, G3: 0.00033480 
2025-04-15 15:55:06,187  INFO  EPOCH 62 | Validation MSE: G1: 0.00041542, G2: 0.00108137, G3: 0.00033223 
2025-04-15 15:55:07,935  INFO  EPOCH 63 | Validation MSE: G1: 0.00041412, G2: 0.00117258, G3: 0.00032753 
2025-04-15 15:55:09,613  INFO  EPOCH 64 | Validation MSE: G1: 0.00040892, G2: 0.00108283, G3: 0.00032704 
2025-04-15 15:55:11,320  INFO  EPOCH 65 | Validation MSE: G1: 0.00042703, G2: 0.00118732, G3: 0.00032624 
2025-04-15 15:55:12,984  INFO  EPOCH 66 | Validation MSE: G1: 0.00040652, G2: 0.00108474, G3: 0.00032745 
2025-04-15 15:55:14,560  INFO  EPOCH 67 | Validation MSE: G1: 0.00040360, G2: 0.00107285, G3: 0.00032657 
2025-04-15 15:55:16,262  INFO  EPOCH 68 | Validation MSE: G1: 0.00041096, G2: 0.00102591, G3: 0.00032645 
2025-04-15 15:55:17,652  INFO  EPOCH 69 | Validation MSE: G1: 0.00039810, G2: 0.00110517, G3: 0.00032722 
2025-04-15 15:55:19,059  INFO  EPOCH 70 | Validation MSE: G1: 0.00039591, G2: 0.00098603, G3: 0.00032620 
2025-04-15 15:55:20,516  INFO  Do distill 1 epoch! Distill from G3 to G2
2025-04-15 15:55:21,033  INFO  == Cross finetune Epoch [1/10000]: G3: Validation MSE 0.00032574
2025-04-15 15:55:21,505  INFO  == Cross finetune Epoch [2/10000]: G3: Validation MSE 0.00032614
2025-04-15 15:55:21,969  INFO  == Cross finetune Epoch [3/10000]: G3: Validation MSE 0.00032673
2025-04-15 15:55:22,470  INFO  == Cross finetune Epoch [4/10000]: G3: Validation MSE 0.00032688
2025-04-15 15:55:22,946  INFO  == Cross finetune Epoch [5/10000]: G3: Validation MSE 0.00032618
2025-04-15 15:55:22,946  INFO  EPOCH 71 | Validation MSE: G1: 0.00039283, G2: 0.00117815, G3: 0.00032545 
2025-04-15 15:55:24,564  INFO  EPOCH 72 | Validation MSE: G1: 0.00039239, G2: 0.00098389, G3: 0.00032774 
2025-04-15 15:55:26,328  INFO  EPOCH 73 | Validation MSE: G1: 0.00039453, G2: 0.00101506, G3: 0.00032648 
2025-04-15 15:55:27,932  INFO  EPOCH 74 | Validation MSE: G1: 0.00038643, G2: 0.00094704, G3: 0.00032636 
2025-04-15 15:55:29,443  INFO  EPOCH 75 | Validation MSE: G1: 0.00038966, G2: 0.00111695, G3: 0.00032641 
2025-04-15 15:55:31,018  INFO  EPOCH 76 | Validation MSE: G1: 0.00040026, G2: 0.00098234, G3: 0.00032797 
2025-04-15 15:55:32,647  INFO  EPOCH 77 | Validation MSE: G1: 0.00037984, G2: 0.00107816, G3: 0.00032727 
2025-04-15 15:55:34,159  INFO  EPOCH 78 | Validation MSE: G1: 0.00037996, G2: 0.00093428, G3: 0.00032747 
2025-04-15 15:55:35,833  INFO  EPOCH 79 | Validation MSE: G1: 0.00037725, G2: 0.00096784, G3: 0.00032858 
2025-04-15 15:55:37,502  INFO  EPOCH 80 | Validation MSE: G1: 0.00037748, G2: 0.00091423, G3: 0.00032690 
2025-04-15 15:55:38,985  INFO  Do distill 1 epoch! Distill from G3 to G2
2025-04-15 15:55:39,595  INFO  == Cross finetune Epoch [1/10000]: G3: Validation MSE 0.00032610
2025-04-15 15:55:40,036  INFO  == Cross finetune Epoch [2/10000]: G3: Validation MSE 0.00032618
2025-04-15 15:55:40,582  INFO  == Cross finetune Epoch [3/10000]: G3: Validation MSE 0.00032588
2025-04-15 15:55:41,063  INFO  == Cross finetune Epoch [4/10000]: G3: Validation MSE 0.00032563
2025-04-15 15:55:41,570  INFO  == Cross finetune Epoch [5/10000]: G3: Validation MSE 0.00032654
2025-04-15 15:55:41,570  INFO  EPOCH 81 | Validation MSE: G1: 0.00037936, G2: 0.00088788, G3: 0.00032599 
2025-04-15 15:55:43,348  INFO  EPOCH 82 | Validation MSE: G1: 0.00037974, G2: 0.00097135, G3: 0.00032674 
2025-04-15 15:55:44,919  INFO  EPOCH 83 | Validation MSE: G1: 0.00039737, G2: 0.00095642, G3: 0.00032659 
2025-04-15 15:55:46,583  INFO  EPOCH 84 | Validation MSE: G1: 0.00037202, G2: 0.00088687, G3: 0.00032638 
2025-04-15 15:55:48,241  INFO  EPOCH 85 | Validation MSE: G1: 0.00037076, G2: 0.00087332, G3: 0.00032571 
2025-04-15 15:55:49,999  INFO  EPOCH 86 | Validation MSE: G1: 0.00036961, G2: 0.00086532, G3: 0.00032617 
2025-04-15 15:55:52,028  INFO  EPOCH 87 | Validation MSE: G1: 0.00037147, G2: 0.00090984, G3: 0.00032677 
2025-04-15 15:55:53,803  INFO  EPOCH 88 | Validation MSE: G1: 0.00038259, G2: 0.00084477, G3: 0.00032641 
2025-04-15 15:55:55,540  INFO  EPOCH 89 | Validation MSE: G1: 0.00036572, G2: 0.00083999, G3: 0.00032643 
2025-04-15 15:55:57,158  INFO  EPOCH 90 | Validation MSE: G1: 0.00037057, G2: 0.00091189, G3: 0.00032667 
2025-04-15 15:55:58,812  INFO  Do distill 1 epoch! Distill from G3 to G2
2025-04-15 15:55:59,479  INFO  == Cross finetune Epoch [1/10000]: G3: Validation MSE 0.00032736
2025-04-15 15:55:59,994  INFO  == Cross finetune Epoch [2/10000]: G3: Validation MSE 0.00032671
2025-04-15 15:56:00,476  INFO  == Cross finetune Epoch [3/10000]: G3: Validation MSE 0.00032690
2025-04-15 15:56:00,982  INFO  == Cross finetune Epoch [4/10000]: G3: Validation MSE 0.00032695
2025-04-15 15:56:01,501  INFO  == Cross finetune Epoch [5/10000]: G3: Validation MSE 0.00032733
2025-04-15 15:56:01,501  INFO  EPOCH 91 | Validation MSE: G1: 0.00036455, G2: 0.00079710, G3: 0.00032762 
2025-04-15 15:56:03,081  INFO  EPOCH 92 | Validation MSE: G1: 0.00037629, G2: 0.00083210, G3: 0.00032871 
2025-04-15 15:56:04,858  INFO  EPOCH 93 | Validation MSE: G1: 0.00036133, G2: 0.00078699, G3: 0.00032828 
2025-04-15 15:56:06,528  INFO  EPOCH 94 | Validation MSE: G1: 0.00036872, G2: 0.00085317, G3: 0.00032896 
2025-04-15 15:56:08,237  INFO  EPOCH 95 | Validation MSE: G1: 0.00035887, G2: 0.00077053, G3: 0.00032850 
2025-04-15 15:56:10,162  INFO  EPOCH 96 | Validation MSE: G1: 0.00037378, G2: 0.00078541, G3: 0.00032703 
2025-04-15 15:56:11,674  INFO  EPOCH 97 | Validation MSE: G1: 0.00035566, G2: 0.00077243, G3: 0.00032657 
2025-04-15 15:56:13,286  INFO  EPOCH 98 | Validation MSE: G1: 0.00035590, G2: 0.00074395, G3: 0.00032676 
2025-04-15 15:56:14,695  INFO  EPOCH 99 | Validation MSE: G1: 0.00036137, G2: 0.00077435, G3: 0.00032750 
2025-04-15 15:56:16,217  INFO  EPOCH 100 | Validation MSE: G1: 0.00041633, G2: 0.00079143, G3: 0.00032548 
2025-04-15 15:56:17,640  INFO  Do distill 1 epoch! Distill from G3 to G2
2025-04-15 15:56:18,192  INFO  == Cross finetune Epoch [1/10000]: G3: Validation MSE 0.00032591
2025-04-15 15:56:18,640  INFO  == Cross finetune Epoch [2/10000]: G3: Validation MSE 0.00032560
2025-04-15 15:56:19,136  INFO  == Cross finetune Epoch [3/10000]: G3: Validation MSE 0.00032534
2025-04-15 15:56:19,561  INFO  == Cross finetune Epoch [4/10000]: G3: Validation MSE 0.00032482
2025-04-15 15:56:19,999  INFO  == Cross finetune Epoch [5/10000]: G3: Validation MSE 0.00032441
2025-04-15 15:56:19,999  INFO  EPOCH 101 | Validation MSE: G1: 0.00035915, G2: 0.00073546, G3: 0.00032602 
2025-04-15 15:56:21,670  INFO  EPOCH 102 | Validation MSE: G1: 0.00035074, G2: 0.00071900, G3: 0.00032382 
2025-04-15 15:56:23,180  INFO  EPOCH 103 | Validation MSE: G1: 0.00034947, G2: 0.00075911, G3: 0.00032408 
2025-04-15 15:56:24,834  INFO  EPOCH 104 | Validation MSE: G1: 0.00035026, G2: 0.00071754, G3: 0.00032364 
2025-04-15 15:56:26,355  INFO  EPOCH 105 | Validation MSE: G1: 0.00035598, G2: 0.00074787, G3: 0.00032468 
2025-04-15 15:56:27,959  INFO  EPOCH 106 | Validation MSE: G1: 0.00034881, G2: 0.00068527, G3: 0.00032526 
2025-04-15 15:56:29,520  INFO  EPOCH 107 | Validation MSE: G1: 0.00035213, G2: 0.00077614, G3: 0.00032543 
2025-04-15 15:56:31,100  INFO  EPOCH 108 | Validation MSE: G1: 0.00036962, G2: 0.00076199, G3: 0.00032411 
2025-04-15 15:56:32,835  INFO  EPOCH 109 | Validation MSE: G1: 0.00034746, G2: 0.00066789, G3: 0.00032549 
2025-04-15 15:56:34,475  INFO  EPOCH 110 | Validation MSE: G1: 0.00034870, G2: 0.00065756, G3: 0.00032579 
2025-04-15 15:56:36,209  INFO  Do distill 1 epoch! Distill from G3 to G2
2025-04-15 15:56:36,712  INFO  == Cross finetune Epoch [1/10000]: G3: Validation MSE 0.00032443
2025-04-15 15:56:37,139  INFO  == Cross finetune Epoch [2/10000]: G3: Validation MSE 0.00032419
2025-04-15 15:56:37,563  INFO  == Cross finetune Epoch [3/10000]: G3: Validation MSE 0.00032260
2025-04-15 15:56:37,956  INFO  == Cross finetune Epoch [4/10000]: G3: Validation MSE 0.00032209
2025-04-15 15:56:38,447  INFO  == Cross finetune Epoch [5/10000]: G3: Validation MSE 0.00032229
2025-04-15 15:56:38,447  INFO  EPOCH 111 | Validation MSE: G1: 0.00035800, G2: 0.00072228, G3: 0.00032350 
2025-04-15 15:56:39,941  INFO  EPOCH 112 | Validation MSE: G1: 0.00037281, G2: 0.00066539, G3: 0.00032255 
2025-04-15 15:56:41,531  INFO  EPOCH 113 | Validation MSE: G1: 0.00034786, G2: 0.00064529, G3: 0.00032279 
2025-04-15 15:56:43,323  INFO  EPOCH 114 | Validation MSE: G1: 0.00036350, G2: 0.00066953, G3: 0.00032417 
2025-04-15 15:56:45,329  INFO  EPOCH 115 | Validation MSE: G1: 0.00035856, G2: 0.00068901, G3: 0.00032449 
2025-04-15 15:56:47,257  INFO  EPOCH 116 | Validation MSE: G1: 0.00034934, G2: 0.00066093, G3: 0.00032499 
2025-04-15 15:56:49,112  INFO  EPOCH 117 | Validation MSE: G1: 0.00034135, G2: 0.00063316, G3: 0.00032417 
2025-04-15 15:56:51,352  INFO  EPOCH 118 | Validation MSE: G1: 0.00033841, G2: 0.00061760, G3: 0.00032339 
2025-04-15 15:56:53,299  INFO  EPOCH 119 | Validation MSE: G1: 0.00033753, G2: 0.00064636, G3: 0.00032365 
2025-04-15 15:56:55,081  INFO  EPOCH 120 | Validation MSE: G1: 0.00035273, G2: 0.00063407, G3: 0.00032577 
2025-04-15 15:56:56,691  INFO  Do distill 1 epoch! Distill from G3 to G2
2025-04-15 15:56:57,324  INFO  == Cross finetune Epoch [1/10000]: G3: Validation MSE 0.00033110
2025-04-15 15:56:57,772  INFO  == Cross finetune Epoch [2/10000]: G3: Validation MSE 0.00033120
2025-04-15 15:56:58,431  INFO  == Cross finetune Epoch [3/10000]: G3: Validation MSE 0.00033356
2025-04-15 15:56:59,089  INFO  == Cross finetune Epoch [4/10000]: G3: Validation MSE 0.00032996
2025-04-15 15:56:59,601  INFO  == Cross finetune Epoch [5/10000]: G3: Validation MSE 0.00032656
2025-04-15 15:56:59,601  INFO  EPOCH 121 | Validation MSE: G1: 0.00033984, G2: 0.00060138, G3: 0.00032715 
2025-04-15 15:57:01,513  INFO  EPOCH 122 | Validation MSE: G1: 0.00033906, G2: 0.00060124, G3: 0.00032665 
2025-04-15 15:57:03,271  INFO  EPOCH 123 | Validation MSE: G1: 0.00035851, G2: 0.00068339, G3: 0.00032428 
2025-04-15 15:57:05,332  INFO  EPOCH 124 | Validation MSE: G1: 0.00035870, G2: 0.00063248, G3: 0.00032370 
2025-04-15 15:57:06,956  INFO  EPOCH 125 | Validation MSE: G1: 0.00033937, G2: 0.00058999, G3: 0.00032247 
2025-04-15 15:57:08,578  INFO  EPOCH 126 | Validation MSE: G1: 0.00035487, G2: 0.00063759, G3: 0.00032353 
2025-04-15 15:57:10,146  INFO  EPOCH 127 | Validation MSE: G1: 0.00033434, G2: 0.00059471, G3: 0.00032306 
2025-04-15 15:57:11,634  INFO  EPOCH 128 | Validation MSE: G1: 0.00033379, G2: 0.00058129, G3: 0.00032380 
2025-04-15 15:57:13,268  INFO  EPOCH 129 | Validation MSE: G1: 0.00033470, G2: 0.00063499, G3: 0.00032450 
2025-04-15 15:57:14,989  INFO  EPOCH 130 | Validation MSE: G1: 0.00034576, G2: 0.00056460, G3: 0.00032409 
2025-04-15 15:57:16,697  INFO  Do distill 1 epoch! Distill from G3 to G2
2025-04-15 15:57:17,372  INFO  == Cross finetune Epoch [1/10000]: G3: Validation MSE 0.00032292
2025-04-15 15:57:17,897  INFO  == Cross finetune Epoch [2/10000]: G3: Validation MSE 0.00032204
2025-04-15 15:57:18,415  INFO  == Cross finetune Epoch [3/10000]: G3: Validation MSE 0.00032234
2025-04-15 15:57:18,945  INFO  == Cross finetune Epoch [4/10000]: G3: Validation MSE 0.00032216
2025-04-15 15:57:19,483  INFO  == Cross finetune Epoch [5/10000]: G3: Validation MSE 0.00032324
2025-04-15 15:57:19,483  INFO  EPOCH 131 | Validation MSE: G1: 0.00033123, G2: 0.00056378, G3: 0.00032403 
2025-04-15 15:57:21,281  INFO  EPOCH 132 | Validation MSE: G1: 0.00035085, G2: 0.00058912, G3: 0.00032289 
2025-04-15 15:57:22,993  INFO  EPOCH 133 | Validation MSE: G1: 0.00034928, G2: 0.00055388, G3: 0.00032111 
2025-04-15 15:57:24,771  INFO  EPOCH 134 | Validation MSE: G1: 0.00033738, G2: 0.00055597, G3: 0.00032034 
2025-04-15 15:57:26,537  INFO  EPOCH 135 | Validation MSE: G1: 0.00032466, G2: 0.00063664, G3: 0.00032008 
2025-04-15 15:57:28,334  INFO  EPOCH 136 | Validation MSE: G1: 0.00032665, G2: 0.00053456, G3: 0.00032049 
2025-04-15 15:57:30,141  INFO  EPOCH 137 | Validation MSE: G1: 0.00034176, G2: 0.00059942, G3: 0.00032016 
2025-04-15 15:57:32,087  INFO  EPOCH 138 | Validation MSE: G1: 0.00036673, G2: 0.00058449, G3: 0.00032068 
2025-04-15 15:57:33,970  INFO  EPOCH 139 | Validation MSE: G1: 0.00034296, G2: 0.00054032, G3: 0.00032164 
2025-04-15 15:57:35,791  INFO  EPOCH 140 | Validation MSE: G1: 0.00032665, G2: 0.00053380, G3: 0.00032084 
2025-04-15 15:57:37,602  INFO  Do distill 1 epoch! Distill from G3 to G2
2025-04-15 15:57:38,284  INFO  == Cross finetune Epoch [1/10000]: G3: Validation MSE 0.00032138
2025-04-15 15:57:38,798  INFO  == Cross finetune Epoch [2/10000]: G3: Validation MSE 0.00032055
2025-04-15 15:57:39,332  INFO  == Cross finetune Epoch [3/10000]: G3: Validation MSE 0.00032032
2025-04-15 15:57:39,831  INFO  == Cross finetune Epoch [4/10000]: G3: Validation MSE 0.00032097
2025-04-15 15:57:40,358  INFO  == Cross finetune Epoch [5/10000]: G3: Validation MSE 0.00032118
2025-04-15 15:57:40,358  INFO  EPOCH 141 | Validation MSE: G1: 0.00032649, G2: 0.00053514, G3: 0.00032108 
2025-04-15 15:57:42,031  INFO  EPOCH 142 | Validation MSE: G1: 0.00032776, G2: 0.00052288, G3: 0.00032075 
2025-04-15 15:57:43,740  INFO  EPOCH 143 | Validation MSE: G1: 0.00034444, G2: 0.00053690, G3: 0.00032168 
2025-04-15 15:57:45,489  INFO  EPOCH 144 | Validation MSE: G1: 0.00034382, G2: 0.00054642, G3: 0.00032198 
2025-04-15 15:57:47,103  INFO  EPOCH 145 | Validation MSE: G1: 0.00033288, G2: 0.00051526, G3: 0.00032034 
2025-04-15 15:57:48,817  INFO  EPOCH 146 | Validation MSE: G1: 0.00032834, G2: 0.00051807, G3: 0.00032107 
2025-04-15 15:57:50,771  INFO  EPOCH 147 | Validation MSE: G1: 0.00033405, G2: 0.00052661, G3: 0.00032041 
2025-04-15 15:57:52,682  INFO  EPOCH 148 | Validation MSE: G1: 0.00032776, G2: 0.00051528, G3: 0.00032057 
2025-04-15 15:57:54,550  INFO  EPOCH 149 | Validation MSE: G1: 0.00032551, G2: 0.00052545, G3: 0.00032173 
2025-04-15 15:57:56,376  INFO  EPOCH 150 | Validation MSE: G1: 0.00037223, G2: 0.00050735, G3: 0.00032198 
2025-04-15 15:57:58,045  INFO  Do distill 1 epoch! Distill from G3 to G2
2025-04-15 15:57:58,730  INFO  == Cross finetune Epoch [1/10000]: G3: Validation MSE 0.00032183
2025-04-15 15:57:59,308  INFO  == Cross finetune Epoch [2/10000]: G3: Validation MSE 0.00032272
2025-04-15 15:57:59,941  INFO  == Cross finetune Epoch [3/10000]: G3: Validation MSE 0.00032436
2025-04-15 15:58:00,558  INFO  == Cross finetune Epoch [4/10000]: G3: Validation MSE 0.00032404
2025-04-15 15:58:01,133  INFO  == Cross finetune Epoch [5/10000]: G3: Validation MSE 0.00032308
2025-04-15 15:58:01,133  INFO  EPOCH 151 | Validation MSE: G1: 0.00033297, G2: 0.00054180, G3: 0.00032210 
2025-04-15 15:58:02,958  INFO  EPOCH 152 | Validation MSE: G1: 0.00032785, G2: 0.00049510, G3: 0.00032257 
2025-04-15 15:58:04,845  INFO  EPOCH 153 | Validation MSE: G1: 0.00032663, G2: 0.00051377, G3: 0.00032239 
2025-04-15 15:58:06,418  INFO  EPOCH 154 | Validation MSE: G1: 0.00032690, G2: 0.00052457, G3: 0.00032226 
2025-04-15 15:58:07,931  INFO  EPOCH 155 | Validation MSE: G1: 0.00032671, G2: 0.00059914, G3: 0.00032155 
2025-04-15 15:58:09,874  INFO  EPOCH 156 | Validation MSE: G1: 0.00032692, G2: 0.00048624, G3: 0.00032039 
2025-04-15 15:58:11,976  INFO  EPOCH 157 | Validation MSE: G1: 0.00032827, G2: 0.00047701, G3: 0.00032007 
2025-04-15 15:58:13,971  INFO  EPOCH 158 | Validation MSE: G1: 0.00032962, G2: 0.00048608, G3: 0.00031973 
2025-04-15 15:58:15,704  INFO  EPOCH 159 | Validation MSE: G1: 0.00032896, G2: 0.00049289, G3: 0.00031956 
2025-04-15 15:58:17,498  INFO  EPOCH 160 | Validation MSE: G1: 0.00032566, G2: 0.00046880, G3: 0.00031960 
2025-04-15 15:58:19,260  INFO  Do distill 1 epoch! Distill from G3 to G2
2025-04-15 15:58:20,010  INFO  == Cross finetune Epoch [1/10000]: G3: Validation MSE 0.00032033
2025-04-15 15:58:20,560  INFO  == Cross finetune Epoch [2/10000]: G3: Validation MSE 0.00032025
2025-04-15 15:58:21,107  INFO  == Cross finetune Epoch [3/10000]: G3: Validation MSE 0.00032086
2025-04-15 15:58:21,713  INFO  == Cross finetune Epoch [4/10000]: G3: Validation MSE 0.00032120
2025-04-15 15:58:22,354  INFO  == Cross finetune Epoch [5/10000]: G3: Validation MSE 0.00032020
2025-04-15 15:58:22,355  INFO  EPOCH 161 | Validation MSE: G1: 0.00032776, G2: 0.00051580, G3: 0.00031959 
2025-04-15 15:58:24,406  INFO  EPOCH 162 | Validation MSE: G1: 0.00032541, G2: 0.00047289, G3: 0.00032060 
2025-04-15 15:58:26,332  INFO  EPOCH 163 | Validation MSE: G1: 0.00032568, G2: 0.00049413, G3: 0.00032028 
2025-04-15 15:58:28,331  INFO  EPOCH 164 | Validation MSE: G1: 0.00032541, G2: 0.00047772, G3: 0.00032000 
2025-04-15 15:58:30,046  INFO  EPOCH 165 | Validation MSE: G1: 0.00032723, G2: 0.00046774, G3: 0.00032002 
2025-04-15 15:58:31,759  INFO  EPOCH 166 | Validation MSE: G1: 0.00032787, G2: 0.00046649, G3: 0.00032088 
2025-04-15 15:58:33,559  INFO  EPOCH 167 | Validation MSE: G1: 0.00032622, G2: 0.00047384, G3: 0.00032313 
2025-04-15 15:58:35,138  INFO  EPOCH 168 | Validation MSE: G1: 0.00032747, G2: 0.00046353, G3: 0.00032246 
2025-04-15 15:58:36,621  INFO  EPOCH 169 | Validation MSE: G1: 0.00032554, G2: 0.00046430, G3: 0.00032048 
2025-04-15 15:58:38,290  INFO  EPOCH 170 | Validation MSE: G1: 0.00032552, G2: 0.00048151, G3: 0.00032070 
2025-04-15 15:58:39,921  INFO  Do distill 1 epoch! Distill from G3 to G2
2025-04-15 15:58:40,582  INFO  == Cross finetune Epoch [1/10000]: G3: Validation MSE 0.00032066
2025-04-15 15:58:41,077  INFO  == Cross finetune Epoch [2/10000]: G3: Validation MSE 0.00031996
2025-04-15 15:58:41,584  INFO  == Cross finetune Epoch [3/10000]: G3: Validation MSE 0.00031969
2025-04-15 15:58:42,115  INFO  == Cross finetune Epoch [4/10000]: G3: Validation MSE 0.00031989
2025-04-15 15:58:42,650  INFO  == Cross finetune Epoch [5/10000]: G3: Validation MSE 0.00032075
2025-04-15 15:58:42,650  INFO  EPOCH 171 | Validation MSE: G1: 0.00032558, G2: 0.00045242, G3: 0.00032221 
2025-04-15 15:58:44,300  INFO  EPOCH 172 | Validation MSE: G1: 0.00032572, G2: 0.00047752, G3: 0.00032112 
2025-04-15 15:58:45,924  INFO  EPOCH 173 | Validation MSE: G1: 0.00032601, G2: 0.00045080, G3: 0.00032079 
2025-04-15 15:58:47,664  INFO  EPOCH 174 | Validation MSE: G1: 0.00032628, G2: 0.00045147, G3: 0.00031975 
2025-04-15 15:58:49,346  INFO  EPOCH 175 | Validation MSE: G1: 0.00032593, G2: 0.00046672, G3: 0.00032004 
2025-04-15 15:58:51,058  INFO  EPOCH 176 | Validation MSE: G1: 0.00032597, G2: 0.00044924, G3: 0.00032042 
2025-04-15 15:58:52,675  INFO  EPOCH 177 | Validation MSE: G1: 0.00032606, G2: 0.00045753, G3: 0.00032237 
2025-04-15 15:58:54,277  INFO  EPOCH 178 | Validation MSE: G1: 0.00032595, G2: 0.00044874, G3: 0.00032517 
2025-04-15 15:58:56,069  INFO  EPOCH 179 | Validation MSE: G1: 0.00032600, G2: 0.00044342, G3: 0.00032956 
2025-04-15 15:58:57,841  INFO  EPOCH 180 | Validation MSE: G1: 0.00032595, G2: 0.00044642, G3: 0.00032448 
2025-04-15 15:58:59,516  INFO  Do distill 1 epoch! Distill from G3 to G2
2025-04-15 15:59:00,198  INFO  == Cross finetune Epoch [1/10000]: G3: Validation MSE 0.00032188
2025-04-15 15:59:00,640  INFO  == Cross finetune Epoch [2/10000]: G3: Validation MSE 0.00032142
2025-04-15 15:59:01,081  INFO  == Cross finetune Epoch [3/10000]: G3: Validation MSE 0.00032287
2025-04-15 15:59:01,583  INFO  == Cross finetune Epoch [4/10000]: G3: Validation MSE 0.00032138
2025-04-15 15:59:02,118  INFO  == Cross finetune Epoch [5/10000]: G3: Validation MSE 0.00032217
2025-04-15 15:59:02,118  INFO  EPOCH 181 | Validation MSE: G1: 0.00032583, G2: 0.00046932, G3: 0.00032157 
2025-04-15 15:59:03,872  INFO  EPOCH 182 | Validation MSE: G1: 0.00032579, G2: 0.00043888, G3: 0.00032048 
2025-04-15 15:59:05,560  INFO  EPOCH 183 | Validation MSE: G1: 0.00032576, G2: 0.00044746, G3: 0.00032069 
2025-04-15 15:59:07,288  INFO  EPOCH 184 | Validation MSE: G1: 0.00032566, G2: 0.00044640, G3: 0.00032073 
2025-04-15 15:59:09,126  INFO  EPOCH 185 | Validation MSE: G1: 0.00032557, G2: 0.00043824, G3: 0.00032136 
2025-04-15 15:59:10,969  INFO  EPOCH 186 | Validation MSE: G1: 0.00032547, G2: 0.00044499, G3: 0.00032201 
2025-04-15 15:59:12,800  INFO  EPOCH 187 | Validation MSE: G1: 0.00032542, G2: 0.00043873, G3: 0.00032166 
2025-04-15 15:59:14,517  INFO  EPOCH 188 | Validation MSE: G1: 0.00032544, G2: 0.00044118, G3: 0.00032093 
2025-04-15 15:59:16,090  INFO  EPOCH 189 | Validation MSE: G1: 0.00032543, G2: 0.00043353, G3: 0.00032080 
2025-04-15 15:59:17,561  INFO  EPOCH 190 | Validation MSE: G1: 0.00032536, G2: 0.00045733, G3: 0.00032024 
2025-04-15 15:59:19,143  INFO  Do distill 1 epoch! Distill from G3 to G2
2025-04-15 15:59:19,726  INFO  == Cross finetune Epoch [1/10000]: G3: Validation MSE 0.00031978
2025-04-15 15:59:20,168  INFO  == Cross finetune Epoch [2/10000]: G3: Validation MSE 0.00031918
2025-04-15 15:59:20,600  INFO  == Cross finetune Epoch [3/10000]: G3: Validation MSE 0.00031985
2025-04-15 15:59:21,019  INFO  == Cross finetune Epoch [4/10000]: G3: Validation MSE 0.00032007
2025-04-15 15:59:21,466  INFO  == Cross finetune Epoch [5/10000]: G3: Validation MSE 0.00031978
2025-04-15 15:59:21,466  INFO  EPOCH 191 | Validation MSE: G1: 0.00032532, G2: 0.00043773, G3: 0.00032023 
2025-04-15 15:59:22,916  INFO  EPOCH 192 | Validation MSE: G1: 0.00032530, G2: 0.00044095, G3: 0.00032011 
2025-04-15 15:59:24,507  INFO  EPOCH 193 | Validation MSE: G1: 0.00032533, G2: 0.00043027, G3: 0.00031981 
2025-04-15 15:59:26,094  INFO  EPOCH 194 | Validation MSE: G1: 0.00032534, G2: 0.00044053, G3: 0.00031963 
2025-04-15 15:59:27,716  INFO  EPOCH 195 | Validation MSE: G1: 0.00032540, G2: 0.00047249, G3: 0.00031931 
2025-04-15 15:59:29,831  INFO  EPOCH 196 | Validation MSE: G1: 0.00032533, G2: 0.00050613, G3: 0.00031923 
2025-04-15 15:59:32,581  INFO  EPOCH 197 | Validation MSE: G1: 0.00032535, G2: 0.00044264, G3: 0.00031847 
2025-04-15 15:59:34,457  INFO  EPOCH 198 | Validation MSE: G1: 0.00032545, G2: 0.00043025, G3: 0.00031809 
2025-04-15 15:59:36,029  INFO  EPOCH 199 | Validation MSE: G1: 0.00032549, G2: 0.00046011, G3: 0.00031787 
2025-04-15 15:59:37,578  INFO  EPOCH 200 | Validation MSE: G1: 0.00032562, G2: 0.00043648, G3: 0.00031757 
2025-04-15 15:59:39,300  INFO  Do distill 1 epoch! Distill from G3 to G2
2025-04-15 15:59:39,987  INFO  == Cross finetune Epoch [1/10000]: G3: Validation MSE 0.00031803
2025-04-15 15:59:40,538  INFO  == Cross finetune Epoch [2/10000]: G3: Validation MSE 0.00031721
2025-04-15 15:59:41,047  INFO  == Cross finetune Epoch [3/10000]: G3: Validation MSE 0.00031771
2025-04-15 15:59:41,589  INFO  == Cross finetune Epoch [4/10000]: G3: Validation MSE 0.00031781
2025-04-15 15:59:42,121  INFO  == Cross finetune Epoch [5/10000]: G3: Validation MSE 0.00031888
2025-04-15 15:59:42,121  INFO  EPOCH 201 | Validation MSE: G1: 0.00032561, G2: 0.00043116, G3: 0.00031810 
2025-04-15 15:59:43,635  INFO  EPOCH 202 | Validation MSE: G1: 0.00032565, G2: 0.00043296, G3: 0.00031822 
2025-04-15 15:59:45,020  INFO  EPOCH 203 | Validation MSE: G1: 0.00032562, G2: 0.00043686, G3: 0.00031818 
2025-04-15 15:59:46,523  INFO  EPOCH 204 | Validation MSE: G1: 0.00032561, G2: 0.00043467, G3: 0.00031842 
2025-04-15 15:59:48,074  INFO  EPOCH 205 | Validation MSE: G1: 0.00032565, G2: 0.00043464, G3: 0.00031912 
2025-04-15 15:59:49,650  INFO  EPOCH 206 | Validation MSE: G1: 0.00032558, G2: 0.00043932, G3: 0.00031881 
2025-04-15 15:59:51,078  INFO  EPOCH 207 | Validation MSE: G1: 0.00032564, G2: 0.00043772, G3: 0.00031911 
2025-04-15 15:59:52,652  INFO  EPOCH 208 | Validation MSE: G1: 0.00032570, G2: 0.00043344, G3: 0.00031993 
2025-04-15 15:59:54,188  INFO  EPOCH 209 | Validation MSE: G1: 0.00032571, G2: 0.00043424, G3: 0.00032144 
2025-04-15 15:59:55,661  INFO  EPOCH 210 | Validation MSE: G1: 0.00032570, G2: 0.00043513, G3: 0.00032061 
2025-04-15 15:59:57,265  INFO  Do distill 1 epoch! Distill from G3 to G2
2025-04-15 15:59:57,817  INFO  == Cross finetune Epoch [1/10000]: G3: Validation MSE 0.00032004
2025-04-15 15:59:58,341  INFO  == Cross finetune Epoch [2/10000]: G3: Validation MSE 0.00032022
2025-04-15 15:59:58,849  INFO  == Cross finetune Epoch [3/10000]: G3: Validation MSE 0.00032009
2025-04-15 15:59:59,317  INFO  == Cross finetune Epoch [4/10000]: G3: Validation MSE 0.00032011
2025-04-15 15:59:59,774  INFO  == Cross finetune Epoch [5/10000]: G3: Validation MSE 0.00032146
2025-04-15 15:59:59,775  INFO  EPOCH 211 | Validation MSE: G1: 0.00032562, G2: 0.00043575, G3: 0.00032049 
2025-04-15 16:00:01,264  INFO  EPOCH 212 | Validation MSE: G1: 0.00032558, G2: 0.00043535, G3: 0.00032052 
2025-04-15 16:00:02,714  INFO  EPOCH 213 | Validation MSE: G1: 0.00032564, G2: 0.00043534, G3: 0.00031987 
2025-04-15 16:00:04,601  INFO  EPOCH 214 | Validation MSE: G1: 0.00032557, G2: 0.00043541, G3: 0.00031976 
2025-04-15 16:00:06,160  INFO  EPOCH 215 | Validation MSE: G1: 0.00032544, G2: 0.00043512, G3: 0.00031993 
2025-04-15 16:00:07,829  INFO  EPOCH 216 | Validation MSE: G1: 0.00032540, G2: 0.00043513, G3: 0.00032107 
2025-04-15 16:00:09,444  INFO  EPOCH 217 | Validation MSE: G1: 0.00032543, G2: 0.00043547, G3: 0.00032109 
2025-04-15 16:00:11,662  INFO  EPOCH 218 | Validation MSE: G1: 0.00032545, G2: 0.00043519, G3: 0.00032162 
2025-04-15 16:00:13,598  INFO  EPOCH 219 | Validation MSE: G1: 0.00032541, G2: 0.00043546, G3: 0.00032123 
2025-04-15 16:00:15,415  INFO  EPOCH 220 | Validation MSE: G1: 0.00032541, G2: 0.00043553, G3: 0.00032189 
2025-04-15 16:00:17,134  INFO  Do distill 1 epoch! Distill from G3 to G2
2025-04-15 16:00:17,668  INFO  == Cross finetune Epoch [1/10000]: G3: Validation MSE 0.00031979
2025-04-15 16:00:18,150  INFO  == Cross finetune Epoch [2/10000]: G3: Validation MSE 0.00031997
2025-04-15 16:00:18,645  INFO  == Cross finetune Epoch [3/10000]: G3: Validation MSE 0.00032023
2025-04-15 16:00:19,101  INFO  == Cross finetune Epoch [4/10000]: G3: Validation MSE 0.00032059
2025-04-15 16:00:19,705  INFO  == Cross finetune Epoch [5/10000]: G3: Validation MSE 0.00032204
2025-04-15 16:00:19,705  INFO  EPOCH 221 | Validation MSE: G1: 0.00032536, G2: 0.00043553, G3: 0.00032129 
2025-04-15 16:00:21,399  INFO  EPOCH 222 | Validation MSE: G1: 0.00032548, G2: 0.00043532, G3: 0.00032075 
2025-04-15 16:00:23,046  INFO  EPOCH 223 | Validation MSE: G1: 0.00032545, G2: 0.00043555, G3: 0.00032014 
2025-04-15 16:00:24,631  INFO  EPOCH 224 | Validation MSE: G1: 0.00032544, G2: 0.00043581, G3: 0.00031972 
2025-04-15 16:00:26,293  INFO  EPOCH 225 | Validation MSE: G1: 0.00032550, G2: 0.00043555, G3: 0.00031996 
2025-04-15 16:00:27,854  INFO  EPOCH 226 | Validation MSE: G1: 0.00032561, G2: 0.00043555, G3: 0.00031988 
2025-04-15 16:00:29,453  INFO  EPOCH 227 | Validation MSE: G1: 0.00032550, G2: 0.00043555, G3: 0.00031976 
2025-04-15 16:00:31,205  INFO  EPOCH 228 | Validation MSE: G1: 0.00032559, G2: 0.00043556, G3: 0.00031926 
2025-04-15 16:00:32,780  INFO  EPOCH 229 | Validation MSE: G1: 0.00032566, G2: 0.00043559, G3: 0.00031937 
2025-04-15 16:00:34,435  INFO  EPOCH 230 | Validation MSE: G1: 0.00032550, G2: 0.00043558, G3: 0.00032011 
2025-04-15 16:00:36,143  INFO  Do distill 1 epoch! Distill from G3 to G2
2025-04-15 16:00:36,808  INFO  == Cross finetune Epoch [1/10000]: G3: Validation MSE 0.00032133
2025-04-15 16:00:37,335  INFO  == Cross finetune Epoch [2/10000]: G3: Validation MSE 0.00031915
2025-04-15 16:00:37,864  INFO  == Cross finetune Epoch [3/10000]: G3: Validation MSE 0.00031723
2025-04-15 16:00:38,340  INFO  == Cross finetune Epoch [4/10000]: G3: Validation MSE 0.00031739
2025-04-15 16:00:38,824  INFO  == Cross finetune Epoch [5/10000]: G3: Validation MSE 0.00031762
2025-04-15 16:00:38,824  INFO  EPOCH 231 | Validation MSE: G1: 0.00032546, G2: 0.00043557, G3: 0.00031936 
2025-04-15 16:00:40,453  INFO  EPOCH 232 | Validation MSE: G1: 0.00032550, G2: 0.00043562, G3: 0.00031815 
2025-04-15 16:00:42,083  INFO  EPOCH 233 | Validation MSE: G1: 0.00032544, G2: 0.00043560, G3: 0.00031848 
2025-04-15 16:00:43,680  INFO  EPOCH 234 | Validation MSE: G1: 0.00032546, G2: 0.00043561, G3: 0.00031793 
2025-04-15 16:00:45,278  INFO  EPOCH 235 | Validation MSE: G1: 0.00032550, G2: 0.00043559, G3: 0.00031803 
2025-04-15 16:00:46,884  INFO  EPOCH 236 | Validation MSE: G1: 0.00032542, G2: 0.00043564, G3: 0.00031794 
2025-04-15 16:00:48,547  INFO  EPOCH 237 | Validation MSE: G1: 0.00032528, G2: 0.00043560, G3: 0.00031733 
2025-04-15 16:00:50,087  INFO  EPOCH 238 | Validation MSE: G1: 0.00032523, G2: 0.00043563, G3: 0.00031659 
2025-04-15 16:00:51,500  INFO  EPOCH 239 | Validation MSE: G1: 0.00032521, G2: 0.00043562, G3: 0.00031659 
2025-04-15 16:00:53,176  INFO  EPOCH 240 | Validation MSE: G1: 0.00032514, G2: 0.00043563, G3: 0.00031646 
2025-04-15 16:00:54,790  INFO  Do distill 1 epoch! Distill from G3 to G2
2025-04-15 16:00:55,491  INFO  == Cross finetune Epoch [1/10000]: G3: Validation MSE 0.00031666
2025-04-15 16:00:56,013  INFO  == Cross finetune Epoch [2/10000]: G3: Validation MSE 0.00031697
2025-04-15 16:00:56,438  INFO  == Cross finetune Epoch [3/10000]: G3: Validation MSE 0.00031739
2025-04-15 16:00:56,876  INFO  == Cross finetune Epoch [4/10000]: G3: Validation MSE 0.00031787
2025-04-15 16:00:57,323  INFO  == Cross finetune Epoch [5/10000]: G3: Validation MSE 0.00031727
2025-04-15 16:00:57,323  INFO  EPOCH 241 | Validation MSE: G1: 0.00032509, G2: 0.00043564, G3: 0.00031630 
2025-04-15 16:00:58,835  INFO  EPOCH 242 | Validation MSE: G1: 0.00032503, G2: 0.00043568, G3: 0.00031777 
2025-04-15 16:01:00,364  INFO  EPOCH 243 | Validation MSE: G1: 0.00032508, G2: 0.00043567, G3: 0.00031972 
2025-04-15 16:01:01,897  INFO  EPOCH 244 | Validation MSE: G1: 0.00032508, G2: 0.00043568, G3: 0.00031890 
2025-04-15 16:01:03,431  INFO  EPOCH 245 | Validation MSE: G1: 0.00032514, G2: 0.00043568, G3: 0.00031772 
2025-04-15 16:01:04,948  INFO  EPOCH 246 | Validation MSE: G1: 0.00032524, G2: 0.00043570, G3: 0.00031745 
2025-04-15 16:01:06,388  INFO  EPOCH 247 | Validation MSE: G1: 0.00032525, G2: 0.00043569, G3: 0.00031688 
2025-04-15 16:01:07,948  INFO  EPOCH 248 | Validation MSE: G1: 0.00032518, G2: 0.00043568, G3: 0.00031655 
2025-04-15 16:01:09,479  INFO  EPOCH 249 | Validation MSE: G1: 0.00032514, G2: 0.00043569, G3: 0.00031612 
2025-04-15 16:01:11,175  INFO  EPOCH 250 | Validation MSE: G1: 0.00032511, G2: 0.00043570, G3: 0.00031609 
2025-04-15 16:01:12,907  INFO  Do distill 1 epoch! Distill from G3 to G2
2025-04-15 16:01:13,619  INFO  == Cross finetune Epoch [1/10000]: G3: Validation MSE 0.00031616
2025-04-15 16:01:14,165  INFO  == Cross finetune Epoch [2/10000]: G3: Validation MSE 0.00031650
2025-04-15 16:01:14,685  INFO  == Cross finetune Epoch [3/10000]: G3: Validation MSE 0.00031612
2025-04-15 16:01:15,125  INFO  == Cross finetune Epoch [4/10000]: G3: Validation MSE 0.00031622
2025-04-15 16:01:15,606  INFO  == Cross finetune Epoch [5/10000]: G3: Validation MSE 0.00031603
2025-04-15 16:01:15,606  INFO  EPOCH 251 | Validation MSE: G1: 0.00032514, G2: 0.00043571, G3: 0.00031689 
2025-04-15 16:01:17,348  INFO  EPOCH 252 | Validation MSE: G1: 0.00032512, G2: 0.00043570, G3: 0.00031612 
2025-04-15 16:01:20,118  INFO  EPOCH 253 | Validation MSE: G1: 0.00032508, G2: 0.00043570, G3: 0.00031567 
2025-04-15 16:01:21,946  INFO  EPOCH 254 | Validation MSE: G1: 0.00032510, G2: 0.00043571, G3: 0.00031647 
2025-04-15 16:01:23,897  INFO  EPOCH 255 | Validation MSE: G1: 0.00032502, G2: 0.00043571, G3: 0.00031537 
2025-04-15 16:01:25,882  INFO  EPOCH 256 | Validation MSE: G1: 0.00032500, G2: 0.00043571, G3: 0.00031611 
2025-04-15 16:01:27,876  INFO  EPOCH 257 | Validation MSE: G1: 0.00032498, G2: 0.00043570, G3: 0.00031532 
2025-04-15 16:01:29,790  INFO  EPOCH 258 | Validation MSE: G1: 0.00032496, G2: 0.00043570, G3: 0.00031512 
2025-04-15 16:01:31,625  INFO  EPOCH 259 | Validation MSE: G1: 0.00032489, G2: 0.00043571, G3: 0.00031553 
2025-04-15 16:01:33,427  INFO  EPOCH 260 | Validation MSE: G1: 0.00032491, G2: 0.00043571, G3: 0.00031560 
2025-04-15 16:01:35,194  INFO  Do distill 1 epoch! Distill from G3 to G2
2025-04-15 16:01:36,060  INFO  == Cross finetune Epoch [1/10000]: G3: Validation MSE 0.00031568
2025-04-15 16:01:36,795  INFO  == Cross finetune Epoch [2/10000]: G3: Validation MSE 0.00031672
2025-04-15 16:01:37,328  INFO  == Cross finetune Epoch [3/10000]: G3: Validation MSE 0.00031779
2025-04-15 16:01:37,832  INFO  == Cross finetune Epoch [4/10000]: G3: Validation MSE 0.00031781
2025-04-15 16:01:38,373  INFO  == Cross finetune Epoch [5/10000]: G3: Validation MSE 0.00031724
2025-04-15 16:01:38,373  INFO  EPOCH 261 | Validation MSE: G1: 0.00032496, G2: 0.00043573, G3: 0.00031595 
2025-04-15 16:01:40,123  INFO  EPOCH 262 | Validation MSE: G1: 0.00032497, G2: 0.00043570, G3: 0.00031744 
2025-04-15 16:01:41,749  INFO  EPOCH 263 | Validation MSE: G1: 0.00032500, G2: 0.00043572, G3: 0.00031775 
2025-04-15 16:01:43,441  INFO  EPOCH 264 | Validation MSE: G1: 0.00032496, G2: 0.00043572, G3: 0.00031833 
2025-04-15 16:01:45,286  INFO  EPOCH 265 | Validation MSE: G1: 0.00032504, G2: 0.00043571, G3: 0.00031738 
2025-04-15 16:01:46,864  INFO  EPOCH 266 | Validation MSE: G1: 0.00032509, G2: 0.00043572, G3: 0.00031611 
2025-04-15 16:01:48,411  INFO  EPOCH 267 | Validation MSE: G1: 0.00032517, G2: 0.00043572, G3: 0.00031569 
2025-04-15 16:01:49,858  INFO  EPOCH 268 | Validation MSE: G1: 0.00032518, G2: 0.00043574, G3: 0.00031480 
2025-04-15 16:01:51,491  INFO  EPOCH 269 | Validation MSE: G1: 0.00032513, G2: 0.00043573, G3: 0.00031443 
2025-04-15 16:01:53,188  INFO  EPOCH 270 | Validation MSE: G1: 0.00032519, G2: 0.00043574, G3: 0.00031462 
2025-04-15 16:01:54,967  INFO  Do distill 1 epoch! Distill from G3 to G2
2025-04-15 16:01:55,654  INFO  == Cross finetune Epoch [1/10000]: G3: Validation MSE 0.00031469
2025-04-15 16:01:56,197  INFO  == Cross finetune Epoch [2/10000]: G3: Validation MSE 0.00031553
2025-04-15 16:01:56,746  INFO  == Cross finetune Epoch [3/10000]: G3: Validation MSE 0.00031525
2025-04-15 16:01:57,283  INFO  == Cross finetune Epoch [4/10000]: G3: Validation MSE 0.00031545
2025-04-15 16:01:57,818  INFO  == Cross finetune Epoch [5/10000]: G3: Validation MSE 0.00031592
2025-04-15 16:01:57,818  INFO  EPOCH 271 | Validation MSE: G1: 0.00032519, G2: 0.00043574, G3: 0.00031439 
2025-04-15 16:01:59,672  INFO  EPOCH 272 | Validation MSE: G1: 0.00032518, G2: 0.00043574, G3: 0.00031518 
2025-04-15 16:02:01,426  INFO  EPOCH 273 | Validation MSE: G1: 0.00032512, G2: 0.00043573, G3: 0.00031613 
2025-04-15 16:02:03,234  INFO  EPOCH 274 | Validation MSE: G1: 0.00032517, G2: 0.00043575, G3: 0.00031469 
2025-04-15 16:02:05,034  INFO  EPOCH 275 | Validation MSE: G1: 0.00032514, G2: 0.00043573, G3: 0.00031350 
2025-04-15 16:02:06,854  INFO  EPOCH 276 | Validation MSE: G1: 0.00032518, G2: 0.00043574, G3: 0.00031311 
2025-04-15 16:02:08,683  INFO  EPOCH 277 | Validation MSE: G1: 0.00032522, G2: 0.00043573, G3: 0.00031327 
2025-04-15 16:02:10,469  INFO  EPOCH 278 | Validation MSE: G1: 0.00032533, G2: 0.00043574, G3: 0.00031330 
2025-04-15 16:02:12,285  INFO  EPOCH 279 | Validation MSE: G1: 0.00032531, G2: 0.00043574, G3: 0.00031399 
2025-04-15 16:02:14,110  INFO  EPOCH 280 | Validation MSE: G1: 0.00032528, G2: 0.00043574, G3: 0.00031402 
2025-04-15 16:02:15,735  INFO  Do distill 1 epoch! Distill from G3 to G2
2025-04-15 16:02:16,436  INFO  == Cross finetune Epoch [1/10000]: G3: Validation MSE 0.00031521
2025-04-15 16:02:16,958  INFO  == Cross finetune Epoch [2/10000]: G3: Validation MSE 0.00031413
2025-04-15 16:02:17,499  INFO  == Cross finetune Epoch [3/10000]: G3: Validation MSE 0.00031565
2025-04-15 16:02:17,984  INFO  == Cross finetune Epoch [4/10000]: G3: Validation MSE 0.00031455
2025-04-15 16:02:18,468  INFO  == Cross finetune Epoch [5/10000]: G3: Validation MSE 0.00031343
2025-04-15 16:02:18,468  INFO  EPOCH 281 | Validation MSE: G1: 0.00032522, G2: 0.00043576, G3: 0.00031406 
2025-04-15 16:02:20,264  INFO  EPOCH 282 | Validation MSE: G1: 0.00032523, G2: 0.00043575, G3: 0.00031287 
2025-04-15 16:02:22,110  INFO  EPOCH 283 | Validation MSE: G1: 0.00032530, G2: 0.00043575, G3: 0.00031344 
2025-04-15 16:02:24,008  INFO  EPOCH 284 | Validation MSE: G1: 0.00032529, G2: 0.00043575, G3: 0.00031516 
2025-04-15 16:02:25,720  INFO  EPOCH 285 | Validation MSE: G1: 0.00032536, G2: 0.00043575, G3: 0.00031306 
2025-04-15 16:02:27,441  INFO  EPOCH 286 | Validation MSE: G1: 0.00032526, G2: 0.00043576, G3: 0.00031221 
2025-04-15 16:02:29,135  INFO  EPOCH 287 | Validation MSE: G1: 0.00032535, G2: 0.00043576, G3: 0.00031175 
2025-04-15 16:02:30,898  INFO  EPOCH 288 | Validation MSE: G1: 0.00032528, G2: 0.00043577, G3: 0.00031211 
2025-04-15 16:02:32,686  INFO  EPOCH 289 | Validation MSE: G1: 0.00032527, G2: 0.00043577, G3: 0.00031185 
2025-04-15 16:02:34,398  INFO  EPOCH 290 | Validation MSE: G1: 0.00032518, G2: 0.00043577, G3: 0.00031151 
2025-04-15 16:02:36,110  INFO  Do distill 1 epoch! Distill from G3 to G2
2025-04-15 16:02:36,678  INFO  == Cross finetune Epoch [1/10000]: G3: Validation MSE 0.00031173
2025-04-15 16:02:37,111  INFO  == Cross finetune Epoch [2/10000]: G3: Validation MSE 0.00031119
2025-04-15 16:02:37,501  INFO  == Cross finetune Epoch [3/10000]: G3: Validation MSE 0.00031158
2025-04-15 16:02:38,010  INFO  == Cross finetune Epoch [4/10000]: G3: Validation MSE 0.00031146
2025-04-15 16:02:38,553  INFO  == Cross finetune Epoch [5/10000]: G3: Validation MSE 0.00031299
2025-04-15 16:02:38,553  INFO  EPOCH 291 | Validation MSE: G1: 0.00032508, G2: 0.00043579, G3: 0.00031171 
2025-04-15 16:02:40,297  INFO  EPOCH 292 | Validation MSE: G1: 0.00032502, G2: 0.00043578, G3: 0.00031271 
2025-04-15 16:02:42,128  INFO  EPOCH 293 | Validation MSE: G1: 0.00032504, G2: 0.00043577, G3: 0.00031205 
2025-04-15 16:02:43,815  INFO  EPOCH 294 | Validation MSE: G1: 0.00032511, G2: 0.00043578, G3: 0.00031206 
2025-04-15 16:02:45,307  INFO  EPOCH 295 | Validation MSE: G1: 0.00032514, G2: 0.00043580, G3: 0.00031180 
2025-04-15 16:02:46,974  INFO  EPOCH 296 | Validation MSE: G1: 0.00032518, G2: 0.00043579, G3: 0.00031115 
2025-04-15 16:02:48,877  INFO  EPOCH 297 | Validation MSE: G1: 0.00032504, G2: 0.00043579, G3: 0.00031133 
2025-04-15 16:02:50,680  INFO  EPOCH 298 | Validation MSE: G1: 0.00032501, G2: 0.00043580, G3: 0.00031162 
2025-04-15 16:02:52,396  INFO  EPOCH 299 | Validation MSE: G1: 0.00032491, G2: 0.00043578, G3: 0.00031140 
2025-04-15 16:02:54,179  INFO  EPOCH 300 | Validation MSE: G1: 0.00032489, G2: 0.00043580, G3: 0.00031053 
2025-04-15 16:02:55,839  INFO  Do distill 1 epoch! Distill from G3 to G2
2025-04-15 16:02:56,525  INFO  == Cross finetune Epoch [1/10000]: G3: Validation MSE 0.00031125
2025-04-15 16:02:57,037  INFO  == Cross finetune Epoch [2/10000]: G3: Validation MSE 0.00031124
2025-04-15 16:02:57,537  INFO  == Cross finetune Epoch [3/10000]: G3: Validation MSE 0.00031192
2025-04-15 16:02:58,043  INFO  == Cross finetune Epoch [4/10000]: G3: Validation MSE 0.00031241
2025-04-15 16:02:58,614  INFO  == Cross finetune Epoch [5/10000]: G3: Validation MSE 0.00031308
2025-04-15 16:02:58,614  INFO  EPOCH 301 | Validation MSE: G1: 0.00032492, G2: 0.00043578, G3: 0.00031128 
2025-04-15 16:03:00,341  INFO  EPOCH 302 | Validation MSE: G1: 0.00032496, G2: 0.00043580, G3: 0.00031256 
2025-04-15 16:03:02,097  INFO  EPOCH 303 | Validation MSE: G1: 0.00032490, G2: 0.00043580, G3: 0.00031211 
2025-04-15 16:03:03,886  INFO  EPOCH 304 | Validation MSE: G1: 0.00032485, G2: 0.00043578, G3: 0.00031232 
2025-04-15 16:03:05,556  INFO  EPOCH 305 | Validation MSE: G1: 0.00032487, G2: 0.00043581, G3: 0.00031189 
2025-04-15 16:03:07,304  INFO  EPOCH 306 | Validation MSE: G1: 0.00032483, G2: 0.00043580, G3: 0.00031168 
2025-04-15 16:03:09,034  INFO  EPOCH 307 | Validation MSE: G1: 0.00032488, G2: 0.00043581, G3: 0.00031177 
2025-04-15 16:03:10,721  INFO  EPOCH 308 | Validation MSE: G1: 0.00032487, G2: 0.00043582, G3: 0.00031210 
2025-04-15 16:03:12,297  INFO  EPOCH 309 | Validation MSE: G1: 0.00032488, G2: 0.00043582, G3: 0.00031324 
2025-04-15 16:03:14,005  INFO  EPOCH 310 | Validation MSE: G1: 0.00032496, G2: 0.00043583, G3: 0.00031298 
2025-04-15 16:03:15,624  INFO  Do distill 1 epoch! Distill from G3 to G2
2025-04-15 16:03:16,284  INFO  == Cross finetune Epoch [1/10000]: G3: Validation MSE 0.00031173
2025-04-15 16:03:16,757  INFO  == Cross finetune Epoch [2/10000]: G3: Validation MSE 0.00031215
2025-04-15 16:03:17,254  INFO  == Cross finetune Epoch [3/10000]: G3: Validation MSE 0.00031325
2025-04-15 16:03:17,702  INFO  == Cross finetune Epoch [4/10000]: G3: Validation MSE 0.00031319
2025-04-15 16:03:18,142  INFO  == Cross finetune Epoch [5/10000]: G3: Validation MSE 0.00031594
2025-04-15 16:03:18,142  INFO  EPOCH 311 | Validation MSE: G1: 0.00032495, G2: 0.00043582, G3: 0.00031224 
2025-04-15 16:03:19,492  INFO  EPOCH 312 | Validation MSE: G1: 0.00032499, G2: 0.00043581, G3: 0.00031643 
2025-04-15 16:03:21,241  INFO  EPOCH 313 | Validation MSE: G1: 0.00032505, G2: 0.00043583, G3: 0.00031333 
2025-04-15 16:03:22,912  INFO  EPOCH 314 | Validation MSE: G1: 0.00032512, G2: 0.00043583, G3: 0.00031353 
2025-04-15 16:03:24,368  INFO  EPOCH 315 | Validation MSE: G1: 0.00032515, G2: 0.00043584, G3: 0.00031325 
2025-04-15 16:03:25,782  INFO  EPOCH 316 | Validation MSE: G1: 0.00032507, G2: 0.00043583, G3: 0.00031207 
2025-04-15 16:03:27,278  INFO  EPOCH 317 | Validation MSE: G1: 0.00032496, G2: 0.00043582, G3: 0.00031210 
2025-04-15 16:03:28,718  INFO  EPOCH 318 | Validation MSE: G1: 0.00032495, G2: 0.00043583, G3: 0.00031179 
2025-04-15 16:03:30,195  INFO  EPOCH 319 | Validation MSE: G1: 0.00032504, G2: 0.00043585, G3: 0.00031161 
2025-04-15 16:03:31,703  INFO  EPOCH 320 | Validation MSE: G1: 0.00032499, G2: 0.00043585, G3: 0.00031206 
2025-04-15 16:03:33,243  INFO  Do distill 1 epoch! Distill from G3 to G2
2025-04-15 16:03:33,750  INFO  == Cross finetune Epoch [1/10000]: G3: Validation MSE 0.00031130
2025-04-15 16:03:34,130  INFO  == Cross finetune Epoch [2/10000]: G3: Validation MSE 0.00031443
2025-04-15 16:03:34,591  INFO  == Cross finetune Epoch [3/10000]: G3: Validation MSE 0.00031475
2025-04-15 16:03:35,047  INFO  == Cross finetune Epoch [4/10000]: G3: Validation MSE 0.00031379
2025-04-15 16:03:35,468  INFO  == Cross finetune Epoch [5/10000]: G3: Validation MSE 0.00031356
2025-04-15 16:03:35,468  INFO  EPOCH 321 | Validation MSE: G1: 0.00032501, G2: 0.00043585, G3: 0.00031115 
2025-04-15 16:03:36,964  INFO  EPOCH 322 | Validation MSE: G1: 0.00032500, G2: 0.00043584, G3: 0.00031295 
2025-04-15 16:03:38,517  INFO  EPOCH 323 | Validation MSE: G1: 0.00032506, G2: 0.00043586, G3: 0.00031217 
2025-04-15 16:03:40,052  INFO  EPOCH 324 | Validation MSE: G1: 0.00032502, G2: 0.00043585, G3: 0.00031433 
2025-04-15 16:03:41,584  INFO  EPOCH 325 | Validation MSE: G1: 0.00032506, G2: 0.00043586, G3: 0.00031291 
2025-04-15 16:03:43,176  INFO  EPOCH 326 | Validation MSE: G1: 0.00032502, G2: 0.00043586, G3: 0.00031283 
2025-04-15 16:03:44,667  INFO  EPOCH 327 | Validation MSE: G1: 0.00032508, G2: 0.00043586, G3: 0.00031299 
2025-04-15 16:03:46,330  INFO  EPOCH 328 | Validation MSE: G1: 0.00032515, G2: 0.00043587, G3: 0.00031185 
2025-04-15 16:03:47,789  INFO  EPOCH 329 | Validation MSE: G1: 0.00032524, G2: 0.00043588, G3: 0.00031195 
2025-04-15 16:03:49,416  INFO  EPOCH 330 | Validation MSE: G1: 0.00032545, G2: 0.00043588, G3: 0.00031185 
2025-04-15 16:03:50,854  INFO  Do distill 1 epoch! Distill from G3 to G2
2025-04-15 16:03:51,494  INFO  == Cross finetune Epoch [1/10000]: G3: Validation MSE 0.00031231
2025-04-15 16:03:51,956  INFO  == Cross finetune Epoch [2/10000]: G3: Validation MSE 0.00031258
2025-04-15 16:03:52,359  INFO  == Cross finetune Epoch [3/10000]: G3: Validation MSE 0.00031171
2025-04-15 16:03:52,783  INFO  == Cross finetune Epoch [4/10000]: G3: Validation MSE 0.00031162
2025-04-15 16:03:53,203  INFO  == Cross finetune Epoch [5/10000]: G3: Validation MSE 0.00031203
2025-04-15 16:03:53,203  INFO  EPOCH 331 | Validation MSE: G1: 0.00032538, G2: 0.00043586, G3: 0.00031205 
2025-04-15 16:03:54,885  INFO  EPOCH 332 | Validation MSE: G1: 0.00032537, G2: 0.00043587, G3: 0.00031237 
2025-04-15 16:03:56,336  INFO  EPOCH 333 | Validation MSE: G1: 0.00032539, G2: 0.00043587, G3: 0.00031182 
2025-04-15 16:03:58,047  INFO  EPOCH 334 | Validation MSE: G1: 0.00032531, G2: 0.00043587, G3: 0.00031164 
2025-04-15 16:03:59,703  INFO  EPOCH 335 | Validation MSE: G1: 0.00032528, G2: 0.00043590, G3: 0.00031168 
2025-04-15 16:04:01,453  INFO  EPOCH 336 | Validation MSE: G1: 0.00032522, G2: 0.00043587, G3: 0.00031149 
2025-04-15 16:04:03,127  INFO  EPOCH 337 | Validation MSE: G1: 0.00032527, G2: 0.00043589, G3: 0.00031190 
2025-04-15 16:04:04,903  INFO  EPOCH 338 | Validation MSE: G1: 0.00032520, G2: 0.00043589, G3: 0.00031239 
2025-04-15 16:04:06,620  INFO  EPOCH 339 | Validation MSE: G1: 0.00032516, G2: 0.00043589, G3: 0.00031517 
2025-04-15 16:04:08,151  INFO  EPOCH 340 | Validation MSE: G1: 0.00032512, G2: 0.00043589, G3: 0.00031488 
2025-04-15 16:04:09,698  INFO  Do distill 1 epoch! Distill from G3 to G2
2025-04-15 16:04:10,221  INFO  == Cross finetune Epoch [1/10000]: G3: Validation MSE 0.00031534
2025-04-15 16:04:10,749  INFO  == Cross finetune Epoch [2/10000]: G3: Validation MSE 0.00031792
2025-04-15 16:04:11,218  INFO  == Cross finetune Epoch [3/10000]: G3: Validation MSE 0.00031524
2025-04-15 16:04:11,676  INFO  == Cross finetune Epoch [4/10000]: G3: Validation MSE 0.00031244
2025-04-15 16:04:12,093  INFO  == Cross finetune Epoch [5/10000]: G3: Validation MSE 0.00031187
2025-04-15 16:04:12,093  INFO  EPOCH 341 | Validation MSE: G1: 0.00032507, G2: 0.00043590, G3: 0.00031444 
2025-04-15 16:04:13,539  INFO  EPOCH 342 | Validation MSE: G1: 0.00032496, G2: 0.00043588, G3: 0.00031185 
2025-04-15 16:04:14,987  INFO  EPOCH 343 | Validation MSE: G1: 0.00032495, G2: 0.00043589, G3: 0.00031231 
2025-04-15 16:04:16,317  INFO  EPOCH 344 | Validation MSE: G1: 0.00032494, G2: 0.00043590, G3: 0.00031246 
2025-04-15 16:04:18,006  INFO  EPOCH 345 | Validation MSE: G1: 0.00032496, G2: 0.00043590, G3: 0.00031238 
2025-04-15 16:04:19,617  INFO  EPOCH 346 | Validation MSE: G1: 0.00032498, G2: 0.00043590, G3: 0.00031223 
2025-04-15 16:04:21,232  INFO  EPOCH 347 | Validation MSE: G1: 0.00032495, G2: 0.00043590, G3: 0.00031179 
2025-04-15 16:04:22,778  INFO  EPOCH 348 | Validation MSE: G1: 0.00032500, G2: 0.00043593, G3: 0.00031188 
2025-04-15 16:04:24,113  INFO  EPOCH 349 | Validation MSE: G1: 0.00032498, G2: 0.00043591, G3: 0.00031238 
2025-04-15 16:04:25,541  INFO  EPOCH 350 | Validation MSE: G1: 0.00032510, G2: 0.00043592, G3: 0.00031298 
2025-04-15 16:04:26,960  INFO  Do distill 1 epoch! Distill from G3 to G2
2025-04-15 16:04:27,539  INFO  == Cross finetune Epoch [1/10000]: G3: Validation MSE 0.00031231
2025-04-15 16:04:28,024  INFO  == Cross finetune Epoch [2/10000]: G3: Validation MSE 0.00031187
2025-04-15 16:04:28,475  INFO  == Cross finetune Epoch [3/10000]: G3: Validation MSE 0.00031173
2025-04-15 16:04:28,861  INFO  == Cross finetune Epoch [4/10000]: G3: Validation MSE 0.00031148
2025-04-15 16:04:29,311  INFO  == Cross finetune Epoch [5/10000]: G3: Validation MSE 0.00031168
2025-04-15 16:04:29,311  INFO  EPOCH 351 | Validation MSE: G1: 0.00032528, G2: 0.00043591, G3: 0.00031252 
2025-04-15 16:04:30,747  INFO  EPOCH 352 | Validation MSE: G1: 0.00032530, G2: 0.00043592, G3: 0.00031192 
2025-04-15 16:04:32,160  INFO  EPOCH 353 | Validation MSE: G1: 0.00032517, G2: 0.00043593, G3: 0.00031187 
2025-04-15 16:04:33,614  INFO  EPOCH 354 | Validation MSE: G1: 0.00032516, G2: 0.00043593, G3: 0.00031319 
2025-04-15 16:04:35,016  INFO  EPOCH 355 | Validation MSE: G1: 0.00032511, G2: 0.00043591, G3: 0.00031527 
2025-04-15 16:04:36,444  INFO  EPOCH 356 | Validation MSE: G1: 0.00032525, G2: 0.00043592, G3: 0.00031399 
2025-04-15 16:04:38,057  INFO  EPOCH 357 | Validation MSE: G1: 0.00032514, G2: 0.00043592, G3: 0.00031646 
2025-04-15 16:04:39,751  INFO  EPOCH 358 | Validation MSE: G1: 0.00032500, G2: 0.00043594, G3: 0.00031734 
2025-04-15 16:04:41,356  INFO  EPOCH 359 | Validation MSE: G1: 0.00032497, G2: 0.00043593, G3: 0.00031512 
2025-04-15 16:04:42,912  INFO  EPOCH 360 | Validation MSE: G1: 0.00032497, G2: 0.00043592, G3: 0.00031263 
2025-04-15 16:04:44,389  INFO  Do distill 1 epoch! Distill from G3 to G2
2025-04-15 16:04:44,995  INFO  == Cross finetune Epoch [1/10000]: G3: Validation MSE 0.00031263
2025-04-15 16:04:45,443  INFO  == Cross finetune Epoch [2/10000]: G3: Validation MSE 0.00031359
2025-04-15 16:04:45,910  INFO  == Cross finetune Epoch [3/10000]: G3: Validation MSE 0.00031439
2025-04-15 16:04:46,329  INFO  == Cross finetune Epoch [4/10000]: G3: Validation MSE 0.00031447
2025-04-15 16:04:46,757  INFO  == Cross finetune Epoch [5/10000]: G3: Validation MSE 0.00031621
2025-04-15 16:04:46,757  INFO  EPOCH 361 | Validation MSE: G1: 0.00032503, G2: 0.00043593, G3: 0.00031245 
2025-04-15 16:04:48,378  INFO  EPOCH 362 | Validation MSE: G1: 0.00032500, G2: 0.00043592, G3: 0.00031553 
2025-04-15 16:04:49,883  INFO  EPOCH 363 | Validation MSE: G1: 0.00032507, G2: 0.00043595, G3: 0.00031455 
2025-04-15 16:04:51,388  INFO  EPOCH 364 | Validation MSE: G1: 0.00032513, G2: 0.00043593, G3: 0.00031402 
2025-04-15 16:04:52,829  INFO  EPOCH 365 | Validation MSE: G1: 0.00032510, G2: 0.00043593, G3: 0.00031392 
2025-04-15 16:04:54,337  INFO  EPOCH 366 | Validation MSE: G1: 0.00032512, G2: 0.00043595, G3: 0.00031497 
2025-04-15 16:04:55,854  INFO  EPOCH 367 | Validation MSE: G1: 0.00032518, G2: 0.00043595, G3: 0.00031419 
2025-04-15 16:04:57,562  INFO  EPOCH 368 | Validation MSE: G1: 0.00032514, G2: 0.00043593, G3: 0.00031501 
2025-04-15 16:04:59,215  INFO  EPOCH 369 | Validation MSE: G1: 0.00032526, G2: 0.00043594, G3: 0.00031440 
2025-04-15 16:05:00,869  INFO  EPOCH 370 | Validation MSE: G1: 0.00032514, G2: 0.00043594, G3: 0.00031407 
2025-04-15 16:05:02,346  INFO  Do distill 1 epoch! Distill from G3 to G2
2025-04-15 16:05:02,918  INFO  == Cross finetune Epoch [1/10000]: G3: Validation MSE 0.00031313
2025-04-15 16:05:03,313  INFO  == Cross finetune Epoch [2/10000]: G3: Validation MSE 0.00031338
2025-04-15 16:05:03,732  INFO  == Cross finetune Epoch [3/10000]: G3: Validation MSE 0.00031333
2025-04-15 16:05:04,231  INFO  == Cross finetune Epoch [4/10000]: G3: Validation MSE 0.00031316
2025-04-15 16:05:04,685  INFO  == Cross finetune Epoch [5/10000]: G3: Validation MSE 0.00031293
2025-04-15 16:05:04,685  INFO  EPOCH 371 | Validation MSE: G1: 0.00032506, G2: 0.00043593, G3: 0.00031314 
2025-04-15 16:05:06,152  INFO  EPOCH 372 | Validation MSE: G1: 0.00032507, G2: 0.00043594, G3: 0.00031327 
2025-04-15 16:05:07,617  INFO  EPOCH 373 | Validation MSE: G1: 0.00032509, G2: 0.00043595, G3: 0.00031269 
2025-04-15 16:05:09,014  INFO  EPOCH 374 | Validation MSE: G1: 0.00032508, G2: 0.00043594, G3: 0.00031228 
2025-04-15 16:05:10,553  INFO  EPOCH 375 | Validation MSE: G1: 0.00032514, G2: 0.00043593, G3: 0.00031287 
2025-04-15 16:05:12,018  INFO  EPOCH 376 | Validation MSE: G1: 0.00032511, G2: 0.00043592, G3: 0.00031289 
2025-04-15 16:05:13,606  INFO  EPOCH 377 | Validation MSE: G1: 0.00032515, G2: 0.00043594, G3: 0.00031200 
2025-04-15 16:05:15,020  INFO  EPOCH 378 | Validation MSE: G1: 0.00032519, G2: 0.00043593, G3: 0.00031211 
2025-04-15 16:05:16,540  INFO  EPOCH 379 | Validation MSE: G1: 0.00032516, G2: 0.00043593, G3: 0.00031289 
2025-04-15 16:05:18,101  INFO  EPOCH 380 | Validation MSE: G1: 0.00032517, G2: 0.00043592, G3: 0.00031337 
2025-04-15 16:05:19,707  INFO  Do distill 1 epoch! Distill from G3 to G2
2025-04-15 16:05:20,334  INFO  == Cross finetune Epoch [1/10000]: G3: Validation MSE 0.00031372
2025-04-15 16:05:20,819  INFO  == Cross finetune Epoch [2/10000]: G3: Validation MSE 0.00031285
2025-04-15 16:05:21,233  INFO  == Cross finetune Epoch [3/10000]: G3: Validation MSE 0.00031264
2025-04-15 16:05:21,641  INFO  == Cross finetune Epoch [4/10000]: G3: Validation MSE 0.00031229
2025-04-15 16:05:22,085  INFO  == Cross finetune Epoch [5/10000]: G3: Validation MSE 0.00031275
2025-04-15 16:05:22,086  INFO  EPOCH 381 | Validation MSE: G1: 0.00032529, G2: 0.00043595, G3: 0.00031361 
2025-04-15 16:05:23,565  INFO  EPOCH 382 | Validation MSE: G1: 0.00032532, G2: 0.00043596, G3: 0.00031310 
2025-04-15 16:05:24,988  INFO  EPOCH 383 | Validation MSE: G1: 0.00032531, G2: 0.00043596, G3: 0.00031303 
2025-04-15 16:05:26,424  INFO  EPOCH 384 | Validation MSE: G1: 0.00032518, G2: 0.00043596, G3: 0.00031319 
2025-04-15 16:05:27,857  INFO  EPOCH 385 | Validation MSE: G1: 0.00032525, G2: 0.00043596, G3: 0.00031276 
2025-04-15 16:05:29,307  INFO  EPOCH 386 | Validation MSE: G1: 0.00032522, G2: 0.00043594, G3: 0.00031269 
2025-04-15 16:05:30,764  INFO  EPOCH 387 | Validation MSE: G1: 0.00032521, G2: 0.00043595, G3: 0.00031342 
2025-04-15 16:05:32,259  INFO  EPOCH 388 | Validation MSE: G1: 0.00032511, G2: 0.00043595, G3: 0.00031365 
2025-04-15 16:05:33,683  INFO  EPOCH 389 | Validation MSE: G1: 0.00032498, G2: 0.00043594, G3: 0.00031227 
2025-04-15 16:05:35,117  INFO  EPOCH 390 | Validation MSE: G1: 0.00032500, G2: 0.00043597, G3: 0.00031267 
2025-04-15 16:05:36,596  INFO  Do distill 1 epoch! Distill from G3 to G2
2025-04-15 16:05:37,209  INFO  == Cross finetune Epoch [1/10000]: G3: Validation MSE 0.00031151
2025-04-15 16:05:37,678  INFO  == Cross finetune Epoch [2/10000]: G3: Validation MSE 0.00031184
2025-04-15 16:05:38,191  INFO  == Cross finetune Epoch [3/10000]: G3: Validation MSE 0.00031220
2025-04-15 16:05:38,633  INFO  == Cross finetune Epoch [4/10000]: G3: Validation MSE 0.00031201
2025-04-15 16:05:39,071  INFO  == Cross finetune Epoch [5/10000]: G3: Validation MSE 0.00031147
2025-04-15 16:05:39,071  INFO  EPOCH 391 | Validation MSE: G1: 0.00032487, G2: 0.00043595, G3: 0.00031230 
2025-04-15 16:05:40,675  INFO  EPOCH 392 | Validation MSE: G1: 0.00032486, G2: 0.00043598, G3: 0.00031111 
2025-04-15 16:05:42,165  INFO  EPOCH 393 | Validation MSE: G1: 0.00032494, G2: 0.00043597, G3: 0.00031053 
2025-04-15 16:05:43,505  INFO  EPOCH 394 | Validation MSE: G1: 0.00032506, G2: 0.00043598, G3: 0.00031037 
2025-04-15 16:05:45,343  INFO  EPOCH 395 | Validation MSE: G1: 0.00032496, G2: 0.00043597, G3: 0.00031105 
2025-04-15 16:05:47,247  INFO  EPOCH 396 | Validation MSE: G1: 0.00032484, G2: 0.00043597, G3: 0.00031085 
2025-04-15 16:05:49,103  INFO  EPOCH 397 | Validation MSE: G1: 0.00032478, G2: 0.00043599, G3: 0.00031062 
2025-04-15 16:05:51,007  INFO  EPOCH 398 | Validation MSE: G1: 0.00032474, G2: 0.00043598, G3: 0.00030989 
2025-04-15 16:05:52,842  INFO  EPOCH 399 | Validation MSE: G1: 0.00032477, G2: 0.00043597, G3: 0.00030921 
2025-04-15 16:05:54,744  INFO  EPOCH 400 | Validation MSE: G1: 0.00032472, G2: 0.00043598, G3: 0.00030893 
2025-04-15 16:05:56,599  INFO  Do distill 1 epoch! Distill from G3 to G2
2025-04-15 16:05:57,288  INFO  == Cross finetune Epoch [1/10000]: G3: Validation MSE 0.00030931
2025-04-15 16:05:57,826  INFO  == Cross finetune Epoch [2/10000]: G3: Validation MSE 0.00030856
2025-04-15 16:05:58,370  INFO  == Cross finetune Epoch [3/10000]: G3: Validation MSE 0.00030941
2025-04-15 16:05:58,897  INFO  == Cross finetune Epoch [4/10000]: G3: Validation MSE 0.00030945
2025-04-15 16:05:59,427  INFO  == Cross finetune Epoch [5/10000]: G3: Validation MSE 0.00031017
2025-04-15 16:05:59,428  INFO  EPOCH 401 | Validation MSE: G1: 0.00032468, G2: 0.00043598, G3: 0.00030901 
2025-04-15 16:06:01,198  INFO  EPOCH 402 | Validation MSE: G1: 0.00032470, G2: 0.00043599, G3: 0.00031047 
2025-04-15 16:06:02,960  INFO  EPOCH 403 | Validation MSE: G1: 0.00032482, G2: 0.00043598, G3: 0.00031014 
2025-04-15 16:06:04,682  INFO  EPOCH 404 | Validation MSE: G1: 0.00032494, G2: 0.00043599, G3: 0.00030963 
2025-04-15 16:06:06,437  INFO  EPOCH 405 | Validation MSE: G1: 0.00032495, G2: 0.00043599, G3: 0.00030966 
2025-04-15 16:06:08,121  INFO  EPOCH 406 | Validation MSE: G1: 0.00032497, G2: 0.00043600, G3: 0.00030977 
2025-04-15 16:06:09,962  INFO  EPOCH 407 | Validation MSE: G1: 0.00032499, G2: 0.00043600, G3: 0.00030936 
2025-04-15 16:06:11,738  INFO  EPOCH 408 | Validation MSE: G1: 0.00032501, G2: 0.00043600, G3: 0.00030935 
2025-04-15 16:06:13,419  INFO  EPOCH 409 | Validation MSE: G1: 0.00032493, G2: 0.00043601, G3: 0.00030989 
2025-04-15 16:06:15,111  INFO  EPOCH 410 | Validation MSE: G1: 0.00032495, G2: 0.00043600, G3: 0.00031045 
2025-04-15 16:06:16,865  INFO  Do distill 1 epoch! Distill from G3 to G2
2025-04-15 16:06:17,592  INFO  == Cross finetune Epoch [1/10000]: G3: Validation MSE 0.00031075
2025-04-15 16:06:18,147  INFO  == Cross finetune Epoch [2/10000]: G3: Validation MSE 0.00031035
2025-04-15 16:06:18,733  INFO  == Cross finetune Epoch [3/10000]: G3: Validation MSE 0.00031014
2025-04-15 16:06:19,255  INFO  == Cross finetune Epoch [4/10000]: G3: Validation MSE 0.00030952
2025-04-15 16:06:19,740  INFO  == Cross finetune Epoch [5/10000]: G3: Validation MSE 0.00031004
2025-04-15 16:06:19,740  INFO  EPOCH 411 | Validation MSE: G1: 0.00032490, G2: 0.00043601, G3: 0.00031068 
2025-04-15 16:06:21,509  INFO  EPOCH 412 | Validation MSE: G1: 0.00032475, G2: 0.00043599, G3: 0.00031066 
2025-04-15 16:06:23,264  INFO  EPOCH 413 | Validation MSE: G1: 0.00032478, G2: 0.00043602, G3: 0.00031031 
2025-04-15 16:06:24,932  INFO  EPOCH 414 | Validation MSE: G1: 0.00032498, G2: 0.00043600, G3: 0.00031099 
2025-04-15 16:06:26,669  INFO  EPOCH 415 | Validation MSE: G1: 0.00032500, G2: 0.00043600, G3: 0.00031008 
2025-04-15 16:06:28,382  INFO  EPOCH 416 | Validation MSE: G1: 0.00032491, G2: 0.00043601, G3: 0.00030983 
2025-04-15 16:06:30,024  INFO  EPOCH 417 | Validation MSE: G1: 0.00032489, G2: 0.00043602, G3: 0.00031046 
2025-04-15 16:06:31,702  INFO  EPOCH 418 | Validation MSE: G1: 0.00032487, G2: 0.00043603, G3: 0.00031086 
2025-04-15 16:06:33,301  INFO  EPOCH 419 | Validation MSE: G1: 0.00032490, G2: 0.00043603, G3: 0.00031075 
2025-04-15 16:06:35,132  INFO  EPOCH 420 | Validation MSE: G1: 0.00032491, G2: 0.00043601, G3: 0.00031051 
2025-04-15 16:06:36,917  INFO  Do distill 1 epoch! Distill from G3 to G2
2025-04-15 16:06:37,560  INFO  == Cross finetune Epoch [1/10000]: G3: Validation MSE 0.00031014
2025-04-15 16:06:37,994  INFO  == Cross finetune Epoch [2/10000]: G3: Validation MSE 0.00031047
2025-04-15 16:06:38,427  INFO  == Cross finetune Epoch [3/10000]: G3: Validation MSE 0.00031079
2025-04-15 16:06:38,866  INFO  == Cross finetune Epoch [4/10000]: G3: Validation MSE 0.00031077
2025-04-15 16:06:39,265  INFO  == Cross finetune Epoch [5/10000]: G3: Validation MSE 0.00031118
2025-04-15 16:06:39,266  INFO  EPOCH 421 | Validation MSE: G1: 0.00032491, G2: 0.00043602, G3: 0.00031028 
2025-04-15 16:06:40,784  INFO  EPOCH 422 | Validation MSE: G1: 0.00032488, G2: 0.00043604, G3: 0.00031096 
2025-04-15 16:06:42,540  INFO  EPOCH 423 | Validation MSE: G1: 0.00032493, G2: 0.00043603, G3: 0.00031103 
2025-04-15 16:06:44,100  INFO  EPOCH 424 | Validation MSE: G1: 0.00032484, G2: 0.00043603, G3: 0.00031196 
2025-04-15 16:06:45,610  INFO  EPOCH 425 | Validation MSE: G1: 0.00032494, G2: 0.00043605, G3: 0.00031192 
2025-04-15 16:06:47,156  INFO  EPOCH 426 | Validation MSE: G1: 0.00032503, G2: 0.00043604, G3: 0.00031315 
2025-04-15 16:06:48,683  INFO  EPOCH 427 | Validation MSE: G1: 0.00032504, G2: 0.00043605, G3: 0.00031217 
2025-04-15 16:06:50,154  INFO  EPOCH 428 | Validation MSE: G1: 0.00032507, G2: 0.00043604, G3: 0.00031266 
2025-04-15 16:06:51,614  INFO  EPOCH 429 | Validation MSE: G1: 0.00032507, G2: 0.00043605, G3: 0.00031228 
2025-04-15 16:06:53,172  INFO  EPOCH 430 | Validation MSE: G1: 0.00032512, G2: 0.00043604, G3: 0.00031117 
2025-04-15 16:06:54,832  INFO  Do distill 1 epoch! Distill from G3 to G2
2025-04-15 16:06:55,414  INFO  == Cross finetune Epoch [1/10000]: G3: Validation MSE 0.00031081
2025-04-15 16:06:55,904  INFO  == Cross finetune Epoch [2/10000]: G3: Validation MSE 0.00031080
2025-04-15 16:06:56,388  INFO  == Cross finetune Epoch [3/10000]: G3: Validation MSE 0.00031219
2025-04-15 16:06:56,891  INFO  == Cross finetune Epoch [4/10000]: G3: Validation MSE 0.00031430
2025-04-15 16:06:57,494  INFO  == Cross finetune Epoch [5/10000]: G3: Validation MSE 0.00031193
2025-04-15 16:06:57,495  INFO  EPOCH 431 | Validation MSE: G1: 0.00032516, G2: 0.00043605, G3: 0.00031116 
2025-04-15 16:06:59,305  INFO  EPOCH 432 | Validation MSE: G1: 0.00032506, G2: 0.00043605, G3: 0.00031077 
2025-04-15 16:07:01,067  INFO  EPOCH 433 | Validation MSE: G1: 0.00032495, G2: 0.00043603, G3: 0.00031048 
2025-04-15 16:07:02,779  INFO  EPOCH 434 | Validation MSE: G1: 0.00032495, G2: 0.00043607, G3: 0.00031032 
2025-04-15 16:07:04,556  INFO  EPOCH 435 | Validation MSE: G1: 0.00032491, G2: 0.00043607, G3: 0.00031030 
2025-04-15 16:07:06,321  INFO  EPOCH 436 | Validation MSE: G1: 0.00032496, G2: 0.00043607, G3: 0.00030991 
2025-04-15 16:07:08,064  INFO  EPOCH 437 | Validation MSE: G1: 0.00032488, G2: 0.00043608, G3: 0.00030975 
2025-04-15 16:07:09,758  INFO  EPOCH 438 | Validation MSE: G1: 0.00032494, G2: 0.00043607, G3: 0.00030946 
2025-04-15 16:07:11,122  INFO  EPOCH 439 | Validation MSE: G1: 0.00032498, G2: 0.00043605, G3: 0.00030936 
2025-04-15 16:07:12,781  INFO  EPOCH 440 | Validation MSE: G1: 0.00032499, G2: 0.00043605, G3: 0.00031002 
2025-04-15 16:07:14,351  INFO  Do distill 1 epoch! Distill from G3 to G2
2025-04-15 16:07:14,933  INFO  == Cross finetune Epoch [1/10000]: G3: Validation MSE 0.00031073
2025-04-15 16:07:15,427  INFO  == Cross finetune Epoch [2/10000]: G3: Validation MSE 0.00030975
2025-04-15 16:07:15,862  INFO  == Cross finetune Epoch [3/10000]: G3: Validation MSE 0.00030945
2025-04-15 16:07:16,284  INFO  == Cross finetune Epoch [4/10000]: G3: Validation MSE 0.00030879
2025-04-15 16:07:16,661  INFO  == Cross finetune Epoch [5/10000]: G3: Validation MSE 0.00030872
2025-04-15 16:07:16,661  INFO  EPOCH 441 | Validation MSE: G1: 0.00032494, G2: 0.00043607, G3: 0.00031011 
2025-04-15 16:07:18,044  INFO  EPOCH 442 | Validation MSE: G1: 0.00032493, G2: 0.00043608, G3: 0.00030793 
2025-04-15 16:07:19,516  INFO  EPOCH 443 | Validation MSE: G1: 0.00032490, G2: 0.00043607, G3: 0.00030755 
2025-04-15 16:07:20,995  INFO  EPOCH 444 | Validation MSE: G1: 0.00032490, G2: 0.00043609, G3: 0.00030739 
2025-04-15 16:07:22,485  INFO  EPOCH 445 | Validation MSE: G1: 0.00032478, G2: 0.00043608, G3: 0.00030741 
2025-04-15 16:07:23,845  INFO  EPOCH 446 | Validation MSE: G1: 0.00032470, G2: 0.00043608, G3: 0.00030752 
2025-04-15 16:07:25,289  INFO  EPOCH 447 | Validation MSE: G1: 0.00032469, G2: 0.00043608, G3: 0.00030786 
2025-04-15 16:07:26,678  INFO  EPOCH 448 | Validation MSE: G1: 0.00032465, G2: 0.00043607, G3: 0.00030753 
2025-04-15 16:07:28,146  INFO  EPOCH 449 | Validation MSE: G1: 0.00032459, G2: 0.00043608, G3: 0.00030767 
2025-04-15 16:07:29,509  INFO  EPOCH 450 | Validation MSE: G1: 0.00032455, G2: 0.00043608, G3: 0.00030840 
2025-04-15 16:07:31,054  INFO  Do distill 1 epoch! Distill from G3 to G2
2025-04-15 16:07:31,669  INFO  == Cross finetune Epoch [1/10000]: G3: Validation MSE 0.00030744
2025-04-15 16:07:32,175  INFO  == Cross finetune Epoch [2/10000]: G3: Validation MSE 0.00030730
2025-04-15 16:07:32,622  INFO  == Cross finetune Epoch [3/10000]: G3: Validation MSE 0.00030794
2025-04-15 16:07:33,099  INFO  == Cross finetune Epoch [4/10000]: G3: Validation MSE 0.00030854
2025-04-15 16:07:33,575  INFO  == Cross finetune Epoch [5/10000]: G3: Validation MSE 0.00030837
2025-04-15 16:07:33,576  INFO  EPOCH 451 | Validation MSE: G1: 0.00032455, G2: 0.00043607, G3: 0.00030963 
2025-04-15 16:07:35,070  INFO  EPOCH 452 | Validation MSE: G1: 0.00032456, G2: 0.00043609, G3: 0.00030742 
2025-04-15 16:07:36,475  INFO  EPOCH 453 | Validation MSE: G1: 0.00032447, G2: 0.00043608, G3: 0.00030938 
2025-04-15 16:07:37,935  INFO  EPOCH 454 | Validation MSE: G1: 0.00032444, G2: 0.00043609, G3: 0.00030920 
2025-04-15 16:07:39,378  INFO  EPOCH 455 | Validation MSE: G1: 0.00032444, G2: 0.00043607, G3: 0.00030777 
2025-04-15 16:07:40,911  INFO  EPOCH 456 | Validation MSE: G1: 0.00032450, G2: 0.00043610, G3: 0.00030854 
2025-04-15 16:07:42,416  INFO  EPOCH 457 | Validation MSE: G1: 0.00032453, G2: 0.00043609, G3: 0.00031043 
2025-04-15 16:07:43,863  INFO  EPOCH 458 | Validation MSE: G1: 0.00032452, G2: 0.00043608, G3: 0.00030902 
2025-04-15 16:07:45,314  INFO  EPOCH 459 | Validation MSE: G1: 0.00032455, G2: 0.00043609, G3: 0.00030743 
2025-04-15 16:07:46,724  INFO  EPOCH 460 | Validation MSE: G1: 0.00032454, G2: 0.00043610, G3: 0.00030793 
2025-04-15 16:07:48,279  INFO  Do distill 1 epoch! Distill from G3 to G2
2025-04-15 16:07:48,932  INFO  == Cross finetune Epoch [1/10000]: G3: Validation MSE 0.00030688
2025-04-15 16:07:49,449  INFO  == Cross finetune Epoch [2/10000]: G3: Validation MSE 0.00030787
2025-04-15 16:07:49,963  INFO  == Cross finetune Epoch [3/10000]: G3: Validation MSE 0.00030845
2025-04-15 16:07:50,488  INFO  == Cross finetune Epoch [4/10000]: G3: Validation MSE 0.00030887
2025-04-15 16:07:50,956  INFO  == Cross finetune Epoch [5/10000]: G3: Validation MSE 0.00030896
2025-04-15 16:07:50,956  INFO  EPOCH 461 | Validation MSE: G1: 0.00032456, G2: 0.00043611, G3: 0.00030707 
2025-04-15 16:07:52,662  INFO  EPOCH 462 | Validation MSE: G1: 0.00032459, G2: 0.00043612, G3: 0.00030890 
2025-04-15 16:07:54,226  INFO  EPOCH 463 | Validation MSE: G1: 0.00032471, G2: 0.00043612, G3: 0.00030829 
2025-04-15 16:07:55,699  INFO  EPOCH 464 | Validation MSE: G1: 0.00032478, G2: 0.00043611, G3: 0.00030850 
2025-04-15 16:07:57,239  INFO  EPOCH 465 | Validation MSE: G1: 0.00032473, G2: 0.00043611, G3: 0.00030908 
2025-04-15 16:07:58,700  INFO  EPOCH 466 | Validation MSE: G1: 0.00032469, G2: 0.00043612, G3: 0.00030960 
2025-04-15 16:08:00,322  INFO  EPOCH 467 | Validation MSE: G1: 0.00032462, G2: 0.00043612, G3: 0.00030907 
2025-04-15 16:08:01,856  INFO  EPOCH 468 | Validation MSE: G1: 0.00032456, G2: 0.00043613, G3: 0.00030960 
2025-04-15 16:08:03,401  INFO  EPOCH 469 | Validation MSE: G1: 0.00032453, G2: 0.00043613, G3: 0.00031032 
2025-04-15 16:08:04,876  INFO  EPOCH 470 | Validation MSE: G1: 0.00032458, G2: 0.00043612, G3: 0.00030992 
2025-04-15 16:08:06,434  INFO  Do distill 1 epoch! Distill from G3 to G2
2025-04-15 16:08:07,019  INFO  == Cross finetune Epoch [1/10000]: G3: Validation MSE 0.00030905
2025-04-15 16:08:07,530  INFO  == Cross finetune Epoch [2/10000]: G3: Validation MSE 0.00030911
2025-04-15 16:08:08,068  INFO  == Cross finetune Epoch [3/10000]: G3: Validation MSE 0.00030932
2025-04-15 16:08:08,583  INFO  == Cross finetune Epoch [4/10000]: G3: Validation MSE 0.00030948
2025-04-15 16:08:09,063  INFO  == Cross finetune Epoch [5/10000]: G3: Validation MSE 0.00030964
2025-04-15 16:08:09,063  INFO  EPOCH 471 | Validation MSE: G1: 0.00032466, G2: 0.00043612, G3: 0.00030947 
2025-04-15 16:08:10,699  INFO  EPOCH 472 | Validation MSE: G1: 0.00032469, G2: 0.00043614, G3: 0.00031318 
2025-04-15 16:08:12,306  INFO  EPOCH 473 | Validation MSE: G1: 0.00032462, G2: 0.00043613, G3: 0.00031267 
2025-04-15 16:08:13,700  INFO  EPOCH 474 | Validation MSE: G1: 0.00032468, G2: 0.00043615, G3: 0.00031121 
2025-04-15 16:08:15,137  INFO  EPOCH 475 | Validation MSE: G1: 0.00032467, G2: 0.00043614, G3: 0.00031079 
2025-04-15 16:08:16,455  INFO  EPOCH 476 | Validation MSE: G1: 0.00032469, G2: 0.00043615, G3: 0.00031028 
2025-04-15 16:08:17,921  INFO  EPOCH 477 | Validation MSE: G1: 0.00032472, G2: 0.00043615, G3: 0.00030957 
2025-04-15 16:08:19,300  INFO  EPOCH 478 | Validation MSE: G1: 0.00032486, G2: 0.00043613, G3: 0.00030964 
2025-04-15 16:08:20,761  INFO  EPOCH 479 | Validation MSE: G1: 0.00032500, G2: 0.00043615, G3: 0.00031016 
2025-04-15 16:08:22,166  INFO  EPOCH 480 | Validation MSE: G1: 0.00032506, G2: 0.00043615, G3: 0.00030990 
2025-04-15 16:08:23,583  INFO  Do distill 1 epoch! Distill from G3 to G2
2025-04-15 16:08:24,112  INFO  == Cross finetune Epoch [1/10000]: G3: Validation MSE 0.00030936
2025-04-15 16:08:24,524  INFO  == Cross finetune Epoch [2/10000]: G3: Validation MSE 0.00030872
2025-04-15 16:08:24,884  INFO  == Cross finetune Epoch [3/10000]: G3: Validation MSE 0.00030824
2025-04-15 16:08:25,247  INFO  == Cross finetune Epoch [4/10000]: G3: Validation MSE 0.00030798
2025-04-15 16:08:25,761  INFO  == Cross finetune Epoch [5/10000]: G3: Validation MSE 0.00030749
2025-04-15 16:08:25,762  INFO  EPOCH 481 | Validation MSE: G1: 0.00032515, G2: 0.00043616, G3: 0.00031000 
2025-04-15 16:08:27,386  INFO  EPOCH 482 | Validation MSE: G1: 0.00032513, G2: 0.00043617, G3: 0.00030911 
2025-04-15 16:08:29,043  INFO  EPOCH 483 | Validation MSE: G1: 0.00032522, G2: 0.00043616, G3: 0.00030931 
2025-04-15 16:08:30,522  INFO  EPOCH 484 | Validation MSE: G1: 0.00032504, G2: 0.00043617, G3: 0.00030901 
2025-04-15 16:08:31,874  INFO  EPOCH 485 | Validation MSE: G1: 0.00032502, G2: 0.00043617, G3: 0.00030816 
2025-04-15 16:08:33,328  INFO  EPOCH 486 | Validation MSE: G1: 0.00032504, G2: 0.00043619, G3: 0.00030826 
2025-04-15 16:08:34,749  INFO  EPOCH 487 | Validation MSE: G1: 0.00032510, G2: 0.00043617, G3: 0.00030865 
2025-04-15 16:08:36,199  INFO  EPOCH 488 | Validation MSE: G1: 0.00032500, G2: 0.00043618, G3: 0.00030829 
2025-04-15 16:08:37,549  INFO  EPOCH 489 | Validation MSE: G1: 0.00032509, G2: 0.00043618, G3: 0.00030785 
2025-04-15 16:08:39,042  INFO  EPOCH 490 | Validation MSE: G1: 0.00032518, G2: 0.00043618, G3: 0.00030817 
2025-04-15 16:08:40,370  INFO  Do distill 1 epoch! Distill from G3 to G2
2025-04-15 16:08:40,975  INFO  == Cross finetune Epoch [1/10000]: G3: Validation MSE 0.00030745
2025-04-15 16:08:41,415  INFO  == Cross finetune Epoch [2/10000]: G3: Validation MSE 0.00030767
2025-04-15 16:08:41,818  INFO  == Cross finetune Epoch [3/10000]: G3: Validation MSE 0.00030848
2025-04-15 16:08:42,246  INFO  == Cross finetune Epoch [4/10000]: G3: Validation MSE 0.00030820
2025-04-15 16:08:42,618  INFO  == Cross finetune Epoch [5/10000]: G3: Validation MSE 0.00030827
2025-04-15 16:08:42,618  INFO  EPOCH 491 | Validation MSE: G1: 0.00032531, G2: 0.00043619, G3: 0.00030777 
2025-04-15 16:08:44,076  INFO  EPOCH 492 | Validation MSE: G1: 0.00032524, G2: 0.00043619, G3: 0.00030947 
2025-04-15 16:08:47,744  INFO  G1 best epoch: 454
2025-04-15 16:08:47,744  INFO  G2 best epoch: 198
2025-04-15 16:08:47,744  INFO  G3 best epoch: 491
2025-04-15 16:08:48,417  INFO  Train Metrics for G1: MSE=0.0077, MAE=0.0556, RMSE=0.0880, MAPE=1.0613
2025-04-15 16:08:49,147  INFO  Train Metrics for G2: MSE=0.0105, MAE=0.0716, RMSE=0.1023, MAPE=1.3883
2025-04-15 16:08:50,076  INFO  Train Metrics for G3: MSE=0.0048, MAE=0.0483, RMSE=0.0692, MAPE=0.9351
2025-04-15 16:08:50,720  INFO  Test Metrics for G1: MSE=0.0043, MAE=0.0453, RMSE=0.0659, MAPE=0.9137
2025-04-15 16:08:51,397  INFO  Test Metrics for G2: MSE=0.0058, MAE=0.0550, RMSE=0.0759, MAPE=1.1112
2025-04-15 16:08:52,092  INFO  Test Metrics for G3: MSE=0.0041, MAE=0.0463, RMSE=0.0643, MAPE=0.9288
