2025-04-17 14:02:13,613  INFO  ARGS = {
  "notes": "设置从cross 5--1，设置更小的软目标权重，设置了更大的mse lambda，取消了首轮的cross",
  "data_path": "database/processed_黄金_day.csv",
  "output_dir": "out_put/multi",
  "ckpt_dir": "ckpt",
  "feature_columns": [
    2,
    3,
    4,
    5,
    6,
    7,
    8,
    9,
    10,
    11,
    12,
    13,
    14,
    15,
    16,
    17,
    18,
    19,
    1
  ],
  "target_columns": [
    [
      1
    ]
  ],
  "start_timestamp": 31,
  "end_timestamp": -1,
  "window_sizes": [
    5,
    10,
    15
  ],
  "N_pairs": 3,
  "num_classes": 3,
  "generators": [
    "gru",
    "lstm",
    "transformer"
  ],
  "discriminators": null,
  "distill_epochs": 1,
  "cross_finetune_epochs": 1,
  "device": [
    0
  ],
  "num_epochs": 10000,
  "lr": 2e-05,
  "batch_size": 64,
  "train_split": 0.7,
  "random_seed": 3407,
  "amp_dtype": "none",
  "mode": "train",
  "ckpt_path": "lastest"
}
2025-04-17 14:02:15,899  INFO  EPOCH 1 | Validation MSE: G1: 0.87745953, G2: 1.10062551, G3: 0.42906526 
2025-04-17 14:02:17,863  INFO  EPOCH 2 | Validation MSE: G1: 0.76422060, G2: 1.05939198, G3: 0.06326332 
2025-04-17 14:02:19,785  INFO  EPOCH 3 | Validation MSE: G1: 0.65632164, G2: 1.01852226, G3: 0.04149954 
2025-04-17 14:02:21,725  INFO  EPOCH 4 | Validation MSE: G1: 0.55016601, G2: 0.97651052, G3: 0.04407031 
2025-04-17 14:02:23,509  INFO  EPOCH 5 | Validation MSE: G1: 0.44768068, G2: 0.93206221, G3: 0.03806164 
2025-04-17 14:02:25,276  INFO  EPOCH 6 | Validation MSE: G1: 0.35482553, G2: 0.88421786, G3: 0.04021437 
2025-04-17 14:02:27,042  INFO  EPOCH 7 | Validation MSE: G1: 0.27659619, G2: 0.83096939, G3: 0.03636995 
2025-04-17 14:02:28,908  INFO  EPOCH 8 | Validation MSE: G1: 0.22087440, G2: 0.77203995, G3: 0.03832797 
2025-04-17 14:02:30,827  INFO  EPOCH 9 | Validation MSE: G1: 0.18097803, G2: 0.70316190, G3: 0.03789888 
2025-04-17 14:02:32,845  INFO  EPOCH 10 | Validation MSE: G1: 0.15172705, G2: 0.62374330, G3: 0.03207585 
2025-04-17 14:02:34,704  INFO  EPOCH 11 | Validation MSE: G1: 0.13164681, G2: 0.53788936, G3: 0.02962266 
2025-04-17 14:02:36,624  INFO  EPOCH 12 | Validation MSE: G1: 0.11674936, G2: 0.45636839, G3: 0.03287591 
2025-04-17 14:02:38,691  INFO  EPOCH 13 | Validation MSE: G1: 0.10997857, G2: 0.40645513, G3: 0.03041333 
2025-04-17 14:02:40,810  INFO  EPOCH 14 | Validation MSE: G1: 0.10129767, G2: 0.37899202, G3: 0.03024044 
2025-04-17 14:02:42,688  INFO  EPOCH 15 | Validation MSE: G1: 0.09859495, G2: 0.37087411, G3: 0.03048131 
2025-04-17 14:02:44,798  INFO  EPOCH 16 | Validation MSE: G1: 0.09731513, G2: 0.37099031, G3: 0.02838121 
2025-04-17 14:02:46,680  INFO  EPOCH 17 | Validation MSE: G1: 0.10157490, G2: 0.37864497, G3: 0.02670692 
2025-04-17 14:02:48,868  INFO  EPOCH 18 | Validation MSE: G1: 0.10480446, G2: 0.38943690, G3: 0.02667862 
2025-04-17 14:02:50,621  INFO  EPOCH 19 | Validation MSE: G1: 0.10033489, G2: 0.39123201, G3: 0.02357963 
2025-04-17 14:02:52,496  INFO  EPOCH 20 | Validation MSE: G1: 0.10449533, G2: 0.38893861, G3: 0.02873351 
2025-04-17 14:02:54,270  INFO  EPOCH 21 | Validation MSE: G1: 0.09913350, G2: 0.37558416, G3: 0.02554708 
2025-04-17 14:02:56,478  INFO  EPOCH 22 | Validation MSE: G1: 0.09593397, G2: 0.35607830, G3: 0.02896830 
2025-04-17 14:02:58,752  INFO  EPOCH 23 | Validation MSE: G1: 0.09499977, G2: 0.35093006, G3: 0.02693260 
2025-04-17 14:03:00,558  INFO  EPOCH 24 | Validation MSE: G1: 0.09000765, G2: 0.32081616, G3: 0.02407780 
2025-04-17 14:03:02,395  INFO  EPOCH 25 | Validation MSE: G1: 0.08081517, G2: 0.29818660, G3: 0.02601367 
2025-04-17 14:03:04,129  INFO  EPOCH 26 | Validation MSE: G1: 0.08025829, G2: 0.27418777, G3: 0.02491508 
2025-04-17 14:03:05,874  INFO  EPOCH 27 | Validation MSE: G1: 0.07210852, G2: 0.24239385, G3: 0.02881264 
2025-04-17 14:03:07,475  INFO  EPOCH 28 | Validation MSE: G1: 0.07350977, G2: 0.22090030, G3: 0.02668061 
2025-04-17 14:03:09,506  INFO  EPOCH 29 | Validation MSE: G1: 0.06864542, G2: 0.19845207, G3: 0.03076400 
2025-04-17 14:03:11,361  INFO  EPOCH 30 | Validation MSE: G1: 0.06723616, G2: 0.16334146, G3: 0.02788077 
2025-04-17 14:03:13,554  INFO  EPOCH 31 | Validation MSE: G1: 0.06298884, G2: 0.13392244, G3: 0.02653491 
2025-04-17 14:03:15,651  INFO  EPOCH 32 | Validation MSE: G1: 0.06323023, G2: 0.12631962, G3: 0.02683145 
2025-04-17 14:03:17,619  INFO  EPOCH 33 | Validation MSE: G1: 0.06075880, G2: 0.09608031, G3: 0.02480101 
2025-04-17 14:03:19,272  INFO  EPOCH 34 | Validation MSE: G1: 0.05774855, G2: 0.07542282, G3: 0.02466841 
2025-04-17 14:03:20,919  INFO  EPOCH 35 | Validation MSE: G1: 0.05469447, G2: 0.06062054, G3: 0.02839415 
2025-04-17 14:03:22,591  INFO  EPOCH 36 | Validation MSE: G1: 0.05045739, G2: 0.04172015, G3: 0.02876304 
2025-04-17 14:03:24,218  INFO  EPOCH 37 | Validation MSE: G1: 0.05341321, G2: 0.04024086, G3: 0.02691966 
2025-04-17 14:03:25,878  INFO  EPOCH 38 | Validation MSE: G1: 0.05299430, G2: 0.03044980, G3: 0.02672277 
2025-04-17 14:03:27,589  INFO  EPOCH 39 | Validation MSE: G1: 0.04834728, G2: 0.02664959, G3: 0.02710815 
2025-04-17 14:03:29,307  INFO  EPOCH 40 | Validation MSE: G1: 0.04628386, G2: 0.02352123, G3: 0.02612606 
2025-04-17 14:03:30,965  INFO  EPOCH 41 | Validation MSE: G1: 0.05001559, G2: 0.02051331, G3: 0.02634450 
2025-04-17 14:03:32,772  INFO  EPOCH 42 | Validation MSE: G1: 0.04581377, G2: 0.01960683, G3: 0.02720136 
2025-04-17 14:03:34,381  INFO  EPOCH 43 | Validation MSE: G1: 0.04267403, G2: 0.01897003, G3: 0.02539181 
2025-04-17 14:03:36,017  INFO  EPOCH 44 | Validation MSE: G1: 0.04324548, G2: 0.01756852, G3: 0.02639895 
2025-04-17 14:03:37,632  INFO  EPOCH 45 | Validation MSE: G1: 0.04066634, G2: 0.01662161, G3: 0.02583721 
2025-04-17 14:03:39,217  INFO  EPOCH 46 | Validation MSE: G1: 0.03991314, G2: 0.01608802, G3: 0.02570729 
2025-04-17 14:03:40,807  INFO  EPOCH 47 | Validation MSE: G1: 0.03808983, G2: 0.01671065, G3: 0.02520256 
2025-04-17 14:03:42,488  INFO  EPOCH 48 | Validation MSE: G1: 0.03926904, G2: 0.01654236, G3: 0.02637289 
2025-04-17 14:03:44,061  INFO  EPOCH 49 | Validation MSE: G1: 0.03832060, G2: 0.01580926, G3: 0.02563893 
2025-04-17 14:03:45,617  INFO  EPOCH 50 | Validation MSE: G1: 0.03814104, G2: 0.01653557, G3: 0.02539419 
2025-04-17 14:03:47,407  INFO  EPOCH 51 | Validation MSE: G1: 0.03861247, G2: 0.01655758, G3: 0.02692860 
2025-04-17 14:03:49,097  INFO  EPOCH 52 | Validation MSE: G1: 0.03617668, G2: 0.01588184, G3: 0.02615951 
2025-04-17 14:03:51,034  INFO  EPOCH 53 | Validation MSE: G1: 0.03532396, G2: 0.01583641, G3: 0.02604058 
2025-04-17 14:03:53,006  INFO  EPOCH 54 | Validation MSE: G1: 0.03594951, G2: 0.01660631, G3: 0.02627611 
2025-04-17 14:03:54,846  INFO  EPOCH 55 | Validation MSE: G1: 0.03355423, G2: 0.01618554, G3: 0.02632811 
2025-04-17 14:03:56,592  INFO  EPOCH 56 | Validation MSE: G1: 0.03303757, G2: 0.01682142, G3: 0.02626674 
2025-04-17 14:03:58,405  INFO  EPOCH 57 | Validation MSE: G1: 0.03330828, G2: 0.01688640, G3: 0.02623125 
2025-04-17 14:04:00,406  INFO  EPOCH 58 | Validation MSE: G1: 0.03365711, G2: 0.01727726, G3: 0.02618558 
2025-04-17 14:04:02,371  INFO  EPOCH 59 | Validation MSE: G1: 0.03057558, G2: 0.01692037, G3: 0.02621062 
2025-04-17 14:04:04,574  INFO  EPOCH 60 | Validation MSE: G1: 0.03186781, G2: 0.01726315, G3: 0.02621540 
2025-04-17 14:04:06,660  INFO  EPOCH 61 | Validation MSE: G1: 0.03300127, G2: 0.01603716, G3: 0.02613842 
2025-04-17 14:04:09,080  INFO  EPOCH 62 | Validation MSE: G1: 0.03067860, G2: 0.01631820, G3: 0.02633867 
2025-04-17 14:04:11,231  INFO  EPOCH 63 | Validation MSE: G1: 0.02978984, G2: 0.01576067, G3: 0.02647182 
2025-04-17 14:04:12,978  INFO  EPOCH 64 | Validation MSE: G1: 0.03012145, G2: 0.01600851, G3: 0.02654221 
2025-04-17 14:04:14,635  INFO  EPOCH 65 | Validation MSE: G1: 0.03035996, G2: 0.01690331, G3: 0.02639919 
2025-04-17 14:04:16,934  INFO  EPOCH 66 | Validation MSE: G1: 0.03001954, G2: 0.01668987, G3: 0.02632689 
2025-04-17 14:04:18,805  INFO  EPOCH 67 | Validation MSE: G1: 0.02880187, G2: 0.01807948, G3: 0.02641942 
2025-04-17 14:04:20,655  INFO  EPOCH 68 | Validation MSE: G1: 0.02735893, G2: 0.01561822, G3: 0.02636546 
2025-04-17 14:04:22,320  INFO  EPOCH 69 | Validation MSE: G1: 0.02795646, G2: 0.01813270, G3: 0.02638236 
2025-04-17 14:04:24,563  INFO  EPOCH 70 | Validation MSE: G1: 0.02597027, G2: 0.01566618, G3: 0.02657551 
2025-04-17 14:04:26,296  INFO  EPOCH 71 | Validation MSE: G1: 0.02582745, G2: 0.01540561, G3: 0.02653201 
2025-04-17 14:04:27,991  INFO  EPOCH 72 | Validation MSE: G1: 0.02636307, G2: 0.01600006, G3: 0.02647853 
2025-04-17 14:04:29,671  INFO  EPOCH 73 | Validation MSE: G1: 0.02572953, G2: 0.01559191, G3: 0.02638400 
2025-04-17 14:04:31,266  INFO  EPOCH 74 | Validation MSE: G1: 0.02568932, G2: 0.01634838, G3: 0.02622321 
2025-04-17 14:04:33,167  INFO  EPOCH 75 | Validation MSE: G1: 0.02604347, G2: 0.01575344, G3: 0.02630095 
2025-04-17 14:04:34,779  INFO  EPOCH 76 | Validation MSE: G1: 0.02499573, G2: 0.01635504, G3: 0.02646600 
2025-04-17 14:04:36,588  INFO  EPOCH 77 | Validation MSE: G1: 0.02535340, G2: 0.01723792, G3: 0.02650592 
2025-04-17 14:04:38,388  INFO  EPOCH 78 | Validation MSE: G1: 0.02346486, G2: 0.01618807, G3: 0.02649103 
2025-04-17 14:04:40,168  INFO  EPOCH 79 | Validation MSE: G1: 0.02311225, G2: 0.01620059, G3: 0.02649577 
2025-04-17 14:04:41,751  INFO  EPOCH 80 | Validation MSE: G1: 0.02321315, G2: 0.01545742, G3: 0.02657853 
2025-04-17 14:04:43,444  INFO  EPOCH 81 | Validation MSE: G1: 0.02286494, G2: 0.01610408, G3: 0.02656011 
2025-04-17 14:04:45,108  INFO  EPOCH 82 | Validation MSE: G1: 0.02296678, G2: 0.01724430, G3: 0.02654594 
2025-04-17 14:04:47,150  INFO  EPOCH 83 | Validation MSE: G1: 0.02443489, G2: 0.01701781, G3: 0.02655633 
2025-04-17 14:04:49,066  INFO  EPOCH 84 | Validation MSE: G1: 0.02363364, G2: 0.01571294, G3: 0.02658152 
2025-04-17 14:04:50,897  INFO  EPOCH 85 | Validation MSE: G1: 0.02372174, G2: 0.01583167, G3: 0.02663903 
2025-04-17 14:04:53,049  INFO  EPOCH 86 | Validation MSE: G1: 0.02273437, G2: 0.01569136, G3: 0.02657120 
2025-04-17 14:04:54,714  INFO  EPOCH 87 | Validation MSE: G1: 0.02100107, G2: 0.01610697, G3: 0.02654465 
2025-04-17 14:04:56,403  INFO  EPOCH 88 | Validation MSE: G1: 0.02060159, G2: 0.01555909, G3: 0.02649788 
2025-04-17 14:04:58,087  INFO  EPOCH 89 | Validation MSE: G1: 0.02108842, G2: 0.01577335, G3: 0.02648329 
2025-04-17 14:04:59,796  INFO  EPOCH 90 | Validation MSE: G1: 0.02144521, G2: 0.01591967, G3: 0.02658933 
2025-04-17 14:05:01,770  INFO  EPOCH 91 | Validation MSE: G1: 0.02189376, G2: 0.01585246, G3: 0.02662092 
2025-04-17 14:05:03,650  INFO  EPOCH 92 | Validation MSE: G1: 0.02030154, G2: 0.01586466, G3: 0.02661116 
2025-04-17 14:05:05,383  INFO  EPOCH 93 | Validation MSE: G1: 0.02024010, G2: 0.01581338, G3: 0.02669482 
2025-04-17 14:05:07,108  INFO  EPOCH 94 | Validation MSE: G1: 0.02023662, G2: 0.01593376, G3: 0.02675636 
2025-04-17 14:05:08,932  INFO  EPOCH 95 | Validation MSE: G1: 0.01970608, G2: 0.01593005, G3: 0.02680502 
2025-04-17 14:05:10,646  INFO  EPOCH 96 | Validation MSE: G1: 0.01869701, G2: 0.01588095, G3: 0.02678898 
2025-04-17 14:05:12,399  INFO  EPOCH 97 | Validation MSE: G1: 0.02049990, G2: 0.01589080, G3: 0.02666731 
2025-04-17 14:05:14,366  INFO  EPOCH 98 | Validation MSE: G1: 0.01933219, G2: 0.01576464, G3: 0.02670160 
2025-04-17 14:05:16,292  INFO  EPOCH 99 | Validation MSE: G1: 0.01998354, G2: 0.01582294, G3: 0.02669781 
2025-04-17 14:05:18,131  INFO  EPOCH 100 | Validation MSE: G1: 0.02060185, G2: 0.01602244, G3: 0.02672362 
2025-04-17 14:05:19,727  INFO  EPOCH 101 | Validation MSE: G1: 0.02002200, G2: 0.01596783, G3: 0.02663201 
2025-04-17 14:05:21,334  INFO  EPOCH 102 | Validation MSE: G1: 0.01889539, G2: 0.01589732, G3: 0.02649673 
2025-04-17 14:05:22,983  INFO  EPOCH 103 | Validation MSE: G1: 0.01878467, G2: 0.01581300, G3: 0.02647304 
2025-04-17 14:05:24,609  INFO  EPOCH 104 | Validation MSE: G1: 0.01839058, G2: 0.01593031, G3: 0.02658016 
2025-04-17 14:05:26,341  INFO  EPOCH 105 | Validation MSE: G1: 0.01821936, G2: 0.01588747, G3: 0.02673776 
2025-04-17 14:05:27,877  INFO  EPOCH 106 | Validation MSE: G1: 0.01733330, G2: 0.01588785, G3: 0.02675257 
2025-04-17 14:05:29,557  INFO  EPOCH 107 | Validation MSE: G1: 0.01898471, G2: 0.01588889, G3: 0.02666904 
2025-04-17 14:05:31,160  INFO  EPOCH 108 | Validation MSE: G1: 0.01929993, G2: 0.01589285, G3: 0.02673352 
2025-04-17 14:05:32,763  INFO  EPOCH 109 | Validation MSE: G1: 0.01810292, G2: 0.01589856, G3: 0.02675945 
2025-04-17 14:05:34,279  INFO  EPOCH 110 | Validation MSE: G1: 0.01964477, G2: 0.01589458, G3: 0.02677434 
2025-04-17 14:05:35,861  INFO  EPOCH 111 | Validation MSE: G1: 0.01861258, G2: 0.01589255, G3: 0.02669169 
2025-04-17 14:05:37,466  INFO  EPOCH 112 | Validation MSE: G1: 0.01903245, G2: 0.01589387, G3: 0.02665401 
2025-04-17 14:05:39,123  INFO  EPOCH 113 | Validation MSE: G1: 0.01875255, G2: 0.01590267, G3: 0.02675007 
2025-04-17 14:05:40,775  INFO  EPOCH 114 | Validation MSE: G1: 0.01851912, G2: 0.01589572, G3: 0.02677374 
2025-04-17 14:05:42,321  INFO  EPOCH 115 | Validation MSE: G1: 0.01835405, G2: 0.01590483, G3: 0.02678531 
2025-04-17 14:05:44,323  INFO  EPOCH 116 | Validation MSE: G1: 0.01847588, G2: 0.01590174, G3: 0.02678046 
2025-04-17 14:05:46,419  INFO  EPOCH 117 | Validation MSE: G1: 0.01840374, G2: 0.01589544, G3: 0.02697434 
2025-04-17 14:05:48,518  INFO  EPOCH 118 | Validation MSE: G1: 0.01801651, G2: 0.01590376, G3: 0.02687811 
2025-04-17 14:05:50,705  INFO  EPOCH 119 | Validation MSE: G1: 0.01771598, G2: 0.01589990, G3: 0.02687643 
2025-04-17 14:05:53,033  INFO  EPOCH 120 | Validation MSE: G1: 0.01762567, G2: 0.01590228, G3: 0.02687286 
2025-04-17 14:05:55,182  INFO  EPOCH 121 | Validation MSE: G1: 0.01748407, G2: 0.01590361, G3: 0.02690991 
2025-04-17 14:05:58,448  INFO  G1 best epoch: 106
2025-04-17 14:05:58,448  INFO  G2 best epoch: 71
2025-04-17 14:05:58,448  INFO  G3 best epoch: 19
2025-04-17 14:05:59,047  INFO  Train Metrics for G1: MSE=17.0495, MAE=2.8432, RMSE=4.1291, MAPE=0.9759
2025-04-17 14:05:59,704  INFO  Train Metrics for G2: MSE=39.5546, MAE=4.3883, RMSE=6.2892, MAPE=1.5418
2025-04-17 14:06:00,748  INFO  Train Metrics for G3: MSE=38.4450, MAE=5.1258, RMSE=6.2004, MAPE=1.7227
2025-04-17 14:06:01,369  INFO  Test Metrics for G1: MSE=939.5542, MAE=18.4309, RMSE=30.6521, MAPE=3.4450
2025-04-17 14:06:02,237  INFO  Test Metrics for G2: MSE=835.0634, MAE=16.8660, RMSE=28.8975, MAPE=3.1741
2025-04-17 14:06:02,835  INFO  Test Metrics for G3: MSE=1278.1370, MAE=21.6115, RMSE=35.7510, MAPE=4.1163
