2025-04-14 16:51:54,960  INFO  ARGS = {
  "notes": "消融看看不要distill和cross ft",
  "data_path": "database/process_工商银行.csv",
  "output_dir": "out_put/multi",
  "ckpt_dir": "ckpt",
  "feature_columns": [
    2,
    3,
    4,
    5,
    6,
    7,
    8,
    9,
    10,
    11,
    12,
    13,
    14,
    15,
    16,
    17,
    18,
    19,
    20,
    21,
    22,
    23,
    1
  ],
  "target_columns": [
    [
      1
    ]
  ],
  "start_timestamp": 1,
  "end_timestamp": 2400,
  "window_sizes": [
    5,
    10,
    15
  ],
  "N_pairs": 3,
  "generators": [
    "gru",
    "lstm",
    "transformer"
  ],
  "discriminators": null,
  "distill": true,
  "cross_finetune": true,
  "device": [
    0
  ],
  "num_epochs": 10000,
  "lr": 2e-05,
  "batch_size": 64,
  "train_split": 0.7,
  "random_seed": 3407,
  "mode": "train",
  "ckpt_path": "lastest"
}
2025-04-14 16:51:57,618  INFO  == Cross finetune Epoch [1/10000]: G3: Validation MSE 0.01107053
2025-04-14 16:51:57,642  INFO  == Cross finetune Epoch [2/10000]: G3: Validation MSE 0.01048085
2025-04-14 16:51:57,680  INFO  == Cross finetune Epoch [3/10000]: G3: Validation MSE 0.00969558
2025-04-14 16:51:57,704  INFO  == Cross finetune Epoch [4/10000]: G3: Validation MSE 0.00893727
2025-04-14 16:51:57,732  INFO  == Cross finetune Epoch [5/10000]: G3: Validation MSE 0.00854045
2025-04-14 16:51:57,733  INFO  EPOCH 1 | Validation MSE: G1: 0.06864696, G2: 0.12163097, G3: 0.01151455 
2025-04-14 16:51:59,045  INFO  EPOCH 2 | Validation MSE: G1: 0.05103412, G2: 0.10715184, G3: 0.00461797 
2025-04-14 16:52:00,460  INFO  EPOCH 3 | Validation MSE: G1: 0.03669256, G2: 0.09631915, G3: 0.00131562 
2025-04-14 16:52:01,793  INFO  EPOCH 4 | Validation MSE: G1: 0.02556713, G2: 0.08616734, G3: 0.00183646 
2025-04-14 16:52:03,157  INFO  EPOCH 5 | Validation MSE: G1: 0.01767348, G2: 0.07641602, G3: 0.00162440 
2025-04-14 16:52:04,521  INFO  EPOCH 6 | Validation MSE: G1: 0.01273283, G2: 0.06671874, G3: 0.00097268 
2025-04-14 16:52:06,035  INFO  EPOCH 7 | Validation MSE: G1: 0.01037040, G2: 0.05712387, G3: 0.00096192 
2025-04-14 16:52:07,345  INFO  EPOCH 8 | Validation MSE: G1: 0.00956191, G2: 0.04792543, G3: 0.00109132 
2025-04-14 16:52:08,717  INFO  EPOCH 9 | Validation MSE: G1: 0.00929853, G2: 0.03904444, G3: 0.00071230 
2025-04-14 16:52:10,082  INFO  EPOCH 10 | Validation MSE: G1: 0.00912777, G2: 0.03128020, G3: 0.00089430 
2025-04-14 16:52:11,659  INFO  == Cross finetune Epoch [1/10000]: G3: Validation MSE 0.00095329
2025-04-14 16:52:11,685  INFO  == Cross finetune Epoch [2/10000]: G3: Validation MSE 0.00068074
2025-04-14 16:52:11,714  INFO  == Cross finetune Epoch [3/10000]: G3: Validation MSE 0.00052831
2025-04-14 16:52:11,738  INFO  == Cross finetune Epoch [4/10000]: G3: Validation MSE 0.00050957
2025-04-14 16:52:11,767  INFO  == Cross finetune Epoch [5/10000]: G3: Validation MSE 0.00091396
2025-04-14 16:52:11,768  INFO  EPOCH 11 | Validation MSE: G1: 0.00881252, G2: 0.02602949, G3: 0.00111317 
2025-04-14 16:52:13,136  INFO  EPOCH 12 | Validation MSE: G1: 0.00843172, G2: 0.02399552, G3: 0.00054337 
2025-04-14 16:52:14,472  INFO  EPOCH 13 | Validation MSE: G1: 0.00780838, G2: 0.02549026, G3: 0.00053436 
2025-04-14 16:52:15,775  INFO  EPOCH 14 | Validation MSE: G1: 0.00717467, G2: 0.02885182, G3: 0.00037363 
2025-04-14 16:52:17,084  INFO  EPOCH 15 | Validation MSE: G1: 0.00655906, G2: 0.03068545, G3: 0.00035894 
2025-04-14 16:52:18,444  INFO  EPOCH 16 | Validation MSE: G1: 0.00606246, G2: 0.03174049, G3: 0.00091017 
2025-04-14 16:52:19,797  INFO  EPOCH 17 | Validation MSE: G1: 0.00544402, G2: 0.03033557, G3: 0.00047600 
2025-04-14 16:52:21,147  INFO  EPOCH 18 | Validation MSE: G1: 0.00486757, G2: 0.02920053, G3: 0.00035987 
2025-04-14 16:52:22,485  INFO  EPOCH 19 | Validation MSE: G1: 0.00442063, G2: 0.02834241, G3: 0.00033042 
2025-04-14 16:52:23,806  INFO  EPOCH 20 | Validation MSE: G1: 0.00388752, G2: 0.02692948, G3: 0.00051246 
2025-04-14 16:52:25,368  INFO  == Cross finetune Epoch [1/10000]: G3: Validation MSE 0.00043273
2025-04-14 16:52:25,398  INFO  == Cross finetune Epoch [2/10000]: G3: Validation MSE 0.00046150
2025-04-14 16:52:25,432  INFO  == Cross finetune Epoch [3/10000]: G3: Validation MSE 0.00041672
2025-04-14 16:52:25,461  INFO  == Cross finetune Epoch [4/10000]: G3: Validation MSE 0.00031001
2025-04-14 16:52:25,492  INFO  == Cross finetune Epoch [5/10000]: G3: Validation MSE 0.00033602
2025-04-14 16:52:25,492  INFO  EPOCH 21 | Validation MSE: G1: 0.00333811, G2: 0.02561210, G3: 0.00052859 
2025-04-14 16:52:26,848  INFO  EPOCH 22 | Validation MSE: G1: 0.00302837, G2: 0.02156847, G3: 0.00032551 
2025-04-14 16:52:28,241  INFO  EPOCH 23 | Validation MSE: G1: 0.00276452, G2: 0.02397904, G3: 0.00050647 
2025-04-14 16:52:29,631  INFO  EPOCH 24 | Validation MSE: G1: 0.00238636, G2: 0.02319311, G3: 0.00057990 
2025-04-14 16:52:31,053  INFO  EPOCH 25 | Validation MSE: G1: 0.00203647, G2: 0.02303245, G3: 0.00047686 
2025-04-14 16:52:32,446  INFO  EPOCH 26 | Validation MSE: G1: 0.00186627, G2: 0.02214718, G3: 0.00030267 
2025-04-14 16:52:33,811  INFO  EPOCH 27 | Validation MSE: G1: 0.00163348, G2: 0.02196392, G3: 0.00049021 
2025-04-14 16:52:35,637  INFO  EPOCH 28 | Validation MSE: G1: 0.00141850, G2: 0.02182944, G3: 0.00076142 
2025-04-14 16:52:37,223  INFO  EPOCH 29 | Validation MSE: G1: 0.00128044, G2: 0.02114210, G3: 0.00033501 
2025-04-14 16:52:39,170  INFO  EPOCH 30 | Validation MSE: G1: 0.00106569, G2: 0.02072165, G3: 0.00048605 
2025-04-14 16:52:40,817  INFO  == Cross finetune Epoch [1/10000]: G3: Validation MSE 0.00045937
2025-04-14 16:52:40,844  INFO  == Cross finetune Epoch [2/10000]: G3: Validation MSE 0.00044906
2025-04-14 16:52:40,870  INFO  == Cross finetune Epoch [3/10000]: G3: Validation MSE 0.00037687
2025-04-14 16:52:40,898  INFO  == Cross finetune Epoch [4/10000]: G3: Validation MSE 0.00034649
2025-04-14 16:52:40,929  INFO  == Cross finetune Epoch [5/10000]: G3: Validation MSE 0.00035227
2025-04-14 16:52:40,930  INFO  EPOCH 31 | Validation MSE: G1: 0.00095170, G2: 0.02026073, G3: 0.00039281 
2025-04-14 16:52:42,441  INFO  EPOCH 32 | Validation MSE: G1: 0.00099734, G2: 0.01790681, G3: 0.00051592 
2025-04-14 16:52:43,889  INFO  EPOCH 33 | Validation MSE: G1: 0.00075912, G2: 0.02045112, G3: 0.00055542 
2025-04-14 16:52:45,466  INFO  EPOCH 34 | Validation MSE: G1: 0.00071851, G2: 0.01868094, G3: 0.00084352 
2025-04-14 16:52:46,940  INFO  EPOCH 35 | Validation MSE: G1: 0.00060738, G2: 0.01866098, G3: 0.00075126 
2025-04-14 16:52:48,381  INFO  EPOCH 36 | Validation MSE: G1: 0.00053908, G2: 0.01836207, G3: 0.00094045 
2025-04-14 16:52:49,800  INFO  EPOCH 37 | Validation MSE: G1: 0.00054505, G2: 0.01721866, G3: 0.00105418 
2025-04-14 16:52:51,155  INFO  EPOCH 38 | Validation MSE: G1: 0.00055368, G2: 0.01725011, G3: 0.00125401 
2025-04-14 16:52:52,505  INFO  EPOCH 39 | Validation MSE: G1: 0.00057694, G2: 0.01704340, G3: 0.00122154 
2025-04-14 16:52:53,944  INFO  EPOCH 40 | Validation MSE: G1: 0.00055557, G2: 0.01588853, G3: 0.00115725 
2025-04-14 16:52:55,440  INFO  == Cross finetune Epoch [1/10000]: G1: Validation MSE 0.00065052
2025-04-14 16:52:55,454  INFO  == Cross finetune Epoch [2/10000]: G1: Validation MSE 0.00065085
2025-04-14 16:52:55,469  INFO  == Cross finetune Epoch [3/10000]: G1: Validation MSE 0.00065059
2025-04-14 16:52:55,481  INFO  == Cross finetune Epoch [4/10000]: G1: Validation MSE 0.00065488
2025-04-14 16:52:55,496  INFO  == Cross finetune Epoch [5/10000]: G1: Validation MSE 0.00066356
2025-04-14 16:52:55,496  INFO  EPOCH 41 | Validation MSE: G1: 0.00064746, G2: 0.01510788, G3: 0.00226869 
2025-04-14 16:52:56,832  INFO  EPOCH 42 | Validation MSE: G1: 0.00076164, G2: 0.01341583, G3: 0.00239083 
2025-04-14 16:52:58,187  INFO  EPOCH 43 | Validation MSE: G1: 0.00091785, G2: 0.01594766, G3: 0.00393346 
2025-04-14 16:52:59,561  INFO  EPOCH 44 | Validation MSE: G1: 0.00097596, G2: 0.01364384, G3: 0.00237091 
2025-04-14 16:53:00,900  INFO  EPOCH 45 | Validation MSE: G1: 0.00113035, G2: 0.01282001, G3: 0.00234973 
2025-04-14 16:53:02,208  INFO  EPOCH 46 | Validation MSE: G1: 0.00123010, G2: 0.01202960, G3: 0.00260995 
2025-04-14 16:53:03,596  INFO  EPOCH 47 | Validation MSE: G1: 0.00132416, G2: 0.01095277, G3: 0.00245370 
2025-04-14 16:53:04,941  INFO  EPOCH 48 | Validation MSE: G1: 0.00145415, G2: 0.01062394, G3: 0.00238267 
2025-04-14 16:53:06,270  INFO  EPOCH 49 | Validation MSE: G1: 0.00156597, G2: 0.00944131, G3: 0.00265101 
2025-04-14 16:53:07,630  INFO  EPOCH 50 | Validation MSE: G1: 0.00168993, G2: 0.00832047, G3: 0.00306094 
2025-04-14 16:53:09,130  INFO  == Cross finetune Epoch [1/10000]: G1: Validation MSE 0.00176864
2025-04-14 16:53:09,141  INFO  == Cross finetune Epoch [2/10000]: G1: Validation MSE 0.00176931
2025-04-14 16:53:09,162  INFO  == Cross finetune Epoch [3/10000]: G1: Validation MSE 0.00176730
2025-04-14 16:53:09,179  INFO  == Cross finetune Epoch [4/10000]: G1: Validation MSE 0.00176754
2025-04-14 16:53:09,195  INFO  == Cross finetune Epoch [5/10000]: G1: Validation MSE 0.00177227
2025-04-14 16:53:09,196  INFO  EPOCH 51 | Validation MSE: G1: 0.00176847, G2: 0.00786654, G3: 0.00286538 
2025-04-14 16:53:10,727  INFO  EPOCH 52 | Validation MSE: G1: 0.00178696, G2: 0.00711175, G3: 0.00294133 
2025-04-14 16:53:12,175  INFO  EPOCH 53 | Validation MSE: G1: 0.00181400, G2: 0.00663338, G3: 0.00302646 
2025-04-14 16:53:13,484  INFO  EPOCH 54 | Validation MSE: G1: 0.00182109, G2: 0.00552781, G3: 0.00294459 
2025-04-14 16:53:14,851  INFO  EPOCH 55 | Validation MSE: G1: 0.00181147, G2: 0.00510940, G3: 0.00304653 
2025-04-14 16:53:16,193  INFO  EPOCH 56 | Validation MSE: G1: 0.00180986, G2: 0.00447120, G3: 0.00319511 
2025-04-14 16:53:17,762  INFO  EPOCH 57 | Validation MSE: G1: 0.00180199, G2: 0.00411649, G3: 0.00262326 
2025-04-14 16:53:19,277  INFO  EPOCH 58 | Validation MSE: G1: 0.00180558, G2: 0.00337228, G3: 0.00224858 
2025-04-14 16:53:20,762  INFO  EPOCH 59 | Validation MSE: G1: 0.00179151, G2: 0.00309064, G3: 0.00242037 
2025-04-14 16:53:22,295  INFO  EPOCH 60 | Validation MSE: G1: 0.00177015, G2: 0.00274717, G3: 0.00254682 
2025-04-14 16:53:23,964  INFO  == Cross finetune Epoch [1/10000]: G1: Validation MSE 0.00174289
2025-04-14 16:53:23,980  INFO  == Cross finetune Epoch [2/10000]: G1: Validation MSE 0.00174133
2025-04-14 16:53:23,995  INFO  == Cross finetune Epoch [3/10000]: G1: Validation MSE 0.00173953
2025-04-14 16:53:24,006  INFO  == Cross finetune Epoch [4/10000]: G1: Validation MSE 0.00173775
2025-04-14 16:53:24,016  INFO  == Cross finetune Epoch [5/10000]: G1: Validation MSE 0.00173619
2025-04-14 16:53:24,017  INFO  EPOCH 61 | Validation MSE: G1: 0.00174445, G2: 0.00270771, G3: 0.00237242 
2025-04-14 16:53:25,547  INFO  EPOCH 62 | Validation MSE: G1: 0.00170306, G2: 0.00451341, G3: 0.00204931 
2025-04-14 16:53:27,024  INFO  EPOCH 63 | Validation MSE: G1: 0.00168051, G2: 0.00240112, G3: 0.00198424 
2025-04-14 16:53:28,470  INFO  EPOCH 64 | Validation MSE: G1: 0.00165672, G2: 0.00235612, G3: 0.00197950 
2025-04-14 16:53:30,007  INFO  EPOCH 65 | Validation MSE: G1: 0.00163471, G2: 0.00229119, G3: 0.00196415 
2025-04-14 16:53:31,575  INFO  EPOCH 66 | Validation MSE: G1: 0.00161841, G2: 0.00242003, G3: 0.00196488 
2025-04-14 16:53:33,530  INFO  EPOCH 67 | Validation MSE: G1: 0.00158119, G2: 0.00221395, G3: 0.00195353 
2025-04-14 16:53:34,833  INFO  EPOCH 68 | Validation MSE: G1: 0.00153695, G2: 0.00226840, G3: 0.00195372 
2025-04-14 16:53:36,047  INFO  EPOCH 69 | Validation MSE: G1: 0.00150042, G2: 0.00219161, G3: 0.00194540 
2025-04-14 16:53:37,287  INFO  EPOCH 70 | Validation MSE: G1: 0.00146617, G2: 0.00248211, G3: 0.00188221 
2025-04-14 16:53:38,744  INFO  == Cross finetune Epoch [1/10000]: G1: Validation MSE 0.00146249
2025-04-14 16:53:38,757  INFO  == Cross finetune Epoch [2/10000]: G1: Validation MSE 0.00146241
2025-04-14 16:53:38,768  INFO  == Cross finetune Epoch [3/10000]: G1: Validation MSE 0.00146236
2025-04-14 16:53:38,778  INFO  == Cross finetune Epoch [4/10000]: G1: Validation MSE 0.00146230
2025-04-14 16:53:38,792  INFO  == Cross finetune Epoch [5/10000]: G1: Validation MSE 0.00146226
2025-04-14 16:53:38,792  INFO  EPOCH 71 | Validation MSE: G1: 0.00146258, G2: 0.00217227, G3: 0.00185022 
2025-04-14 16:53:40,069  INFO  EPOCH 72 | Validation MSE: G1: 0.00145841, G2: 0.00371791, G3: 0.00174212 
2025-04-14 16:53:41,363  INFO  EPOCH 73 | Validation MSE: G1: 0.00145456, G2: 0.00211428, G3: 0.00171162 
2025-04-14 16:53:42,618  INFO  EPOCH 74 | Validation MSE: G1: 0.00145066, G2: 0.00206200, G3: 0.00168860 
2025-04-14 16:53:43,828  INFO  EPOCH 75 | Validation MSE: G1: 0.00144613, G2: 0.00202630, G3: 0.00165444 
2025-04-14 16:53:44,998  INFO  EPOCH 76 | Validation MSE: G1: 0.00144287, G2: 0.00209274, G3: 0.00162468 
2025-04-14 16:53:46,164  INFO  EPOCH 77 | Validation MSE: G1: 0.00143889, G2: 0.00199248, G3: 0.00157166 
2025-04-14 16:53:48,298  INFO  EPOCH 78 | Validation MSE: G1: 0.00143601, G2: 0.00197377, G3: 0.00157280 
2025-04-14 16:53:49,906  INFO  EPOCH 79 | Validation MSE: G1: 0.00143152, G2: 0.00194790, G3: 0.00156328 
2025-04-14 16:53:51,188  INFO  EPOCH 80 | Validation MSE: G1: 0.00142720, G2: 0.00190944, G3: 0.00155107 
2025-04-14 16:53:53,337  INFO  == Cross finetune Epoch [1/10000]: G1: Validation MSE 0.00142263
2025-04-14 16:53:53,353  INFO  == Cross finetune Epoch [2/10000]: G1: Validation MSE 0.00142252
2025-04-14 16:53:53,370  INFO  == Cross finetune Epoch [3/10000]: G1: Validation MSE 0.00142243
2025-04-14 16:53:53,387  INFO  == Cross finetune Epoch [4/10000]: G1: Validation MSE 0.00142232
2025-04-14 16:53:53,403  INFO  == Cross finetune Epoch [5/10000]: G1: Validation MSE 0.00142224
2025-04-14 16:53:53,403  INFO  EPOCH 81 | Validation MSE: G1: 0.00142273, G2: 0.00190570, G3: 0.00151408 
2025-04-14 16:53:54,684  INFO  EPOCH 82 | Validation MSE: G1: 0.00141658, G2: 0.00370174, G3: 0.00147744 
2025-04-14 16:53:55,844  INFO  EPOCH 83 | Validation MSE: G1: 0.00141117, G2: 0.00186044, G3: 0.00142432 
2025-04-14 16:53:57,256  INFO  EPOCH 84 | Validation MSE: G1: 0.00140622, G2: 0.00180736, G3: 0.00139821 
2025-04-14 16:53:58,664  INFO  EPOCH 85 | Validation MSE: G1: 0.00140170, G2: 0.00174614, G3: 0.00138022 
2025-04-14 16:54:00,087  INFO  EPOCH 86 | Validation MSE: G1: 0.00139690, G2: 0.00171476, G3: 0.00135588 
2025-04-14 16:54:01,663  INFO  EPOCH 87 | Validation MSE: G1: 0.00139243, G2: 0.00167992, G3: 0.00133230 
2025-04-14 16:54:03,580  INFO  EPOCH 88 | Validation MSE: G1: 0.00139017, G2: 0.00167296, G3: 0.00131237 
2025-04-14 16:54:04,932  INFO  EPOCH 89 | Validation MSE: G1: 0.00138812, G2: 0.00158866, G3: 0.00127622 
2025-04-14 16:54:06,150  INFO  EPOCH 90 | Validation MSE: G1: 0.00138653, G2: 0.00155927, G3: 0.00125445 
2025-04-14 16:54:07,669  INFO  == Cross finetune Epoch [1/10000]: G3: Validation MSE 0.00122240
2025-04-14 16:54:07,700  INFO  == Cross finetune Epoch [2/10000]: G3: Validation MSE 0.00122222
2025-04-14 16:54:07,724  INFO  == Cross finetune Epoch [3/10000]: G3: Validation MSE 0.00122167
2025-04-14 16:54:07,746  INFO  == Cross finetune Epoch [4/10000]: G3: Validation MSE 0.00122108
2025-04-14 16:54:07,770  INFO  == Cross finetune Epoch [5/10000]: G3: Validation MSE 0.00122023
2025-04-14 16:54:07,771  INFO  EPOCH 91 | Validation MSE: G1: 0.00138451, G2: 0.00157095, G3: 0.00122377 
2025-04-14 16:54:09,012  INFO  EPOCH 92 | Validation MSE: G1: 0.00137960, G2: 0.00357758, G3: 0.00117005 
2025-04-14 16:54:10,310  INFO  EPOCH 93 | Validation MSE: G1: 0.00137663, G2: 0.00144467, G3: 0.00112748 
2025-04-14 16:54:11,535  INFO  EPOCH 94 | Validation MSE: G1: 0.00137360, G2: 0.00146182, G3: 0.00108436 
2025-04-14 16:54:12,858  INFO  EPOCH 95 | Validation MSE: G1: 0.00137063, G2: 0.00140208, G3: 0.00104694 
2025-04-14 16:54:14,182  INFO  EPOCH 96 | Validation MSE: G1: 0.00136746, G2: 0.00146720, G3: 0.00101175 
2025-04-14 16:54:15,589  INFO  EPOCH 97 | Validation MSE: G1: 0.00136366, G2: 0.00142934, G3: 0.00099018 
2025-04-14 16:54:16,961  INFO  EPOCH 98 | Validation MSE: G1: 0.00135976, G2: 0.00141216, G3: 0.00094232 
2025-04-14 16:54:18,379  INFO  EPOCH 99 | Validation MSE: G1: 0.00135548, G2: 0.00156764, G3: 0.00089942 
2025-04-14 16:54:19,772  INFO  EPOCH 100 | Validation MSE: G1: 0.00135065, G2: 0.00139668, G3: 0.00086325 
2025-04-14 16:54:21,293  INFO  == Cross finetune Epoch [1/10000]: G3: Validation MSE 0.00083293
2025-04-14 16:54:21,322  INFO  == Cross finetune Epoch [2/10000]: G3: Validation MSE 0.00083341
2025-04-14 16:54:21,352  INFO  == Cross finetune Epoch [3/10000]: G3: Validation MSE 0.00083353
2025-04-14 16:54:21,388  INFO  == Cross finetune Epoch [4/10000]: G3: Validation MSE 0.00083346
2025-04-14 16:54:21,420  INFO  == Cross finetune Epoch [5/10000]: G3: Validation MSE 0.00083340
2025-04-14 16:54:21,420  INFO  EPOCH 101 | Validation MSE: G1: 0.00134543, G2: 0.00138816, G3: 0.00083268 
2025-04-14 16:54:22,629  INFO  EPOCH 102 | Validation MSE: G1: 0.00133689, G2: 0.00371618, G3: 0.00079334 
2025-04-14 16:54:23,865  INFO  EPOCH 103 | Validation MSE: G1: 0.00133194, G2: 0.00151578, G3: 0.00076536 
2025-04-14 16:54:25,275  INFO  EPOCH 104 | Validation MSE: G1: 0.00132643, G2: 0.00139650, G3: 0.00074547 
2025-04-14 16:54:26,707  INFO  EPOCH 105 | Validation MSE: G1: 0.00132107, G2: 0.00152527, G3: 0.00071298 
2025-04-14 16:54:28,187  INFO  EPOCH 106 | Validation MSE: G1: 0.00131720, G2: 0.00144714, G3: 0.00068372 
2025-04-14 16:54:29,531  INFO  EPOCH 107 | Validation MSE: G1: 0.00131284, G2: 0.00143070, G3: 0.00066780 
2025-04-14 16:54:30,882  INFO  EPOCH 108 | Validation MSE: G1: 0.00130872, G2: 0.00140451, G3: 0.00064976 
2025-04-14 16:54:32,271  INFO  EPOCH 109 | Validation MSE: G1: 0.00130426, G2: 0.00141245, G3: 0.00062247 
2025-04-14 16:54:33,618  INFO  EPOCH 110 | Validation MSE: G1: 0.00129941, G2: 0.00142619, G3: 0.00058498 
2025-04-14 16:54:35,103  INFO  == Cross finetune Epoch [1/10000]: G3: Validation MSE 0.00057856
2025-04-14 16:54:35,127  INFO  == Cross finetune Epoch [2/10000]: G3: Validation MSE 0.00057801
2025-04-14 16:54:35,153  INFO  == Cross finetune Epoch [3/10000]: G3: Validation MSE 0.00057764
2025-04-14 16:54:35,181  INFO  == Cross finetune Epoch [4/10000]: G3: Validation MSE 0.00057683
2025-04-14 16:54:35,203  INFO  == Cross finetune Epoch [5/10000]: G3: Validation MSE 0.00057638
2025-04-14 16:54:35,203  INFO  EPOCH 111 | Validation MSE: G1: 0.00129412, G2: 0.00143125, G3: 0.00057926 
2025-04-14 16:54:36,551  INFO  EPOCH 112 | Validation MSE: G1: 0.00128582, G2: 0.00284181, G3: 0.00059885 
2025-04-14 16:54:37,891  INFO  EPOCH 113 | Validation MSE: G1: 0.00127820, G2: 0.00210983, G3: 0.00058625 
2025-04-14 16:54:39,204  INFO  EPOCH 114 | Validation MSE: G1: 0.00127258, G2: 0.00141466, G3: 0.00053007 
2025-04-14 16:54:40,510  INFO  EPOCH 115 | Validation MSE: G1: 0.00126685, G2: 0.00178552, G3: 0.00049829 
2025-04-14 16:54:41,817  INFO  EPOCH 116 | Validation MSE: G1: 0.00126163, G2: 0.00147601, G3: 0.00049151 
2025-04-14 16:54:43,092  INFO  G1 best epoch: 36
2025-04-14 16:54:43,092  INFO  G2 best epoch: 101
2025-04-14 16:54:43,092  INFO  G3 best epoch: 26
2025-04-14 16:54:43,311  INFO  Train Metrics for G1: MSE=0.0117, MAE=0.0739, RMSE=0.1082, MAPE=1.4212
2025-04-14 16:54:43,653  INFO  Train Metrics for G2: MSE=0.0324, MAE=0.1292, RMSE=0.1799, MAPE=2.5017
2025-04-14 16:54:43,905  INFO  Train Metrics for G3: MSE=0.0048, MAE=0.0505, RMSE=0.0696, MAPE=0.9797
2025-04-14 16:54:44,087  INFO  Test Metrics for G1: MSE=0.0072, MAE=0.0622, RMSE=0.0850, MAPE=1.2420
2025-04-14 16:54:44,286  INFO  Test Metrics for G2: MSE=0.0186, MAE=0.1013, RMSE=0.1364, MAPE=2.0267
2025-04-14 16:54:44,496  INFO  Test Metrics for G3: MSE=0.0041, MAE=0.0432, RMSE=0.0637, MAPE=0.8558
