2025-04-14 12:35:33,690  INFO  ARGS = {
  "notes": "模拟原文实验消融，确认是否加上了分类头之后的最终MSE会一致？",
  "data_path": "database/process_工商银行.csv",
  "output_dir": "out_put/multi",
  "ckpt_dir": "ckpt",
  "window_sizes": [
    5,
    10,
    15
  ],
  "N_pairs": 3,
  "generators": [
    "gru",
    "lstm",
    "transformer"
  ],
  "discriminators": null,
  "distill": true,
  "device": [
    0
  ],
  "num_epochs": 10000,
  "lr": 2e-05,
  "batch_size": 64,
  "train_split": 0.7,
  "random_seed": 3407,
  "mode": "train",
  "ckpt_path": "lastest"
}
2025-04-14 12:35:35,391  INFO  EPOCH 1 | G1: 0.06862973, G2: 0.12158458, G3: 0.01169072 Validation MSE: 
2025-04-14 12:35:36,353  INFO  EPOCH 2 | G1: 0.05101171, G2: 0.10690989, G3: 0.00362184 Validation MSE: 
2025-04-14 12:35:37,265  INFO  EPOCH 3 | G1: 0.03665794, G2: 0.09606385, G3: 0.00154824 Validation MSE: 
2025-04-14 12:35:38,491  INFO  EPOCH 4 | G1: 0.02552255, G2: 0.08593283, G3: 0.00142622 Validation MSE: 
2025-04-14 12:35:39,736  INFO  EPOCH 5 | G1: 0.01760794, G2: 0.07623835, G3: 0.00101626 Validation MSE: 
2025-04-14 12:35:40,967  INFO  EPOCH 6 | G1: 0.01265487, G2: 0.06656647, G3: 0.00100289 Validation MSE: 
2025-04-14 12:35:42,096  INFO  EPOCH 7 | G1: 0.01030928, G2: 0.05700152, G3: 0.00077202 Validation MSE: 
2025-04-14 12:35:43,166  INFO  EPOCH 8 | G1: 0.00954273, G2: 0.04779274, G3: 0.00076711 Validation MSE: 
2025-04-14 12:35:44,120  INFO  EPOCH 9 | G1: 0.00932757, G2: 0.03897869, G3: 0.00058956 Validation MSE: 
2025-04-14 12:35:45,035  INFO  EPOCH 10 | G1: 0.00911333, G2: 0.03126292, G3: 0.00044119 Validation MSE: 
2025-04-14 12:35:46,410  INFO  EPOCH 11 | G1: 0.00876940, G2: 0.02600448, G3: 0.00061244 Validation MSE: 
2025-04-14 12:35:47,491  INFO  EPOCH 12 | G1: 0.00827177, G2: 0.02394459, G3: 0.00048100 Validation MSE: 
2025-04-14 12:35:48,518  INFO  EPOCH 13 | G1: 0.00770315, G2: 0.02542957, G3: 0.00049156 Validation MSE: 
2025-04-14 12:35:49,596  INFO  EPOCH 14 | G1: 0.00718482, G2: 0.02905803, G3: 0.00061900 Validation MSE: 
2025-04-14 12:35:50,630  INFO  EPOCH 15 | G1: 0.00661605, G2: 0.03068825, G3: 0.00064958 Validation MSE: 
2025-04-14 12:35:51,574  INFO  EPOCH 16 | G1: 0.00612221, G2: 0.03162248, G3: 0.00030484 Validation MSE: 
2025-04-14 12:35:52,557  INFO  EPOCH 17 | G1: 0.00542524, G2: 0.03035058, G3: 0.00027739 Validation MSE: 
2025-04-14 12:35:53,483  INFO  EPOCH 18 | G1: 0.00478521, G2: 0.02884502, G3: 0.00032439 Validation MSE: 
2025-04-14 12:35:54,694  INFO  EPOCH 19 | G1: 0.00438211, G2: 0.02828143, G3: 0.00056671 Validation MSE: 
2025-04-14 12:35:55,717  INFO  EPOCH 20 | G1: 0.00392505, G2: 0.02715330, G3: 0.00033033 Validation MSE: 
2025-04-14 12:35:56,735  INFO  EPOCH 21 | G1: 0.00343238, G2: 0.02591877, G3: 0.00024693 Validation MSE: 
2025-04-14 12:35:57,645  INFO  EPOCH 22 | G1: 0.00309372, G2: 0.02140177, G3: 0.00064151 Validation MSE: 
2025-04-14 12:35:58,850  INFO  EPOCH 23 | G1: 0.00279223, G2: 0.02425683, G3: 0.00030015 Validation MSE: 
2025-04-14 12:36:00,047  INFO  EPOCH 24 | G1: 0.00244161, G2: 0.02363759, G3: 0.00042360 Validation MSE: 
2025-04-14 12:36:01,274  INFO  EPOCH 25 | G1: 0.00213381, G2: 0.02311109, G3: 0.00032981 Validation MSE: 
2025-04-14 12:36:02,290  INFO  EPOCH 26 | G1: 0.00188259, G2: 0.02248520, G3: 0.00033340 Validation MSE: 
2025-04-14 12:36:03,323  INFO  EPOCH 27 | G1: 0.00156857, G2: 0.02196607, G3: 0.00029767 Validation MSE: 
2025-04-14 12:36:04,507  INFO  EPOCH 28 | G1: 0.00140974, G2: 0.02185923, G3: 0.00041167 Validation MSE: 
2025-04-14 12:36:05,773  INFO  EPOCH 29 | G1: 0.00123836, G2: 0.02156519, G3: 0.00034676 Validation MSE: 
2025-04-14 12:36:07,071  INFO  EPOCH 30 | G1: 0.00105791, G2: 0.02074517, G3: 0.00039145 Validation MSE: 
2025-04-14 12:36:08,182  INFO  EPOCH 31 | G1: 0.00101474, G2: 0.02050832, G3: 0.00098698 Validation MSE: 
2025-04-14 12:36:09,113  INFO  EPOCH 32 | G1: 0.00086387, G2: 0.01793559, G3: 0.00041212 Validation MSE: 
2025-04-14 12:36:10,031  INFO  EPOCH 33 | G1: 0.00081967, G2: 0.02072904, G3: 0.00047702 Validation MSE: 
2025-04-14 12:36:11,195  INFO  EPOCH 34 | G1: 0.00075960, G2: 0.01946913, G3: 0.00092365 Validation MSE: 
2025-04-14 12:36:12,502  INFO  EPOCH 35 | G1: 0.00069285, G2: 0.01901842, G3: 0.00054193 Validation MSE: 
2025-04-14 12:36:13,537  INFO  EPOCH 36 | G1: 0.00058031, G2: 0.01847293, G3: 0.00100257 Validation MSE: 
2025-04-14 12:36:14,487  INFO  EPOCH 37 | G1: 0.00052529, G2: 0.01765676, G3: 0.00114850 Validation MSE: 
2025-04-14 12:36:15,416  INFO  EPOCH 38 | G1: 0.00061642, G2: 0.01718978, G3: 0.00218747 Validation MSE: 
2025-04-14 12:36:16,299  INFO  EPOCH 39 | G1: 0.00056985, G2: 0.01763703, G3: 0.00143809 Validation MSE: 
2025-04-14 12:36:17,258  INFO  EPOCH 40 | G1: 0.00057527, G2: 0.01604922, G3: 0.00176578 Validation MSE: 
2025-04-14 12:36:18,293  INFO  EPOCH 41 | G1: 0.00065815, G2: 0.01521650, G3: 0.00176460 Validation MSE: 
2025-04-14 12:36:19,301  INFO  EPOCH 42 | G1: 0.00087557, G2: 0.01348338, G3: 0.00174604 Validation MSE: 
2025-04-14 12:36:20,278  INFO  EPOCH 43 | G1: 0.00101557, G2: 0.01597001, G3: 0.00210903 Validation MSE: 
2025-04-14 12:36:21,300  INFO  EPOCH 44 | G1: 0.00103903, G2: 0.01405306, G3: 0.00246086 Validation MSE: 
2025-04-14 12:36:22,238  INFO  EPOCH 45 | G1: 0.00117946, G2: 0.01241495, G3: 0.00246460 Validation MSE: 
2025-04-14 12:36:23,229  INFO  EPOCH 46 | G1: 0.00141558, G2: 0.01212978, G3: 0.00309572 Validation MSE: 
2025-04-14 12:36:24,156  INFO  EPOCH 47 | G1: 0.00152099, G2: 0.01095742, G3: 0.00301026 Validation MSE: 
2025-04-14 12:36:25,113  INFO  EPOCH 48 | G1: 0.00167830, G2: 0.01058176, G3: 0.00287399 Validation MSE: 
2025-04-14 12:36:26,074  INFO  EPOCH 49 | G1: 0.00175989, G2: 0.00960144, G3: 0.00347178 Validation MSE: 
2025-04-14 12:36:26,974  INFO  EPOCH 50 | G1: 0.00187195, G2: 0.00841859, G3: 0.00320426 Validation MSE: 
2025-04-14 12:36:28,008  INFO  EPOCH 51 | G1: 0.00191614, G2: 0.00766862, G3: 0.00318273 Validation MSE: 
2025-04-14 12:36:29,064  INFO  EPOCH 52 | G1: 0.00191652, G2: 0.00695768, G3: 0.00274790 Validation MSE: 
2025-04-14 12:36:29,998  INFO  EPOCH 53 | G1: 0.00190652, G2: 0.00649857, G3: 0.00275611 Validation MSE: 
2025-04-14 12:36:30,987  INFO  EPOCH 54 | G1: 0.00182341, G2: 0.00576069, G3: 0.00276982 Validation MSE: 
2025-04-14 12:36:31,897  INFO  EPOCH 55 | G1: 0.00182024, G2: 0.00486289, G3: 0.00323218 Validation MSE: 
2025-04-14 12:36:32,816  INFO  EPOCH 56 | G1: 0.00182244, G2: 0.00437811, G3: 0.00317688 Validation MSE: 
2025-04-14 12:36:33,785  INFO  EPOCH 57 | G1: 0.00182256, G2: 0.00378428, G3: 0.00315195 Validation MSE: 
2025-04-14 12:36:34,854  INFO  EPOCH 58 | G1: 0.00182454, G2: 0.00323809, G3: 0.00314431 Validation MSE: 
2025-04-14 12:36:35,852  INFO  EPOCH 59 | G1: 0.00181374, G2: 0.00296611, G3: 0.00298823 Validation MSE: 
2025-04-14 12:36:36,773  INFO  EPOCH 60 | G1: 0.00180268, G2: 0.00263757, G3: 0.00293559 Validation MSE: 
2025-04-14 12:36:37,932  INFO  EPOCH 61 | G1: 0.00178572, G2: 0.00246290, G3: 0.00288682 Validation MSE: 
2025-04-14 12:36:38,938  INFO  EPOCH 62 | G1: 0.00176238, G2: 0.00237321, G3: 0.00299332 Validation MSE: 
2025-04-14 12:36:39,871  INFO  EPOCH 63 | G1: 0.00173307, G2: 0.00232869, G3: 0.00272037 Validation MSE: 
2025-04-14 12:36:40,820  INFO  EPOCH 64 | G1: 0.00169679, G2: 0.00229137, G3: 0.00261257 Validation MSE: 
2025-04-14 12:36:41,881  INFO  EPOCH 65 | G1: 0.00165543, G2: 0.00224866, G3: 0.00254221 Validation MSE: 
2025-04-14 12:36:42,811  INFO  EPOCH 66 | G1: 0.00161966, G2: 0.00246373, G3: 0.00249929 Validation MSE: 
2025-04-14 12:36:43,834  INFO  EPOCH 67 | G1: 0.00158141, G2: 0.00221173, G3: 0.00244963 Validation MSE: 
2025-04-14 12:36:44,796  INFO  EPOCH 68 | G1: 0.00154123, G2: 0.00219766, G3: 0.00238984 Validation MSE: 
2025-04-14 12:36:45,724  INFO  EPOCH 69 | G1: 0.00150527, G2: 0.00216831, G3: 0.00228582 Validation MSE: 
2025-04-14 12:36:46,827  INFO  EPOCH 70 | G1: 0.00146858, G2: 0.00214809, G3: 0.00218354 Validation MSE: 
2025-04-14 12:36:47,875  INFO  EPOCH 71 | G1: 0.00143767, G2: 0.00223479, G3: 0.00213497 Validation MSE: 
2025-04-14 12:36:48,970  INFO  EPOCH 72 | G1: 0.00143090, G2: 0.00399414, G3: 0.00206043 Validation MSE: 
2025-04-14 12:36:49,912  INFO  EPOCH 73 | G1: 0.00142520, G2: 0.00201705, G3: 0.00201668 Validation MSE: 
2025-04-14 12:36:50,896  INFO  EPOCH 74 | G1: 0.00141958, G2: 0.00198603, G3: 0.00199714 Validation MSE: 
2025-04-14 12:36:51,860  INFO  EPOCH 75 | G1: 0.00141382, G2: 0.00202108, G3: 0.00195596 Validation MSE: 
2025-04-14 12:36:52,862  INFO  EPOCH 76 | G1: 0.00140852, G2: 0.00193583, G3: 0.00192935 Validation MSE: 
2025-04-14 12:36:54,011  INFO  EPOCH 77 | G1: 0.00140408, G2: 0.00191228, G3: 0.00188028 Validation MSE: 
2025-04-14 12:36:55,008  INFO  EPOCH 78 | G1: 0.00139894, G2: 0.00182678, G3: 0.00185091 Validation MSE: 
2025-04-14 12:36:56,075  INFO  EPOCH 79 | G1: 0.00139419, G2: 0.00175809, G3: 0.00182177 Validation MSE: 
2025-04-14 12:36:57,069  INFO  EPOCH 80 | G1: 0.00138850, G2: 0.00173278, G3: 0.00179491 Validation MSE: 
2025-04-14 12:36:58,540  INFO  EPOCH 81 | G1: 0.00138338, G2: 0.00171931, G3: 0.00176415 Validation MSE: 
2025-04-14 12:36:59,587  INFO  EPOCH 82 | G1: 0.00137776, G2: 0.00160074, G3: 0.00181916 Validation MSE: 
2025-04-14 12:37:00,690  INFO  EPOCH 83 | G1: 0.00137208, G2: 0.00159972, G3: 0.00173300 Validation MSE: 
2025-04-14 12:37:01,752  INFO  EPOCH 84 | G1: 0.00136688, G2: 0.00151772, G3: 0.00169254 Validation MSE: 
2025-04-14 12:37:02,786  INFO  EPOCH 85 | G1: 0.00136175, G2: 0.00149410, G3: 0.00162726 Validation MSE: 
2025-04-14 12:37:03,789  INFO  EPOCH 86 | G1: 0.00135514, G2: 0.00152044, G3: 0.00155629 Validation MSE: 
2025-04-14 12:37:04,824  INFO  EPOCH 87 | G1: 0.00134860, G2: 0.00145033, G3: 0.00154848 Validation MSE: 
2025-04-14 12:37:05,779  INFO  EPOCH 88 | G1: 0.00134165, G2: 0.00141862, G3: 0.00146503 Validation MSE: 
2025-04-14 12:37:06,745  INFO  EPOCH 89 | G1: 0.00133862, G2: 0.00138476, G3: 0.00141610 Validation MSE: 
2025-04-14 12:37:07,711  INFO  EPOCH 90 | G1: 0.00133534, G2: 0.00142531, G3: 0.00136564 Validation MSE: 
2025-04-14 12:37:08,790  INFO  EPOCH 91 | G1: 0.00133264, G2: 0.00135165, G3: 0.00134240 Validation MSE: 
2025-04-14 12:37:09,920  INFO  EPOCH 92 | G1: 0.00132776, G2: 0.00308415, G3: 0.00127088 Validation MSE: 
2025-04-14 12:37:10,919  INFO  EPOCH 93 | G1: 0.00132482, G2: 0.00132835, G3: 0.00121707 Validation MSE: 
2025-04-14 12:37:11,904  INFO  EPOCH 94 | G1: 0.00132087, G2: 0.00137553, G3: 0.00116446 Validation MSE: 
2025-04-14 12:37:12,892  INFO  EPOCH 95 | G1: 0.00131697, G2: 0.00150608, G3: 0.00112906 Validation MSE: 
2025-04-14 12:37:13,882  INFO  EPOCH 96 | G1: 0.00131343, G2: 0.00134950, G3: 0.00108665 Validation MSE: 
2025-04-14 12:37:14,816  INFO  EPOCH 97 | G1: 0.00131052, G2: 0.00142950, G3: 0.00104252 Validation MSE: 
2025-04-14 12:37:15,827  INFO  EPOCH 98 | G1: 0.00130654, G2: 0.00142251, G3: 0.00101289 Validation MSE: 
2025-04-14 12:37:16,869  INFO  EPOCH 99 | G1: 0.00130307, G2: 0.00134696, G3: 0.00098236 Validation MSE: 
2025-04-14 12:37:17,905  INFO  EPOCH 100 | G1: 0.00129912, G2: 0.00146496, G3: 0.00091967 Validation MSE: 
2025-04-14 12:37:18,952  INFO  EPOCH 101 | G1: 0.00129595, G2: 0.00150164, G3: 0.00088736 Validation MSE: 
2025-04-14 12:37:19,879  INFO  EPOCH 102 | G1: 0.00128827, G2: 0.00434610, G3: 0.00083720 Validation MSE: 
2025-04-14 12:37:20,798  INFO  EPOCH 103 | G1: 0.00128492, G2: 0.00136531, G3: 0.00080169 Validation MSE: 
2025-04-14 12:37:21,727  INFO  EPOCH 104 | G1: 0.00127987, G2: 0.00191038, G3: 0.00076807 Validation MSE: 
2025-04-14 12:37:22,751  INFO  EPOCH 105 | G1: 0.00127540, G2: 0.00135649, G3: 0.00073893 Validation MSE: 
2025-04-14 12:37:23,701  INFO  EPOCH 106 | G1: 0.00127077, G2: 0.00135251, G3: 0.00070630 Validation MSE: 
2025-04-14 12:37:24,640  INFO  EPOCH 107 | G1: 0.00126670, G2: 0.00134946, G3: 0.00067474 Validation MSE: 
2025-04-14 12:37:25,593  INFO  EPOCH 108 | G1: 0.00126083, G2: 0.00138125, G3: 0.00065039 Validation MSE: 
2025-04-14 12:37:26,538  INFO  G1 best epoch: 37
2025-04-14 12:37:26,538  INFO  G2 best epoch: 93
2025-04-14 12:37:26,538  INFO  G3 best epoch: 21
