2025-04-15 11:23:16,529  INFO  ARGS = {
  "notes": "实现了判断也在GAN中，试试看",
  "data_path": "database/process_工商银行.csv",
  "output_dir": "out_put/multi",
  "ckpt_dir": "ckpt",
  "feature_columns": [
    2,
    3,
    4,
    5,
    6,
    7,
    8,
    9,
    10,
    11,
    12,
    13,
    14,
    15,
    16,
    17,
    18,
    19,
    20,
    21,
    22,
    23,
    1
  ],
  "target_columns": [
    [
      1
    ]
  ],
  "start_timestamp": 1,
  "end_timestamp": 2400,
  "window_sizes": [
    5,
    10,
    15
  ],
  "N_pairs": 3,
  "num_classes": 3,
  "generators": [
    "gru",
    "lstm",
    "transformer"
  ],
  "discriminators": null,
  "distill_epochs": 1,
  "cross_finetune_epochs": 5,
  "device": [
    0
  ],
  "num_epochs": 10000,
  "lr": 2e-05,
  "batch_size": 64,
  "train_split": 0.7,
  "random_seed": 3407,
  "mode": "train",
  "ckpt_path": "lastest"
}
2025-04-15 11:23:18,985  INFO  EPOCH 1 | Validation MSE: G1: 0.06845225, G2: 0.06927097, G3: 0.00927019 
2025-04-15 11:23:21,087  INFO  EPOCH 2 | Validation MSE: G1: 0.05094850, G2: 0.06212550, G3: 0.00446563 
2025-04-15 11:23:23,183  INFO  EPOCH 3 | Validation MSE: G1: 0.03657758, G2: 0.05556251, G3: 0.00266157 
2025-04-15 11:23:25,271  INFO  EPOCH 4 | Validation MSE: G1: 0.02540771, G2: 0.04945315, G3: 0.00516038 
2025-04-15 11:23:27,205  INFO  EPOCH 5 | Validation MSE: G1: 0.01737663, G2: 0.04376845, G3: 0.00131353 
2025-04-15 11:23:28,890  INFO  EPOCH 6 | Validation MSE: G1: 0.01255371, G2: 0.03842259, G3: 0.00122609 
2025-04-15 11:23:30,582  INFO  EPOCH 7 | Validation MSE: G1: 0.01024628, G2: 0.03373535, G3: 0.00171454 
2025-04-15 11:23:32,264  INFO  EPOCH 8 | Validation MSE: G1: 0.00951874, G2: 0.02951092, G3: 0.00223141 
2025-04-15 11:23:34,176  INFO  EPOCH 9 | Validation MSE: G1: 0.00930770, G2: 0.02613136, G3: 0.00084303 
2025-04-15 11:23:36,418  INFO  EPOCH 10 | Validation MSE: G1: 0.00911444, G2: 0.02355828, G3: 0.00107731 
2025-04-15 11:23:38,600  INFO  EPOCH 11 | Validation MSE: G1: 0.00869621, G2: 0.02217084, G3: 0.00067987 
2025-04-15 11:23:40,563  INFO  EPOCH 12 | Validation MSE: G1: 0.00822913, G2: 0.02184334, G3: 0.00053203 
2025-04-15 11:23:42,525  INFO  EPOCH 13 | Validation MSE: G1: 0.00764001, G2: 0.02246318, G3: 0.00051330 
2025-04-15 11:23:44,369  INFO  EPOCH 14 | Validation MSE: G1: 0.00703323, G2: 0.02339617, G3: 0.00048316 
2025-04-15 11:23:46,243  INFO  EPOCH 15 | Validation MSE: G1: 0.00639862, G2: 0.02408967, G3: 0.00134537 
2025-04-15 11:23:48,457  INFO  EPOCH 16 | Validation MSE: G1: 0.00580814, G2: 0.02440690, G3: 0.00035297 
2025-04-15 11:23:50,464  INFO  EPOCH 17 | Validation MSE: G1: 0.00514304, G2: 0.02390414, G3: 0.00033223 
2025-04-15 11:23:52,356  INFO  EPOCH 18 | Validation MSE: G1: 0.00471440, G2: 0.02320883, G3: 0.00068480 
2025-04-15 11:23:54,333  INFO  EPOCH 19 | Validation MSE: G1: 0.00424348, G2: 0.02194695, G3: 0.00031792 
2025-04-15 11:23:56,387  INFO  EPOCH 20 | Validation MSE: G1: 0.00378026, G2: 0.02030400, G3: 0.00036494 
2025-04-15 11:23:58,430  INFO  EPOCH 21 | Validation MSE: G1: 0.00335812, G2: 0.01856055, G3: 0.00043961 
2025-04-15 11:24:00,478  INFO  EPOCH 22 | Validation MSE: G1: 0.00293335, G2: 0.01672349, G3: 0.00196076 
2025-04-15 11:24:02,539  INFO  EPOCH 23 | Validation MSE: G1: 0.00261159, G2: 0.01531391, G3: 0.00105898 
2025-04-15 11:24:04,700  INFO  EPOCH 24 | Validation MSE: G1: 0.00232125, G2: 0.01407960, G3: 0.00053021 
2025-04-15 11:24:06,746  INFO  EPOCH 25 | Validation MSE: G1: 0.00205913, G2: 0.01332298, G3: 0.00039147 
2025-04-15 11:24:08,700  INFO  EPOCH 26 | Validation MSE: G1: 0.00179617, G2: 0.01193868, G3: 0.00031350 
2025-04-15 11:24:10,770  INFO  EPOCH 27 | Validation MSE: G1: 0.00157689, G2: 0.01088543, G3: 0.00062341 
2025-04-15 11:24:12,979  INFO  EPOCH 28 | Validation MSE: G1: 0.00142177, G2: 0.01003587, G3: 0.00029780 
2025-04-15 11:24:15,150  INFO  EPOCH 29 | Validation MSE: G1: 0.00127029, G2: 0.00933670, G3: 0.00048436 
2025-04-15 11:24:17,177  INFO  EPOCH 30 | Validation MSE: G1: 0.00111292, G2: 0.00809473, G3: 0.00052542 
2025-04-15 11:24:19,213  INFO  EPOCH 31 | Validation MSE: G1: 0.00106121, G2: 0.00756709, G3: 0.00067232 
2025-04-15 11:24:21,271  INFO  EPOCH 32 | Validation MSE: G1: 0.00089116, G2: 0.00649802, G3: 0.00028779 
2025-04-15 11:24:23,330  INFO  EPOCH 33 | Validation MSE: G1: 0.00081519, G2: 0.00581657, G3: 0.00024304 
2025-04-15 11:24:25,284  INFO  EPOCH 34 | Validation MSE: G1: 0.00074767, G2: 0.00491975, G3: 0.00035107 
2025-04-15 11:24:27,370  INFO  EPOCH 35 | Validation MSE: G1: 0.00069619, G2: 0.00454900, G3: 0.00083494 
2025-04-15 11:24:29,468  INFO  EPOCH 36 | Validation MSE: G1: 0.00064937, G2: 0.00394015, G3: 0.00037482 
2025-04-15 11:24:31,535  INFO  EPOCH 37 | Validation MSE: G1: 0.00061980, G2: 0.00335127, G3: 0.00062056 
2025-04-15 11:24:33,524  INFO  EPOCH 38 | Validation MSE: G1: 0.00062570, G2: 0.00338353, G3: 0.00034879 
2025-04-15 11:24:35,505  INFO  EPOCH 39 | Validation MSE: G1: 0.00056514, G2: 0.00265131, G3: 0.00038036 
2025-04-15 11:24:37,375  INFO  EPOCH 40 | Validation MSE: G1: 0.00058067, G2: 0.00241113, G3: 0.00098410 
2025-04-15 11:24:39,508  INFO  EPOCH 41 | Validation MSE: G1: 0.00054451, G2: 0.00249632, G3: 0.00063932 
2025-04-15 11:24:41,386  INFO  EPOCH 42 | Validation MSE: G1: 0.00052234, G2: 0.00200971, G3: 0.00062328 
2025-04-15 11:24:43,360  INFO  EPOCH 43 | Validation MSE: G1: 0.00052258, G2: 0.00208038, G3: 0.00069626 
2025-04-15 11:24:45,323  INFO  EPOCH 44 | Validation MSE: G1: 0.00050474, G2: 0.00186978, G3: 0.00071937 
2025-04-15 11:24:47,669  INFO  EPOCH 45 | Validation MSE: G1: 0.00049521, G2: 0.00169557, G3: 0.00122742 
2025-04-15 11:24:50,134  INFO  EPOCH 46 | Validation MSE: G1: 0.00048996, G2: 0.00160822, G3: 0.00081378 
2025-04-15 11:24:53,172  INFO  EPOCH 47 | Validation MSE: G1: 0.00048054, G2: 0.00152040, G3: 0.00071641 
2025-04-15 11:24:56,186  INFO  EPOCH 48 | Validation MSE: G1: 0.00047540, G2: 0.00147381, G3: 0.00060237 
2025-04-15 11:24:58,662  INFO  EPOCH 49 | Validation MSE: G1: 0.00047198, G2: 0.00154364, G3: 0.00038753 
2025-04-15 11:25:00,710  INFO  EPOCH 50 | Validation MSE: G1: 0.00046922, G2: 0.00148819, G3: 0.00036357 
2025-04-15 11:25:03,303  INFO  EPOCH 51 | Validation MSE: G1: 0.00046062, G2: 0.00139553, G3: 0.00035634 
2025-04-15 11:25:05,512  INFO  EPOCH 52 | Validation MSE: G1: 0.00045487, G2: 0.00138487, G3: 0.00032996 
2025-04-15 11:25:08,102  INFO  EPOCH 53 | Validation MSE: G1: 0.00045434, G2: 0.00132864, G3: 0.00035328 
2025-04-15 11:25:10,507  INFO  EPOCH 54 | Validation MSE: G1: 0.00044571, G2: 0.00131445, G3: 0.00032877 
2025-04-15 11:25:12,490  INFO  EPOCH 55 | Validation MSE: G1: 0.00044394, G2: 0.00133488, G3: 0.00033520 
2025-04-15 11:25:14,489  INFO  EPOCH 56 | Validation MSE: G1: 0.00044025, G2: 0.00128091, G3: 0.00033416 
2025-04-15 11:25:16,639  INFO  EPOCH 57 | Validation MSE: G1: 0.00044898, G2: 0.00129229, G3: 0.00038708 
2025-04-15 11:25:18,967  INFO  EPOCH 58 | Validation MSE: G1: 0.00043304, G2: 0.00127506, G3: 0.00033850 
2025-04-15 11:25:21,702  INFO  EPOCH 59 | Validation MSE: G1: 0.00042968, G2: 0.00137744, G3: 0.00035171 
2025-04-15 11:25:24,188  INFO  EPOCH 60 | Validation MSE: G1: 0.00042833, G2: 0.00117860, G3: 0.00033295 
2025-04-15 11:25:26,192  INFO  EPOCH 61 | Validation MSE: G1: 0.00043089, G2: 0.00144345, G3: 0.00037371 
2025-04-15 11:25:29,171  INFO  EPOCH 62 | Validation MSE: G1: 0.00042308, G2: 0.00125177, G3: 0.00035560 
2025-04-15 11:25:31,130  INFO  EPOCH 63 | Validation MSE: G1: 0.00041829, G2: 0.00121281, G3: 0.00036020 
2025-04-15 11:25:33,248  INFO  EPOCH 64 | Validation MSE: G1: 0.00041433, G2: 0.00119913, G3: 0.00033297 
2025-04-15 11:25:35,216  INFO  EPOCH 65 | Validation MSE: G1: 0.00041393, G2: 0.00115567, G3: 0.00038759 
2025-04-15 11:25:37,177  INFO  EPOCH 66 | Validation MSE: G1: 0.00041267, G2: 0.00116144, G3: 0.00036485 
2025-04-15 11:25:39,265  INFO  EPOCH 67 | Validation MSE: G1: 0.00040870, G2: 0.00118419, G3: 0.00037132 
2025-04-15 11:25:41,164  INFO  EPOCH 68 | Validation MSE: G1: 0.00040579, G2: 0.00109270, G3: 0.00036990 
2025-04-15 11:25:43,209  INFO  EPOCH 69 | Validation MSE: G1: 0.00041533, G2: 0.00110480, G3: 0.00035441 
2025-04-15 11:25:45,452  INFO  EPOCH 70 | Validation MSE: G1: 0.00039959, G2: 0.00110249, G3: 0.00034663 
2025-04-15 11:25:47,734  INFO  EPOCH 71 | Validation MSE: G1: 0.00040178, G2: 0.00113688, G3: 0.00034518 
2025-04-15 11:25:49,859  INFO  EPOCH 72 | Validation MSE: G1: 0.00040167, G2: 0.00106234, G3: 0.00034400 
2025-04-15 11:25:52,170  INFO  EPOCH 73 | Validation MSE: G1: 0.00040053, G2: 0.00104421, G3: 0.00034803 
2025-04-15 11:25:54,485  INFO  EPOCH 74 | Validation MSE: G1: 0.00041190, G2: 0.00110927, G3: 0.00034542 
2025-04-15 11:25:56,812  INFO  EPOCH 75 | Validation MSE: G1: 0.00039011, G2: 0.00099406, G3: 0.00034756 
2025-04-15 11:25:59,322  INFO  EPOCH 76 | Validation MSE: G1: 0.00038523, G2: 0.00109333, G3: 0.00034828 
2025-04-15 11:26:01,701  INFO  EPOCH 77 | Validation MSE: G1: 0.00038124, G2: 0.00104966, G3: 0.00034917 
2025-04-15 11:26:03,886  INFO  EPOCH 78 | Validation MSE: G1: 0.00038787, G2: 0.00098985, G3: 0.00035442 
2025-04-15 11:26:06,260  INFO  EPOCH 79 | Validation MSE: G1: 0.00038357, G2: 0.00098730, G3: 0.00035349 
2025-04-15 11:26:08,556  INFO  EPOCH 80 | Validation MSE: G1: 0.00038318, G2: 0.00097183, G3: 0.00035173 
2025-04-15 11:26:10,787  INFO  EPOCH 81 | Validation MSE: G1: 0.00037976, G2: 0.00097307, G3: 0.00035763 
2025-04-15 11:26:13,095  INFO  EPOCH 82 | Validation MSE: G1: 0.00037710, G2: 0.00100007, G3: 0.00035336 
2025-04-15 11:26:15,227  INFO  EPOCH 83 | Validation MSE: G1: 0.00038728, G2: 0.00103497, G3: 0.00034462 
2025-04-15 11:26:17,313  INFO  EPOCH 84 | Validation MSE: G1: 0.00037684, G2: 0.00095845, G3: 0.00034617 
2025-04-15 11:26:19,374  INFO  EPOCH 85 | Validation MSE: G1: 0.00037574, G2: 0.00096232, G3: 0.00034476 
2025-04-15 11:26:21,397  INFO  EPOCH 86 | Validation MSE: G1: 0.00039160, G2: 0.00096334, G3: 0.00034718 
2025-04-15 11:26:23,435  INFO  EPOCH 87 | Validation MSE: G1: 0.00037327, G2: 0.00091255, G3: 0.00034308 
2025-04-15 11:26:25,477  INFO  EPOCH 88 | Validation MSE: G1: 0.00038723, G2: 0.00094012, G3: 0.00034324 
2025-04-15 11:26:27,519  INFO  EPOCH 89 | Validation MSE: G1: 0.00036757, G2: 0.00088707, G3: 0.00034299 
2025-04-15 11:26:29,621  INFO  EPOCH 90 | Validation MSE: G1: 0.00037575, G2: 0.00089181, G3: 0.00034011 
2025-04-15 11:26:31,704  INFO  EPOCH 91 | Validation MSE: G1: 0.00036593, G2: 0.00089886, G3: 0.00034225 
2025-04-15 11:26:33,905  INFO  EPOCH 92 | Validation MSE: G1: 0.00036412, G2: 0.00088256, G3: 0.00033890 
2025-04-15 11:26:35,954  INFO  EPOCH 93 | Validation MSE: G1: 0.00036735, G2: 0.00090095, G3: 0.00033857 
2025-04-15 11:26:38,169  INFO  EPOCH 94 | Validation MSE: G1: 0.00037860, G2: 0.00088208, G3: 0.00034207 
2025-04-15 11:26:40,268  INFO  EPOCH 95 | Validation MSE: G1: 0.00035618, G2: 0.00085402, G3: 0.00033661 
2025-04-15 11:26:42,407  INFO  EPOCH 96 | Validation MSE: G1: 0.00036693, G2: 0.00090096, G3: 0.00033594 
2025-04-15 11:26:44,357  INFO  EPOCH 97 | Validation MSE: G1: 0.00035731, G2: 0.00082686, G3: 0.00033633 
2025-04-15 11:26:46,529  INFO  EPOCH 98 | Validation MSE: G1: 0.00043976, G2: 0.00102312, G3: 0.00033893 
2025-04-15 11:26:48,655  INFO  EPOCH 99 | Validation MSE: G1: 0.00034890, G2: 0.00083061, G3: 0.00033855 
2025-04-15 11:26:50,649  INFO  EPOCH 100 | Validation MSE: G1: 0.00034525, G2: 0.00081355, G3: 0.00033714 
2025-04-15 11:26:52,512  INFO  EPOCH 101 | Validation MSE: G1: 0.00034701, G2: 0.00085105, G3: 0.00033533 
2025-04-15 11:26:54,434  INFO  EPOCH 102 | Validation MSE: G1: 0.00034529, G2: 0.00078350, G3: 0.00033468 
2025-04-15 11:26:56,455  INFO  EPOCH 103 | Validation MSE: G1: 0.00034489, G2: 0.00079638, G3: 0.00033853 
2025-04-15 11:26:58,804  INFO  EPOCH 104 | Validation MSE: G1: 0.00035423, G2: 0.00087342, G3: 0.00033669 
2025-04-15 11:27:00,880  INFO  EPOCH 105 | Validation MSE: G1: 0.00036146, G2: 0.00077059, G3: 0.00033563 
