2025-04-14 11:44:22,907  INFO  ARGS = {
  "notes": "模拟原文实验消融，确认是否加上了分类头之后的最终MSE会一致？",
  "data_path": "database/process_工商银行.csv",
  "output_dir": "out_put/multi",
  "ckpt_dir": "ckpt",
  "window_sizes": [
    5,
    10,
    15
  ],
  "N_pairs": 3,
  "generators": [
    "gru",
    "lstm",
    "transformer"
  ],
  "discriminators": null,
  "distill": true,
  "device": [
    0
  ],
  "num_epochs": 1,
  "lr": 2e-05,
  "batch_size": 64,
  "train_split": 0.7,
  "random_seed": 3407,
  "mode": "train",
  "ckpt_path": "lastest"
}
2025-04-14 11:44:22,907  INFO  模拟原文实验消融，确认是否加上了分类头之后的最终MSE会一致？
2025-04-14 11:44:24,305  INFO  EPOCH 1 | G1: 0.06862973, G2: 0.12158458, G3: 0.01169072 Validation MSE: 
2025-04-14 11:44:25,040  INFO  G1 best epoch: 1
2025-04-14 11:44:25,040  INFO  G2 best epoch: 1
2025-04-14 11:44:25,040  INFO  G3 best epoch: 1
