2025-04-15 11:28:03,635  INFO  ARGS = {
  "notes": "实现了判断也在GAN中，试试看",
  "data_path": "database/process_工商银行.csv",
  "output_dir": "out_put/multi",
  "ckpt_dir": "ckpt",
  "feature_columns": [
    2,
    3,
    4,
    5,
    6,
    7,
    8,
    9,
    10,
    11,
    12,
    13,
    14,
    15,
    16,
    17,
    18,
    19,
    20,
    21,
    22,
    23,
    1
  ],
  "target_columns": [
    [
      1
    ]
  ],
  "start_timestamp": 1,
  "end_timestamp": 2400,
  "window_sizes": [
    5,
    10,
    15
  ],
  "N_pairs": 3,
  "num_classes": 3,
  "generators": [
    "gru",
    "lstm",
    "transformer"
  ],
  "discriminators": null,
  "distill_epochs": 1,
  "cross_finetune_epochs": 5,
  "device": [
    0
  ],
  "num_epochs": 10000,
  "lr": 2e-05,
  "batch_size": 64,
  "train_split": 0.7,
  "random_seed": 3407,
  "mode": "train",
  "ckpt_path": "lastest"
}
2025-04-15 11:28:05,854  INFO  EPOCH 1 | Validation MSE: G1: 0.06845564, G2: 0.06927089, G3: 0.00986235 
2025-04-15 11:28:07,369  INFO  EPOCH 2 | Validation MSE: G1: 0.05092064, G2: 0.06212576, G3: 0.00409645 
2025-04-15 11:28:08,799  INFO  EPOCH 3 | Validation MSE: G1: 0.03656220, G2: 0.05556316, G3: 0.00263308 
2025-04-15 11:28:10,480  INFO  EPOCH 4 | Validation MSE: G1: 0.02539513, G2: 0.04945425, G3: 0.00153236 
2025-04-15 11:28:12,196  INFO  EPOCH 5 | Validation MSE: G1: 0.01735513, G2: 0.04376982, G3: 0.00113254 
2025-04-15 11:28:13,839  INFO  EPOCH 6 | Validation MSE: G1: 0.01255128, G2: 0.03842369, G3: 0.00134435 
2025-04-15 11:28:15,513  INFO  EPOCH 7 | Validation MSE: G1: 0.01025564, G2: 0.03373589, G3: 0.00110030 
2025-04-15 11:28:17,085  INFO  EPOCH 8 | Validation MSE: G1: 0.00954302, G2: 0.02951073, G3: 0.00070718 
2025-04-15 11:28:18,642  INFO  EPOCH 9 | Validation MSE: G1: 0.00933707, G2: 0.02613102, G3: 0.00143514 
