2025-04-14 17:00:00,117  INFO  ARGS = {
  "notes": "灭除了cross ft的末轮问题",
  "data_path": "database/process_工商银行.csv",
  "output_dir": "out_put/multi",
  "ckpt_dir": "ckpt",
  "feature_columns": [
    2,
    3,
    4,
    5,
    6,
    7,
    8,
    9,
    10,
    11,
    12,
    13,
    14,
    15,
    16,
    17,
    18,
    19,
    20,
    21,
    22,
    23,
    1
  ],
  "target_columns": [
    [
      1
    ]
  ],
  "start_timestamp": 1,
  "end_timestamp": 2400,
  "window_sizes": [
    5,
    10,
    15
  ],
  "N_pairs": 3,
  "generators": [
    "gru",
    "lstm",
    "transformer"
  ],
  "discriminators": null,
  "distill": true,
  "cross_finetune": true,
  "device": [
    0
  ],
  "num_epochs": 10000,
  "lr": 2e-05,
  "batch_size": 64,
  "train_split": 0.7,
  "random_seed": 3407,
  "mode": "train",
  "ckpt_path": "lastest"
}
2025-04-14 17:00:01,532  INFO  EPOCH 1 | Validation MSE: G1: 0.06864696, G2: 0.12163097, G3: 0.01151455 
2025-04-14 17:00:02,690  INFO  EPOCH 2 | Validation MSE: G1: 0.05112514, G2: 0.11144722, G3: 0.00387765 
2025-04-14 17:00:03,762  INFO  EPOCH 3 | Validation MSE: G1: 0.03650798, G2: 0.10164181, G3: 0.00139671 
2025-04-14 17:00:04,873  INFO  EPOCH 4 | Validation MSE: G1: 0.02532756, G2: 0.09232696, G3: 0.00136345 
2025-04-14 17:00:06,002  INFO  EPOCH 5 | Validation MSE: G1: 0.01744238, G2: 0.08328025, G3: 0.00115338 
2025-04-14 17:00:07,068  INFO  EPOCH 6 | Validation MSE: G1: 0.01271096, G2: 0.07430951, G3: 0.00108053 
2025-04-14 17:00:08,355  INFO  EPOCH 7 | Validation MSE: G1: 0.01035197, G2: 0.06519452, G3: 0.00081385 
2025-04-14 17:00:09,506  INFO  EPOCH 8 | Validation MSE: G1: 0.00956538, G2: 0.05603581, G3: 0.00071919 
2025-04-14 17:00:10,605  INFO  EPOCH 9 | Validation MSE: G1: 0.00930524, G2: 0.04716830, G3: 0.00050450 
2025-04-14 17:00:11,625  INFO  EPOCH 10 | Validation MSE: G1: 0.00904633, G2: 0.03853457, G3: 0.00054241 
2025-04-14 17:00:12,652  INFO  EPOCH 11 | Validation MSE: G1: 0.00877483, G2: 0.03110741, G3: 0.00044645 
2025-04-14 17:00:13,812  INFO  EPOCH 12 | Validation MSE: G1: 0.00824624, G2: 0.02600550, G3: 0.00052434 
2025-04-14 17:00:14,881  INFO  EPOCH 13 | Validation MSE: G1: 0.00777052, G2: 0.02409746, G3: 0.00052622 
2025-04-14 17:00:15,949  INFO  EPOCH 14 | Validation MSE: G1: 0.00727521, G2: 0.02552820, G3: 0.00030943 
2025-04-14 17:00:16,963  INFO  EPOCH 15 | Validation MSE: G1: 0.00665405, G2: 0.02802483, G3: 0.00045613 
2025-04-14 17:00:17,957  INFO  EPOCH 16 | Validation MSE: G1: 0.00601293, G2: 0.02990819, G3: 0.00031170 
2025-04-14 17:00:18,990  INFO  EPOCH 17 | Validation MSE: G1: 0.00538942, G2: 0.03058922, G3: 0.00051191 
2025-04-14 17:00:19,962  INFO  EPOCH 18 | Validation MSE: G1: 0.00499299, G2: 0.03150677, G3: 0.00048861 
2025-04-14 17:00:21,029  INFO  EPOCH 19 | Validation MSE: G1: 0.00441856, G2: 0.03024992, G3: 0.00028916 
2025-04-14 17:00:22,148  INFO  EPOCH 20 | Validation MSE: G1: 0.00391546, G2: 0.02917436, G3: 0.00043891 
2025-04-14 17:00:23,190  INFO  EPOCH 21 | Validation MSE: G1: 0.00351443, G2: 0.02833883, G3: 0.00026508 
2025-04-14 17:00:24,267  INFO  EPOCH 22 | Validation MSE: G1: 0.00309369, G2: 0.02692623, G3: 0.00041989 
2025-04-14 17:00:25,365  INFO  EPOCH 23 | Validation MSE: G1: 0.00269667, G2: 0.02559491, G3: 0.00047225 
2025-04-14 17:00:26,434  INFO  EPOCH 24 | Validation MSE: G1: 0.00238125, G2: 0.02497147, G3: 0.00025945 
2025-04-14 17:00:27,497  INFO  EPOCH 25 | Validation MSE: G1: 0.00203762, G2: 0.02370177, G3: 0.00029592 
2025-04-14 17:00:28,598  INFO  EPOCH 26 | Validation MSE: G1: 0.00183475, G2: 0.02356065, G3: 0.00041563 
2025-04-14 17:00:29,574  INFO  EPOCH 27 | Validation MSE: G1: 0.00162975, G2: 0.02289542, G3: 0.00034936 
2025-04-14 17:00:30,580  INFO  EPOCH 28 | Validation MSE: G1: 0.00140217, G2: 0.02283588, G3: 0.00028767 
2025-04-14 17:00:31,562  INFO  EPOCH 29 | Validation MSE: G1: 0.00124877, G2: 0.02181515, G3: 0.00036148 
2025-04-14 17:00:32,648  INFO  EPOCH 30 | Validation MSE: G1: 0.00109974, G2: 0.02159532, G3: 0.00043181 
2025-04-14 17:00:33,655  INFO  EPOCH 31 | Validation MSE: G1: 0.00098757, G2: 0.02135160, G3: 0.00085546 
2025-04-14 17:00:34,671  INFO  EPOCH 32 | Validation MSE: G1: 0.00087822, G2: 0.02065868, G3: 0.00042752 
2025-04-14 17:00:35,708  INFO  EPOCH 33 | Validation MSE: G1: 0.00075131, G2: 0.02022748, G3: 0.00107696 
2025-04-14 17:00:36,724  INFO  EPOCH 34 | Validation MSE: G1: 0.00070637, G2: 0.01966417, G3: 0.00070240 
2025-04-14 17:00:37,770  INFO  EPOCH 35 | Validation MSE: G1: 0.00070067, G2: 0.01918224, G3: 0.00071346 
2025-04-14 17:00:38,806  INFO  EPOCH 36 | Validation MSE: G1: 0.00055861, G2: 0.01918387, G3: 0.00095074 
2025-04-14 17:00:39,867  INFO  EPOCH 37 | Validation MSE: G1: 0.00051911, G2: 0.01840833, G3: 0.00092142 
2025-04-14 17:00:41,012  INFO  EPOCH 38 | Validation MSE: G1: 0.00053433, G2: 0.01727032, G3: 0.00146509 
2025-04-14 17:00:42,048  INFO  EPOCH 39 | Validation MSE: G1: 0.00056786, G2: 0.01749786, G3: 0.00139518 
2025-04-14 17:00:43,086  INFO  EPOCH 40 | Validation MSE: G1: 0.00057094, G2: 0.01644902, G3: 0.00168779 
2025-04-14 17:00:44,217  INFO  EPOCH 41 | Validation MSE: G1: 0.00064469, G2: 0.01534575, G3: 0.00180090 
2025-04-14 17:00:45,292  INFO  EPOCH 42 | Validation MSE: G1: 0.00076071, G2: 0.01580968, G3: 0.00200004 
2025-04-14 17:00:46,388  INFO  EPOCH 43 | Validation MSE: G1: 0.00083789, G2: 0.01505581, G3: 0.00225720 
2025-04-14 17:00:47,481  INFO  EPOCH 44 | Validation MSE: G1: 0.00101189, G2: 0.01359462, G3: 0.00240421 
2025-04-14 17:00:48,546  INFO  EPOCH 45 | Validation MSE: G1: 0.00119121, G2: 0.01295530, G3: 0.00225719 
2025-04-14 17:00:49,607  INFO  EPOCH 46 | Validation MSE: G1: 0.00153241, G2: 0.01251811, G3: 0.00330191 
2025-04-14 17:00:50,687  INFO  EPOCH 47 | Validation MSE: G1: 0.00149306, G2: 0.01120613, G3: 0.00331740 
2025-04-14 17:00:51,769  INFO  EPOCH 48 | Validation MSE: G1: 0.00168988, G2: 0.01040370, G3: 0.00314470 
2025-04-14 17:00:52,837  INFO  EPOCH 49 | Validation MSE: G1: 0.00177848, G2: 0.00940346, G3: 0.00367627 
2025-04-14 17:00:53,972  INFO  EPOCH 50 | Validation MSE: G1: 0.00188850, G2: 0.00896790, G3: 0.00328715 
2025-04-14 17:00:55,395  INFO  EPOCH 51 | Validation MSE: G1: 0.00198110, G2: 0.00733276, G3: 0.00413758 
2025-04-14 17:00:56,595  INFO  EPOCH 52 | Validation MSE: G1: 0.00203199, G2: 0.00679192, G3: 0.00348664 
2025-04-14 17:00:57,884  INFO  EPOCH 53 | Validation MSE: G1: 0.00212282, G2: 0.00581655, G3: 0.00428659 
2025-04-14 17:00:59,096  INFO  EPOCH 54 | Validation MSE: G1: 0.00205517, G2: 0.00522222, G3: 0.00347126 
2025-04-14 17:01:00,249  INFO  EPOCH 55 | Validation MSE: G1: 0.00206525, G2: 0.00445967, G3: 0.00356716 
2025-04-14 17:01:01,500  INFO  EPOCH 56 | Validation MSE: G1: 0.00204429, G2: 0.00371031, G3: 0.00343063 
2025-04-14 17:01:02,617  INFO  EPOCH 57 | Validation MSE: G1: 0.00203379, G2: 0.00327435, G3: 0.00305857 
2025-04-14 17:01:03,695  INFO  EPOCH 58 | Validation MSE: G1: 0.00201181, G2: 0.00298989, G3: 0.00277415 
2025-04-14 17:01:04,792  INFO  EPOCH 59 | Validation MSE: G1: 0.00197690, G2: 0.00274472, G3: 0.00276942 
2025-04-14 17:01:05,975  INFO  EPOCH 60 | Validation MSE: G1: 0.00194684, G2: 0.00257808, G3: 0.00275406 
2025-04-14 17:01:07,059  INFO  EPOCH 61 | Validation MSE: G1: 0.00191434, G2: 0.00249195, G3: 0.00278863 
2025-04-14 17:01:08,139  INFO  EPOCH 62 | Validation MSE: G1: 0.00187735, G2: 0.00247195, G3: 0.00272029 
2025-04-14 17:01:09,351  INFO  EPOCH 63 | Validation MSE: G1: 0.00183496, G2: 0.00231326, G3: 0.00267464 
2025-04-14 17:01:10,505  INFO  EPOCH 64 | Validation MSE: G1: 0.00179857, G2: 0.00228180, G3: 0.00260003 
2025-04-14 17:01:11,580  INFO  EPOCH 65 | Validation MSE: G1: 0.00175694, G2: 0.00226383, G3: 0.00264753 
2025-04-14 17:01:12,655  INFO  EPOCH 66 | Validation MSE: G1: 0.00171194, G2: 0.00224606, G3: 0.00257730 
2025-04-14 17:01:13,739  INFO  EPOCH 67 | Validation MSE: G1: 0.00166777, G2: 0.00222179, G3: 0.00251456 
2025-04-14 17:01:14,887  INFO  EPOCH 68 | Validation MSE: G1: 0.00162100, G2: 0.00223156, G3: 0.00246797 
2025-04-14 17:01:15,935  INFO  EPOCH 69 | Validation MSE: G1: 0.00157673, G2: 0.00229912, G3: 0.00240622 
2025-04-14 17:01:17,008  INFO  EPOCH 70 | Validation MSE: G1: 0.00153480, G2: 0.00230284, G3: 0.00222902 
2025-04-14 17:01:18,108  INFO  EPOCH 71 | Validation MSE: G1: 0.00149139, G2: 0.00210811, G3: 0.00219394 
2025-04-14 17:01:19,308  INFO  EPOCH 72 | Validation MSE: G1: 0.00148685, G2: 0.00215828, G3: 0.00209700 
2025-04-14 17:01:20,375  INFO  EPOCH 73 | Validation MSE: G1: 0.00148186, G2: 0.00204331, G3: 0.00200999 
2025-04-14 17:01:21,422  INFO  EPOCH 74 | Validation MSE: G1: 0.00147698, G2: 0.00202421, G3: 0.00197235 
2025-04-14 17:01:22,601  INFO  EPOCH 75 | Validation MSE: G1: 0.00147169, G2: 0.00192308, G3: 0.00192186 
2025-04-14 17:01:23,810  INFO  EPOCH 76 | Validation MSE: G1: 0.00146647, G2: 0.00189335, G3: 0.00187256 
2025-04-14 17:01:25,001  INFO  EPOCH 77 | Validation MSE: G1: 0.00146065, G2: 0.00194783, G3: 0.00184091 
2025-04-14 17:01:26,167  INFO  EPOCH 78 | Validation MSE: G1: 0.00145418, G2: 0.00177227, G3: 0.00182016 
2025-04-14 17:01:27,294  INFO  EPOCH 79 | Validation MSE: G1: 0.00144777, G2: 0.00170106, G3: 0.00178687 
2025-04-14 17:01:28,425  INFO  EPOCH 80 | Validation MSE: G1: 0.00144163, G2: 0.00167232, G3: 0.00174350 
2025-04-14 17:01:29,616  INFO  EPOCH 81 | Validation MSE: G1: 0.00143523, G2: 0.00159914, G3: 0.00169761 
2025-04-14 17:01:30,811  INFO  EPOCH 82 | Validation MSE: G1: 0.00142825, G2: 0.00156045, G3: 0.00166260 
2025-04-14 17:01:31,988  INFO  EPOCH 83 | Validation MSE: G1: 0.00142140, G2: 0.00149146, G3: 0.00162417 
2025-04-14 17:01:33,062  INFO  EPOCH 84 | Validation MSE: G1: 0.00141452, G2: 0.00145243, G3: 0.00157999 
2025-04-14 17:01:34,102  INFO  EPOCH 85 | Validation MSE: G1: 0.00140657, G2: 0.00142296, G3: 0.00152877 
2025-04-14 17:01:35,134  INFO  EPOCH 86 | Validation MSE: G1: 0.00139828, G2: 0.00145481, G3: 0.00149339 
2025-04-14 17:01:36,223  INFO  EPOCH 87 | Validation MSE: G1: 0.00139069, G2: 0.00155343, G3: 0.00147524 
2025-04-14 17:01:37,296  INFO  EPOCH 88 | Validation MSE: G1: 0.00138223, G2: 0.00138261, G3: 0.00142342 
2025-04-14 17:01:38,376  INFO  EPOCH 89 | Validation MSE: G1: 0.00137798, G2: 0.00142840, G3: 0.00138252 
2025-04-14 17:01:39,480  INFO  EPOCH 90 | Validation MSE: G1: 0.00137294, G2: 0.00136958, G3: 0.00129657 
2025-04-14 17:01:40,661  INFO  EPOCH 91 | Validation MSE: G1: 0.00136849, G2: 0.00152647, G3: 0.00124269 
2025-04-14 17:01:41,911  INFO  EPOCH 92 | Validation MSE: G1: 0.00136377, G2: 0.00146025, G3: 0.00120190 
2025-04-14 17:01:43,046  INFO  EPOCH 93 | Validation MSE: G1: 0.00135891, G2: 0.00141125, G3: 0.00113781 
2025-04-14 17:01:44,343  INFO  EPOCH 94 | Validation MSE: G1: 0.00135330, G2: 0.00141126, G3: 0.00109006 
2025-04-14 17:01:45,706  INFO  EPOCH 95 | Validation MSE: G1: 0.00134780, G2: 0.00155624, G3: 0.00104522 
2025-04-14 17:01:47,045  INFO  EPOCH 96 | Validation MSE: G1: 0.00134242, G2: 0.00146098, G3: 0.00099842 
2025-04-14 17:01:48,393  INFO  EPOCH 97 | Validation MSE: G1: 0.00133682, G2: 0.00152212, G3: 0.00094399 
2025-04-14 17:01:49,695  INFO  EPOCH 98 | Validation MSE: G1: 0.00133135, G2: 0.00153784, G3: 0.00089705 
2025-04-14 17:01:50,957  INFO  EPOCH 99 | Validation MSE: G1: 0.00132519, G2: 0.00158083, G3: 0.00084901 
2025-04-14 17:01:52,196  INFO  EPOCH 100 | Validation MSE: G1: 0.00131990, G2: 0.00157989, G3: 0.00080384 
2025-04-14 17:01:53,478  INFO  EPOCH 101 | Validation MSE: G1: 0.00131412, G2: 0.00151155, G3: 0.00076635 
2025-04-14 17:01:54,727  INFO  EPOCH 102 | Validation MSE: G1: 0.00130805, G2: 0.00155501, G3: 0.00072856 
2025-04-14 17:01:55,938  INFO  EPOCH 103 | Validation MSE: G1: 0.00130276, G2: 0.00172205, G3: 0.00070080 
2025-04-14 17:01:57,188  INFO  EPOCH 104 | Validation MSE: G1: 0.00129605, G2: 0.00156578, G3: 0.00066085 
2025-04-14 17:01:58,510  INFO  EPOCH 105 | Validation MSE: G1: 0.00128910, G2: 0.00144046, G3: 0.00064598 
2025-04-14 17:01:59,528  INFO  G1 best epoch: 37
2025-04-14 17:01:59,528  INFO  G2 best epoch: 90
2025-04-14 17:01:59,528  INFO  G3 best epoch: 24
2025-04-14 17:01:59,672  INFO  Train Metrics for G1: MSE=0.0114, MAE=0.0727, RMSE=0.1069, MAPE=1.3950
2025-04-14 17:01:59,837  INFO  Train Metrics for G2: MSE=0.0337, MAE=0.1327, RMSE=0.1835, MAPE=2.5479
2025-04-14 17:02:00,023  INFO  Train Metrics for G3: MSE=0.0054, MAE=0.0552, RMSE=0.0735, MAPE=1.0730
2025-04-14 17:02:00,171  INFO  Test Metrics for G1: MSE=0.0070, MAE=0.0605, RMSE=0.0834, MAPE=1.2085
2025-04-14 17:02:00,308  INFO  Test Metrics for G2: MSE=0.0183, MAE=0.0982, RMSE=0.1354, MAPE=1.9390
2025-04-14 17:02:00,456  INFO  Test Metrics for G3: MSE=0.0035, MAE=0.0409, RMSE=0.0590, MAPE=0.8239
