12025-04-15 17:43:00,243  INFO  ARGS = {
  "notes": "回测300股指自回归",
  "data_path": "database/processed_300股指_day.csv",
  "output_dir": "out_put/multi",
  "ckpt_dir": "ckpt",
  "feature_columns": [
    1
  ],
  "target_columns": [
    [
      1
    ]
  ],
  "start_timestamp": 31,
  "end_timestamp": -1,
  "window_sizes": [
    5,
    10,
    15
  ],
  "N_pairs": 3,
  "num_classes": 3,
  "generators": [
    "gru",
    "lstm",
    "transformer"
  ],
  "discriminators": null,
  "distill_epochs": 1,
  "cross_finetune_epochs": 10,
  "device": [
    0
  ],
  "num_epochs": 10000,
  "lr": 2e-05,
  "batch_size": 64,
  "train_split": 0.7,
  "random_seed": 3407,
  "amp_dtype": "none",
  "mode": "train",
  "ckpt_path": "lastest"
}
2025-04-15 17:43:02,835  INFO  Start cross finetune!  G3 with D1
2025-04-15 17:43:03,483  INFO  == Cross finetune Epoch [1/10000]: G3: Validation MSE 0.00044263
2025-04-15 17:43:04,082  INFO  == Cross finetune Epoch [2/10000]: G3: Validation MSE 0.00034372
2025-04-15 17:43:04,754  INFO  == Cross finetune Epoch [3/10000]: G3: Validation MSE 0.00062135
2025-04-15 17:43:05,441  INFO  == Cross finetune Epoch [4/10000]: G3: Validation MSE 0.00023156
2025-04-15 17:43:06,138  INFO  == Cross finetune Epoch [5/10000]: G3: Validation MSE 0.00070748
2025-04-15 17:43:06,734  INFO  == Cross finetune Epoch [6/10000]: G3: Validation MSE 0.00023039
2025-04-15 17:43:07,529  INFO  == Cross finetune Epoch [7/10000]: G3: Validation MSE 0.00025254
2025-04-15 17:43:08,309  INFO  == Cross finetune Epoch [8/10000]: G3: Validation MSE 0.00037515
2025-04-15 17:43:08,828  INFO  == Cross finetune Epoch [9/10000]: G3: Validation MSE 0.00028044
2025-04-15 17:43:09,309  INFO  == Cross finetune Epoch [10/10000]: G3: Validation MSE 0.00027334
2025-04-15 17:43:09,309  INFO  EPOCH 1 | Validation MSE: G1: 0.48412201, G2: 0.20919634, G3: 0.00070585 
2025-04-15 17:43:11,397  INFO  EPOCH 2 | Validation MSE: G1: 0.45482644, G2: 0.19965956, G3: 0.00049085 
2025-04-15 17:43:13,532  INFO  EPOCH 3 | Validation MSE: G1: 0.42521930, G2: 0.19040960, G3: 0.00027988 
2025-04-15 17:43:15,651  INFO  EPOCH 4 | Validation MSE: G1: 0.39384305, G2: 0.18084641, G3: 0.00120201 
2025-04-15 17:43:17,425  INFO  EPOCH 5 | Validation MSE: G1: 0.36046344, G2: 0.17120503, G3: 0.00023311 
2025-04-15 17:43:19,071  INFO  EPOCH 6 | Validation MSE: G1: 0.32427970, G2: 0.16110955, G3: 0.00045724 
2025-04-15 17:43:20,784  INFO  EPOCH 7 | Validation MSE: G1: 0.28459254, G2: 0.15006502, G3: 0.00070990 
2025-04-15 17:43:22,917  INFO  EPOCH 8 | Validation MSE: G1: 0.24220310, G2: 0.13835329, G3: 0.00063053 
2025-04-15 17:43:24,939  INFO  EPOCH 9 | Validation MSE: G1: 0.19707592, G2: 0.12467473, G3: 0.00022794 
2025-04-15 17:43:26,684  INFO  EPOCH 10 | Validation MSE: G1: 0.15225895, G2: 0.10944592, G3: 0.00027169 
2025-04-15 17:43:28,496  INFO  Start cross finetune!  G3 with D1
2025-04-15 17:43:29,037  INFO  == Cross finetune Epoch [1/10000]: G3: Validation MSE 0.00031781
2025-04-15 17:43:29,655  INFO  == Cross finetune Epoch [2/10000]: G3: Validation MSE 0.00079072
2025-04-15 17:43:30,258  INFO  == Cross finetune Epoch [3/10000]: G3: Validation MSE 0.00023636
2025-04-15 17:43:30,844  INFO  == Cross finetune Epoch [4/10000]: G3: Validation MSE 0.00048033
2025-04-15 17:43:31,349  INFO  == Cross finetune Epoch [5/10000]: G3: Validation MSE 0.00051906
2025-04-15 17:43:31,882  INFO  == Cross finetune Epoch [6/10000]: G3: Validation MSE 0.00039731
2025-04-15 17:43:32,396  INFO  == Cross finetune Epoch [7/10000]: G3: Validation MSE 0.00037019
2025-04-15 17:43:32,946  INFO  == Cross finetune Epoch [8/10000]: G3: Validation MSE 0.00022262
2025-04-15 17:43:33,508  INFO  == Cross finetune Epoch [9/10000]: G3: Validation MSE 0.00085188
2025-04-15 17:43:34,118  INFO  == Cross finetune Epoch [10/10000]: G3: Validation MSE 0.00064525
2025-04-15 17:43:34,118  INFO  EPOCH 11 | Validation MSE: G1: 0.11033915, G2: 0.09191875, G3: 0.00027001 
2025-04-15 17:43:35,927  INFO  EPOCH 12 | Validation MSE: G1: 0.07558608, G2: 0.07296104, G3: 0.00028335 
2025-04-15 17:43:37,864  INFO  EPOCH 13 | Validation MSE: G1: 0.05098171, G2: 0.05484439, G3: 0.00051154 
2025-04-15 17:43:39,736  INFO  EPOCH 14 | Validation MSE: G1: 0.03653551, G2: 0.04155440, G3: 0.00023576 
2025-04-15 17:43:41,488  INFO  EPOCH 15 | Validation MSE: G1: 0.02937514, G2: 0.03527395, G3: 0.00026347 
2025-04-15 17:43:43,215  INFO  EPOCH 16 | Validation MSE: G1: 0.02557929, G2: 0.03321448, G3: 0.00023435 
2025-04-15 17:43:44,885  INFO  EPOCH 17 | Validation MSE: G1: 0.02379738, G2: 0.03420834, G3: 0.00023276 
2025-04-15 17:43:46,754  INFO  EPOCH 18 | Validation MSE: G1: 0.02323734, G2: 0.03890900, G3: 0.00026840 
2025-04-15 17:43:48,522  INFO  EPOCH 19 | Validation MSE: G1: 0.02261220, G2: 0.04506643, G3: 0.00022938 
2025-04-15 17:43:50,239  INFO  EPOCH 20 | Validation MSE: G1: 0.02217460, G2: 0.05023583, G3: 0.00024335 
2025-04-15 17:43:52,020  INFO  Start cross finetune!  G3 with D1
2025-04-15 17:43:52,622  INFO  == Cross finetune Epoch [1/10000]: G3: Validation MSE 0.00056070
2025-04-15 17:43:53,237  INFO  == Cross finetune Epoch [2/10000]: G3: Validation MSE 0.00069301
2025-04-15 17:43:53,823  INFO  == Cross finetune Epoch [3/10000]: G3: Validation MSE 0.00036304
2025-04-15 17:43:54,395  INFO  == Cross finetune Epoch [4/10000]: G3: Validation MSE 0.00030101
2025-04-15 17:43:55,086  INFO  == Cross finetune Epoch [5/10000]: G3: Validation MSE 0.00025634
2025-04-15 17:43:55,773  INFO  == Cross finetune Epoch [6/10000]: G3: Validation MSE 0.00123093
2025-04-15 17:43:56,467  INFO  == Cross finetune Epoch [7/10000]: G3: Validation MSE 0.00072701
2025-04-15 17:43:57,183  INFO  == Cross finetune Epoch [8/10000]: G3: Validation MSE 0.00026178
2025-04-15 17:43:57,921  INFO  == Cross finetune Epoch [9/10000]: G3: Validation MSE 0.00041698
2025-04-15 17:43:58,682  INFO  == Cross finetune Epoch [10/10000]: G3: Validation MSE 0.00056123
2025-04-15 17:43:58,682  INFO  EPOCH 21 | Validation MSE: G1: 0.02220211, G2: 0.05530450, G3: 0.00033775 
2025-04-15 17:44:01,008  INFO  EPOCH 22 | Validation MSE: G1: 0.02193538, G2: 0.05496748, G3: 0.00027254 
2025-04-15 17:44:03,350  INFO  EPOCH 23 | Validation MSE: G1: 0.02245970, G2: 0.05761493, G3: 0.00046526 
2025-04-15 17:44:05,442  INFO  EPOCH 24 | Validation MSE: G1: 0.02324007, G2: 0.05769866, G3: 0.00025083 
2025-04-15 17:44:07,354  INFO  EPOCH 25 | Validation MSE: G1: 0.02296093, G2: 0.05794743, G3: 0.00024796 
2025-04-15 17:44:09,506  INFO  EPOCH 26 | Validation MSE: G1: 0.02301158, G2: 0.05567766, G3: 0.00027104 
2025-04-15 17:44:11,314  INFO  EPOCH 27 | Validation MSE: G1: 0.02238034, G2: 0.05515626, G3: 0.00027052 
2025-04-15 17:44:13,180  INFO  EPOCH 28 | Validation MSE: G1: 0.02360269, G2: 0.05726857, G3: 0.00030443 
2025-04-15 17:44:15,174  INFO  EPOCH 29 | Validation MSE: G1: 0.02352654, G2: 0.05835973, G3: 0.00029140 
2025-04-15 17:44:17,171  INFO  EPOCH 30 | Validation MSE: G1: 0.02406197, G2: 0.06204956, G3: 0.00027415 
2025-04-15 17:44:18,922  INFO  Start cross finetune!  G3 with D1
2025-04-15 17:44:19,440  INFO  == Cross finetune Epoch [1/10000]: G3: Validation MSE 0.00027434
2025-04-15 17:44:20,141  INFO  == Cross finetune Epoch [2/10000]: G3: Validation MSE 0.00028786
2025-04-15 17:44:20,770  INFO  == Cross finetune Epoch [3/10000]: G3: Validation MSE 0.00026450
2025-04-15 17:44:21,334  INFO  == Cross finetune Epoch [4/10000]: G3: Validation MSE 0.00031344
2025-04-15 17:44:21,981  INFO  == Cross finetune Epoch [5/10000]: G3: Validation MSE 0.00034923
2025-04-15 17:44:22,642  INFO  == Cross finetune Epoch [6/10000]: G3: Validation MSE 0.00030539
2025-04-15 17:44:23,250  INFO  == Cross finetune Epoch [7/10000]: G3: Validation MSE 0.00030556
2025-04-15 17:44:23,787  INFO  == Cross finetune Epoch [8/10000]: G3: Validation MSE 0.00033640
2025-04-15 17:44:24,503  INFO  == Cross finetune Epoch [9/10000]: G3: Validation MSE 0.00025760
2025-04-15 17:44:25,092  INFO  == Cross finetune Epoch [10/10000]: G3: Validation MSE 0.00036988
2025-04-15 17:44:25,092  INFO  EPOCH 31 | Validation MSE: G1: 0.02348833, G2: 0.05994385, G3: 0.00035473 
2025-04-15 17:44:26,959  INFO  EPOCH 32 | Validation MSE: G1: 0.02264462, G2: 0.05862765, G3: 0.00030624 
2025-04-15 17:44:29,092  INFO  EPOCH 33 | Validation MSE: G1: 0.02117882, G2: 0.05748925, G3: 0.00034651 
2025-04-15 17:44:31,248  INFO  EPOCH 34 | Validation MSE: G1: 0.02164650, G2: 0.05768642, G3: 0.00031775 
2025-04-15 17:44:33,431  INFO  EPOCH 35 | Validation MSE: G1: 0.02117695, G2: 0.05754893, G3: 0.00038448 
2025-04-15 17:44:35,528  INFO  EPOCH 36 | Validation MSE: G1: 0.01947281, G2: 0.05786076, G3: 0.00043520 
2025-04-15 17:44:37,585  INFO  EPOCH 37 | Validation MSE: G1: 0.01991282, G2: 0.05786119, G3: 0.00032892 
2025-04-15 17:44:39,415  INFO  EPOCH 38 | Validation MSE: G1: 0.01927301, G2: 0.05805340, G3: 0.00030853 
2025-04-15 17:44:41,354  INFO  EPOCH 39 | Validation MSE: G1: 0.01986544, G2: 0.05769011, G3: 0.00030433 
2025-04-15 17:44:43,450  INFO  EPOCH 40 | Validation MSE: G1: 0.01835570, G2: 0.05784270, G3: 0.00039128 
2025-04-15 17:44:45,284  INFO  Start cross finetune!  G3 with D1
2025-04-15 17:44:45,812  INFO  == Cross finetune Epoch [1/10000]: G3: Validation MSE 0.00034703
2025-04-15 17:44:46,402  INFO  == Cross finetune Epoch [2/10000]: G3: Validation MSE 0.00043101
2025-04-15 17:44:46,916  INFO  == Cross finetune Epoch [3/10000]: G3: Validation MSE 0.00034352
2025-04-15 17:44:47,462  INFO  == Cross finetune Epoch [4/10000]: G3: Validation MSE 0.00040367
2025-04-15 17:44:47,968  INFO  == Cross finetune Epoch [5/10000]: G3: Validation MSE 0.00029265
2025-04-15 17:44:48,548  INFO  == Cross finetune Epoch [6/10000]: G3: Validation MSE 0.00030407
2025-04-15 17:44:49,090  INFO  == Cross finetune Epoch [7/10000]: G3: Validation MSE 0.00033007
2025-04-15 17:44:49,672  INFO  == Cross finetune Epoch [8/10000]: G3: Validation MSE 0.00036334
2025-04-15 17:44:50,198  INFO  == Cross finetune Epoch [9/10000]: G3: Validation MSE 0.00026385
2025-04-15 17:44:50,824  INFO  == Cross finetune Epoch [10/10000]: G3: Validation MSE 0.00029336
2025-04-15 17:44:50,825  INFO  EPOCH 41 | Validation MSE: G1: 0.01830868, G2: 0.05790028, G3: 0.00035535 
2025-04-15 17:44:52,986  INFO  EPOCH 42 | Validation MSE: G1: 0.01660165, G2: 0.05817605, G3: 0.00031182 
2025-04-15 17:44:55,164  INFO  EPOCH 43 | Validation MSE: G1: 0.01647621, G2: 0.05801515, G3: 0.00024218 
2025-04-15 17:44:57,177  INFO  EPOCH 44 | Validation MSE: G1: 0.01631192, G2: 0.05755363, G3: 0.00027069 
2025-04-15 17:44:59,080  INFO  EPOCH 45 | Validation MSE: G1: 0.01556993, G2: 0.05798164, G3: 0.00028120 
2025-04-15 17:45:01,007  INFO  EPOCH 46 | Validation MSE: G1: 0.01604810, G2: 0.05781288, G3: 0.00029442 
2025-04-15 17:45:02,960  INFO  EPOCH 47 | Validation MSE: G1: 0.01365543, G2: 0.05815161, G3: 0.00030020 
2025-04-15 17:45:04,826  INFO  EPOCH 48 | Validation MSE: G1: 0.01381227, G2: 0.05769153, G3: 0.00030032 
2025-04-15 17:45:06,802  INFO  EPOCH 49 | Validation MSE: G1: 0.01168392, G2: 0.05829655, G3: 0.00030046 
2025-04-15 17:45:08,725  INFO  EPOCH 50 | Validation MSE: G1: 0.01228030, G2: 0.05783577, G3: 0.00031592 
2025-04-15 17:45:10,651  INFO  Start cross finetune!  G3 with D1
2025-04-15 17:45:11,176  INFO  == Cross finetune Epoch [1/10000]: G3: Validation MSE 0.00031366
2025-04-15 17:45:11,700  INFO  == Cross finetune Epoch [2/10000]: G3: Validation MSE 0.00030197
2025-04-15 17:45:12,239  INFO  == Cross finetune Epoch [3/10000]: G3: Validation MSE 0.00029959
2025-04-15 17:45:12,776  INFO  == Cross finetune Epoch [4/10000]: G3: Validation MSE 0.00030374
2025-04-15 17:45:13,345  INFO  == Cross finetune Epoch [5/10000]: G3: Validation MSE 0.00028600
2025-04-15 17:45:13,856  INFO  == Cross finetune Epoch [6/10000]: G3: Validation MSE 0.00030813
2025-04-15 17:45:14,411  INFO  == Cross finetune Epoch [7/10000]: G3: Validation MSE 0.00030656
2025-04-15 17:45:14,954  INFO  == Cross finetune Epoch [8/10000]: G3: Validation MSE 0.00030849
2025-04-15 17:45:15,473  INFO  == Cross finetune Epoch [9/10000]: G3: Validation MSE 0.00031588
2025-04-15 17:45:15,982  INFO  == Cross finetune Epoch [10/10000]: G3: Validation MSE 0.00029907
2025-04-15 17:45:15,982  INFO  EPOCH 51 | Validation MSE: G1: 0.01073951, G2: 0.05786731, G3: 0.00030888 
2025-04-15 17:45:17,798  INFO  EPOCH 52 | Validation MSE: G1: 0.01055340, G2: 0.05785092, G3: 0.00030559 
2025-04-15 17:45:19,702  INFO  EPOCH 53 | Validation MSE: G1: 0.00973248, G2: 0.05785008, G3: 0.00030494 
2025-04-15 17:45:21,697  INFO  EPOCH 54 | Validation MSE: G1: 0.00937659, G2: 0.05786499, G3: 0.00030502 
2025-04-15 17:45:23,610  INFO  EPOCH 55 | Validation MSE: G1: 0.01022239, G2: 0.05779709, G3: 0.00030654 
2025-04-15 17:45:25,553  INFO  EPOCH 56 | Validation MSE: G1: 0.00929825, G2: 0.05781365, G3: 0.00030603 
2025-04-15 17:45:27,512  INFO  EPOCH 57 | Validation MSE: G1: 0.00761535, G2: 0.05783703, G3: 0.00030654 
2025-04-15 17:45:29,607  INFO  EPOCH 58 | Validation MSE: G1: 0.00852810, G2: 0.05781443, G3: 0.00029896 
2025-04-15 17:45:31,612  INFO  EPOCH 59 | Validation MSE: G1: 0.00712004, G2: 0.05783666, G3: 0.00029764 
2025-04-15 17:45:33,604  INFO  EPOCH 60 | Validation MSE: G1: 0.00710845, G2: 0.05781304, G3: 0.00029869 
2025-04-15 17:45:35,779  INFO  Start cross finetune!  G3 with D1
2025-04-15 17:45:36,368  INFO  == Cross finetune Epoch [1/10000]: G3: Validation MSE 0.00029708
2025-04-15 17:45:36,904  INFO  == Cross finetune Epoch [2/10000]: G3: Validation MSE 0.00030306
2025-04-15 17:45:37,418  INFO  == Cross finetune Epoch [3/10000]: G3: Validation MSE 0.00029660
2025-04-15 17:45:38,042  INFO  == Cross finetune Epoch [4/10000]: G3: Validation MSE 0.00029963
2025-04-15 17:45:38,636  INFO  == Cross finetune Epoch [5/10000]: G3: Validation MSE 0.00030442
2025-04-15 17:45:39,221  INFO  == Cross finetune Epoch [6/10000]: G3: Validation MSE 0.00030567
2025-04-15 17:45:39,905  INFO  == Cross finetune Epoch [7/10000]: G3: Validation MSE 0.00029678
2025-04-15 17:45:40,463  INFO  == Cross finetune Epoch [8/10000]: G3: Validation MSE 0.00031989
2025-04-15 17:45:41,154  INFO  == Cross finetune Epoch [9/10000]: G3: Validation MSE 0.00032366
2025-04-15 17:45:41,865  INFO  == Cross finetune Epoch [10/10000]: G3: Validation MSE 0.00032867
2025-04-15 17:45:41,865  INFO  EPOCH 61 | Validation MSE: G1: 0.00646399, G2: 0.05787888, G3: 0.00030247 
2025-04-15 17:45:43,974  INFO  EPOCH 62 | Validation MSE: G1: 0.00600723, G2: 0.05788516, G3: 0.00031854 
2025-04-15 17:45:45,925  INFO  EPOCH 63 | Validation MSE: G1: 0.00492540, G2: 0.05785114, G3: 0.00030119 
2025-04-15 17:45:48,537  INFO  EPOCH 64 | Validation MSE: G1: 0.00468198, G2: 0.05788050, G3: 0.00030257 
2025-04-15 17:45:50,982  INFO  EPOCH 65 | Validation MSE: G1: 0.00385294, G2: 0.05786237, G3: 0.00028656 
2025-04-15 17:45:53,378  INFO  EPOCH 66 | Validation MSE: G1: 0.00379893, G2: 0.05787686, G3: 0.00030604 
2025-04-15 17:45:55,732  INFO  EPOCH 67 | Validation MSE: G1: 0.00284660, G2: 0.05790754, G3: 0.00030893 
2025-04-15 17:45:58,128  INFO  EPOCH 68 | Validation MSE: G1: 0.00297502, G2: 0.05788985, G3: 0.00030170 
2025-04-15 17:46:00,340  INFO  EPOCH 69 | Validation MSE: G1: 0.00314158, G2: 0.05787233, G3: 0.00029223 
2025-04-15 17:46:02,352  INFO  EPOCH 70 | Validation MSE: G1: 0.00297647, G2: 0.05787781, G3: 0.00029602 
2025-04-15 17:46:04,632  INFO  Start cross finetune!  G3 with D1
2025-04-15 17:46:05,341  INFO  == Cross finetune Epoch [1/10000]: G3: Validation MSE 0.00029478
2025-04-15 17:46:05,996  INFO  == Cross finetune Epoch [2/10000]: G3: Validation MSE 0.00030206
2025-04-15 17:46:06,658  INFO  == Cross finetune Epoch [3/10000]: G3: Validation MSE 0.00032112
2025-04-15 17:46:07,351  INFO  == Cross finetune Epoch [4/10000]: G3: Validation MSE 0.00031579
2025-04-15 17:46:08,004  INFO  == Cross finetune Epoch [5/10000]: G3: Validation MSE 0.00031138
2025-04-15 17:46:08,655  INFO  == Cross finetune Epoch [6/10000]: G3: Validation MSE 0.00030775
2025-04-15 17:46:09,343  INFO  == Cross finetune Epoch [7/10000]: G3: Validation MSE 0.00031987
2025-04-15 17:46:10,034  INFO  == Cross finetune Epoch [8/10000]: G3: Validation MSE 0.00032474
2025-04-15 17:46:10,671  INFO  == Cross finetune Epoch [9/10000]: G3: Validation MSE 0.00032968
2025-04-15 17:46:11,336  INFO  == Cross finetune Epoch [10/10000]: G3: Validation MSE 0.00032848
2025-04-15 17:46:11,336  INFO  EPOCH 71 | Validation MSE: G1: 0.00252721, G2: 0.05789097, G3: 0.00029450 
2025-04-15 17:46:13,408  INFO  EPOCH 72 | Validation MSE: G1: 0.00178978, G2: 0.05789279, G3: 0.00033173 
2025-04-15 17:46:15,479  INFO  EPOCH 73 | Validation MSE: G1: 0.00208332, G2: 0.05788191, G3: 0.00031301 
2025-04-15 17:46:17,534  INFO  EPOCH 74 | Validation MSE: G1: 0.00164861, G2: 0.05789939, G3: 0.00030158 
2025-04-15 17:46:19,548  INFO  EPOCH 75 | Validation MSE: G1: 0.00200173, G2: 0.05789249, G3: 0.00029993 
2025-04-15 17:46:21,528  INFO  EPOCH 76 | Validation MSE: G1: 0.00148414, G2: 0.05790212, G3: 0.00031211 
2025-04-15 17:46:23,447  INFO  EPOCH 77 | Validation MSE: G1: 0.00188396, G2: 0.05789672, G3: 0.00032107 
2025-04-15 17:46:25,707  INFO  EPOCH 78 | Validation MSE: G1: 0.00166657, G2: 0.05790451, G3: 0.00031878 
2025-04-15 17:46:27,617  INFO  EPOCH 79 | Validation MSE: G1: 0.00203595, G2: 0.05786965, G3: 0.00031560 
2025-04-15 17:46:29,766  INFO  EPOCH 80 | Validation MSE: G1: 0.00101526, G2: 0.05790848, G3: 0.00030083 
2025-04-15 17:46:32,037  INFO  Start cross finetune!  G3 with D1
2025-04-15 17:46:32,736  INFO  == Cross finetune Epoch [1/10000]: G3: Validation MSE 0.00030910
2025-04-15 17:46:33,470  INFO  == Cross finetune Epoch [2/10000]: G3: Validation MSE 0.00030154
2025-04-15 17:46:34,053  INFO  == Cross finetune Epoch [3/10000]: G3: Validation MSE 0.00030615
2025-04-15 17:46:34,647  INFO  == Cross finetune Epoch [4/10000]: G3: Validation MSE 0.00030171
2025-04-15 17:46:35,242  INFO  == Cross finetune Epoch [5/10000]: G3: Validation MSE 0.00031054
2025-04-15 17:46:35,887  INFO  == Cross finetune Epoch [6/10000]: G3: Validation MSE 0.00030829
2025-04-15 17:46:36,520  INFO  == Cross finetune Epoch [7/10000]: G3: Validation MSE 0.00031283
2025-04-15 17:46:37,184  INFO  == Cross finetune Epoch [8/10000]: G3: Validation MSE 0.00030964
2025-04-15 17:46:37,777  INFO  == Cross finetune Epoch [9/10000]: G3: Validation MSE 0.00030666
2025-04-15 17:46:38,460  INFO  == Cross finetune Epoch [10/10000]: G3: Validation MSE 0.00031856
2025-04-15 17:46:38,460  INFO  EPOCH 81 | Validation MSE: G1: 0.00118981, G2: 0.05788701, G3: 0.00029850 
2025-04-15 17:46:40,785  INFO  EPOCH 82 | Validation MSE: G1: 0.00100860, G2: 0.05791022, G3: 0.00030658 
2025-04-15 17:46:43,071  INFO  EPOCH 83 | Validation MSE: G1: 0.00092924, G2: 0.05788351, G3: 0.00030340 
2025-04-15 17:46:45,244  INFO  EPOCH 84 | Validation MSE: G1: 0.00092613, G2: 0.05790118, G3: 0.00030671 
2025-04-15 17:46:47,163  INFO  EPOCH 85 | Validation MSE: G1: 0.00093041, G2: 0.05787004, G3: 0.00030559 
2025-04-15 17:46:49,363  INFO  EPOCH 86 | Validation MSE: G1: 0.00084180, G2: 0.05786287, G3: 0.00030434 
2025-04-15 17:46:51,571  INFO  EPOCH 87 | Validation MSE: G1: 0.00073975, G2: 0.05787813, G3: 0.00029462 
2025-04-15 17:46:53,904  INFO  EPOCH 88 | Validation MSE: G1: 0.00085174, G2: 0.05789325, G3: 0.00029550 
2025-04-15 17:46:55,910  INFO  EPOCH 89 | Validation MSE: G1: 0.00077257, G2: 0.05788894, G3: 0.00031353 
2025-04-15 17:46:58,125  INFO  EPOCH 90 | Validation MSE: G1: 0.00053257, G2: 0.05786459, G3: 0.00030503 
2025-04-15 17:47:00,065  INFO  Start cross finetune!  G3 with D1
2025-04-15 17:47:00,644  INFO  == Cross finetune Epoch [1/10000]: G3: Validation MSE 0.00030774
2025-04-15 17:47:01,195  INFO  == Cross finetune Epoch [2/10000]: G3: Validation MSE 0.00031698
2025-04-15 17:47:01,772  INFO  == Cross finetune Epoch [3/10000]: G3: Validation MSE 0.00032471
2025-04-15 17:47:02,355  INFO  == Cross finetune Epoch [4/10000]: G3: Validation MSE 0.00032485
2025-04-15 17:47:02,927  INFO  == Cross finetune Epoch [5/10000]: G3: Validation MSE 0.00032219
2025-04-15 17:47:03,517  INFO  == Cross finetune Epoch [6/10000]: G3: Validation MSE 0.00031040
2025-04-15 17:47:04,111  INFO  == Cross finetune Epoch [7/10000]: G3: Validation MSE 0.00029847
2025-04-15 17:47:04,680  INFO  == Cross finetune Epoch [8/10000]: G3: Validation MSE 0.00030587
2025-04-15 17:47:05,216  INFO  == Cross finetune Epoch [9/10000]: G3: Validation MSE 0.00031181
2025-04-15 17:47:05,773  INFO  == Cross finetune Epoch [10/10000]: G3: Validation MSE 0.00031727
2025-04-15 17:47:05,774  INFO  EPOCH 91 | Validation MSE: G1: 0.00056438, G2: 0.05784418, G3: 0.00030469 
2025-04-15 17:47:07,762  INFO  EPOCH 92 | Validation MSE: G1: 0.00052638, G2: 0.05788907, G3: 0.00031354 
2025-04-15 17:47:09,709  INFO  EPOCH 93 | Validation MSE: G1: 0.00076787, G2: 0.05786794, G3: 0.00032470 
2025-04-15 17:47:11,606  INFO  EPOCH 94 | Validation MSE: G1: 0.00051226, G2: 0.05786275, G3: 0.00031703 
2025-04-15 17:47:13,518  INFO  EPOCH 95 | Validation MSE: G1: 0.00054376, G2: 0.05785486, G3: 0.00030062 
2025-04-15 17:47:15,422  INFO  EPOCH 96 | Validation MSE: G1: 0.00098598, G2: 0.05784471, G3: 0.00030096 
2025-04-15 17:47:17,279  INFO  EPOCH 97 | Validation MSE: G1: 0.00060259, G2: 0.05785242, G3: 0.00031069 
2025-04-15 17:47:19,278  INFO  EPOCH 98 | Validation MSE: G1: 0.00049869, G2: 0.05785596, G3: 0.00031934 
2025-04-15 17:47:21,161  INFO  EPOCH 99 | Validation MSE: G1: 0.00048433, G2: 0.05785622, G3: 0.00032104 
2025-04-15 17:47:23,031  INFO  EPOCH 100 | Validation MSE: G1: 0.00051510, G2: 0.05782785, G3: 0.00031048 
2025-04-15 17:47:24,888  INFO  Start cross finetune!  G3 with D1
2025-04-15 17:47:25,511  INFO  == Cross finetune Epoch [1/10000]: G3: Validation MSE 0.00030818
2025-04-15 17:47:26,040  INFO  == Cross finetune Epoch [2/10000]: G3: Validation MSE 0.00031530
2025-04-15 17:47:26,580  INFO  == Cross finetune Epoch [3/10000]: G3: Validation MSE 0.00030752
2025-04-15 17:47:27,156  INFO  == Cross finetune Epoch [4/10000]: G3: Validation MSE 0.00030264
2025-04-15 17:47:27,762  INFO  == Cross finetune Epoch [5/10000]: G3: Validation MSE 0.00032510
2025-04-15 17:47:28,344  INFO  == Cross finetune Epoch [6/10000]: G3: Validation MSE 0.00032413
2025-04-15 17:47:28,906  INFO  == Cross finetune Epoch [7/10000]: G3: Validation MSE 0.00031360
2025-04-15 17:47:29,477  INFO  == Cross finetune Epoch [8/10000]: G3: Validation MSE 0.00030164
2025-04-15 17:47:30,038  INFO  == Cross finetune Epoch [9/10000]: G3: Validation MSE 0.00030613
2025-04-15 17:47:30,661  INFO  == Cross finetune Epoch [10/10000]: G3: Validation MSE 0.00030843
2025-04-15 17:47:30,661  INFO  EPOCH 101 | Validation MSE: G1: 0.00059347, G2: 0.05784068, G3: 0.00030135 
2025-04-15 17:47:32,627  INFO  EPOCH 102 | Validation MSE: G1: 0.00047516, G2: 0.05787309, G3: 0.00030258 
2025-04-15 17:47:34,496  INFO  EPOCH 103 | Validation MSE: G1: 0.00045966, G2: 0.05783436, G3: 0.00031250 
2025-04-15 17:47:36,473  INFO  EPOCH 104 | Validation MSE: G1: 0.00047463, G2: 0.05783708, G3: 0.00032153 
2025-04-15 17:47:38,350  INFO  EPOCH 105 | Validation MSE: G1: 0.00045587, G2: 0.05783796, G3: 0.00032132 
2025-04-15 17:47:40,284  INFO  EPOCH 106 | Validation MSE: G1: 0.00060400, G2: 0.05784309, G3: 0.00031688 
2025-04-15 17:47:42,232  INFO  EPOCH 107 | Validation MSE: G1: 0.00058196, G2: 0.05784123, G3: 0.00031740 
2025-04-15 17:47:44,418  INFO  EPOCH 108 | Validation MSE: G1: 0.00063480, G2: 0.05784760, G3: 0.00032014 
2025-04-15 17:47:46,505  INFO  EPOCH 109 | Validation MSE: G1: 0.00054096, G2: 0.05782804, G3: 0.00034316 
2025-04-15 17:47:48,522  INFO  EPOCH 110 | Validation MSE: G1: 0.00052393, G2: 0.05783264, G3: 0.00033931 
2025-04-15 17:47:50,478  INFO  Start cross finetune!  G3 with D1
2025-04-15 17:47:51,057  INFO  == Cross finetune Epoch [1/10000]: G3: Validation MSE 0.00031575
2025-04-15 17:47:51,724  INFO  == Cross finetune Epoch [2/10000]: G3: Validation MSE 0.00031455
2025-04-15 17:47:52,317  INFO  == Cross finetune Epoch [3/10000]: G3: Validation MSE 0.00030124
2025-04-15 17:47:52,901  INFO  == Cross finetune Epoch [4/10000]: G3: Validation MSE 0.00029631
2025-04-15 17:47:53,442  INFO  == Cross finetune Epoch [5/10000]: G3: Validation MSE 0.00030812
2025-04-15 17:47:53,966  INFO  == Cross finetune Epoch [6/10000]: G3: Validation MSE 0.00031075
2025-04-15 17:47:54,514  INFO  == Cross finetune Epoch [7/10000]: G3: Validation MSE 0.00031707
2025-04-15 17:47:55,118  INFO  == Cross finetune Epoch [8/10000]: G3: Validation MSE 0.00030329
2025-04-15 17:47:55,706  INFO  == Cross finetune Epoch [9/10000]: G3: Validation MSE 0.00030083
2025-04-15 17:47:56,234  INFO  == Cross finetune Epoch [10/10000]: G3: Validation MSE 0.00030678
2025-04-15 17:47:56,234  INFO  EPOCH 111 | Validation MSE: G1: 0.00056624, G2: 0.05784616, G3: 0.00032231 
2025-04-15 17:47:58,467  INFO  EPOCH 112 | Validation MSE: G1: 0.00055970, G2: 0.05784132, G3: 0.00031988 
2025-04-15 17:48:00,505  INFO  EPOCH 113 | Validation MSE: G1: 0.00045785, G2: 0.05783216, G3: 0.00031065 
2025-04-15 17:48:02,663  INFO  EPOCH 114 | Validation MSE: G1: 0.00052541, G2: 0.05783099, G3: 0.00029912 
2025-04-15 17:48:04,740  INFO  EPOCH 115 | Validation MSE: G1: 0.00046553, G2: 0.05784589, G3: 0.00030679 
2025-04-15 17:48:06,802  INFO  EPOCH 116 | Validation MSE: G1: 0.00047882, G2: 0.05782922, G3: 0.00032194 
2025-04-15 17:48:09,095  INFO  EPOCH 117 | Validation MSE: G1: 0.00048746, G2: 0.05783077, G3: 0.00033317 
2025-04-15 17:48:11,225  INFO  EPOCH 118 | Validation MSE: G1: 0.00074750, G2: 0.05782514, G3: 0.00032572 
2025-04-15 17:48:13,320  INFO  EPOCH 119 | Validation MSE: G1: 0.00057605, G2: 0.05781369, G3: 0.00031902 
2025-04-15 17:48:15,144  INFO  EPOCH 120 | Validation MSE: G1: 0.00048236, G2: 0.05783463, G3: 0.00031155 
2025-04-15 17:48:16,976  INFO  Start cross finetune!  G3 with D1
2025-04-15 17:48:17,502  INFO  == Cross finetune Epoch [1/10000]: G3: Validation MSE 0.00030086
2025-04-15 17:48:17,994  INFO  == Cross finetune Epoch [2/10000]: G3: Validation MSE 0.00030738
2025-04-15 17:48:18,509  INFO  == Cross finetune Epoch [3/10000]: G3: Validation MSE 0.00031362
2025-04-15 17:48:18,977  INFO  == Cross finetune Epoch [4/10000]: G3: Validation MSE 0.00032542
2025-04-15 17:48:19,563  INFO  == Cross finetune Epoch [5/10000]: G3: Validation MSE 0.00032741
2025-04-15 17:48:20,076  INFO  == Cross finetune Epoch [6/10000]: G3: Validation MSE 0.00032431
2025-04-15 17:48:20,581  INFO  == Cross finetune Epoch [7/10000]: G3: Validation MSE 0.00031864
2025-04-15 17:48:21,091  INFO  == Cross finetune Epoch [8/10000]: G3: Validation MSE 0.00030269
2025-04-15 17:48:21,588  INFO  == Cross finetune Epoch [9/10000]: G3: Validation MSE 0.00030558
2025-04-15 17:48:22,139  INFO  == Cross finetune Epoch [10/10000]: G3: Validation MSE 0.00031018
2025-04-15 17:48:22,139  INFO  EPOCH 121 | Validation MSE: G1: 0.00047150, G2: 0.05782644, G3: 0.00030672 
2025-04-15 17:48:24,083  INFO  EPOCH 122 | Validation MSE: G1: 0.00048894, G2: 0.05781399, G3: 0.00031639 
2025-04-15 17:48:25,880  INFO  EPOCH 123 | Validation MSE: G1: 0.00049180, G2: 0.05781335, G3: 0.00030729 
2025-04-15 17:48:28,032  INFO  EPOCH 124 | Validation MSE: G1: 0.00050311, G2: 0.05779871, G3: 0.00030891 
2025-04-15 17:48:30,398  INFO  EPOCH 125 | Validation MSE: G1: 0.00049504, G2: 0.05781354, G3: 0.00030100 
2025-04-15 17:48:32,202  INFO  EPOCH 126 | Validation MSE: G1: 0.00048968, G2: 0.05782170, G3: 0.00030223 
2025-04-15 17:48:34,044  INFO  EPOCH 127 | Validation MSE: G1: 0.00049240, G2: 0.05783335, G3: 0.00030253 
2025-04-15 17:48:35,962  INFO  EPOCH 128 | Validation MSE: G1: 0.00049620, G2: 0.05782682, G3: 0.00031857 
2025-04-15 17:48:37,837  INFO  EPOCH 129 | Validation MSE: G1: 0.00049456, G2: 0.05781374, G3: 0.00032373 
2025-04-15 17:48:39,692  INFO  EPOCH 130 | Validation MSE: G1: 0.00049599, G2: 0.05783420, G3: 0.00032279 
2025-04-15 17:48:41,546  INFO  Start cross finetune!  G3 with D1
2025-04-15 17:48:42,041  INFO  == Cross finetune Epoch [1/10000]: G3: Validation MSE 0.00031803
2025-04-15 17:48:42,582  INFO  == Cross finetune Epoch [2/10000]: G3: Validation MSE 0.00031705
2025-04-15 17:48:43,120  INFO  == Cross finetune Epoch [3/10000]: G3: Validation MSE 0.00031442
2025-04-15 17:48:43,707  INFO  == Cross finetune Epoch [4/10000]: G3: Validation MSE 0.00033166
2025-04-15 17:48:44,387  INFO  == Cross finetune Epoch [5/10000]: G3: Validation MSE 0.00032892
2025-04-15 17:48:44,916  INFO  == Cross finetune Epoch [6/10000]: G3: Validation MSE 0.00032587
2025-04-15 17:48:45,505  INFO  == Cross finetune Epoch [7/10000]: G3: Validation MSE 0.00031337
2025-04-15 17:48:46,074  INFO  == Cross finetune Epoch [8/10000]: G3: Validation MSE 0.00030442
2025-04-15 17:48:46,635  INFO  == Cross finetune Epoch [9/10000]: G3: Validation MSE 0.00029688
2025-04-15 17:48:47,238  INFO  == Cross finetune Epoch [10/10000]: G3: Validation MSE 0.00030504
2025-04-15 17:48:47,238  INFO  EPOCH 131 | Validation MSE: G1: 0.00049445, G2: 0.05783084, G3: 0.00031843 
2025-04-15 17:48:49,481  INFO  EPOCH 132 | Validation MSE: G1: 0.00052167, G2: 0.05782731, G3: 0.00030760 
2025-04-15 17:48:51,626  INFO  EPOCH 133 | Validation MSE: G1: 0.00051653, G2: 0.05780724, G3: 0.00032335 
2025-04-15 17:48:53,626  INFO  EPOCH 134 | Validation MSE: G1: 0.00050238, G2: 0.05781880, G3: 0.00030460 
2025-04-15 17:48:55,519  INFO  EPOCH 135 | Validation MSE: G1: 0.00049726, G2: 0.05782429, G3: 0.00031401 
2025-04-15 17:48:57,705  INFO  EPOCH 136 | Validation MSE: G1: 0.00049380, G2: 0.05780362, G3: 0.00031968 
2025-04-15 17:48:59,807  INFO  EPOCH 137 | Validation MSE: G1: 0.00048097, G2: 0.05779907, G3: 0.00031533 
2025-04-15 17:49:01,861  INFO  EPOCH 138 | Validation MSE: G1: 0.00051135, G2: 0.05781787, G3: 0.00031796 
2025-04-15 17:49:03,923  INFO  EPOCH 139 | Validation MSE: G1: 0.00050429, G2: 0.05779674, G3: 0.00031514 
2025-04-15 17:49:05,876  INFO  EPOCH 140 | Validation MSE: G1: 0.00050521, G2: 0.05780452, G3: 0.00030020 
2025-04-15 17:49:07,870  INFO  Start cross finetune!  G3 with D1
2025-04-15 17:49:08,420  INFO  == Cross finetune Epoch [1/10000]: G3: Validation MSE 0.00032020
2025-04-15 17:49:08,948  INFO  == Cross finetune Epoch [2/10000]: G3: Validation MSE 0.00031576
2025-04-15 17:49:09,457  INFO  == Cross finetune Epoch [3/10000]: G3: Validation MSE 0.00030826
2025-04-15 17:49:10,064  INFO  == Cross finetune Epoch [4/10000]: G3: Validation MSE 0.00030992
2025-04-15 17:49:10,669  INFO  == Cross finetune Epoch [5/10000]: G3: Validation MSE 0.00029985
2025-04-15 17:49:11,298  INFO  == Cross finetune Epoch [6/10000]: G3: Validation MSE 0.00030121
2025-04-15 17:49:11,853  INFO  == Cross finetune Epoch [7/10000]: G3: Validation MSE 0.00031449
2025-04-15 17:49:12,372  INFO  == Cross finetune Epoch [8/10000]: G3: Validation MSE 0.00032291
2025-04-15 17:49:13,034  INFO  == Cross finetune Epoch [9/10000]: G3: Validation MSE 0.00032396
2025-04-15 17:49:13,712  INFO  == Cross finetune Epoch [10/10000]: G3: Validation MSE 0.00031799
2025-04-15 17:49:13,712  INFO  EPOCH 141 | Validation MSE: G1: 0.00049906, G2: 0.05781560, G3: 0.00031247 
2025-04-15 17:49:16,002  INFO  EPOCH 142 | Validation MSE: G1: 0.00049827, G2: 0.05781649, G3: 0.00032342 
2025-04-15 17:49:18,304  INFO  EPOCH 143 | Validation MSE: G1: 0.00049512, G2: 0.05779451, G3: 0.00032632 
2025-04-15 17:49:20,541  INFO  EPOCH 144 | Validation MSE: G1: 0.00049736, G2: 0.05780476, G3: 0.00031503 
2025-04-15 17:49:22,884  INFO  EPOCH 145 | Validation MSE: G1: 0.00049777, G2: 0.05778540, G3: 0.00030159 
2025-04-15 17:49:25,107  INFO  EPOCH 146 | Validation MSE: G1: 0.00050024, G2: 0.05779958, G3: 0.00030450 
2025-04-15 17:49:27,451  INFO  EPOCH 147 | Validation MSE: G1: 0.00049997, G2: 0.05778966, G3: 0.00029867 
2025-04-15 17:49:29,691  INFO  EPOCH 148 | Validation MSE: G1: 0.00049812, G2: 0.05781703, G3: 0.00030667 
2025-04-15 17:49:31,880  INFO  EPOCH 149 | Validation MSE: G1: 0.00049296, G2: 0.05779548, G3: 0.00031140 
2025-04-15 17:49:34,092  INFO  EPOCH 150 | Validation MSE: G1: 0.00048773, G2: 0.05778814, G3: 0.00030585 
2025-04-15 17:49:36,122  INFO  Start cross finetune!  G3 with D1
2025-04-15 17:49:36,718  INFO  == Cross finetune Epoch [1/10000]: G3: Validation MSE 0.00029854
2025-04-15 17:49:37,380  INFO  == Cross finetune Epoch [2/10000]: G3: Validation MSE 0.00030489
2025-04-15 17:49:38,091  INFO  == Cross finetune Epoch [3/10000]: G3: Validation MSE 0.00030695
2025-04-15 17:49:38,803  INFO  == Cross finetune Epoch [4/10000]: G3: Validation MSE 0.00030796
2025-04-15 17:49:39,506  INFO  == Cross finetune Epoch [5/10000]: G3: Validation MSE 0.00031112
2025-04-15 17:49:40,230  INFO  == Cross finetune Epoch [6/10000]: G3: Validation MSE 0.00031521
2025-04-15 17:49:40,935  INFO  == Cross finetune Epoch [7/10000]: G3: Validation MSE 0.00031754
2025-04-15 17:49:41,646  INFO  == Cross finetune Epoch [8/10000]: G3: Validation MSE 0.00033158
2025-04-15 17:49:42,337  INFO  == Cross finetune Epoch [9/10000]: G3: Validation MSE 0.00032436
2025-04-15 17:49:43,034  INFO  == Cross finetune Epoch [10/10000]: G3: Validation MSE 0.00032019
2025-04-15 17:49:43,035  INFO  EPOCH 151 | Validation MSE: G1: 0.00048674, G2: 0.05779143, G3: 0.00030901 
2025-04-15 17:49:45,342  INFO  EPOCH 152 | Validation MSE: G1: 0.00048593, G2: 0.05778424, G3: 0.00032796 
2025-04-15 17:49:47,612  INFO  EPOCH 153 | Validation MSE: G1: 0.00048508, G2: 0.05779316, G3: 0.00032683 
2025-04-15 17:49:49,577  INFO  EPOCH 154 | Validation MSE: G1: 0.00048468, G2: 0.05778353, G3: 0.00032897 
2025-04-15 17:49:51,517  INFO  EPOCH 155 | Validation MSE: G1: 0.00048498, G2: 0.05778210, G3: 0.00031509 
2025-04-15 17:49:53,295  INFO  EPOCH 156 | Validation MSE: G1: 0.00048478, G2: 0.05777141, G3: 0.00030741 
2025-04-15 17:49:55,159  INFO  EPOCH 157 | Validation MSE: G1: 0.00048463, G2: 0.05777983, G3: 0.00031209 
2025-04-15 17:49:57,330  INFO  EPOCH 158 | Validation MSE: G1: 0.00048432, G2: 0.05779939, G3: 0.00031167 
2025-04-15 17:49:59,940  INFO  EPOCH 159 | Validation MSE: G1: 0.00048516, G2: 0.05779840, G3: 0.00031813 
2025-04-15 17:50:02,354  INFO  EPOCH 160 | Validation MSE: G1: 0.00048574, G2: 0.05777482, G3: 0.00031441 
2025-04-15 17:50:04,813  INFO  Start cross finetune!  G3 with D1
2025-04-15 17:50:05,632  INFO  == Cross finetune Epoch [1/10000]: G3: Validation MSE 0.00030169
2025-04-15 17:50:06,450  INFO  == Cross finetune Epoch [2/10000]: G3: Validation MSE 0.00032366
2025-04-15 17:50:07,152  INFO  == Cross finetune Epoch [3/10000]: G3: Validation MSE 0.00032726
2025-04-15 17:50:07,862  INFO  == Cross finetune Epoch [4/10000]: G3: Validation MSE 0.00031572
2025-04-15 17:50:08,650  INFO  == Cross finetune Epoch [5/10000]: G3: Validation MSE 0.00030724
2025-04-15 17:50:09,306  INFO  == Cross finetune Epoch [6/10000]: G3: Validation MSE 0.00031783
2025-04-15 17:50:10,018  INFO  == Cross finetune Epoch [7/10000]: G3: Validation MSE 0.00031761
2025-04-15 17:50:10,730  INFO  == Cross finetune Epoch [8/10000]: G3: Validation MSE 0.00032703
2025-04-15 17:50:11,439  INFO  == Cross finetune Epoch [9/10000]: G3: Validation MSE 0.00032118
2025-04-15 17:50:12,130  INFO  == Cross finetune Epoch [10/10000]: G3: Validation MSE 0.00032600
2025-04-15 17:50:12,130  INFO  EPOCH 161 | Validation MSE: G1: 0.00048632, G2: 0.05778248, G3: 0.00030573 
2025-04-15 17:50:14,362  INFO  EPOCH 162 | Validation MSE: G1: 0.00048671, G2: 0.05778855, G3: 0.00031685 
2025-04-15 17:50:16,592  INFO  EPOCH 163 | Validation MSE: G1: 0.00048745, G2: 0.05780109, G3: 0.00032903 
2025-04-15 17:50:18,865  INFO  EPOCH 164 | Validation MSE: G1: 0.00048819, G2: 0.05777569, G3: 0.00032478 
2025-04-15 17:50:21,122  INFO  EPOCH 165 | Validation MSE: G1: 0.00048670, G2: 0.05777445, G3: 0.00031256 
2025-04-15 17:50:23,325  INFO  EPOCH 166 | Validation MSE: G1: 0.00048693, G2: 0.05776389, G3: 0.00031107 
2025-04-15 17:50:25,496  INFO  EPOCH 167 | Validation MSE: G1: 0.00048853, G2: 0.05777918, G3: 0.00031127 
2025-04-15 17:50:27,832  INFO  EPOCH 168 | Validation MSE: G1: 0.00048947, G2: 0.05776986, G3: 0.00030922 
2025-04-15 17:50:30,051  INFO  EPOCH 169 | Validation MSE: G1: 0.00049107, G2: 0.05777819, G3: 0.00031298 
2025-04-15 17:50:32,297  INFO  EPOCH 170 | Validation MSE: G1: 0.00049091, G2: 0.05778471, G3: 0.00030114 
2025-04-15 17:50:34,545  INFO  Start cross finetune!  G3 with D1
2025-04-15 17:50:35,156  INFO  == Cross finetune Epoch [1/10000]: G3: Validation MSE 0.00030987
2025-04-15 17:50:35,799  INFO  == Cross finetune Epoch [2/10000]: G3: Validation MSE 0.00031890
2025-04-15 17:50:36,489  INFO  == Cross finetune Epoch [3/10000]: G3: Validation MSE 0.00032306
2025-04-15 17:50:37,181  INFO  == Cross finetune Epoch [4/10000]: G3: Validation MSE 0.00032164
2025-04-15 17:50:37,829  INFO  == Cross finetune Epoch [5/10000]: G3: Validation MSE 0.00029991
2025-04-15 17:50:38,526  INFO  == Cross finetune Epoch [6/10000]: G3: Validation MSE 0.00029004
2025-04-15 17:50:39,126  INFO  == Cross finetune Epoch [7/10000]: G3: Validation MSE 0.00030404
2025-04-15 17:50:39,914  INFO  == Cross finetune Epoch [8/10000]: G3: Validation MSE 0.00032400
2025-04-15 17:50:40,632  INFO  == Cross finetune Epoch [9/10000]: G3: Validation MSE 0.00032745
2025-04-15 17:50:41,292  INFO  == Cross finetune Epoch [10/10000]: G3: Validation MSE 0.00032667
2025-04-15 17:50:41,292  INFO  EPOCH 171 | Validation MSE: G1: 0.00049086, G2: 0.05777209, G3: 0.00030730 
2025-04-15 17:50:43,231  INFO  EPOCH 172 | Validation MSE: G1: 0.00049092, G2: 0.05776497, G3: 0.00031160 
2025-04-15 17:50:45,497  INFO  EPOCH 173 | Validation MSE: G1: 0.00049200, G2: 0.05776071, G3: 0.00029947 
2025-04-15 17:50:47,641  INFO  EPOCH 174 | Validation MSE: G1: 0.00049047, G2: 0.05775389, G3: 0.00030795 
2025-04-15 17:50:49,844  INFO  EPOCH 175 | Validation MSE: G1: 0.00048990, G2: 0.05774472, G3: 0.00032053 
2025-04-15 17:50:52,117  INFO  EPOCH 176 | Validation MSE: G1: 0.00049063, G2: 0.05776418, G3: 0.00030882 
2025-04-15 17:50:54,372  INFO  EPOCH 177 | Validation MSE: G1: 0.00049082, G2: 0.05777212, G3: 0.00031850 
2025-04-15 17:50:56,624  INFO  EPOCH 178 | Validation MSE: G1: 0.00049107, G2: 0.05775579, G3: 0.00030605 
2025-04-15 17:50:58,604  INFO  EPOCH 179 | Validation MSE: G1: 0.00049318, G2: 0.05774495, G3: 0.00030699 
2025-04-15 17:51:00,677  INFO  EPOCH 180 | Validation MSE: G1: 0.00049347, G2: 0.05775348, G3: 0.00032336 
2025-04-15 17:51:02,925  INFO  Start cross finetune!  G3 with D1
2025-04-15 17:51:03,585  INFO  == Cross finetune Epoch [1/10000]: G3: Validation MSE 0.00033303
2025-04-15 17:51:04,247  INFO  == Cross finetune Epoch [2/10000]: G3: Validation MSE 0.00033371
2025-04-15 17:51:04,901  INFO  == Cross finetune Epoch [3/10000]: G3: Validation MSE 0.00033422
2025-04-15 17:51:05,497  INFO  == Cross finetune Epoch [4/10000]: G3: Validation MSE 0.00031946
2025-04-15 17:51:06,060  INFO  == Cross finetune Epoch [5/10000]: G3: Validation MSE 0.00030998
2025-04-15 17:51:06,694  INFO  == Cross finetune Epoch [6/10000]: G3: Validation MSE 0.00031299
2025-04-15 17:51:07,393  INFO  == Cross finetune Epoch [7/10000]: G3: Validation MSE 0.00031453
2025-04-15 17:51:07,974  INFO  == Cross finetune Epoch [8/10000]: G3: Validation MSE 0.00032435
2025-04-15 17:51:08,652  INFO  == Cross finetune Epoch [9/10000]: G3: Validation MSE 0.00032306
2025-04-15 17:51:09,224  INFO  == Cross finetune Epoch [10/10000]: G3: Validation MSE 0.00032539
2025-04-15 17:51:09,224  INFO  EPOCH 181 | Validation MSE: G1: 0.00049506, G2: 0.05776943, G3: 0.00032756 
2025-04-15 17:51:11,301  INFO  EPOCH 182 | Validation MSE: G1: 0.00049476, G2: 0.05774522, G3: 0.00032009 
2025-04-15 17:51:13,342  INFO  EPOCH 183 | Validation MSE: G1: 0.00049588, G2: 0.05774862, G3: 0.00030943 
2025-04-15 17:51:15,657  INFO  EPOCH 184 | Validation MSE: G1: 0.00049572, G2: 0.05774613, G3: 0.00032218 
2025-04-15 17:51:17,625  INFO  EPOCH 185 | Validation MSE: G1: 0.00049792, G2: 0.05776272, G3: 0.00032725 
2025-04-15 17:51:19,774  INFO  EPOCH 186 | Validation MSE: G1: 0.00049822, G2: 0.05776838, G3: 0.00033418 
2025-04-15 17:51:22,108  INFO  EPOCH 187 | Validation MSE: G1: 0.00049841, G2: 0.05773848, G3: 0.00032493 
2025-04-15 17:51:24,212  INFO  EPOCH 188 | Validation MSE: G1: 0.00049713, G2: 0.05775740, G3: 0.00033748 
2025-04-15 17:51:26,242  INFO  EPOCH 189 | Validation MSE: G1: 0.00049673, G2: 0.05775248, G3: 0.00032872 
2025-04-15 17:51:28,221  INFO  EPOCH 190 | Validation MSE: G1: 0.00049658, G2: 0.05775750, G3: 0.00031242 
2025-04-15 17:51:30,190  INFO  Start cross finetune!  G3 with D1
2025-04-15 17:51:30,722  INFO  == Cross finetune Epoch [1/10000]: G3: Validation MSE 0.00032408
2025-04-15 17:51:31,257  INFO  == Cross finetune Epoch [2/10000]: G3: Validation MSE 0.00031112
2025-04-15 17:51:31,815  INFO  == Cross finetune Epoch [3/10000]: G3: Validation MSE 0.00031663
2025-04-15 17:51:32,386  INFO  == Cross finetune Epoch [4/10000]: G3: Validation MSE 0.00032540
2025-04-15 17:51:32,994  INFO  == Cross finetune Epoch [5/10000]: G3: Validation MSE 0.00033108
2025-04-15 17:51:33,592  INFO  == Cross finetune Epoch [6/10000]: G3: Validation MSE 0.00031317
2025-04-15 17:51:34,182  INFO  == Cross finetune Epoch [7/10000]: G3: Validation MSE 0.00031334
2025-04-15 17:51:34,715  INFO  == Cross finetune Epoch [8/10000]: G3: Validation MSE 0.00032517
2025-04-15 17:51:35,310  INFO  == Cross finetune Epoch [9/10000]: G3: Validation MSE 0.00033169
2025-04-15 17:51:36,277  INFO  == Cross finetune Epoch [10/10000]: G3: Validation MSE 0.00032167
2025-04-15 17:51:36,277  INFO  EPOCH 191 | Validation MSE: G1: 0.00049407, G2: 0.05775168, G3: 0.00031216 
2025-04-15 17:51:38,944  INFO  EPOCH 192 | Validation MSE: G1: 0.00049161, G2: 0.05776799, G3: 0.00030807 
2025-04-15 17:51:41,363  INFO  EPOCH 193 | Validation MSE: G1: 0.00049174, G2: 0.05774066, G3: 0.00032377 
2025-04-15 17:51:43,290  INFO  EPOCH 194 | Validation MSE: G1: 0.00049071, G2: 0.05774039, G3: 0.00032900 
2025-04-15 17:51:45,128  INFO  EPOCH 195 | Validation MSE: G1: 0.00049160, G2: 0.05775033, G3: 0.00032252 
2025-04-15 17:51:47,074  INFO  EPOCH 196 | Validation MSE: G1: 0.00049357, G2: 0.05776770, G3: 0.00031692 
2025-04-15 17:51:49,129  INFO  EPOCH 197 | Validation MSE: G1: 0.00049333, G2: 0.05774225, G3: 0.00032965 
2025-04-15 17:51:51,436  INFO  EPOCH 198 | Validation MSE: G1: 0.00049477, G2: 0.05775327, G3: 0.00032524 
2025-04-15 17:51:53,714  INFO  EPOCH 199 | Validation MSE: G1: 0.00049544, G2: 0.05776242, G3: 0.00030212 
2025-04-15 17:51:55,944  INFO  EPOCH 200 | Validation MSE: G1: 0.00049601, G2: 0.05773332, G3: 0.00031337 
2025-04-15 17:51:58,104  INFO  Start cross finetune!  G3 with D1
2025-04-15 17:51:58,676  INFO  == Cross finetune Epoch [1/10000]: G3: Validation MSE 0.00034897
2025-04-15 17:51:59,334  INFO  == Cross finetune Epoch [2/10000]: G3: Validation MSE 0.00032917
2025-04-15 17:52:00,024  INFO  == Cross finetune Epoch [3/10000]: G3: Validation MSE 0.00032599
2025-04-15 17:52:00,718  INFO  == Cross finetune Epoch [4/10000]: G3: Validation MSE 0.00031969
2025-04-15 17:52:01,329  INFO  == Cross finetune Epoch [5/10000]: G3: Validation MSE 0.00031775
2025-04-15 17:52:01,984  INFO  == Cross finetune Epoch [6/10000]: G3: Validation MSE 0.00031634
2025-04-15 17:52:02,581  INFO  == Cross finetune Epoch [7/10000]: G3: Validation MSE 0.00031468
2025-04-15 17:52:03,176  INFO  == Cross finetune Epoch [8/10000]: G3: Validation MSE 0.00033125
2025-04-15 17:52:03,916  INFO  == Cross finetune Epoch [9/10000]: G3: Validation MSE 0.00032235
2025-04-15 17:52:04,476  INFO  == Cross finetune Epoch [10/10000]: G3: Validation MSE 0.00032306
2025-04-15 17:52:04,476  INFO  EPOCH 201 | Validation MSE: G1: 0.00049476, G2: 0.05774590, G3: 0.00033942 
2025-04-15 17:52:06,726  INFO  EPOCH 202 | Validation MSE: G1: 0.00049606, G2: 0.05775301, G3: 0.00032803 
2025-04-15 17:52:08,969  INFO  EPOCH 203 | Validation MSE: G1: 0.00049708, G2: 0.05774597, G3: 0.00032519 
2025-04-15 17:52:11,269  INFO  EPOCH 204 | Validation MSE: G1: 0.00049838, G2: 0.05776133, G3: 0.00032096 
2025-04-15 17:52:13,334  INFO  EPOCH 205 | Validation MSE: G1: 0.00049850, G2: 0.05776331, G3: 0.00031169 
2025-04-15 17:52:15,395  INFO  EPOCH 206 | Validation MSE: G1: 0.00049864, G2: 0.05775668, G3: 0.00030500 
2025-04-15 17:52:17,312  INFO  EPOCH 207 | Validation MSE: G1: 0.00049862, G2: 0.05776313, G3: 0.00030908 
2025-04-15 17:52:19,477  INFO  EPOCH 208 | Validation MSE: G1: 0.00049875, G2: 0.05774792, G3: 0.00031544 
2025-04-15 17:52:22,016  INFO  EPOCH 209 | Validation MSE: G1: 0.00049718, G2: 0.05773681, G3: 0.00031165 
2025-04-15 17:52:24,465  INFO  EPOCH 210 | Validation MSE: G1: 0.00049790, G2: 0.05772834, G3: 0.00031579 
2025-04-15 17:52:26,632  INFO  Start cross finetune!  G3 with D1
2025-04-15 17:52:27,314  INFO  == Cross finetune Epoch [1/10000]: G3: Validation MSE 0.00031676
2025-04-15 17:52:27,954  INFO  == Cross finetune Epoch [2/10000]: G3: Validation MSE 0.00031556
2025-04-15 17:52:28,617  INFO  == Cross finetune Epoch [3/10000]: G3: Validation MSE 0.00031106
2025-04-15 17:52:29,246  INFO  == Cross finetune Epoch [4/10000]: G3: Validation MSE 0.00031234
2025-04-15 17:52:29,895  INFO  == Cross finetune Epoch [5/10000]: G3: Validation MSE 0.00031394
2025-04-15 17:52:30,576  INFO  == Cross finetune Epoch [6/10000]: G3: Validation MSE 0.00032922
2025-04-15 17:52:31,228  INFO  == Cross finetune Epoch [7/10000]: G3: Validation MSE 0.00032442
2025-04-15 17:52:31,861  INFO  == Cross finetune Epoch [8/10000]: G3: Validation MSE 0.00030290
2025-04-15 17:52:32,511  INFO  == Cross finetune Epoch [9/10000]: G3: Validation MSE 0.00030198
2025-04-15 17:52:33,162  INFO  == Cross finetune Epoch [10/10000]: G3: Validation MSE 0.00030609
2025-04-15 17:52:33,164  INFO  EPOCH 211 | Validation MSE: G1: 0.00049706, G2: 0.05776493, G3: 0.00030821 
2025-04-15 17:52:35,233  INFO  EPOCH 212 | Validation MSE: G1: 0.00049585, G2: 0.05774705, G3: 0.00030806 
2025-04-15 17:52:37,296  INFO  EPOCH 213 | Validation MSE: G1: 0.00049698, G2: 0.05774254, G3: 0.00030927 
2025-04-15 17:52:39,361  INFO  EPOCH 214 | Validation MSE: G1: 0.00049792, G2: 0.05773367, G3: 0.00031142 
2025-04-15 17:52:41,441  INFO  EPOCH 215 | Validation MSE: G1: 0.00049772, G2: 0.05773535, G3: 0.00032307 
2025-04-15 17:52:43,687  INFO  EPOCH 216 | Validation MSE: G1: 0.00049786, G2: 0.05774165, G3: 0.00033177 
2025-04-15 17:52:45,654  INFO  EPOCH 217 | Validation MSE: G1: 0.00049807, G2: 0.05773953, G3: 0.00031860 
2025-04-15 17:52:47,725  INFO  EPOCH 218 | Validation MSE: G1: 0.00049653, G2: 0.05774696, G3: 0.00031311 
2025-04-15 17:52:49,952  INFO  EPOCH 219 | Validation MSE: G1: 0.00049595, G2: 0.05775307, G3: 0.00031468 
2025-04-15 17:52:52,180  INFO  EPOCH 220 | Validation MSE: G1: 0.00049491, G2: 0.05776364, G3: 0.00032276 
2025-04-15 17:52:54,290  INFO  Start cross finetune!  G3 with D1
2025-04-15 17:52:54,900  INFO  == Cross finetune Epoch [1/10000]: G3: Validation MSE 0.00033251
2025-04-15 17:52:55,449  INFO  == Cross finetune Epoch [2/10000]: G3: Validation MSE 0.00033218
2025-04-15 17:52:55,982  INFO  == Cross finetune Epoch [3/10000]: G3: Validation MSE 0.00031842
2025-04-15 17:52:56,621  INFO  == Cross finetune Epoch [4/10000]: G3: Validation MSE 0.00031825
2025-04-15 17:52:57,204  INFO  == Cross finetune Epoch [5/10000]: G3: Validation MSE 0.00031400
2025-04-15 17:52:57,772  INFO  == Cross finetune Epoch [6/10000]: G3: Validation MSE 0.00032214
2025-04-15 17:52:58,445  INFO  == Cross finetune Epoch [7/10000]: G3: Validation MSE 0.00033494
2025-04-15 17:52:59,088  INFO  == Cross finetune Epoch [8/10000]: G3: Validation MSE 0.00032897
2025-04-15 17:52:59,808  INFO  == Cross finetune Epoch [9/10000]: G3: Validation MSE 0.00032873
2025-04-15 17:53:00,621  INFO  == Cross finetune Epoch [10/10000]: G3: Validation MSE 0.00032858
2025-04-15 17:53:00,621  INFO  EPOCH 221 | Validation MSE: G1: 0.00049460, G2: 0.05775989, G3: 0.00032902 
2025-04-15 17:53:04,378  INFO  G1 best epoch: 105
2025-04-15 17:53:04,378  INFO  G2 best epoch: 16
2025-04-15 17:53:04,378  INFO  G3 best epoch: 221
2025-04-15 17:53:05,100  INFO  Train Metrics for G1: MSE=12203.9528, MAE=83.0689, RMSE=110.4715, MAPE=2.7658
2025-04-15 17:53:05,810  INFO  Train Metrics for G2: MSE=745527.2519, MAE=692.1324, RMSE=863.4392, MAPE=24.3989
2025-04-15 17:53:06,592  INFO  Train Metrics for G3: MSE=4553.2472, MAE=42.5167, RMSE=67.4778, MAPE=1.2594
2025-04-15 17:53:07,272  INFO  Test Metrics for G1: MSE=6734.6648, MAE=55.0795, RMSE=82.0650, MAPE=1.3495
2025-04-15 17:53:07,915  INFO  Test Metrics for G2: MSE=490686.2589, MAE=534.7167, RMSE=700.4900, MAPE=12.0499
2025-04-15 17:53:08,761  INFO  Test Metrics for G3: MSE=4854.2207, MAE=51.4649, RMSE=69.6722, MAPE=1.2389
