2025-04-15 17:58:50,266  INFO  ARGS = {
  "notes": "回测300股指自回归",
  "data_path": "database/processed_300股指_day.csv",
  "output_dir": "out_put/multi",
  "ckpt_dir": "ckpt",
  "feature_columns": [
    2,
    3,
    4,
    5,
    6,
    7,
    8,
    9,
    10,
    11,
    12,
    13,
    14,
    15,
    16,
    17,
    18,
    19,
    1
  ],
  "target_columns": [
    [
      1
    ]
  ],
  "start_timestamp": 31,
  "end_timestamp": -1,
  "window_sizes": [
    5,
    10,
    15
  ],
  "N_pairs": 3,
  "num_classes": 3,
  "generators": [
    "gru",
    "lstm",
    "transformer"
  ],
  "discriminators": null,
  "distill_epochs": 1,
  "cross_finetune_epochs": 5,
  "device": [
    0
  ],
  "num_epochs": 10000,
  "lr": 2e-05,
  "batch_size": 64,
  "train_split": 0.7,
  "random_seed": 3407,
  "amp_dtype": "none",
  "mode": "train",
  "ckpt_path": "lastest"
}
2025-04-15 17:58:52,940  INFO  Start cross finetune!  G3 with D3
2025-04-15 17:58:53,674  INFO  == Cross finetune Epoch [1/10000]: G3: Validation MSE 0.00219553
2025-04-15 17:58:54,487  INFO  == Cross finetune Epoch [2/10000]: G3: Validation MSE 0.00096147
2025-04-15 17:58:55,324  INFO  == Cross finetune Epoch [3/10000]: G3: Validation MSE 0.00057292
2025-04-15 17:58:56,177  INFO  == Cross finetune Epoch [4/10000]: G3: Validation MSE 0.00087584
2025-04-15 17:58:56,937  INFO  == Cross finetune Epoch [5/10000]: G3: Validation MSE 0.00044149
2025-04-15 17:58:56,937  INFO  EPOCH 1 | Validation MSE: G1: 0.21626994, G2: 0.31654134, G3: 0.06965398 
2025-04-15 17:58:59,311  INFO  EPOCH 2 | Validation MSE: G1: 0.17613940, G2: 0.29473108, G3: 0.00059497 
2025-04-15 17:59:01,618  INFO  EPOCH 3 | Validation MSE: G1: 0.13933872, G2: 0.27341914, G3: 0.00041798 
2025-04-15 17:59:03,737  INFO  EPOCH 4 | Validation MSE: G1: 0.10520628, G2: 0.25198022, G3: 0.00038878 
2025-04-15 17:59:05,794  INFO  EPOCH 5 | Validation MSE: G1: 0.07549103, G2: 0.23004571, G3: 0.00042514 
2025-04-15 17:59:08,220  INFO  EPOCH 6 | Validation MSE: G1: 0.05143572, G2: 0.20702563, G3: 0.00046528 
2025-04-15 17:59:10,472  INFO  EPOCH 7 | Validation MSE: G1: 0.03395313, G2: 0.18232647, G3: 0.00044097 
2025-04-15 17:59:12,781  INFO  EPOCH 8 | Validation MSE: G1: 0.02321608, G2: 0.15558219, G3: 0.00049150 
2025-04-15 17:59:15,190  INFO  EPOCH 9 | Validation MSE: G1: 0.01697017, G2: 0.12694913, G3: 0.00124357 
2025-04-15 17:59:17,296  INFO  EPOCH 10 | Validation MSE: G1: 0.01347982, G2: 0.09612951, G3: 0.00033693 
2025-04-15 17:59:19,170  INFO  Start cross finetune!  G3 with D1
2025-04-15 17:59:19,740  INFO  == Cross finetune Epoch [1/10000]: G3: Validation MSE 0.00045061
2025-04-15 17:59:20,334  INFO  == Cross finetune Epoch [2/10000]: G3: Validation MSE 0.00064874
2025-04-15 17:59:20,975  INFO  == Cross finetune Epoch [3/10000]: G3: Validation MSE 0.00039844
2025-04-15 17:59:21,543  INFO  == Cross finetune Epoch [4/10000]: G3: Validation MSE 0.00032800
2025-04-15 17:59:22,180  INFO  == Cross finetune Epoch [5/10000]: G3: Validation MSE 0.00033324
2025-04-15 17:59:22,180  INFO  EPOCH 11 | Validation MSE: G1: 0.01115676, G2: 0.06650254, G3: 0.00030952 
2025-04-15 17:59:24,234  INFO  EPOCH 12 | Validation MSE: G1: 0.00936554, G2: 0.04341903, G3: 0.00036817 
2025-04-15 17:59:26,250  INFO  EPOCH 13 | Validation MSE: G1: 0.00852848, G2: 0.03204258, G3: 0.00031924 
2025-04-15 17:59:28,229  INFO  EPOCH 14 | Validation MSE: G1: 0.00795818, G2: 0.02877060, G3: 0.00022643 
2025-04-15 17:59:30,209  INFO  EPOCH 15 | Validation MSE: G1: 0.00703895, G2: 0.02823435, G3: 0.00034223 
2025-04-15 17:59:32,229  INFO  EPOCH 16 | Validation MSE: G1: 0.00661930, G2: 0.02848845, G3: 0.00028512 
2025-04-15 17:59:34,305  INFO  EPOCH 17 | Validation MSE: G1: 0.00601450, G2: 0.03067230, G3: 0.00051122 
2025-04-15 17:59:36,466  INFO  EPOCH 18 | Validation MSE: G1: 0.00613889, G2: 0.03368592, G3: 0.00025815 
2025-04-15 17:59:38,562  INFO  EPOCH 19 | Validation MSE: G1: 0.00509016, G2: 0.03674094, G3: 0.00053352 
2025-04-15 17:59:40,688  INFO  EPOCH 20 | Validation MSE: G1: 0.00570532, G2: 0.03711998, G3: 0.00026663 
2025-04-15 17:59:42,690  INFO  Start cross finetune!  G3 with D1
2025-04-15 17:59:43,297  INFO  == Cross finetune Epoch [1/10000]: G3: Validation MSE 0.00053529
2025-04-15 17:59:43,868  INFO  == Cross finetune Epoch [2/10000]: G3: Validation MSE 0.00036279
2025-04-15 17:59:44,563  INFO  == Cross finetune Epoch [3/10000]: G3: Validation MSE 0.00031590
2025-04-15 17:59:45,267  INFO  == Cross finetune Epoch [4/10000]: G3: Validation MSE 0.00030528
2025-04-15 17:59:46,009  INFO  == Cross finetune Epoch [5/10000]: G3: Validation MSE 0.00036718
2025-04-15 17:59:46,009  INFO  EPOCH 21 | Validation MSE: G1: 0.00466533, G2: 0.03597895, G3: 0.00028452 
2025-04-15 17:59:48,314  INFO  EPOCH 22 | Validation MSE: G1: 0.00499618, G2: 0.03907952, G3: 0.00019768 
2025-04-15 17:59:50,392  INFO  EPOCH 23 | Validation MSE: G1: 0.00484121, G2: 0.03466847, G3: 0.00157032 
2025-04-15 17:59:52,440  INFO  EPOCH 24 | Validation MSE: G1: 0.00373988, G2: 0.03326049, G3: 0.00019452 
2025-04-15 17:59:54,362  INFO  EPOCH 25 | Validation MSE: G1: 0.00372053, G2: 0.03076601, G3: 0.00069902 
2025-04-15 17:59:56,441  INFO  EPOCH 26 | Validation MSE: G1: 0.00323368, G2: 0.03063545, G3: 0.00020638 
2025-04-15 17:59:58,381  INFO  EPOCH 27 | Validation MSE: G1: 0.00338069, G2: 0.02693116, G3: 0.00032133 
2025-04-15 18:00:00,585  INFO  EPOCH 28 | Validation MSE: G1: 0.00253912, G2: 0.02660211, G3: 0.00039743 
2025-04-15 18:00:02,851  INFO  EPOCH 29 | Validation MSE: G1: 0.00273702, G2: 0.02283012, G3: 0.00020472 
2025-04-15 18:00:04,990  INFO  EPOCH 30 | Validation MSE: G1: 0.00217914, G2: 0.01643553, G3: 0.00078987 
2025-04-15 18:00:07,132  INFO  Start cross finetune!  G3 with D1
2025-04-15 18:00:07,982  INFO  == Cross finetune Epoch [1/10000]: G3: Validation MSE 0.00207828
2025-04-15 18:00:08,612  INFO  == Cross finetune Epoch [2/10000]: G3: Validation MSE 0.00094909
2025-04-15 18:00:09,364  INFO  == Cross finetune Epoch [3/10000]: G3: Validation MSE 0.00036853
2025-04-15 18:00:09,995  INFO  == Cross finetune Epoch [4/10000]: G3: Validation MSE 0.00030269
2025-04-15 18:00:10,624  INFO  == Cross finetune Epoch [5/10000]: G3: Validation MSE 0.00022458
2025-04-15 18:00:10,624  INFO  EPOCH 31 | Validation MSE: G1: 0.00269118, G2: 0.01777619, G3: 0.00035493 
2025-04-15 18:00:12,771  INFO  EPOCH 32 | Validation MSE: G1: 0.00226680, G2: 0.01356219, G3: 0.00095208 
2025-04-15 18:00:14,906  INFO  EPOCH 33 | Validation MSE: G1: 0.00218341, G2: 0.01014189, G3: 0.00025423 
2025-04-15 18:00:17,003  INFO  EPOCH 34 | Validation MSE: G1: 0.00169395, G2: 0.00729893, G3: 0.00137302 
2025-04-15 18:00:19,092  INFO  EPOCH 35 | Validation MSE: G1: 0.00153739, G2: 0.00643302, G3: 0.00038023 
2025-04-15 18:00:21,263  INFO  EPOCH 36 | Validation MSE: G1: 0.00163398, G2: 0.00426001, G3: 0.00029980 
2025-04-15 18:00:23,442  INFO  EPOCH 37 | Validation MSE: G1: 0.00129130, G2: 0.00349009, G3: 0.00027433 
2025-04-15 18:00:25,527  INFO  EPOCH 38 | Validation MSE: G1: 0.00175998, G2: 0.00284409, G3: 0.00025840 
2025-04-15 18:00:27,638  INFO  EPOCH 39 | Validation MSE: G1: 0.00131076, G2: 0.00171612, G3: 0.00034356 
2025-04-15 18:00:29,754  INFO  EPOCH 40 | Validation MSE: G1: 0.00132273, G2: 0.00124417, G3: 0.00160647 
2025-04-15 18:00:31,852  INFO  Start cross finetune!  G3 with D1
2025-04-15 18:00:32,359  INFO  == Cross finetune Epoch [1/10000]: G3: Validation MSE 0.00065138
2025-04-15 18:00:33,050  INFO  == Cross finetune Epoch [2/10000]: G3: Validation MSE 0.00040189
2025-04-15 18:00:33,686  INFO  == Cross finetune Epoch [3/10000]: G3: Validation MSE 0.00041531
2025-04-15 18:00:34,344  INFO  == Cross finetune Epoch [4/10000]: G3: Validation MSE 0.00032826
2025-04-15 18:00:34,983  INFO  == Cross finetune Epoch [5/10000]: G3: Validation MSE 0.00030382
2025-04-15 18:00:34,983  INFO  EPOCH 41 | Validation MSE: G1: 0.00119924, G2: 0.00101231, G3: 0.00047919 
2025-04-15 18:00:37,147  INFO  EPOCH 42 | Validation MSE: G1: 0.00119574, G2: 0.00092067, G3: 0.00041176 
2025-04-15 18:00:39,272  INFO  EPOCH 43 | Validation MSE: G1: 0.00134143, G2: 0.00087555, G3: 0.00039612 
2025-04-15 18:00:41,341  INFO  EPOCH 44 | Validation MSE: G1: 0.00140450, G2: 0.00083848, G3: 0.00029104 
2025-04-15 18:00:43,440  INFO  EPOCH 45 | Validation MSE: G1: 0.00088764, G2: 0.00082856, G3: 0.00032325 
2025-04-15 18:00:45,618  INFO  EPOCH 46 | Validation MSE: G1: 0.00091495, G2: 0.00082918, G3: 0.00046236 
2025-04-15 18:00:47,741  INFO  EPOCH 47 | Validation MSE: G1: 0.00103970, G2: 0.00078865, G3: 0.00033247 
2025-04-15 18:00:49,605  INFO  EPOCH 48 | Validation MSE: G1: 0.00116578, G2: 0.00078065, G3: 0.00041453 
2025-04-15 18:00:51,646  INFO  EPOCH 49 | Validation MSE: G1: 0.00103825, G2: 0.00079931, G3: 0.00031086 
2025-04-15 18:00:53,574  INFO  EPOCH 50 | Validation MSE: G1: 0.00091750, G2: 0.00079284, G3: 0.00044214 
2025-04-15 18:00:55,582  INFO  Start cross finetune!  G3 with D1
2025-04-15 18:00:56,206  INFO  == Cross finetune Epoch [1/10000]: G3: Validation MSE 0.00025883
2025-04-15 18:00:56,757  INFO  == Cross finetune Epoch [2/10000]: G3: Validation MSE 0.00050160
2025-04-15 18:00:57,308  INFO  == Cross finetune Epoch [3/10000]: G3: Validation MSE 0.00033140
2025-04-15 18:00:57,917  INFO  == Cross finetune Epoch [4/10000]: G3: Validation MSE 0.00036699
2025-04-15 18:00:58,498  INFO  == Cross finetune Epoch [5/10000]: G3: Validation MSE 0.00024471
2025-04-15 18:00:58,498  INFO  EPOCH 51 | Validation MSE: G1: 0.00083866, G2: 0.00081299, G3: 0.00026652 
2025-04-15 18:01:00,522  INFO  EPOCH 52 | Validation MSE: G1: 0.00082378, G2: 0.00085542, G3: 0.00033929 
2025-04-15 18:01:02,575  INFO  EPOCH 53 | Validation MSE: G1: 0.00109282, G2: 0.00075538, G3: 0.00024004 
2025-04-15 18:01:04,461  INFO  EPOCH 54 | Validation MSE: G1: 0.00078552, G2: 0.00080672, G3: 0.00033734 
2025-04-15 18:01:06,480  INFO  EPOCH 55 | Validation MSE: G1: 0.00079877, G2: 0.00079515, G3: 0.00028401 
2025-04-15 18:01:08,512  INFO  EPOCH 56 | Validation MSE: G1: 0.00075298, G2: 0.00078456, G3: 0.00033594 
2025-04-15 18:01:10,523  INFO  EPOCH 57 | Validation MSE: G1: 0.00083635, G2: 0.00075482, G3: 0.00032306 
2025-04-15 18:01:12,429  INFO  EPOCH 58 | Validation MSE: G1: 0.00065121, G2: 0.00084271, G3: 0.00027619 
2025-04-15 18:01:14,341  INFO  EPOCH 59 | Validation MSE: G1: 0.00077339, G2: 0.00072541, G3: 0.00028546 
2025-04-15 18:01:16,134  INFO  EPOCH 60 | Validation MSE: G1: 0.00073297, G2: 0.00071788, G3: 0.00029648 
2025-04-15 18:01:17,995  INFO  Start cross finetune!  G3 with D1
2025-04-15 18:01:18,632  INFO  == Cross finetune Epoch [1/10000]: G3: Validation MSE 0.00029981
2025-04-15 18:01:19,212  INFO  == Cross finetune Epoch [2/10000]: G3: Validation MSE 0.00029095
2025-04-15 18:01:19,769  INFO  == Cross finetune Epoch [3/10000]: G3: Validation MSE 0.00030681
2025-04-15 18:01:20,401  INFO  == Cross finetune Epoch [4/10000]: G3: Validation MSE 0.00031862
2025-04-15 18:01:20,994  INFO  == Cross finetune Epoch [5/10000]: G3: Validation MSE 0.00031225
2025-04-15 18:01:20,994  INFO  EPOCH 61 | Validation MSE: G1: 0.00077046, G2: 0.00072549, G3: 0.00028732 
2025-04-15 18:01:23,025  INFO  EPOCH 62 | Validation MSE: G1: 0.00073216, G2: 0.00072892, G3: 0.00028826 
2025-04-15 18:01:25,016  INFO  EPOCH 63 | Validation MSE: G1: 0.00061687, G2: 0.00078928, G3: 0.00028084 
2025-04-15 18:01:26,891  INFO  EPOCH 64 | Validation MSE: G1: 0.00079899, G2: 0.00070662, G3: 0.00028674 
2025-04-15 18:01:28,805  INFO  EPOCH 65 | Validation MSE: G1: 0.00070489, G2: 0.00070232, G3: 0.00028391 
2025-04-15 18:01:30,634  INFO  EPOCH 66 | Validation MSE: G1: 0.00051750, G2: 0.00076817, G3: 0.00030083 
2025-04-15 18:01:32,494  INFO  EPOCH 67 | Validation MSE: G1: 0.00053618, G2: 0.00070998, G3: 0.00031470 
2025-04-15 18:01:34,256  INFO  EPOCH 68 | Validation MSE: G1: 0.00051884, G2: 0.00070088, G3: 0.00029883 
2025-04-15 18:01:36,188  INFO  EPOCH 69 | Validation MSE: G1: 0.00061290, G2: 0.00069301, G3: 0.00027461 
2025-04-15 18:01:38,026  INFO  EPOCH 70 | Validation MSE: G1: 0.00048073, G2: 0.00078445, G3: 0.00028783 
2025-04-15 18:01:39,886  INFO  Start cross finetune!  G3 with D1
2025-04-15 18:01:40,426  INFO  == Cross finetune Epoch [1/10000]: G3: Validation MSE 0.00029957
2025-04-15 18:01:40,981  INFO  == Cross finetune Epoch [2/10000]: G3: Validation MSE 0.00032735
2025-04-15 18:01:41,537  INFO  == Cross finetune Epoch [3/10000]: G3: Validation MSE 0.00031785
2025-04-15 18:01:42,130  INFO  == Cross finetune Epoch [4/10000]: G3: Validation MSE 0.00030670
2025-04-15 18:01:42,737  INFO  == Cross finetune Epoch [5/10000]: G3: Validation MSE 0.00032837
2025-04-15 18:01:42,737  INFO  EPOCH 71 | Validation MSE: G1: 0.00049330, G2: 0.00068715, G3: 0.00028825 
2025-04-15 18:01:45,136  INFO  EPOCH 72 | Validation MSE: G1: 0.00055892, G2: 0.00068511, G3: 0.00029134 
2025-04-15 18:01:47,425  INFO  EPOCH 73 | Validation MSE: G1: 0.00046247, G2: 0.00067345, G3: 0.00027598 
2025-04-15 18:01:49,865  INFO  EPOCH 74 | Validation MSE: G1: 0.00046885, G2: 0.00071882, G3: 0.00027012 
2025-04-15 18:01:52,179  INFO  EPOCH 75 | Validation MSE: G1: 0.00047105, G2: 0.00066901, G3: 0.00027664 
2025-04-15 18:01:54,520  INFO  EPOCH 76 | Validation MSE: G1: 0.00058565, G2: 0.00071809, G3: 0.00027792 
2025-04-15 18:01:56,807  INFO  EPOCH 77 | Validation MSE: G1: 0.00042183, G2: 0.00066780, G3: 0.00027188 
2025-04-15 18:01:59,134  INFO  EPOCH 78 | Validation MSE: G1: 0.00039914, G2: 0.00066906, G3: 0.00026731 
2025-04-15 18:02:01,447  INFO  EPOCH 79 | Validation MSE: G1: 0.00043282, G2: 0.00075078, G3: 0.00028072 
2025-04-15 18:02:03,737  INFO  EPOCH 80 | Validation MSE: G1: 0.00037726, G2: 0.00066568, G3: 0.00028474 
2025-04-15 18:02:06,165  INFO  Start cross finetune!  G3 with D1
2025-04-15 18:02:06,880  INFO  == Cross finetune Epoch [1/10000]: G3: Validation MSE 0.00030272
2025-04-15 18:02:07,592  INFO  == Cross finetune Epoch [2/10000]: G3: Validation MSE 0.00029781
2025-04-15 18:02:08,250  INFO  == Cross finetune Epoch [3/10000]: G3: Validation MSE 0.00029227
2025-04-15 18:02:08,911  INFO  == Cross finetune Epoch [4/10000]: G3: Validation MSE 0.00029877
2025-04-15 18:02:09,647  INFO  == Cross finetune Epoch [5/10000]: G3: Validation MSE 0.00029589
2025-04-15 18:02:09,647  INFO  EPOCH 81 | Validation MSE: G1: 0.00037710, G2: 0.00065406, G3: 0.00028880 
2025-04-15 18:02:11,953  INFO  EPOCH 82 | Validation MSE: G1: 0.00035839, G2: 0.00065935, G3: 0.00029366 
2025-04-15 18:02:14,201  INFO  EPOCH 83 | Validation MSE: G1: 0.00038487, G2: 0.00064652, G3: 0.00028166 
2025-04-15 18:02:16,366  INFO  EPOCH 84 | Validation MSE: G1: 0.00040090, G2: 0.00064790, G3: 0.00027410 
2025-04-15 18:02:18,556  INFO  EPOCH 85 | Validation MSE: G1: 0.00036943, G2: 0.00064201, G3: 0.00027828 
2025-04-15 18:02:20,763  INFO  EPOCH 86 | Validation MSE: G1: 0.00034509, G2: 0.00064036, G3: 0.00028327 
2025-04-15 18:02:22,946  INFO  EPOCH 87 | Validation MSE: G1: 0.00034586, G2: 0.00066245, G3: 0.00028141 
2025-04-15 18:02:24,941  INFO  EPOCH 88 | Validation MSE: G1: 0.00031947, G2: 0.00063929, G3: 0.00028726 
2025-04-15 18:02:26,819  INFO  EPOCH 89 | Validation MSE: G1: 0.00033116, G2: 0.00063563, G3: 0.00027837 
2025-04-15 18:02:29,102  INFO  EPOCH 90 | Validation MSE: G1: 0.00030313, G2: 0.00066651, G3: 0.00027084 
2025-04-15 18:02:31,229  INFO  Start cross finetune!  G3 with D1
2025-04-15 18:02:31,850  INFO  == Cross finetune Epoch [1/10000]: G3: Validation MSE 0.00029198
2025-04-15 18:02:32,402  INFO  == Cross finetune Epoch [2/10000]: G3: Validation MSE 0.00030940
2025-04-15 18:02:32,934  INFO  == Cross finetune Epoch [3/10000]: G3: Validation MSE 0.00030678
2025-04-15 18:02:33,500  INFO  == Cross finetune Epoch [4/10000]: G3: Validation MSE 0.00029733
2025-04-15 18:02:34,092  INFO  == Cross finetune Epoch [5/10000]: G3: Validation MSE 0.00029453
2025-04-15 18:02:34,092  INFO  EPOCH 91 | Validation MSE: G1: 0.00029606, G2: 0.00065572, G3: 0.00027843 
2025-04-15 18:02:36,137  INFO  EPOCH 92 | Validation MSE: G1: 0.00029392, G2: 0.00065292, G3: 0.00029234 
2025-04-15 18:02:37,988  INFO  EPOCH 93 | Validation MSE: G1: 0.00029949, G2: 0.00068224, G3: 0.00028612 
2025-04-15 18:02:40,105  INFO  EPOCH 94 | Validation MSE: G1: 0.00029173, G2: 0.00063410, G3: 0.00028392 
2025-04-15 18:02:42,372  INFO  EPOCH 95 | Validation MSE: G1: 0.00030141, G2: 0.00063164, G3: 0.00029770 
2025-04-15 18:02:44,540  INFO  EPOCH 96 | Validation MSE: G1: 0.00029577, G2: 0.00062127, G3: 0.00029288 
2025-04-15 18:02:46,564  INFO  EPOCH 97 | Validation MSE: G1: 0.00026645, G2: 0.00062711, G3: 0.00029351 
2025-04-15 18:02:48,489  INFO  EPOCH 98 | Validation MSE: G1: 0.00028862, G2: 0.00062030, G3: 0.00027661 
2025-04-15 18:02:50,403  INFO  EPOCH 99 | Validation MSE: G1: 0.00027022, G2: 0.00062973, G3: 0.00027618 
2025-04-15 18:02:52,297  INFO  EPOCH 100 | Validation MSE: G1: 0.00027150, G2: 0.00062884, G3: 0.00028915 
2025-04-15 18:02:54,345  INFO  Start cross finetune!  G1 with D1
2025-04-15 18:02:54,700  INFO  == Cross finetune Epoch [1/10000]: G1: Validation MSE 0.00025122
2025-04-15 18:02:55,081  INFO  == Cross finetune Epoch [2/10000]: G1: Validation MSE 0.00024421
2025-04-15 18:02:55,479  INFO  == Cross finetune Epoch [3/10000]: G1: Validation MSE 0.00025576
2025-04-15 18:02:55,838  INFO  == Cross finetune Epoch [4/10000]: G1: Validation MSE 0.00023764
2025-04-15 18:02:56,265  INFO  == Cross finetune Epoch [5/10000]: G1: Validation MSE 0.00023517
2025-04-15 18:02:56,266  INFO  EPOCH 101 | Validation MSE: G1: 0.00024674, G2: 0.00075596, G3: 0.00030170 
2025-04-15 18:02:58,518  INFO  EPOCH 102 | Validation MSE: G1: 0.00025992, G2: 0.00061369, G3: 0.00030689 
2025-04-15 18:03:00,786  INFO  EPOCH 103 | Validation MSE: G1: 0.00023579, G2: 0.00061519, G3: 0.00030753 
2025-04-15 18:03:03,000  INFO  EPOCH 104 | Validation MSE: G1: 0.00023153, G2: 0.00060755, G3: 0.00031176 
2025-04-15 18:03:05,347  INFO  EPOCH 105 | Validation MSE: G1: 0.00022516, G2: 0.00061737, G3: 0.00030792 
2025-04-15 18:03:07,583  INFO  EPOCH 106 | Validation MSE: G1: 0.00021810, G2: 0.00060604, G3: 0.00029463 
2025-04-15 18:03:09,812  INFO  EPOCH 107 | Validation MSE: G1: 0.00023525, G2: 0.00062335, G3: 0.00027842 
2025-04-15 18:03:12,106  INFO  EPOCH 108 | Validation MSE: G1: 0.00020735, G2: 0.00060353, G3: 0.00027228 
2025-04-15 18:03:14,019  INFO  EPOCH 109 | Validation MSE: G1: 0.00021647, G2: 0.00060286, G3: 0.00027438 
2025-04-15 18:03:15,885  INFO  EPOCH 110 | Validation MSE: G1: 0.00020908, G2: 0.00061958, G3: 0.00028715 
2025-04-15 18:03:17,738  INFO  Start cross finetune!  G1 with D1
2025-04-15 18:03:18,128  INFO  == Cross finetune Epoch [1/10000]: G1: Validation MSE 0.00020113
2025-04-15 18:03:18,521  INFO  == Cross finetune Epoch [2/10000]: G1: Validation MSE 0.00020119
2025-04-15 18:03:18,917  INFO  == Cross finetune Epoch [3/10000]: G1: Validation MSE 0.00019879
2025-04-15 18:03:19,309  INFO  == Cross finetune Epoch [4/10000]: G1: Validation MSE 0.00019590
2025-04-15 18:03:19,699  INFO  == Cross finetune Epoch [5/10000]: G1: Validation MSE 0.00019519
2025-04-15 18:03:19,699  INFO  EPOCH 111 | Validation MSE: G1: 0.00022681, G2: 0.00059902, G3: 0.00028701 
2025-04-15 18:03:21,592  INFO  EPOCH 112 | Validation MSE: G1: 0.00019492, G2: 0.00059606, G3: 0.00029021 
2025-04-15 18:03:23,480  INFO  EPOCH 113 | Validation MSE: G1: 0.00019485, G2: 0.00060158, G3: 0.00028344 
2025-04-15 18:03:25,345  INFO  EPOCH 114 | Validation MSE: G1: 0.00019069, G2: 0.00061077, G3: 0.00029635 
2025-04-15 18:03:27,249  INFO  EPOCH 115 | Validation MSE: G1: 0.00018837, G2: 0.00063737, G3: 0.00028114 
2025-04-15 18:03:29,155  INFO  EPOCH 116 | Validation MSE: G1: 0.00018628, G2: 0.00064023, G3: 0.00027126 
2025-04-15 18:03:30,970  INFO  EPOCH 117 | Validation MSE: G1: 0.00018465, G2: 0.00059165, G3: 0.00027874 
2025-04-15 18:03:32,804  INFO  EPOCH 118 | Validation MSE: G1: 0.00024058, G2: 0.00058857, G3: 0.00028362 
2025-04-15 18:03:34,625  INFO  EPOCH 119 | Validation MSE: G1: 0.00018219, G2: 0.00060490, G3: 0.00028857 
2025-04-15 18:03:36,539  INFO  EPOCH 120 | Validation MSE: G1: 0.00027103, G2: 0.00058785, G3: 0.00028990 
2025-04-15 18:03:38,340  INFO  Start cross finetune!  G1 with D1
2025-04-15 18:03:38,762  INFO  == Cross finetune Epoch [1/10000]: G1: Validation MSE 0.00020240
2025-04-15 18:03:39,181  INFO  == Cross finetune Epoch [2/10000]: G1: Validation MSE 0.00018299
2025-04-15 18:03:39,646  INFO  == Cross finetune Epoch [3/10000]: G1: Validation MSE 0.00021283
2025-04-15 18:03:40,046  INFO  == Cross finetune Epoch [4/10000]: G1: Validation MSE 0.00017445
2025-04-15 18:03:40,458  INFO  == Cross finetune Epoch [5/10000]: G1: Validation MSE 0.00017454
2025-04-15 18:03:40,458  INFO  EPOCH 121 | Validation MSE: G1: 0.00018638, G2: 0.00060320, G3: 0.00028718 
2025-04-15 18:03:42,384  INFO  EPOCH 122 | Validation MSE: G1: 0.00017665, G2: 0.00058262, G3: 0.00029529 
2025-04-15 18:03:44,142  INFO  EPOCH 123 | Validation MSE: G1: 0.00019666, G2: 0.00058229, G3: 0.00029296 
2025-04-15 18:03:45,990  INFO  EPOCH 124 | Validation MSE: G1: 0.00017113, G2: 0.00058411, G3: 0.00029249 
2025-04-15 18:03:47,807  INFO  EPOCH 125 | Validation MSE: G1: 0.00019683, G2: 0.00058402, G3: 0.00028684 
2025-04-15 18:03:49,629  INFO  EPOCH 126 | Validation MSE: G1: 0.00017444, G2: 0.00058058, G3: 0.00029353 
2025-04-15 18:03:51,400  INFO  EPOCH 127 | Validation MSE: G1: 0.00017410, G2: 0.00060834, G3: 0.00028836 
2025-04-15 18:03:53,286  INFO  EPOCH 128 | Validation MSE: G1: 0.00017218, G2: 0.00058638, G3: 0.00028309 
2025-04-15 18:03:55,068  INFO  EPOCH 129 | Validation MSE: G1: 0.00017715, G2: 0.00057447, G3: 0.00027774 
2025-04-15 18:03:56,980  INFO  EPOCH 130 | Validation MSE: G1: 0.00018577, G2: 0.00065918, G3: 0.00028396 
2025-04-15 18:03:58,768  INFO  Start cross finetune!  G1 with D1
2025-04-15 18:03:59,134  INFO  == Cross finetune Epoch [1/10000]: G1: Validation MSE 0.00017294
2025-04-15 18:03:59,612  INFO  == Cross finetune Epoch [2/10000]: G1: Validation MSE 0.00017899
2025-04-15 18:04:00,025  INFO  == Cross finetune Epoch [3/10000]: G1: Validation MSE 0.00020358
2025-04-15 18:04:00,447  INFO  == Cross finetune Epoch [4/10000]: G1: Validation MSE 0.00017356
2025-04-15 18:04:00,929  INFO  == Cross finetune Epoch [5/10000]: G1: Validation MSE 0.00016431
2025-04-15 18:04:00,930  INFO  EPOCH 131 | Validation MSE: G1: 0.00018822, G2: 0.00057933, G3: 0.00027913 
2025-04-15 18:04:03,004  INFO  EPOCH 132 | Validation MSE: G1: 0.00019490, G2: 0.00060702, G3: 0.00027514 
2025-04-15 18:04:05,201  INFO  EPOCH 133 | Validation MSE: G1: 0.00016691, G2: 0.00060930, G3: 0.00027194 
2025-04-15 18:04:07,132  INFO  EPOCH 134 | Validation MSE: G1: 0.00016745, G2: 0.00068175, G3: 0.00028120 
2025-04-15 18:04:09,099  INFO  EPOCH 135 | Validation MSE: G1: 0.00017062, G2: 0.00057081, G3: 0.00028587 
2025-04-15 18:04:11,265  INFO  EPOCH 136 | Validation MSE: G1: 0.00016060, G2: 0.00057845, G3: 0.00027643 
2025-04-15 18:04:13,311  INFO  EPOCH 137 | Validation MSE: G1: 0.00018772, G2: 0.00059185, G3: 0.00027545 
2025-04-15 18:04:15,278  INFO  EPOCH 138 | Validation MSE: G1: 0.00020807, G2: 0.00056747, G3: 0.00026683 
2025-04-15 18:04:17,109  INFO  EPOCH 139 | Validation MSE: G1: 0.00017408, G2: 0.00060186, G3: 0.00026368 
2025-04-15 18:04:19,016  INFO  EPOCH 140 | Validation MSE: G1: 0.00015972, G2: 0.00060141, G3: 0.00027044 
2025-04-15 18:04:20,869  INFO  Start cross finetune!  G1 with D1
2025-04-15 18:04:21,257  INFO  == Cross finetune Epoch [1/10000]: G1: Validation MSE 0.00016567
2025-04-15 18:04:21,691  INFO  == Cross finetune Epoch [2/10000]: G1: Validation MSE 0.00016639
2025-04-15 18:04:22,129  INFO  == Cross finetune Epoch [3/10000]: G1: Validation MSE 0.00016569
2025-04-15 18:04:22,558  INFO  == Cross finetune Epoch [4/10000]: G1: Validation MSE 0.00016763
2025-04-15 18:04:22,992  INFO  == Cross finetune Epoch [5/10000]: G1: Validation MSE 0.00020100
2025-04-15 18:04:22,992  INFO  EPOCH 141 | Validation MSE: G1: 0.00015762, G2: 0.00059852, G3: 0.00026796 
2025-04-15 18:04:24,938  INFO  EPOCH 142 | Validation MSE: G1: 0.00015535, G2: 0.00058776, G3: 0.00027754 
2025-04-15 18:04:26,761  INFO  EPOCH 143 | Validation MSE: G1: 0.00015883, G2: 0.00056649, G3: 0.00027683 
2025-04-15 18:04:28,614  INFO  EPOCH 144 | Validation MSE: G1: 0.00017479, G2: 0.00056621, G3: 0.00028547 
2025-04-15 18:04:30,423  INFO  EPOCH 145 | Validation MSE: G1: 0.00016637, G2: 0.00056611, G3: 0.00029075 
2025-04-15 18:04:32,329  INFO  EPOCH 146 | Validation MSE: G1: 0.00020463, G2: 0.00055952, G3: 0.00028556 
2025-04-15 18:04:34,164  INFO  EPOCH 147 | Validation MSE: G1: 0.00018080, G2: 0.00055707, G3: 0.00029974 
2025-04-15 18:04:36,029  INFO  EPOCH 148 | Validation MSE: G1: 0.00015664, G2: 0.00056767, G3: 0.00031967 
2025-04-15 18:04:37,899  INFO  EPOCH 149 | Validation MSE: G1: 0.00015631, G2: 0.00056598, G3: 0.00031944 
2025-04-15 18:04:39,777  INFO  EPOCH 150 | Validation MSE: G1: 0.00016112, G2: 0.00059318, G3: 0.00031165 
2025-04-15 18:04:41,710  INFO  Start cross finetune!  G1 with D1
2025-04-15 18:04:42,121  INFO  == Cross finetune Epoch [1/10000]: G1: Validation MSE 0.00015847
2025-04-15 18:04:42,561  INFO  == Cross finetune Epoch [2/10000]: G1: Validation MSE 0.00015667
2025-04-15 18:04:43,000  INFO  == Cross finetune Epoch [3/10000]: G1: Validation MSE 0.00021941
2025-04-15 18:04:43,435  INFO  == Cross finetune Epoch [4/10000]: G1: Validation MSE 0.00015609
2025-04-15 18:04:43,859  INFO  == Cross finetune Epoch [5/10000]: G1: Validation MSE 0.00015048
2025-04-15 18:04:43,859  INFO  EPOCH 151 | Validation MSE: G1: 0.00018755, G2: 0.00055440, G3: 0.00031290 
2025-04-15 18:04:45,844  INFO  EPOCH 152 | Validation MSE: G1: 0.00015949, G2: 0.00057702, G3: 0.00031095 
2025-04-15 18:04:47,756  INFO  EPOCH 153 | Validation MSE: G1: 0.00015561, G2: 0.00058279, G3: 0.00029680 
2025-04-15 18:04:49,770  INFO  EPOCH 154 | Validation MSE: G1: 0.00018514, G2: 0.00055535, G3: 0.00028933 
2025-04-15 18:04:51,736  INFO  EPOCH 155 | Validation MSE: G1: 0.00022077, G2: 0.00058472, G3: 0.00028757 
2025-04-15 18:04:53,765  INFO  EPOCH 156 | Validation MSE: G1: 0.00016896, G2: 0.00056914, G3: 0.00028662 
2025-04-15 18:04:55,635  INFO  EPOCH 157 | Validation MSE: G1: 0.00017008, G2: 0.00054623, G3: 0.00028001 
2025-04-15 18:04:57,650  INFO  EPOCH 158 | Validation MSE: G1: 0.00015273, G2: 0.00054588, G3: 0.00027378 
2025-04-15 18:04:59,554  INFO  EPOCH 159 | Validation MSE: G1: 0.00015075, G2: 0.00062350, G3: 0.00027665 
2025-04-15 18:05:01,612  INFO  EPOCH 160 | Validation MSE: G1: 0.00018586, G2: 0.00055179, G3: 0.00027857 
2025-04-15 18:05:03,512  INFO  Start cross finetune!  G1 with D1
2025-04-15 18:05:03,986  INFO  == Cross finetune Epoch [1/10000]: G1: Validation MSE 0.00018753
2025-04-15 18:05:04,390  INFO  == Cross finetune Epoch [2/10000]: G1: Validation MSE 0.00015110
2025-04-15 18:05:04,775  INFO  == Cross finetune Epoch [3/10000]: G1: Validation MSE 0.00015244
2025-04-15 18:05:05,131  INFO  == Cross finetune Epoch [4/10000]: G1: Validation MSE 0.00014885
2025-04-15 18:05:05,505  INFO  == Cross finetune Epoch [5/10000]: G1: Validation MSE 0.00016070
2025-04-15 18:05:05,505  INFO  EPOCH 161 | Validation MSE: G1: 0.00016330, G2: 0.00055011, G3: 0.00028050 
2025-04-15 18:05:07,496  INFO  EPOCH 162 | Validation MSE: G1: 0.00015116, G2: 0.00057646, G3: 0.00028502 
2025-04-15 18:05:09,370  INFO  EPOCH 163 | Validation MSE: G1: 0.00015144, G2: 0.00056664, G3: 0.00028739 
2025-04-15 18:05:11,389  INFO  EPOCH 164 | Validation MSE: G1: 0.00014897, G2: 0.00054261, G3: 0.00029299 
2025-04-15 18:05:13,262  INFO  EPOCH 165 | Validation MSE: G1: 0.00015670, G2: 0.00054691, G3: 0.00029692 
2025-04-15 18:05:15,664  INFO  EPOCH 166 | Validation MSE: G1: 0.00015481, G2: 0.00055671, G3: 0.00029084 
2025-04-15 18:05:18,110  INFO  EPOCH 167 | Validation MSE: G1: 0.00016264, G2: 0.00055177, G3: 0.00028624 
2025-04-15 18:05:19,949  INFO  EPOCH 168 | Validation MSE: G1: 0.00014890, G2: 0.00054211, G3: 0.00028318 
2025-04-15 18:05:21,722  INFO  EPOCH 169 | Validation MSE: G1: 0.00015111, G2: 0.00053427, G3: 0.00028244 
2025-04-15 18:05:23,678  INFO  EPOCH 170 | Validation MSE: G1: 0.00014834, G2: 0.00061116, G3: 0.00028530 
2025-04-15 18:05:25,439  INFO  Start cross finetune!  G1 with D1
2025-04-15 18:05:25,820  INFO  == Cross finetune Epoch [1/10000]: G1: Validation MSE 0.00017826
2025-04-15 18:05:26,192  INFO  == Cross finetune Epoch [2/10000]: G1: Validation MSE 0.00016573
2025-04-15 18:05:26,534  INFO  == Cross finetune Epoch [3/10000]: G1: Validation MSE 0.00018534
2025-04-15 18:05:26,889  INFO  == Cross finetune Epoch [4/10000]: G1: Validation MSE 0.00014545
2025-04-15 18:05:27,265  INFO  == Cross finetune Epoch [5/10000]: G1: Validation MSE 0.00017681
2025-04-15 18:05:27,265  INFO  EPOCH 171 | Validation MSE: G1: 0.00015279, G2: 0.00056666, G3: 0.00028876 
2025-04-15 18:05:29,092  INFO  EPOCH 172 | Validation MSE: G1: 0.00020140, G2: 0.00053169, G3: 0.00028778 
2025-04-15 18:05:30,957  INFO  EPOCH 173 | Validation MSE: G1: 0.00020061, G2: 0.00055520, G3: 0.00027387 
2025-04-15 18:05:32,819  INFO  EPOCH 174 | Validation MSE: G1: 0.00014958, G2: 0.00053395, G3: 0.00028231 
2025-04-15 18:05:34,635  INFO  EPOCH 175 | Validation MSE: G1: 0.00016263, G2: 0.00052973, G3: 0.00029648 
2025-04-15 18:05:36,478  INFO  EPOCH 176 | Validation MSE: G1: 0.00014499, G2: 0.00052800, G3: 0.00029444 
2025-04-15 18:05:38,264  INFO  EPOCH 177 | Validation MSE: G1: 0.00015703, G2: 0.00052563, G3: 0.00028093 
2025-04-15 18:05:40,115  INFO  EPOCH 178 | Validation MSE: G1: 0.00016519, G2: 0.00052940, G3: 0.00028152 
2025-04-15 18:05:42,006  INFO  EPOCH 179 | Validation MSE: G1: 0.00016245, G2: 0.00053193, G3: 0.00027293 
2025-04-15 18:05:44,174  INFO  EPOCH 180 | Validation MSE: G1: 0.00015496, G2: 0.00052978, G3: 0.00025803 
2025-04-15 18:05:46,508  INFO  Start cross finetune!  G1 with D1
2025-04-15 18:05:46,990  INFO  == Cross finetune Epoch [1/10000]: G1: Validation MSE 0.00015747
2025-04-15 18:05:47,454  INFO  == Cross finetune Epoch [2/10000]: G1: Validation MSE 0.00018063
2025-04-15 18:05:47,920  INFO  == Cross finetune Epoch [3/10000]: G1: Validation MSE 0.00014464
2025-04-15 18:05:48,387  INFO  == Cross finetune Epoch [4/10000]: G1: Validation MSE 0.00016606
2025-04-15 18:05:48,858  INFO  == Cross finetune Epoch [5/10000]: G1: Validation MSE 0.00018324
2025-04-15 18:05:48,858  INFO  EPOCH 181 | Validation MSE: G1: 0.00017473, G2: 0.00054394, G3: 0.00025801 
2025-04-15 18:05:51,218  INFO  EPOCH 182 | Validation MSE: G1: 0.00015948, G2: 0.00055738, G3: 0.00027618 
2025-04-15 18:05:53,450  INFO  EPOCH 183 | Validation MSE: G1: 0.00014648, G2: 0.00052067, G3: 0.00027649 
2025-04-15 18:05:55,778  INFO  EPOCH 184 | Validation MSE: G1: 0.00014554, G2: 0.00052082, G3: 0.00028640 
2025-04-15 18:05:58,166  INFO  EPOCH 185 | Validation MSE: G1: 0.00014936, G2: 0.00058172, G3: 0.00028207 
2025-04-15 18:06:00,477  INFO  EPOCH 186 | Validation MSE: G1: 0.00014911, G2: 0.00051949, G3: 0.00029255 
2025-04-15 18:06:02,859  INFO  EPOCH 187 | Validation MSE: G1: 0.00015999, G2: 0.00052244, G3: 0.00029894 
2025-04-15 18:06:05,234  INFO  EPOCH 188 | Validation MSE: G1: 0.00016276, G2: 0.00051583, G3: 0.00030197 
2025-04-15 18:06:07,565  INFO  EPOCH 189 | Validation MSE: G1: 0.00014570, G2: 0.00056700, G3: 0.00029368 
2025-04-15 18:06:09,957  INFO  EPOCH 190 | Validation MSE: G1: 0.00017411, G2: 0.00052566, G3: 0.00030138 
2025-04-15 18:06:12,161  INFO  Start cross finetune!  G1 with D1
2025-04-15 18:06:12,622  INFO  == Cross finetune Epoch [1/10000]: G1: Validation MSE 0.00014094
2025-04-15 18:06:13,095  INFO  == Cross finetune Epoch [2/10000]: G1: Validation MSE 0.00015934
2025-04-15 18:06:13,564  INFO  == Cross finetune Epoch [3/10000]: G1: Validation MSE 0.00021718
2025-04-15 18:06:14,015  INFO  == Cross finetune Epoch [4/10000]: G1: Validation MSE 0.00014379
2025-04-15 18:06:14,462  INFO  == Cross finetune Epoch [5/10000]: G1: Validation MSE 0.00024660
2025-04-15 18:06:14,464  INFO  EPOCH 191 | Validation MSE: G1: 0.00014895, G2: 0.00051656, G3: 0.00031037 
2025-04-15 18:06:16,671  INFO  EPOCH 192 | Validation MSE: G1: 0.00013972, G2: 0.00053468, G3: 0.00029365 
2025-04-15 18:06:18,838  INFO  EPOCH 193 | Validation MSE: G1: 0.00017243, G2: 0.00051741, G3: 0.00028140 
2025-04-15 18:06:20,937  INFO  EPOCH 194 | Validation MSE: G1: 0.00015115, G2: 0.00056864, G3: 0.00030551 
2025-04-15 18:06:23,063  INFO  EPOCH 195 | Validation MSE: G1: 0.00016658, G2: 0.00052740, G3: 0.00030660 
2025-04-15 18:06:25,266  INFO  EPOCH 196 | Validation MSE: G1: 0.00018506, G2: 0.00051164, G3: 0.00031032 
2025-04-15 18:06:27,469  INFO  EPOCH 197 | Validation MSE: G1: 0.00015067, G2: 0.00050886, G3: 0.00029875 
2025-04-15 18:06:29,665  INFO  EPOCH 198 | Validation MSE: G1: 0.00020992, G2: 0.00050798, G3: 0.00028318 
2025-04-15 18:06:31,934  INFO  EPOCH 199 | Validation MSE: G1: 0.00016373, G2: 0.00050650, G3: 0.00029069 
2025-04-15 18:06:34,176  INFO  EPOCH 200 | Validation MSE: G1: 0.00015768, G2: 0.00051064, G3: 0.00030002 
2025-04-15 18:06:36,240  INFO  Start cross finetune!  G1 with D1
2025-04-15 18:06:36,633  INFO  == Cross finetune Epoch [1/10000]: G1: Validation MSE 0.00023565
2025-04-15 18:06:37,069  INFO  == Cross finetune Epoch [2/10000]: G1: Validation MSE 0.00015514
2025-04-15 18:06:37,509  INFO  == Cross finetune Epoch [3/10000]: G1: Validation MSE 0.00016117
2025-04-15 18:06:37,976  INFO  == Cross finetune Epoch [4/10000]: G1: Validation MSE 0.00016241
2025-04-15 18:06:38,409  INFO  == Cross finetune Epoch [5/10000]: G1: Validation MSE 0.00016747
2025-04-15 18:06:38,409  INFO  EPOCH 201 | Validation MSE: G1: 0.00014573, G2: 0.00050644, G3: 0.00030709 
2025-04-15 18:06:40,648  INFO  EPOCH 202 | Validation MSE: G1: 0.00013583, G2: 0.00052890, G3: 0.00029864 
2025-04-15 18:06:42,807  INFO  EPOCH 203 | Validation MSE: G1: 0.00015433, G2: 0.00050742, G3: 0.00029887 
2025-04-15 18:06:45,182  INFO  EPOCH 204 | Validation MSE: G1: 0.00014826, G2: 0.00050543, G3: 0.00027674 
2025-04-15 18:06:47,630  INFO  EPOCH 205 | Validation MSE: G1: 0.00018998, G2: 0.00052549, G3: 0.00027018 
2025-04-15 18:06:50,178  INFO  EPOCH 206 | Validation MSE: G1: 0.00024380, G2: 0.00049693, G3: 0.00028156 
2025-04-15 18:06:52,612  INFO  EPOCH 207 | Validation MSE: G1: 0.00015427, G2: 0.00053479, G3: 0.00029324 
2025-04-15 18:06:54,557  INFO  EPOCH 208 | Validation MSE: G1: 0.00013551, G2: 0.00050391, G3: 0.00029791 
2025-04-15 18:06:56,351  INFO  EPOCH 209 | Validation MSE: G1: 0.00013399, G2: 0.00050388, G3: 0.00029177 
2025-04-15 18:06:58,150  INFO  EPOCH 210 | Validation MSE: G1: 0.00015402, G2: 0.00051023, G3: 0.00029499 
2025-04-15 18:07:00,310  INFO  Start cross finetune!  G1 with D1
2025-04-15 18:07:00,775  INFO  == Cross finetune Epoch [1/10000]: G1: Validation MSE 0.00016708
2025-04-15 18:07:01,205  INFO  == Cross finetune Epoch [2/10000]: G1: Validation MSE 0.00017588
2025-04-15 18:07:01,662  INFO  == Cross finetune Epoch [3/10000]: G1: Validation MSE 0.00014794
2025-04-15 18:07:02,135  INFO  == Cross finetune Epoch [4/10000]: G1: Validation MSE 0.00013616
2025-04-15 18:07:02,599  INFO  == Cross finetune Epoch [5/10000]: G1: Validation MSE 0.00016894
2025-04-15 18:07:02,599  INFO  EPOCH 211 | Validation MSE: G1: 0.00018730, G2: 0.00049924, G3: 0.00028286 
2025-04-15 18:07:04,811  INFO  EPOCH 212 | Validation MSE: G1: 0.00013525, G2: 0.00070822, G3: 0.00028932 
2025-04-15 18:07:07,260  INFO  EPOCH 213 | Validation MSE: G1: 0.00017458, G2: 0.00049204, G3: 0.00030545 
2025-04-15 18:07:09,372  INFO  EPOCH 214 | Validation MSE: G1: 0.00019694, G2: 0.00057295, G3: 0.00030083 
2025-04-15 18:07:11,758  INFO  EPOCH 215 | Validation MSE: G1: 0.00015348, G2: 0.00049238, G3: 0.00028090 
2025-04-15 18:07:14,145  INFO  EPOCH 216 | Validation MSE: G1: 0.00013716, G2: 0.00049193, G3: 0.00028072 
2025-04-15 18:07:16,372  INFO  EPOCH 217 | Validation MSE: G1: 0.00016057, G2: 0.00051291, G3: 0.00028875 
2025-04-15 18:07:18,611  INFO  EPOCH 218 | Validation MSE: G1: 0.00013364, G2: 0.00050070, G3: 0.00028595 
2025-04-15 18:07:20,537  INFO  EPOCH 219 | Validation MSE: G1: 0.00014285, G2: 0.00051386, G3: 0.00029828 
2025-04-15 18:07:22,599  INFO  EPOCH 220 | Validation MSE: G1: 0.00013523, G2: 0.00048513, G3: 0.00029178 
2025-04-15 18:07:24,579  INFO  Start cross finetune!  G1 with D1
2025-04-15 18:07:25,060  INFO  == Cross finetune Epoch [1/10000]: G1: Validation MSE 0.00015637
2025-04-15 18:07:25,539  INFO  == Cross finetune Epoch [2/10000]: G1: Validation MSE 0.00014028
2025-04-15 18:07:26,025  INFO  == Cross finetune Epoch [3/10000]: G1: Validation MSE 0.00016570
2025-04-15 18:07:26,509  INFO  == Cross finetune Epoch [4/10000]: G1: Validation MSE 0.00013589
2025-04-15 18:07:26,904  INFO  == Cross finetune Epoch [5/10000]: G1: Validation MSE 0.00016916
2025-04-15 18:07:26,904  INFO  EPOCH 221 | Validation MSE: G1: 0.00021246, G2: 0.00048610, G3: 0.00029504 
2025-04-15 18:07:28,939  INFO  EPOCH 222 | Validation MSE: G1: 0.00013157, G2: 0.00048925, G3: 0.00029641 
2025-04-15 18:07:31,269  INFO  EPOCH 223 | Validation MSE: G1: 0.00013880, G2: 0.00048442, G3: 0.00029757 
2025-04-15 18:07:33,494  INFO  EPOCH 224 | Validation MSE: G1: 0.00014984, G2: 0.00052163, G3: 0.00030322 
2025-04-15 18:07:35,807  INFO  EPOCH 225 | Validation MSE: G1: 0.00013186, G2: 0.00048458, G3: 0.00031057 
2025-04-15 18:07:38,112  INFO  EPOCH 226 | Validation MSE: G1: 0.00013365, G2: 0.00050749, G3: 0.00032567 
2025-04-15 18:07:40,245  INFO  EPOCH 227 | Validation MSE: G1: 0.00014724, G2: 0.00048801, G3: 0.00032225 
2025-04-15 18:07:42,457  INFO  EPOCH 228 | Validation MSE: G1: 0.00013896, G2: 0.00048581, G3: 0.00030103 
2025-04-15 18:07:44,372  INFO  EPOCH 229 | Validation MSE: G1: 0.00013674, G2: 0.00048386, G3: 0.00028878 
2025-04-15 18:07:46,585  INFO  EPOCH 230 | Validation MSE: G1: 0.00013555, G2: 0.00049323, G3: 0.00028271 
2025-04-15 18:07:48,808  INFO  Start cross finetune!  G1 with D1
2025-04-15 18:07:49,281  INFO  == Cross finetune Epoch [1/10000]: G1: Validation MSE 0.00013328
2025-04-15 18:07:49,731  INFO  == Cross finetune Epoch [2/10000]: G1: Validation MSE 0.00015757
2025-04-15 18:07:50,215  INFO  == Cross finetune Epoch [3/10000]: G1: Validation MSE 0.00013440
2025-04-15 18:07:50,696  INFO  == Cross finetune Epoch [4/10000]: G1: Validation MSE 0.00013652
2025-04-15 18:07:51,051  INFO  == Cross finetune Epoch [5/10000]: G1: Validation MSE 0.00013153
2025-04-15 18:07:51,051  INFO  EPOCH 231 | Validation MSE: G1: 0.00015127, G2: 0.00047732, G3: 0.00028688 
2025-04-15 18:07:52,927  INFO  EPOCH 232 | Validation MSE: G1: 0.00013928, G2: 0.00047766, G3: 0.00029264 
2025-04-15 18:07:55,290  INFO  EPOCH 233 | Validation MSE: G1: 0.00017550, G2: 0.00054056, G3: 0.00028890 
2025-04-15 18:07:57,821  INFO  EPOCH 234 | Validation MSE: G1: 0.00014445, G2: 0.00048634, G3: 0.00029103 
2025-04-15 18:08:00,233  INFO  EPOCH 235 | Validation MSE: G1: 0.00024817, G2: 0.00052775, G3: 0.00029890 
2025-04-15 18:08:02,126  INFO  EPOCH 236 | Validation MSE: G1: 0.00021205, G2: 0.00047150, G3: 0.00028321 
2025-04-15 18:08:04,409  INFO  EPOCH 237 | Validation MSE: G1: 0.00014601, G2: 0.00047406, G3: 0.00028060 
2025-04-15 18:08:06,366  INFO  EPOCH 238 | Validation MSE: G1: 0.00018649, G2: 0.00047119, G3: 0.00028621 
2025-04-15 18:08:08,505  INFO  EPOCH 239 | Validation MSE: G1: 0.00018661, G2: 0.00054056, G3: 0.00028939 
2025-04-15 18:08:10,580  INFO  EPOCH 240 | Validation MSE: G1: 0.00014761, G2: 0.00046741, G3: 0.00029027 
2025-04-15 18:08:12,542  INFO  Start cross finetune!  G1 with D1
2025-04-15 18:08:12,919  INFO  == Cross finetune Epoch [1/10000]: G1: Validation MSE 0.00014846
2025-04-15 18:08:13,264  INFO  == Cross finetune Epoch [2/10000]: G1: Validation MSE 0.00014188
2025-04-15 18:08:13,644  INFO  == Cross finetune Epoch [3/10000]: G1: Validation MSE 0.00013989
2025-04-15 18:08:13,985  INFO  == Cross finetune Epoch [4/10000]: G1: Validation MSE 0.00014825
2025-04-15 18:08:14,378  INFO  == Cross finetune Epoch [5/10000]: G1: Validation MSE 0.00014543
2025-04-15 18:08:14,378  INFO  EPOCH 241 | Validation MSE: G1: 0.00015161, G2: 0.00047215, G3: 0.00029912 
2025-04-15 18:08:16,067  INFO  EPOCH 242 | Validation MSE: G1: 0.00015593, G2: 0.00052457, G3: 0.00029629 
2025-04-15 18:08:17,879  INFO  EPOCH 243 | Validation MSE: G1: 0.00014228, G2: 0.00046743, G3: 0.00029825 
2025-04-15 18:08:19,582  INFO  EPOCH 244 | Validation MSE: G1: 0.00014898, G2: 0.00046641, G3: 0.00030912 
2025-04-15 18:08:21,426  INFO  EPOCH 245 | Validation MSE: G1: 0.00013889, G2: 0.00049185, G3: 0.00029960 
2025-04-15 18:08:23,169  INFO  EPOCH 246 | Validation MSE: G1: 0.00014101, G2: 0.00049397, G3: 0.00027069 
2025-04-15 18:08:24,899  INFO  EPOCH 247 | Validation MSE: G1: 0.00016320, G2: 0.00046603, G3: 0.00026927 
2025-04-15 18:08:26,670  INFO  EPOCH 248 | Validation MSE: G1: 0.00014951, G2: 0.00048635, G3: 0.00027604 
2025-04-15 18:08:28,317  INFO  EPOCH 249 | Validation MSE: G1: 0.00014513, G2: 0.00047346, G3: 0.00027787 
2025-04-15 18:08:30,011  INFO  EPOCH 250 | Validation MSE: G1: 0.00015008, G2: 0.00045954, G3: 0.00027210 
2025-04-15 18:08:31,696  INFO  Start cross finetune!  G1 with D1
2025-04-15 18:08:32,035  INFO  == Cross finetune Epoch [1/10000]: G1: Validation MSE 0.00013833
2025-04-15 18:08:32,354  INFO  == Cross finetune Epoch [2/10000]: G1: Validation MSE 0.00015106
2025-04-15 18:08:32,699  INFO  == Cross finetune Epoch [3/10000]: G1: Validation MSE 0.00014014
2025-04-15 18:08:33,028  INFO  == Cross finetune Epoch [4/10000]: G1: Validation MSE 0.00015767
2025-04-15 18:08:33,356  INFO  == Cross finetune Epoch [5/10000]: G1: Validation MSE 0.00014321
2025-04-15 18:08:33,356  INFO  EPOCH 251 | Validation MSE: G1: 0.00014734, G2: 0.00046989, G3: 0.00028316 
2025-04-15 18:08:35,080  INFO  EPOCH 252 | Validation MSE: G1: 0.00014680, G2: 0.00051392, G3: 0.00029370 
2025-04-15 18:08:36,826  INFO  EPOCH 253 | Validation MSE: G1: 0.00014217, G2: 0.00051585, G3: 0.00028497 
2025-04-15 18:08:38,712  INFO  EPOCH 254 | Validation MSE: G1: 0.00014693, G2: 0.00045641, G3: 0.00028495 
2025-04-15 18:08:40,438  INFO  EPOCH 255 | Validation MSE: G1: 0.00014228, G2: 0.00048076, G3: 0.00029196 
2025-04-15 18:08:42,137  INFO  EPOCH 256 | Validation MSE: G1: 0.00014666, G2: 0.00052299, G3: 0.00028778 
2025-04-15 18:08:43,943  INFO  EPOCH 257 | Validation MSE: G1: 0.00014529, G2: 0.00045180, G3: 0.00027555 
2025-04-15 18:08:45,627  INFO  EPOCH 258 | Validation MSE: G1: 0.00014862, G2: 0.00045095, G3: 0.00027083 
2025-04-15 18:08:47,379  INFO  EPOCH 259 | Validation MSE: G1: 0.00014569, G2: 0.00048570, G3: 0.00028482 
2025-04-15 18:08:49,271  INFO  EPOCH 260 | Validation MSE: G1: 0.00014425, G2: 0.00044892, G3: 0.00028328 
2025-04-15 18:08:51,058  INFO  Start cross finetune!  G1 with D1
2025-04-15 18:08:51,408  INFO  == Cross finetune Epoch [1/10000]: G1: Validation MSE 0.00014359
2025-04-15 18:08:51,789  INFO  == Cross finetune Epoch [2/10000]: G1: Validation MSE 0.00014346
2025-04-15 18:08:52,129  INFO  == Cross finetune Epoch [3/10000]: G1: Validation MSE 0.00014315
2025-04-15 18:08:52,480  INFO  == Cross finetune Epoch [4/10000]: G1: Validation MSE 0.00014524
2025-04-15 18:08:52,875  INFO  == Cross finetune Epoch [5/10000]: G1: Validation MSE 0.00014741
2025-04-15 18:08:52,875  INFO  EPOCH 261 | Validation MSE: G1: 0.00014262, G2: 0.00045664, G3: 0.00029942 
2025-04-15 18:08:54,868  INFO  EPOCH 262 | Validation MSE: G1: 0.00014661, G2: 0.00046073, G3: 0.00029112 
2025-04-15 18:08:56,788  INFO  EPOCH 263 | Validation MSE: G1: 0.00014499, G2: 0.00054946, G3: 0.00029309 
2025-04-15 18:08:58,776  INFO  EPOCH 264 | Validation MSE: G1: 0.00014577, G2: 0.00044362, G3: 0.00029550 
2025-04-15 18:09:00,720  INFO  EPOCH 265 | Validation MSE: G1: 0.00014574, G2: 0.00044771, G3: 0.00030952 
2025-04-15 18:09:02,687  INFO  EPOCH 266 | Validation MSE: G1: 0.00014475, G2: 0.00044428, G3: 0.00031545 
2025-04-15 18:09:04,611  INFO  EPOCH 267 | Validation MSE: G1: 0.00014620, G2: 0.00046428, G3: 0.00031410 
2025-04-15 18:09:06,388  INFO  EPOCH 268 | Validation MSE: G1: 0.00014734, G2: 0.00044026, G3: 0.00030653 
2025-04-15 18:09:08,274  INFO  EPOCH 269 | Validation MSE: G1: 0.00014433, G2: 0.00046927, G3: 0.00029595 
2025-04-15 18:09:10,160  INFO  EPOCH 270 | Validation MSE: G1: 0.00014544, G2: 0.00047763, G3: 0.00028982 
2025-04-15 18:09:11,992  INFO  Start cross finetune!  G1 with D1
2025-04-15 18:09:12,330  INFO  == Cross finetune Epoch [1/10000]: G1: Validation MSE 0.00014477
2025-04-15 18:09:12,684  INFO  == Cross finetune Epoch [2/10000]: G1: Validation MSE 0.00014588
2025-04-15 18:09:13,054  INFO  == Cross finetune Epoch [3/10000]: G1: Validation MSE 0.00014728
2025-04-15 18:09:13,410  INFO  == Cross finetune Epoch [4/10000]: G1: Validation MSE 0.00014623
2025-04-15 18:09:13,765  INFO  == Cross finetune Epoch [5/10000]: G1: Validation MSE 0.00014689
2025-04-15 18:09:13,765  INFO  EPOCH 271 | Validation MSE: G1: 0.00014508, G2: 0.00054993, G3: 0.00029369 
2025-04-15 18:09:15,535  INFO  EPOCH 272 | Validation MSE: G1: 0.00014503, G2: 0.00044018, G3: 0.00028895 
2025-04-15 18:09:17,392  INFO  EPOCH 273 | Validation MSE: G1: 0.00014425, G2: 0.00045434, G3: 0.00028606 
2025-04-15 18:09:19,261  INFO  EPOCH 274 | Validation MSE: G1: 0.00014414, G2: 0.00043631, G3: 0.00029132 
2025-04-15 18:09:21,065  INFO  EPOCH 275 | Validation MSE: G1: 0.00014410, G2: 0.00048863, G3: 0.00028177 
2025-04-15 18:09:22,808  INFO  EPOCH 276 | Validation MSE: G1: 0.00014410, G2: 0.00043595, G3: 0.00028464 
2025-04-15 18:09:24,720  INFO  EPOCH 277 | Validation MSE: G1: 0.00014405, G2: 0.00043628, G3: 0.00028812 
2025-04-15 18:09:26,642  INFO  EPOCH 278 | Validation MSE: G1: 0.00014492, G2: 0.00043358, G3: 0.00027057 
2025-04-15 18:09:28,398  INFO  EPOCH 279 | Validation MSE: G1: 0.00014537, G2: 0.00043001, G3: 0.00028053 
2025-04-15 18:09:30,168  INFO  EPOCH 280 | Validation MSE: G1: 0.00014449, G2: 0.00043501, G3: 0.00029020 
2025-04-15 18:09:31,976  INFO  Start cross finetune!  G1 with D1
2025-04-15 18:09:32,313  INFO  == Cross finetune Epoch [1/10000]: G1: Validation MSE 0.00014436
2025-04-15 18:09:32,670  INFO  == Cross finetune Epoch [2/10000]: G1: Validation MSE 0.00014485
2025-04-15 18:09:33,037  INFO  == Cross finetune Epoch [3/10000]: G1: Validation MSE 0.00014514
2025-04-15 18:09:33,397  INFO  == Cross finetune Epoch [4/10000]: G1: Validation MSE 0.00014612
2025-04-15 18:09:33,748  INFO  == Cross finetune Epoch [5/10000]: G1: Validation MSE 0.00014470
2025-04-15 18:09:33,748  INFO  EPOCH 281 | Validation MSE: G1: 0.00014451, G2: 0.00045116, G3: 0.00028679 
2025-04-15 18:09:35,506  INFO  EPOCH 282 | Validation MSE: G1: 0.00014475, G2: 0.00045972, G3: 0.00028996 
2025-04-15 18:09:37,294  INFO  EPOCH 283 | Validation MSE: G1: 0.00014623, G2: 0.00042688, G3: 0.00029623 
2025-04-15 18:09:39,065  INFO  EPOCH 284 | Validation MSE: G1: 0.00014616, G2: 0.00044890, G3: 0.00030123 
2025-04-15 18:09:40,844  INFO  EPOCH 285 | Validation MSE: G1: 0.00014625, G2: 0.00042926, G3: 0.00031763 
2025-04-15 18:09:42,626  INFO  EPOCH 286 | Validation MSE: G1: 0.00014638, G2: 0.00042371, G3: 0.00031214 
2025-04-15 18:09:44,379  INFO  EPOCH 287 | Validation MSE: G1: 0.00014714, G2: 0.00042341, G3: 0.00030556 
2025-04-15 18:09:46,334  INFO  EPOCH 288 | Validation MSE: G1: 0.00014653, G2: 0.00043474, G3: 0.00029580 
2025-04-15 18:09:48,534  INFO  EPOCH 289 | Validation MSE: G1: 0.00014627, G2: 0.00049581, G3: 0.00029918 
2025-04-15 18:09:50,729  INFO  EPOCH 290 | Validation MSE: G1: 0.00014824, G2: 0.00044369, G3: 0.00031473 
2025-04-15 18:09:53,076  INFO  Start cross finetune!  G1 with D1
2025-04-15 18:09:53,530  INFO  == Cross finetune Epoch [1/10000]: G1: Validation MSE 0.00014753
2025-04-15 18:09:54,005  INFO  == Cross finetune Epoch [2/10000]: G1: Validation MSE 0.00014613
2025-04-15 18:09:54,462  INFO  == Cross finetune Epoch [3/10000]: G1: Validation MSE 0.00014625
2025-04-15 18:09:54,944  INFO  == Cross finetune Epoch [4/10000]: G1: Validation MSE 0.00014688
2025-04-15 18:09:55,418  INFO  == Cross finetune Epoch [5/10000]: G1: Validation MSE 0.00014650
2025-04-15 18:09:55,418  INFO  EPOCH 291 | Validation MSE: G1: 0.00014746, G2: 0.00050141, G3: 0.00030294 
2025-04-15 18:09:57,815  INFO  EPOCH 292 | Validation MSE: G1: 0.00014768, G2: 0.00042005, G3: 0.00029280 
2025-04-15 18:10:00,212  INFO  EPOCH 293 | Validation MSE: G1: 0.00014768, G2: 0.00041962, G3: 0.00028393 
2025-04-15 18:10:02,647  INFO  EPOCH 294 | Validation MSE: G1: 0.00014803, G2: 0.00045227, G3: 0.00027656 
2025-04-15 18:10:05,094  INFO  EPOCH 295 | Validation MSE: G1: 0.00014831, G2: 0.00042412, G3: 0.00028345 
2025-04-15 18:10:07,608  INFO  EPOCH 296 | Validation MSE: G1: 0.00014796, G2: 0.00045008, G3: 0.00028183 
2025-04-15 18:10:09,950  INFO  EPOCH 297 | Validation MSE: G1: 0.00014827, G2: 0.00042580, G3: 0.00027303 
2025-04-15 18:10:12,116  INFO  EPOCH 298 | Validation MSE: G1: 0.00014780, G2: 0.00042385, G3: 0.00026215 
2025-04-15 18:10:14,387  INFO  EPOCH 299 | Validation MSE: G1: 0.00014666, G2: 0.00043314, G3: 0.00025819 
2025-04-15 18:10:16,650  INFO  EPOCH 300 | Validation MSE: G1: 0.00014734, G2: 0.00042005, G3: 0.00028039 
2025-04-15 18:10:18,844  INFO  Start cross finetune!  G1 with D1
2025-04-15 18:10:19,292  INFO  == Cross finetune Epoch [1/10000]: G1: Validation MSE 0.00014743
2025-04-15 18:10:19,767  INFO  == Cross finetune Epoch [2/10000]: G1: Validation MSE 0.00014737
2025-04-15 18:10:20,200  INFO  == Cross finetune Epoch [3/10000]: G1: Validation MSE 0.00014658
2025-04-15 18:10:20,662  INFO  == Cross finetune Epoch [4/10000]: G1: Validation MSE 0.00014500
2025-04-15 18:10:21,115  INFO  == Cross finetune Epoch [5/10000]: G1: Validation MSE 0.00014451
2025-04-15 18:10:21,115  INFO  EPOCH 301 | Validation MSE: G1: 0.00014782, G2: 0.00044766, G3: 0.00029057 
2025-04-15 18:10:23,238  INFO  EPOCH 302 | Validation MSE: G1: 0.00014531, G2: 0.00041198, G3: 0.00028221 
2025-04-15 18:10:25,482  INFO  EPOCH 303 | Validation MSE: G1: 0.00014607, G2: 0.00041371, G3: 0.00028985 
2025-04-15 18:10:27,706  INFO  EPOCH 304 | Validation MSE: G1: 0.00014552, G2: 0.00042426, G3: 0.00028099 
2025-04-15 18:10:29,870  INFO  EPOCH 305 | Validation MSE: G1: 0.00014431, G2: 0.00048355, G3: 0.00028748 
2025-04-15 18:10:32,030  INFO  EPOCH 306 | Validation MSE: G1: 0.00014318, G2: 0.00041003, G3: 0.00028799 
2025-04-15 18:10:34,193  INFO  EPOCH 307 | Validation MSE: G1: 0.00014333, G2: 0.00040883, G3: 0.00028449 
2025-04-15 18:10:36,327  INFO  EPOCH 308 | Validation MSE: G1: 0.00014367, G2: 0.00040801, G3: 0.00027323 
2025-04-15 18:10:38,546  INFO  EPOCH 309 | Validation MSE: G1: 0.00014436, G2: 0.00046564, G3: 0.00028179 
2025-04-15 18:10:40,811  INFO  EPOCH 310 | Validation MSE: G1: 0.00014553, G2: 0.00040745, G3: 0.00027553 
2025-04-15 18:10:43,058  INFO  Start cross finetune!  G1 with D1
2025-04-15 18:10:43,534  INFO  == Cross finetune Epoch [1/10000]: G1: Validation MSE 0.00014654
2025-04-15 18:10:43,987  INFO  == Cross finetune Epoch [2/10000]: G1: Validation MSE 0.00014643
2025-04-15 18:10:44,452  INFO  == Cross finetune Epoch [3/10000]: G1: Validation MSE 0.00014667
2025-04-15 18:10:44,921  INFO  == Cross finetune Epoch [4/10000]: G1: Validation MSE 0.00014652
2025-04-15 18:10:45,402  INFO  == Cross finetune Epoch [5/10000]: G1: Validation MSE 0.00014717
2025-04-15 18:10:45,404  INFO  EPOCH 311 | Validation MSE: G1: 0.00014554, G2: 0.00040550, G3: 0.00027971 
2025-04-15 18:10:47,785  INFO  EPOCH 312 | Validation MSE: G1: 0.00014778, G2: 0.00048195, G3: 0.00028505 
2025-04-15 18:10:50,184  INFO  EPOCH 313 | Validation MSE: G1: 0.00014776, G2: 0.00043657, G3: 0.00028953 
2025-04-15 18:10:52,526  INFO  EPOCH 314 | Validation MSE: G1: 0.00014939, G2: 0.00040389, G3: 0.00028274 
2025-04-15 18:10:54,644  INFO  EPOCH 315 | Validation MSE: G1: 0.00014892, G2: 0.00040589, G3: 0.00027418 
2025-04-15 18:10:56,791  INFO  EPOCH 316 | Validation MSE: G1: 0.00015037, G2: 0.00040738, G3: 0.00026992 
2025-04-15 18:10:59,001  INFO  EPOCH 317 | Validation MSE: G1: 0.00014928, G2: 0.00041307, G3: 0.00028110 
2025-04-15 18:11:01,177  INFO  EPOCH 318 | Validation MSE: G1: 0.00014819, G2: 0.00040117, G3: 0.00028740 
2025-04-15 18:11:03,422  INFO  EPOCH 319 | Validation MSE: G1: 0.00014766, G2: 0.00040494, G3: 0.00030040 
2025-04-15 18:11:05,726  INFO  EPOCH 320 | Validation MSE: G1: 0.00014779, G2: 0.00040013, G3: 0.00029649 
2025-04-15 18:11:07,594  INFO  Start cross finetune!  G1 with D1
2025-04-15 18:11:08,071  INFO  == Cross finetune Epoch [1/10000]: G1: Validation MSE 0.00014793
2025-04-15 18:11:08,547  INFO  == Cross finetune Epoch [2/10000]: G1: Validation MSE 0.00014702
2025-04-15 18:11:09,049  INFO  == Cross finetune Epoch [3/10000]: G1: Validation MSE 0.00014653
2025-04-15 18:11:09,548  INFO  == Cross finetune Epoch [4/10000]: G1: Validation MSE 0.00014631
2025-04-15 18:11:10,025  INFO  == Cross finetune Epoch [5/10000]: G1: Validation MSE 0.00014654
2025-04-15 18:11:10,025  INFO  EPOCH 321 | Validation MSE: G1: 0.00014748, G2: 0.00046271, G3: 0.00028444 
2025-04-15 18:11:12,356  INFO  EPOCH 322 | Validation MSE: G1: 0.00014607, G2: 0.00040881, G3: 0.00028498 
2025-04-15 18:11:14,424  INFO  EPOCH 323 | Validation MSE: G1: 0.00014548, G2: 0.00041290, G3: 0.00028986 
2025-04-15 18:11:16,187  INFO  EPOCH 324 | Validation MSE: G1: 0.00014487, G2: 0.00040970, G3: 0.00028504 
2025-04-15 18:11:17,982  INFO  EPOCH 325 | Validation MSE: G1: 0.00014457, G2: 0.00039194, G3: 0.00027750 
2025-04-15 18:11:19,737  INFO  EPOCH 326 | Validation MSE: G1: 0.00014421, G2: 0.00039216, G3: 0.00028540 
2025-04-15 18:11:21,551  INFO  EPOCH 327 | Validation MSE: G1: 0.00014466, G2: 0.00041343, G3: 0.00028554 
2025-04-15 18:11:23,397  INFO  EPOCH 328 | Validation MSE: G1: 0.00014389, G2: 0.00040018, G3: 0.00028928 
2025-04-15 18:11:25,221  INFO  EPOCH 329 | Validation MSE: G1: 0.00014513, G2: 0.00039344, G3: 0.00029071 
2025-04-15 18:11:27,066  INFO  EPOCH 330 | Validation MSE: G1: 0.00014629, G2: 0.00041007, G3: 0.00028134 
2025-04-15 18:11:28,870  INFO  Start cross finetune!  G1 with D1
2025-04-15 18:11:29,228  INFO  == Cross finetune Epoch [1/10000]: G1: Validation MSE 0.00014588
2025-04-15 18:11:29,602  INFO  == Cross finetune Epoch [2/10000]: G1: Validation MSE 0.00014592
2025-04-15 18:11:29,958  INFO  == Cross finetune Epoch [3/10000]: G1: Validation MSE 0.00014508
2025-04-15 18:11:30,299  INFO  == Cross finetune Epoch [4/10000]: G1: Validation MSE 0.00014503
2025-04-15 18:11:30,656  INFO  == Cross finetune Epoch [5/10000]: G1: Validation MSE 0.00014478
2025-04-15 18:11:30,656  INFO  EPOCH 331 | Validation MSE: G1: 0.00014584, G2: 0.00040001, G3: 0.00027784 
2025-04-15 18:11:32,428  INFO  EPOCH 332 | Validation MSE: G1: 0.00014473, G2: 0.00056324, G3: 0.00026224 
2025-04-15 18:11:34,211  INFO  EPOCH 333 | Validation MSE: G1: 0.00014504, G2: 0.00038527, G3: 0.00025876 
2025-04-15 18:11:36,017  INFO  EPOCH 334 | Validation MSE: G1: 0.00014481, G2: 0.00040633, G3: 0.00026210 
2025-04-15 18:11:37,846  INFO  EPOCH 335 | Validation MSE: G1: 0.00014483, G2: 0.00038563, G3: 0.00026849 
2025-04-15 18:11:39,630  INFO  EPOCH 336 | Validation MSE: G1: 0.00014416, G2: 0.00039192, G3: 0.00027465 
2025-04-15 18:11:41,436  INFO  EPOCH 337 | Validation MSE: G1: 0.00014546, G2: 0.00038282, G3: 0.00026387 
2025-04-15 18:11:43,221  INFO  EPOCH 338 | Validation MSE: G1: 0.00014600, G2: 0.00040058, G3: 0.00027469 
2025-04-15 18:11:44,929  INFO  EPOCH 339 | Validation MSE: G1: 0.00014651, G2: 0.00039469, G3: 0.00027969 
2025-04-15 18:11:46,767  INFO  EPOCH 340 | Validation MSE: G1: 0.00014688, G2: 0.00037950, G3: 0.00027813 
2025-04-15 18:11:48,733  INFO  Start cross finetune!  G1 with D1
2025-04-15 18:11:49,077  INFO  == Cross finetune Epoch [1/10000]: G1: Validation MSE 0.00014606
2025-04-15 18:11:49,432  INFO  == Cross finetune Epoch [2/10000]: G1: Validation MSE 0.00014510
2025-04-15 18:11:49,806  INFO  == Cross finetune Epoch [3/10000]: G1: Validation MSE 0.00014447
2025-04-15 18:11:50,186  INFO  == Cross finetune Epoch [4/10000]: G1: Validation MSE 0.00014375
2025-04-15 18:11:50,552  INFO  == Cross finetune Epoch [5/10000]: G1: Validation MSE 0.00014333
2025-04-15 18:11:50,552  INFO  EPOCH 341 | Validation MSE: G1: 0.00014789, G2: 0.00045429, G3: 0.00027750 
2025-04-15 18:11:52,807  INFO  EPOCH 342 | Validation MSE: G1: 0.00014363, G2: 0.00039370, G3: 0.00028859 
2025-04-15 18:11:55,022  INFO  EPOCH 343 | Validation MSE: G1: 0.00014408, G2: 0.00038080, G3: 0.00028107 
2025-04-15 18:11:57,362  INFO  EPOCH 344 | Validation MSE: G1: 0.00014307, G2: 0.00038656, G3: 0.00029313 
2025-04-15 18:11:59,737  INFO  EPOCH 345 | Validation MSE: G1: 0.00014332, G2: 0.00037633, G3: 0.00029951 
2025-04-15 18:12:01,812  INFO  EPOCH 346 | Validation MSE: G1: 0.00014322, G2: 0.00038082, G3: 0.00029289 
2025-04-15 18:12:04,010  INFO  EPOCH 347 | Validation MSE: G1: 0.00014296, G2: 0.00039509, G3: 0.00028252 
2025-04-15 18:12:06,305  INFO  EPOCH 348 | Validation MSE: G1: 0.00014276, G2: 0.00037930, G3: 0.00027063 
2025-04-15 18:12:08,559  INFO  EPOCH 349 | Validation MSE: G1: 0.00014342, G2: 0.00038910, G3: 0.00026645 
2025-04-15 18:12:10,789  INFO  EPOCH 350 | Validation MSE: G1: 0.00014393, G2: 0.00040154, G3: 0.00027170 
2025-04-15 18:12:12,829  INFO  Start cross finetune!  G1 with D1
2025-04-15 18:12:13,184  INFO  == Cross finetune Epoch [1/10000]: G1: Validation MSE 0.00014452
2025-04-15 18:12:13,541  INFO  == Cross finetune Epoch [2/10000]: G1: Validation MSE 0.00014617
2025-04-15 18:12:13,899  INFO  == Cross finetune Epoch [3/10000]: G1: Validation MSE 0.00014549
2025-04-15 18:12:14,240  INFO  == Cross finetune Epoch [4/10000]: G1: Validation MSE 0.00014532
2025-04-15 18:12:14,579  INFO  == Cross finetune Epoch [5/10000]: G1: Validation MSE 0.00014431
2025-04-15 18:12:14,579  INFO  EPOCH 351 | Validation MSE: G1: 0.00014369, G2: 0.00042817, G3: 0.00027954 
2025-04-15 18:12:16,256  INFO  EPOCH 352 | Validation MSE: G1: 0.00014392, G2: 0.00038733, G3: 0.00027744 
2025-04-15 18:12:17,940  INFO  EPOCH 353 | Validation MSE: G1: 0.00014307, G2: 0.00037630, G3: 0.00028753 
2025-04-15 18:12:19,709  INFO  EPOCH 354 | Validation MSE: G1: 0.00014280, G2: 0.00038110, G3: 0.00029432 
2025-04-15 18:12:21,429  INFO  EPOCH 355 | Validation MSE: G1: 0.00014339, G2: 0.00037115, G3: 0.00028663 
2025-04-15 18:12:23,111  INFO  EPOCH 356 | Validation MSE: G1: 0.00014323, G2: 0.00038593, G3: 0.00027138 
2025-04-15 18:12:24,921  INFO  EPOCH 357 | Validation MSE: G1: 0.00014419, G2: 0.00037111, G3: 0.00028332 
2025-04-15 18:12:26,717  INFO  EPOCH 358 | Validation MSE: G1: 0.00014396, G2: 0.00037219, G3: 0.00027644 
2025-04-15 18:12:28,525  INFO  EPOCH 359 | Validation MSE: G1: 0.00014374, G2: 0.00037610, G3: 0.00027706 
2025-04-15 18:12:30,269  INFO  EPOCH 360 | Validation MSE: G1: 0.00014456, G2: 0.00040139, G3: 0.00029237 
2025-04-15 18:12:32,078  INFO  Start cross finetune!  G1 with D1
2025-04-15 18:12:32,403  INFO  == Cross finetune Epoch [1/10000]: G1: Validation MSE 0.00014380
2025-04-15 18:12:32,813  INFO  == Cross finetune Epoch [2/10000]: G1: Validation MSE 0.00014438
2025-04-15 18:12:33,144  INFO  == Cross finetune Epoch [3/10000]: G1: Validation MSE 0.00014389
2025-04-15 18:12:33,514  INFO  == Cross finetune Epoch [4/10000]: G1: Validation MSE 0.00014345
2025-04-15 18:12:33,857  INFO  == Cross finetune Epoch [5/10000]: G1: Validation MSE 0.00014318
2025-04-15 18:12:33,857  INFO  EPOCH 361 | Validation MSE: G1: 0.00014394, G2: 0.00037525, G3: 0.00028487 
2025-04-15 18:12:35,664  INFO  EPOCH 362 | Validation MSE: G1: 0.00014288, G2: 0.00036842, G3: 0.00028931 
2025-04-15 18:12:37,429  INFO  EPOCH 363 | Validation MSE: G1: 0.00014376, G2: 0.00037271, G3: 0.00027832 
2025-04-15 18:12:39,247  INFO  EPOCH 364 | Validation MSE: G1: 0.00014477, G2: 0.00037721, G3: 0.00029013 
2025-04-15 18:12:40,947  INFO  EPOCH 365 | Validation MSE: G1: 0.00014610, G2: 0.00047372, G3: 0.00025831 
2025-04-15 18:12:42,711  INFO  EPOCH 366 | Validation MSE: G1: 0.00014537, G2: 0.00036414, G3: 0.00025863 
2025-04-15 18:12:44,505  INFO  EPOCH 367 | Validation MSE: G1: 0.00014462, G2: 0.00036613, G3: 0.00027712 
2025-04-15 18:12:46,305  INFO  EPOCH 368 | Validation MSE: G1: 0.00014514, G2: 0.00036480, G3: 0.00029493 
2025-04-15 18:12:48,172  INFO  EPOCH 369 | Validation MSE: G1: 0.00014618, G2: 0.00036495, G3: 0.00031617 
2025-04-15 18:12:50,008  INFO  EPOCH 370 | Validation MSE: G1: 0.00014513, G2: 0.00037119, G3: 0.00031466 
2025-04-15 18:12:51,915  INFO  Start cross finetune!  G1 with D1
2025-04-15 18:12:52,287  INFO  == Cross finetune Epoch [1/10000]: G1: Validation MSE 0.00014525
2025-04-15 18:12:52,657  INFO  == Cross finetune Epoch [2/10000]: G1: Validation MSE 0.00014418
2025-04-15 18:12:53,013  INFO  == Cross finetune Epoch [3/10000]: G1: Validation MSE 0.00014348
2025-04-15 18:12:53,410  INFO  == Cross finetune Epoch [4/10000]: G1: Validation MSE 0.00014384
2025-04-15 18:12:53,796  INFO  == Cross finetune Epoch [5/10000]: G1: Validation MSE 0.00014415
2025-04-15 18:12:53,796  INFO  EPOCH 371 | Validation MSE: G1: 0.00014464, G2: 0.00038417, G3: 0.00030745 
2025-04-15 18:12:55,599  INFO  EPOCH 372 | Validation MSE: G1: 0.00014466, G2: 0.00036118, G3: 0.00031430 
2025-04-15 18:12:57,399  INFO  EPOCH 373 | Validation MSE: G1: 0.00014487, G2: 0.00036802, G3: 0.00030839 
2025-04-15 18:12:59,651  INFO  EPOCH 374 | Validation MSE: G1: 0.00014440, G2: 0.00045475, G3: 0.00028959 
2025-04-15 18:13:01,520  INFO  EPOCH 375 | Validation MSE: G1: 0.00014511, G2: 0.00036019, G3: 0.00028910 
2025-04-15 18:13:03,553  INFO  EPOCH 376 | Validation MSE: G1: 0.00014597, G2: 0.00036357, G3: 0.00027125 
2025-04-15 18:13:05,383  INFO  EPOCH 377 | Validation MSE: G1: 0.00014585, G2: 0.00036112, G3: 0.00029391 
2025-04-15 18:13:07,199  INFO  EPOCH 378 | Validation MSE: G1: 0.00014637, G2: 0.00035980, G3: 0.00030237 
2025-04-15 18:13:09,044  INFO  EPOCH 379 | Validation MSE: G1: 0.00014674, G2: 0.00037270, G3: 0.00030043 
2025-04-15 18:13:10,997  INFO  EPOCH 380 | Validation MSE: G1: 0.00014689, G2: 0.00036064, G3: 0.00028794 
2025-04-15 18:13:12,905  INFO  Start cross finetune!  G1 with D1
2025-04-15 18:13:13,249  INFO  == Cross finetune Epoch [1/10000]: G1: Validation MSE 0.00014552
2025-04-15 18:13:13,605  INFO  == Cross finetune Epoch [2/10000]: G1: Validation MSE 0.00014432
2025-04-15 18:13:13,959  INFO  == Cross finetune Epoch [3/10000]: G1: Validation MSE 0.00014417
2025-04-15 18:13:14,298  INFO  == Cross finetune Epoch [4/10000]: G1: Validation MSE 0.00014424
2025-04-15 18:13:14,648  INFO  == Cross finetune Epoch [5/10000]: G1: Validation MSE 0.00014360
2025-04-15 18:13:14,648  INFO  EPOCH 381 | Validation MSE: G1: 0.00014786, G2: 0.00036710, G3: 0.00029306 
2025-04-15 18:13:16,417  INFO  EPOCH 382 | Validation MSE: G1: 0.00014410, G2: 0.00042234, G3: 0.00029398 
2025-04-15 18:13:18,257  INFO  EPOCH 383 | Validation MSE: G1: 0.00014326, G2: 0.00035825, G3: 0.00028361 
2025-04-15 18:13:20,011  INFO  EPOCH 384 | Validation MSE: G1: 0.00014292, G2: 0.00037495, G3: 0.00028528 
2025-04-15 18:13:21,785  INFO  EPOCH 385 | Validation MSE: G1: 0.00014158, G2: 0.00038355, G3: 0.00028565 
2025-04-15 18:13:23,577  INFO  EPOCH 386 | Validation MSE: G1: 0.00014186, G2: 0.00037237, G3: 0.00028458 
2025-04-15 18:13:25,369  INFO  EPOCH 387 | Validation MSE: G1: 0.00014160, G2: 0.00036063, G3: 0.00029587 
2025-04-15 18:13:27,204  INFO  EPOCH 388 | Validation MSE: G1: 0.00014273, G2: 0.00035893, G3: 0.00029285 
2025-04-15 18:13:29,013  INFO  EPOCH 389 | Validation MSE: G1: 0.00014265, G2: 0.00035552, G3: 0.00029209 
2025-04-15 18:13:30,790  INFO  EPOCH 390 | Validation MSE: G1: 0.00014342, G2: 0.00035467, G3: 0.00029085 
2025-04-15 18:13:32,602  INFO  Start cross finetune!  G1 with D1
2025-04-15 18:13:32,954  INFO  == Cross finetune Epoch [1/10000]: G1: Validation MSE 0.00014392
2025-04-15 18:13:33,318  INFO  == Cross finetune Epoch [2/10000]: G1: Validation MSE 0.00014380
2025-04-15 18:13:33,671  INFO  == Cross finetune Epoch [3/10000]: G1: Validation MSE 0.00014390
2025-04-15 18:13:34,021  INFO  == Cross finetune Epoch [4/10000]: G1: Validation MSE 0.00014389
2025-04-15 18:13:34,371  INFO  == Cross finetune Epoch [5/10000]: G1: Validation MSE 0.00014463
2025-04-15 18:13:34,371  INFO  EPOCH 391 | Validation MSE: G1: 0.00014492, G2: 0.00046708, G3: 0.00028467 
2025-04-15 18:13:36,198  INFO  EPOCH 392 | Validation MSE: G1: 0.00014407, G2: 0.00036064, G3: 0.00028003 
2025-04-15 18:13:38,031  INFO  EPOCH 393 | Validation MSE: G1: 0.00014447, G2: 0.00035045, G3: 0.00028090 
2025-04-15 18:13:39,807  INFO  EPOCH 394 | Validation MSE: G1: 0.00014371, G2: 0.00037417, G3: 0.00028538 
2025-04-15 18:13:41,590  INFO  EPOCH 395 | Validation MSE: G1: 0.00014353, G2: 0.00035539, G3: 0.00029936 
2025-04-15 18:13:43,706  INFO  EPOCH 396 | Validation MSE: G1: 0.00014302, G2: 0.00035056, G3: 0.00030002 
2025-04-15 18:13:46,096  INFO  EPOCH 397 | Validation MSE: G1: 0.00014275, G2: 0.00040497, G3: 0.00028176 
2025-04-15 18:13:48,387  INFO  EPOCH 398 | Validation MSE: G1: 0.00014364, G2: 0.00048517, G3: 0.00027883 
2025-04-15 18:13:50,535  INFO  EPOCH 399 | Validation MSE: G1: 0.00014407, G2: 0.00035402, G3: 0.00028541 
2025-04-15 18:13:52,741  INFO  EPOCH 400 | Validation MSE: G1: 0.00014431, G2: 0.00034922, G3: 0.00029413 
2025-04-15 18:13:54,988  INFO  Start cross finetune!  G1 with D1
2025-04-15 18:13:55,488  INFO  == Cross finetune Epoch [1/10000]: G1: Validation MSE 0.00014430
2025-04-15 18:13:55,939  INFO  == Cross finetune Epoch [2/10000]: G1: Validation MSE 0.00014385
2025-04-15 18:13:56,400  INFO  == Cross finetune Epoch [3/10000]: G1: Validation MSE 0.00014358
2025-04-15 18:13:56,866  INFO  == Cross finetune Epoch [4/10000]: G1: Validation MSE 0.00014398
2025-04-15 18:13:57,262  INFO  == Cross finetune Epoch [5/10000]: G1: Validation MSE 0.00014403
2025-04-15 18:13:57,262  INFO  EPOCH 401 | Validation MSE: G1: 0.00014435, G2: 0.00035489, G3: 0.00029186 
2025-04-15 18:13:59,174  INFO  EPOCH 402 | Validation MSE: G1: 0.00014460, G2: 0.00039402, G3: 0.00028705 
2025-04-15 18:14:00,994  INFO  EPOCH 403 | Validation MSE: G1: 0.00014492, G2: 0.00046168, G3: 0.00027532 
2025-04-15 18:14:03,148  INFO  EPOCH 404 | Validation MSE: G1: 0.00014551, G2: 0.00039497, G3: 0.00028268 
2025-04-15 18:14:05,464  INFO  EPOCH 405 | Validation MSE: G1: 0.00014513, G2: 0.00035376, G3: 0.00027885 
2025-04-15 18:14:07,774  INFO  EPOCH 406 | Validation MSE: G1: 0.00014493, G2: 0.00036890, G3: 0.00027762 
2025-04-15 18:14:10,154  INFO  EPOCH 407 | Validation MSE: G1: 0.00014440, G2: 0.00046764, G3: 0.00028108 
2025-04-15 18:14:12,390  INFO  EPOCH 408 | Validation MSE: G1: 0.00014453, G2: 0.00037111, G3: 0.00027404 
2025-04-15 18:14:14,276  INFO  EPOCH 409 | Validation MSE: G1: 0.00014390, G2: 0.00035217, G3: 0.00027979 
2025-04-15 18:14:16,133  INFO  EPOCH 410 | Validation MSE: G1: 0.00014486, G2: 0.00035264, G3: 0.00026750 
2025-04-15 18:14:18,358  INFO  Start cross finetune!  G1 with D1
2025-04-15 18:14:18,801  INFO  == Cross finetune Epoch [1/10000]: G1: Validation MSE 0.00014665
2025-04-15 18:14:19,232  INFO  == Cross finetune Epoch [2/10000]: G1: Validation MSE 0.00014627
2025-04-15 18:14:19,707  INFO  == Cross finetune Epoch [3/10000]: G1: Validation MSE 0.00014635
2025-04-15 18:14:20,140  INFO  == Cross finetune Epoch [4/10000]: G1: Validation MSE 0.00014500
2025-04-15 18:14:20,574  INFO  == Cross finetune Epoch [5/10000]: G1: Validation MSE 0.00014389
2025-04-15 18:14:20,574  INFO  EPOCH 411 | Validation MSE: G1: 0.00014648, G2: 0.00034572, G3: 0.00027593 
2025-04-15 18:14:22,778  INFO  EPOCH 412 | Validation MSE: G1: 0.00014216, G2: 0.00034550, G3: 0.00028257 
2025-04-15 18:14:24,958  INFO  EPOCH 413 | Validation MSE: G1: 0.00014238, G2: 0.00034493, G3: 0.00029378 
2025-04-15 18:14:27,238  INFO  EPOCH 414 | Validation MSE: G1: 0.00014358, G2: 0.00038932, G3: 0.00029059 
2025-04-15 18:14:29,413  INFO  EPOCH 415 | Validation MSE: G1: 0.00014397, G2: 0.00034420, G3: 0.00027736 
2025-04-15 18:14:31,499  INFO  EPOCH 416 | Validation MSE: G1: 0.00014473, G2: 0.00038183, G3: 0.00027793 
2025-04-15 18:14:33,688  INFO  EPOCH 417 | Validation MSE: G1: 0.00014550, G2: 0.00034577, G3: 0.00027170 
2025-04-15 18:14:35,997  INFO  EPOCH 418 | Validation MSE: G1: 0.00014468, G2: 0.00037246, G3: 0.00027892 
2025-04-15 18:14:38,280  INFO  EPOCH 419 | Validation MSE: G1: 0.00014455, G2: 0.00037830, G3: 0.00028483 
2025-04-15 18:14:40,495  INFO  EPOCH 420 | Validation MSE: G1: 0.00014543, G2: 0.00034671, G3: 0.00027627 
2025-04-15 18:14:42,704  INFO  Start cross finetune!  G1 with D1
2025-04-15 18:14:43,152  INFO  == Cross finetune Epoch [1/10000]: G1: Validation MSE 0.00014630
2025-04-15 18:14:43,589  INFO  == Cross finetune Epoch [2/10000]: G1: Validation MSE 0.00014451
2025-04-15 18:14:44,051  INFO  == Cross finetune Epoch [3/10000]: G1: Validation MSE 0.00014427
2025-04-15 18:14:44,497  INFO  == Cross finetune Epoch [4/10000]: G1: Validation MSE 0.00014351
2025-04-15 18:14:44,946  INFO  == Cross finetune Epoch [5/10000]: G1: Validation MSE 0.00014233
2025-04-15 18:14:44,946  INFO  EPOCH 421 | Validation MSE: G1: 0.00014716, G2: 0.00034324, G3: 0.00027100 
2025-04-15 18:14:47,189  INFO  EPOCH 422 | Validation MSE: G1: 0.00014184, G2: 0.00046289, G3: 0.00028877 
2025-04-15 18:14:49,399  INFO  EPOCH 423 | Validation MSE: G1: 0.00014137, G2: 0.00036633, G3: 0.00028832 
2025-04-15 18:14:51,604  INFO  EPOCH 424 | Validation MSE: G1: 0.00014230, G2: 0.00034886, G3: 0.00027992 
2025-04-15 18:14:53,828  INFO  EPOCH 425 | Validation MSE: G1: 0.00014255, G2: 0.00037082, G3: 0.00027920 
2025-04-15 18:14:56,030  INFO  EPOCH 426 | Validation MSE: G1: 0.00014361, G2: 0.00035710, G3: 0.00026637 
2025-04-15 18:14:58,262  INFO  EPOCH 427 | Validation MSE: G1: 0.00014395, G2: 0.00035541, G3: 0.00027886 
2025-04-15 18:15:00,565  INFO  EPOCH 428 | Validation MSE: G1: 0.00014376, G2: 0.00036842, G3: 0.00028751 
2025-04-15 18:15:02,892  INFO  EPOCH 429 | Validation MSE: G1: 0.00014323, G2: 0.00034322, G3: 0.00028889 
2025-04-15 18:15:05,153  INFO  EPOCH 430 | Validation MSE: G1: 0.00014426, G2: 0.00041891, G3: 0.00027803 
2025-04-15 18:15:07,419  INFO  Start cross finetune!  G1 with D1
2025-04-15 18:15:07,856  INFO  == Cross finetune Epoch [1/10000]: G1: Validation MSE 0.00014569
2025-04-15 18:15:08,309  INFO  == Cross finetune Epoch [2/10000]: G1: Validation MSE 0.00014599
2025-04-15 18:15:08,774  INFO  == Cross finetune Epoch [3/10000]: G1: Validation MSE 0.00014646
2025-04-15 18:15:09,224  INFO  == Cross finetune Epoch [4/10000]: G1: Validation MSE 0.00014658
2025-04-15 18:15:09,669  INFO  == Cross finetune Epoch [5/10000]: G1: Validation MSE 0.00014572
2025-04-15 18:15:09,669  INFO  EPOCH 431 | Validation MSE: G1: 0.00014448, G2: 0.00056417, G3: 0.00028735 
2025-04-15 18:15:11,912  INFO  EPOCH 432 | Validation MSE: G1: 0.00014557, G2: 0.00033990, G3: 0.00028330 
2025-04-15 18:15:13,894  INFO  EPOCH 433 | Validation MSE: G1: 0.00014556, G2: 0.00034530, G3: 0.00027434 
2025-04-15 18:15:15,720  INFO  EPOCH 434 | Validation MSE: G1: 0.00014745, G2: 0.00033941, G3: 0.00027332 
2025-04-15 18:15:17,452  INFO  EPOCH 435 | Validation MSE: G1: 0.00014719, G2: 0.00035464, G3: 0.00026641 
2025-04-15 18:15:19,301  INFO  EPOCH 436 | Validation MSE: G1: 0.00014675, G2: 0.00034393, G3: 0.00026985 
2025-04-15 18:15:21,044  INFO  EPOCH 437 | Validation MSE: G1: 0.00014563, G2: 0.00033797, G3: 0.00028340 
2025-04-15 18:15:22,797  INFO  EPOCH 438 | Validation MSE: G1: 0.00014475, G2: 0.00035689, G3: 0.00028300 
2025-04-15 18:15:24,625  INFO  EPOCH 439 | Validation MSE: G1: 0.00014439, G2: 0.00033811, G3: 0.00028275 
2025-04-15 18:15:26,426  INFO  EPOCH 440 | Validation MSE: G1: 0.00014513, G2: 0.00033745, G3: 0.00028653 
2025-04-15 18:15:28,349  INFO  Start cross finetune!  G1 with D1
2025-04-15 18:15:28,714  INFO  == Cross finetune Epoch [1/10000]: G1: Validation MSE 0.00014650
2025-04-15 18:15:29,089  INFO  == Cross finetune Epoch [2/10000]: G1: Validation MSE 0.00014682
2025-04-15 18:15:29,466  INFO  == Cross finetune Epoch [3/10000]: G1: Validation MSE 0.00014662
2025-04-15 18:15:29,826  INFO  == Cross finetune Epoch [4/10000]: G1: Validation MSE 0.00014651
2025-04-15 18:15:30,184  INFO  == Cross finetune Epoch [5/10000]: G1: Validation MSE 0.00014575
2025-04-15 18:15:30,184  INFO  EPOCH 441 | Validation MSE: G1: 0.00014646, G2: 0.00033878, G3: 0.00027224 
2025-04-15 18:15:32,010  INFO  EPOCH 442 | Validation MSE: G1: 0.00014634, G2: 0.00033712, G3: 0.00029335 
2025-04-15 18:15:33,785  INFO  EPOCH 443 | Validation MSE: G1: 0.00014559, G2: 0.00033814, G3: 0.00028578 
2025-04-15 18:15:35,529  INFO  EPOCH 444 | Validation MSE: G1: 0.00014532, G2: 0.00033765, G3: 0.00028410 
2025-04-15 18:15:37,285  INFO  EPOCH 445 | Validation MSE: G1: 0.00014540, G2: 0.00033731, G3: 0.00027757 
2025-04-15 18:15:39,073  INFO  EPOCH 446 | Validation MSE: G1: 0.00014703, G2: 0.00033683, G3: 0.00027840 
2025-04-15 18:15:40,904  INFO  EPOCH 447 | Validation MSE: G1: 0.00014701, G2: 0.00042648, G3: 0.00028819 
2025-04-15 18:15:42,752  INFO  EPOCH 448 | Validation MSE: G1: 0.00014708, G2: 0.00034186, G3: 0.00027725 
2025-04-15 18:15:44,887  INFO  EPOCH 449 | Validation MSE: G1: 0.00014645, G2: 0.00034208, G3: 0.00028861 
2025-04-15 18:15:46,681  INFO  EPOCH 450 | Validation MSE: G1: 0.00014682, G2: 0.00034024, G3: 0.00026678 
2025-04-15 18:15:48,705  INFO  Start cross finetune!  G1 with D1
2025-04-15 18:15:49,132  INFO  == Cross finetune Epoch [1/10000]: G1: Validation MSE 0.00014629
2025-04-15 18:15:49,591  INFO  == Cross finetune Epoch [2/10000]: G1: Validation MSE 0.00014625
2025-04-15 18:15:49,974  INFO  == Cross finetune Epoch [3/10000]: G1: Validation MSE 0.00014511
2025-04-15 18:15:50,332  INFO  == Cross finetune Epoch [4/10000]: G1: Validation MSE 0.00014435
2025-04-15 18:15:50,712  INFO  == Cross finetune Epoch [5/10000]: G1: Validation MSE 0.00014409
2025-04-15 18:15:50,712  INFO  EPOCH 451 | Validation MSE: G1: 0.00014648, G2: 0.00035476, G3: 0.00026182 
2025-04-15 18:15:52,609  INFO  EPOCH 452 | Validation MSE: G1: 0.00014397, G2: 0.00034003, G3: 0.00027744 
2025-04-15 18:15:54,556  INFO  EPOCH 453 | Validation MSE: G1: 0.00014406, G2: 0.00035490, G3: 0.00026852 
2025-04-15 18:15:56,699  INFO  EPOCH 454 | Validation MSE: G1: 0.00014450, G2: 0.00033499, G3: 0.00026919 
2025-04-15 18:15:58,977  INFO  EPOCH 455 | Validation MSE: G1: 0.00014449, G2: 0.00036945, G3: 0.00028429 
2025-04-15 18:16:01,080  INFO  EPOCH 456 | Validation MSE: G1: 0.00014362, G2: 0.00034019, G3: 0.00030023 
2025-04-15 18:16:02,991  INFO  EPOCH 457 | Validation MSE: G1: 0.00014440, G2: 0.00033670, G3: 0.00029225 
2025-04-15 18:16:04,914  INFO  EPOCH 458 | Validation MSE: G1: 0.00014537, G2: 0.00033516, G3: 0.00028420 
2025-04-15 18:16:06,782  INFO  EPOCH 459 | Validation MSE: G1: 0.00014569, G2: 0.00033617, G3: 0.00028065 
2025-04-15 18:16:08,909  INFO  EPOCH 460 | Validation MSE: G1: 0.00014489, G2: 0.00034037, G3: 0.00027832 
2025-04-15 18:16:10,719  INFO  Start cross finetune!  G1 with D1
2025-04-15 18:16:11,086  INFO  == Cross finetune Epoch [1/10000]: G1: Validation MSE 0.00014473
2025-04-15 18:16:11,442  INFO  == Cross finetune Epoch [2/10000]: G1: Validation MSE 0.00014563
2025-04-15 18:16:11,801  INFO  == Cross finetune Epoch [3/10000]: G1: Validation MSE 0.00014466
2025-04-15 18:16:12,275  INFO  == Cross finetune Epoch [4/10000]: G1: Validation MSE 0.00014428
2025-04-15 18:16:12,721  INFO  == Cross finetune Epoch [5/10000]: G1: Validation MSE 0.00014451
2025-04-15 18:16:12,721  INFO  EPOCH 461 | Validation MSE: G1: 0.00014507, G2: 0.00034078, G3: 0.00026981 
2025-04-15 18:16:14,428  INFO  EPOCH 462 | Validation MSE: G1: 0.00014382, G2: 0.00033535, G3: 0.00025476 
2025-04-15 18:16:16,158  INFO  EPOCH 463 | Validation MSE: G1: 0.00014302, G2: 0.00033522, G3: 0.00026004 
2025-04-15 18:16:17,909  INFO  EPOCH 464 | Validation MSE: G1: 0.00014333, G2: 0.00033489, G3: 0.00025375 
2025-04-15 18:16:19,720  INFO  EPOCH 465 | Validation MSE: G1: 0.00014300, G2: 0.00034003, G3: 0.00026028 
2025-04-15 18:16:21,472  INFO  EPOCH 466 | Validation MSE: G1: 0.00014349, G2: 0.00038226, G3: 0.00027709 
2025-04-15 18:16:23,287  INFO  EPOCH 467 | Validation MSE: G1: 0.00014386, G2: 0.00034446, G3: 0.00026239 
2025-04-15 18:16:25,049  INFO  EPOCH 468 | Validation MSE: G1: 0.00014273, G2: 0.00033549, G3: 0.00026607 
2025-04-15 18:16:26,751  INFO  EPOCH 469 | Validation MSE: G1: 0.00014247, G2: 0.00035348, G3: 0.00026559 
2025-04-15 18:16:28,566  INFO  EPOCH 470 | Validation MSE: G1: 0.00014350, G2: 0.00035331, G3: 0.00026147 
2025-04-15 18:16:30,268  INFO  Start cross finetune!  G1 with D1
2025-04-15 18:16:30,644  INFO  == Cross finetune Epoch [1/10000]: G1: Validation MSE 0.00014407
2025-04-15 18:16:31,014  INFO  == Cross finetune Epoch [2/10000]: G1: Validation MSE 0.00014408
2025-04-15 18:16:31,360  INFO  == Cross finetune Epoch [3/10000]: G1: Validation MSE 0.00014463
2025-04-15 18:16:31,724  INFO  == Cross finetune Epoch [4/10000]: G1: Validation MSE 0.00014383
2025-04-15 18:16:32,071  INFO  == Cross finetune Epoch [5/10000]: G1: Validation MSE 0.00014503
2025-04-15 18:16:32,071  INFO  EPOCH 471 | Validation MSE: G1: 0.00014395, G2: 0.00035746, G3: 0.00027890 
2025-04-15 18:16:33,804  INFO  EPOCH 472 | Validation MSE: G1: 0.00014573, G2: 0.00034412, G3: 0.00028100 
2025-04-15 18:16:35,676  INFO  EPOCH 473 | Validation MSE: G1: 0.00014573, G2: 0.00036878, G3: 0.00027675 
2025-04-15 18:16:37,387  INFO  EPOCH 474 | Validation MSE: G1: 0.00014593, G2: 0.00037031, G3: 0.00028104 
2025-04-15 18:16:39,115  INFO  EPOCH 475 | Validation MSE: G1: 0.00014546, G2: 0.00036924, G3: 0.00027305 
2025-04-15 18:16:40,808  INFO  EPOCH 476 | Validation MSE: G1: 0.00014580, G2: 0.00035202, G3: 0.00026146 
2025-04-15 18:16:42,527  INFO  EPOCH 477 | Validation MSE: G1: 0.00014518, G2: 0.00033708, G3: 0.00026047 
2025-04-15 18:16:44,380  INFO  EPOCH 478 | Validation MSE: G1: 0.00014435, G2: 0.00033761, G3: 0.00026099 
2025-04-15 18:16:46,288  INFO  EPOCH 479 | Validation MSE: G1: 0.00014410, G2: 0.00033645, G3: 0.00026523 
2025-04-15 18:16:48,126  INFO  EPOCH 480 | Validation MSE: G1: 0.00014538, G2: 0.00033823, G3: 0.00026752 
2025-04-15 18:16:49,974  INFO  Start cross finetune!  G1 with D1
2025-04-15 18:16:50,312  INFO  == Cross finetune Epoch [1/10000]: G1: Validation MSE 0.00014555
2025-04-15 18:16:50,671  INFO  == Cross finetune Epoch [2/10000]: G1: Validation MSE 0.00014541
2025-04-15 18:16:51,059  INFO  == Cross finetune Epoch [3/10000]: G1: Validation MSE 0.00014501
2025-04-15 18:16:51,412  INFO  == Cross finetune Epoch [4/10000]: G1: Validation MSE 0.00014457
2025-04-15 18:16:51,884  INFO  == Cross finetune Epoch [5/10000]: G1: Validation MSE 0.00014497
2025-04-15 18:16:51,884  INFO  EPOCH 481 | Validation MSE: G1: 0.00014590, G2: 0.00034158, G3: 0.00027464 
2025-04-15 18:16:53,938  INFO  EPOCH 482 | Validation MSE: G1: 0.00014617, G2: 0.00033893, G3: 0.00028337 
2025-04-15 18:16:55,842  INFO  EPOCH 483 | Validation MSE: G1: 0.00014523, G2: 0.00033613, G3: 0.00028658 
2025-04-15 18:16:58,026  INFO  EPOCH 484 | Validation MSE: G1: 0.00014398, G2: 0.00033500, G3: 0.00026481 
2025-04-15 18:17:00,282  INFO  EPOCH 485 | Validation MSE: G1: 0.00014386, G2: 0.00033733, G3: 0.00026838 
2025-04-15 18:17:02,559  INFO  EPOCH 486 | Validation MSE: G1: 0.00014444, G2: 0.00033727, G3: 0.00025956 
2025-04-15 18:17:04,764  INFO  EPOCH 487 | Validation MSE: G1: 0.00014430, G2: 0.00033837, G3: 0.00027200 
2025-04-15 18:17:06,928  INFO  EPOCH 488 | Validation MSE: G1: 0.00014392, G2: 0.00033639, G3: 0.00027456 
2025-04-15 18:17:09,108  INFO  EPOCH 489 | Validation MSE: G1: 0.00014383, G2: 0.00033826, G3: 0.00026873 
2025-04-15 18:17:11,338  INFO  EPOCH 490 | Validation MSE: G1: 0.00014479, G2: 0.00033699, G3: 0.00026696 
2025-04-15 18:17:13,459  INFO  Start cross finetune!  G1 with D1
2025-04-15 18:17:13,875  INFO  == Cross finetune Epoch [1/10000]: G1: Validation MSE 0.00014549
2025-04-15 18:17:14,290  INFO  == Cross finetune Epoch [2/10000]: G1: Validation MSE 0.00014533
2025-04-15 18:17:14,724  INFO  == Cross finetune Epoch [3/10000]: G1: Validation MSE 0.00014533
2025-04-15 18:17:15,117  INFO  == Cross finetune Epoch [4/10000]: G1: Validation MSE 0.00014500
2025-04-15 18:17:15,495  INFO  == Cross finetune Epoch [5/10000]: G1: Validation MSE 0.00014323
2025-04-15 18:17:15,495  INFO  EPOCH 491 | Validation MSE: G1: 0.00014526, G2: 0.00033583, G3: 0.00027521 
2025-04-15 18:17:17,471  INFO  EPOCH 492 | Validation MSE: G1: 0.00014435, G2: 0.00033627, G3: 0.00027417 
2025-04-15 18:17:19,452  INFO  EPOCH 493 | Validation MSE: G1: 0.00014504, G2: 0.00033719, G3: 0.00027281 
2025-04-15 18:17:21,387  INFO  EPOCH 494 | Validation MSE: G1: 0.00014642, G2: 0.00033613, G3: 0.00027762 
2025-04-15 18:17:23,375  INFO  EPOCH 495 | Validation MSE: G1: 0.00014523, G2: 0.00033695, G3: 0.00026316 
2025-04-15 18:17:25,388  INFO  EPOCH 496 | Validation MSE: G1: 0.00014565, G2: 0.00033688, G3: 0.00026162 
2025-04-15 18:17:27,488  INFO  EPOCH 497 | Validation MSE: G1: 0.00014552, G2: 0.00034199, G3: 0.00026891 
2025-04-15 18:17:29,622  INFO  EPOCH 498 | Validation MSE: G1: 0.00014488, G2: 0.00033603, G3: 0.00027338 
2025-04-15 18:17:31,626  INFO  EPOCH 499 | Validation MSE: G1: 0.00014415, G2: 0.00033611, G3: 0.00026218 
2025-04-15 18:17:33,557  INFO  EPOCH 500 | Validation MSE: G1: 0.00014465, G2: 0.00033619, G3: 0.00026411 
2025-04-15 18:17:35,561  INFO  Start cross finetune!  G1 with D1
2025-04-15 18:17:36,064  INFO  == Cross finetune Epoch [1/10000]: G1: Validation MSE 0.00014608
2025-04-15 18:17:36,531  INFO  == Cross finetune Epoch [2/10000]: G1: Validation MSE 0.00014707
2025-04-15 18:17:37,021  INFO  == Cross finetune Epoch [3/10000]: G1: Validation MSE 0.00014744
2025-04-15 18:17:37,495  INFO  == Cross finetune Epoch [4/10000]: G1: Validation MSE 0.00014711
2025-04-15 18:17:37,928  INFO  == Cross finetune Epoch [5/10000]: G1: Validation MSE 0.00014731
2025-04-15 18:17:37,928  INFO  EPOCH 501 | Validation MSE: G1: 0.00014552, G2: 0.00033640, G3: 0.00026029 
2025-04-15 18:17:40,297  INFO  EPOCH 502 | Validation MSE: G1: 0.00014660, G2: 0.00033647, G3: 0.00026024 
2025-04-15 18:17:42,650  INFO  EPOCH 503 | Validation MSE: G1: 0.00014559, G2: 0.00033652, G3: 0.00026660 
2025-04-15 18:17:44,879  INFO  EPOCH 504 | Validation MSE: G1: 0.00014576, G2: 0.00033653, G3: 0.00026892 
2025-04-15 18:17:47,064  INFO  EPOCH 505 | Validation MSE: G1: 0.00014656, G2: 0.00033661, G3: 0.00026291 
2025-04-15 18:17:49,231  INFO  EPOCH 506 | Validation MSE: G1: 0.00014507, G2: 0.00033659, G3: 0.00025751 
2025-04-15 18:17:51,411  INFO  EPOCH 507 | Validation MSE: G1: 0.00014404, G2: 0.00033664, G3: 0.00025335 
2025-04-15 18:17:53,615  INFO  EPOCH 508 | Validation MSE: G1: 0.00014344, G2: 0.00033674, G3: 0.00026517 
2025-04-15 18:17:55,878  INFO  EPOCH 509 | Validation MSE: G1: 0.00014401, G2: 0.00033670, G3: 0.00025925 
2025-04-15 18:17:58,140  INFO  EPOCH 510 | Validation MSE: G1: 0.00014334, G2: 0.00033661, G3: 0.00025179 
2025-04-15 18:18:00,429  INFO  Start cross finetune!  G1 with D1
2025-04-15 18:18:00,865  INFO  == Cross finetune Epoch [1/10000]: G1: Validation MSE 0.00014490
2025-04-15 18:18:01,334  INFO  == Cross finetune Epoch [2/10000]: G1: Validation MSE 0.00014425
2025-04-15 18:18:01,809  INFO  == Cross finetune Epoch [3/10000]: G1: Validation MSE 0.00014386
2025-04-15 18:18:02,246  INFO  == Cross finetune Epoch [4/10000]: G1: Validation MSE 0.00014390
2025-04-15 18:18:02,702  INFO  == Cross finetune Epoch [5/10000]: G1: Validation MSE 0.00014498
2025-04-15 18:18:02,702  INFO  EPOCH 511 | Validation MSE: G1: 0.00014348, G2: 0.00033659, G3: 0.00026411 
2025-04-15 18:18:04,912  INFO  EPOCH 512 | Validation MSE: G1: 0.00014470, G2: 0.00033655, G3: 0.00029300 
2025-04-15 18:18:07,064  INFO  EPOCH 513 | Validation MSE: G1: 0.00014425, G2: 0.00033659, G3: 0.00028744 
2025-04-15 18:18:09,378  INFO  EPOCH 514 | Validation MSE: G1: 0.00014374, G2: 0.00033665, G3: 0.00027383 
2025-04-15 18:18:11,500  INFO  EPOCH 515 | Validation MSE: G1: 0.00014448, G2: 0.00033636, G3: 0.00027190 
2025-04-15 18:18:13,764  INFO  EPOCH 516 | Validation MSE: G1: 0.00014465, G2: 0.00033660, G3: 0.00027815 
2025-04-15 18:18:16,241  INFO  EPOCH 517 | Validation MSE: G1: 0.00014533, G2: 0.00033661, G3: 0.00028720 
2025-04-15 18:18:18,773  INFO  EPOCH 518 | Validation MSE: G1: 0.00014522, G2: 0.00033658, G3: 0.00028534 
2025-04-15 18:18:21,127  INFO  EPOCH 519 | Validation MSE: G1: 0.00014490, G2: 0.00033663, G3: 0.00027894 
2025-04-15 18:18:23,476  INFO  EPOCH 520 | Validation MSE: G1: 0.00014501, G2: 0.00033655, G3: 0.00029486 
2025-04-15 18:18:25,761  INFO  Start cross finetune!  G1 with D1
2025-04-15 18:18:26,259  INFO  == Cross finetune Epoch [1/10000]: G1: Validation MSE 0.00014593
2025-04-15 18:18:26,759  INFO  == Cross finetune Epoch [2/10000]: G1: Validation MSE 0.00014486
2025-04-15 18:18:27,251  INFO  == Cross finetune Epoch [3/10000]: G1: Validation MSE 0.00014461
2025-04-15 18:18:27,769  INFO  == Cross finetune Epoch [4/10000]: G1: Validation MSE 0.00014391
2025-04-15 18:18:28,225  INFO  == Cross finetune Epoch [5/10000]: G1: Validation MSE 0.00014440
2025-04-15 18:18:28,225  INFO  EPOCH 521 | Validation MSE: G1: 0.00014583, G2: 0.00033662, G3: 0.00028959 
2025-04-15 18:18:30,303  INFO  EPOCH 522 | Validation MSE: G1: 0.00014386, G2: 0.00033655, G3: 0.00028018 
2025-04-15 18:18:32,788  INFO  EPOCH 523 | Validation MSE: G1: 0.00014395, G2: 0.00033663, G3: 0.00027060 
2025-04-15 18:18:35,221  INFO  EPOCH 524 | Validation MSE: G1: 0.00014409, G2: 0.00033665, G3: 0.00025806 
2025-04-15 18:18:37,476  INFO  EPOCH 525 | Validation MSE: G1: 0.00014479, G2: 0.00033676, G3: 0.00025686 
2025-04-15 18:18:39,793  INFO  EPOCH 526 | Validation MSE: G1: 0.00014460, G2: 0.00033664, G3: 0.00025608 
2025-04-15 18:18:42,272  INFO  EPOCH 527 | Validation MSE: G1: 0.00014456, G2: 0.00033647, G3: 0.00027258 
2025-04-15 18:18:44,691  INFO  EPOCH 528 | Validation MSE: G1: 0.00014521, G2: 0.00033662, G3: 0.00026506 
2025-04-15 18:18:47,212  INFO  EPOCH 529 | Validation MSE: G1: 0.00014643, G2: 0.00033670, G3: 0.00025347 
2025-04-15 18:18:49,362  INFO  EPOCH 530 | Validation MSE: G1: 0.00014680, G2: 0.00033661, G3: 0.00025548 
2025-04-15 18:18:51,547  INFO  Start cross finetune!  G1 with D3
2025-04-15 18:18:51,992  INFO  == Cross finetune Epoch [1/10000]: G1: Validation MSE 0.00014691
2025-04-15 18:18:52,522  INFO  == Cross finetune Epoch [2/10000]: G1: Validation MSE 0.00014677
2025-04-15 18:18:53,029  INFO  == Cross finetune Epoch [3/10000]: G1: Validation MSE 0.00014585
2025-04-15 18:18:53,492  INFO  == Cross finetune Epoch [4/10000]: G1: Validation MSE 0.00014538
2025-04-15 18:18:53,968  INFO  == Cross finetune Epoch [5/10000]: G1: Validation MSE 0.00014402
2025-04-15 18:18:53,969  INFO  EPOCH 531 | Validation MSE: G1: 0.00014544, G2: 0.00033660, G3: 0.00025185 
2025-04-15 18:18:56,155  INFO  EPOCH 532 | Validation MSE: G1: 0.00014567, G2: 0.00033688, G3: 0.00025395 
2025-04-15 18:18:58,380  INFO  EPOCH 533 | Validation MSE: G1: 0.00014656, G2: 0.00033688, G3: 0.00025525 
2025-04-15 18:19:00,616  INFO  EPOCH 534 | Validation MSE: G1: 0.00014668, G2: 0.00033681, G3: 0.00026518 
2025-04-15 18:19:02,820  INFO  EPOCH 535 | Validation MSE: G1: 0.00014631, G2: 0.00033681, G3: 0.00027160 
2025-04-15 18:19:04,949  INFO  EPOCH 536 | Validation MSE: G1: 0.00014651, G2: 0.00033669, G3: 0.00027528 
2025-04-15 18:19:07,125  INFO  EPOCH 537 | Validation MSE: G1: 0.00014699, G2: 0.00033683, G3: 0.00027036 
2025-04-15 18:19:10,631  INFO  G1 best epoch: 531
2025-04-15 18:19:10,631  INFO  G2 best epoch: 464
2025-04-15 18:19:10,632  INFO  G3 best epoch: 510
2025-04-15 18:19:11,321  INFO  Train Metrics for G1: MSE=2255.2470, MAE=32.0712, RMSE=47.4894, MAPE=0.9804
2025-04-15 18:19:12,065  INFO  Train Metrics for G2: MSE=6081.6435, MAE=50.2239, RMSE=77.9849, MAPE=1.5152
2025-04-15 18:19:12,989  INFO  Train Metrics for G3: MSE=3075.0616, MAE=41.2054, RMSE=55.4532, MAPE=1.2529
2025-04-15 18:19:13,580  INFO  Test Metrics for G1: MSE=2127.7077, MAE=29.2843, RMSE=46.1271, MAPE=0.7162
2025-04-15 18:19:14,181  INFO  Test Metrics for G2: MSE=4947.3738, MAE=42.2410, RMSE=70.3376, MAPE=1.0432
2025-04-15 18:19:14,824  INFO  Test Metrics for G3: MSE=3719.7897, MAE=43.0085, RMSE=60.9901, MAPE=1.0225
