2025-04-14 16:38:58,799  INFO  ARGS = {
  "notes": "模拟原文实验消融，确认是否加上了分类头之后的最终MSE会一致？",
  "data_path": "database/process_工商银行.csv",
  "output_dir": "out_put/multi",
  "ckpt_dir": "ckpt",
  "feature_columns": [
    2,
    3,
    4,
    5,
    6,
    7,
    8,
    9,
    10,
    11,
    12,
    13,
    14,
    15,
    16,
    17,
    18,
    19,
    20,
    21,
    22,
    23,
    1
  ],
  "target_columns": [
    [
      1
    ]
  ],
  "start_timestamp": 1,
  "end_timestamp": 2400,
  "window_sizes": [
    5,
    10,
    15
  ],
  "N_pairs": 3,
  "generators": [
    "gru",
    "lstm",
    "transformer"
  ],
  "discriminators": null,
  "distill": true,
  "cross_finetune": true,
  "device": [
    0
  ],
  "num_epochs": 10000,
  "lr": 2e-05,
  "batch_size": 64,
  "train_split": 0.7,
  "random_seed": 3407,
  "mode": "train",
  "ckpt_path": "lastest"
}
2025-04-14 16:39:00,484  INFO  == Cross finetune Epoch [1/10000]: G3: Validation MSE 0.01107053
2025-04-14 16:39:00,504  INFO  == Cross finetune Epoch [2/10000]: G3: Validation MSE 0.01048085
2025-04-14 16:39:00,524  INFO  == Cross finetune Epoch [3/10000]: G3: Validation MSE 0.00969559
2025-04-14 16:39:00,544  INFO  == Cross finetune Epoch [4/10000]: G3: Validation MSE 0.00893727
2025-04-14 16:39:00,570  INFO  == Cross finetune Epoch [5/10000]: G3: Validation MSE 0.00854045
2025-04-14 16:39:00,570  INFO  EPOCH 1 | Validation MSE: G1: 0.06864696, G2: 0.12163097, G3: 0.01151455 
2025-04-14 16:39:01,647  INFO  EPOCH 2 | Validation MSE: G1: 0.05103412, G2: 0.10715184, G3: 0.00461798 
2025-04-14 16:39:02,755  INFO  EPOCH 3 | Validation MSE: G1: 0.03669256, G2: 0.09631915, G3: 0.00131564 
2025-04-14 16:39:03,778  INFO  EPOCH 4 | Validation MSE: G1: 0.02556713, G2: 0.08616734, G3: 0.00183645 
2025-04-14 16:39:04,816  INFO  EPOCH 5 | Validation MSE: G1: 0.01767348, G2: 0.07641602, G3: 0.00162448 
